[0.992s] Invoking command in '/home/ubuntu/ros2_ws/build/ydlidar_ros2_driver': CMAKE_PREFIX_PATH=/opt/ros/foxy /usr/bin/cmake /home/ubuntu/ros2_ws/src/ydlidar_ros2_ws/src/ydlidar_ros2_driver -DAMENT_CMAKE_SYMLINK_INSTALL=1 -DCMAKE_INSTALL_PREFIX=/home/ubuntu/ros2_ws/install/ydlidar_ros2_driver
[1.064s] -- Found ament_cmake: 0.9.12 (/opt/ros/foxy/share/ament_cmake/cmake)
[1.175s] -- Using PYTHON_EXECUTABLE: /usr/bin/python3
[2.256s] -- Override CMake install command with custom implementation using symlinks instead of copying resources
[2.292s] -- Found rclcpp: 2.4.3 (/opt/ros/foxy/share/rclcpp/cmake)
[2.498s] -- Using all available rosidl_typesupport_c: rosidl_typesupport_fastrtps_c;rosidl_typesupport_introspection_c
[2.503s] -- Found rosidl_adapter: 1.3.1 (/opt/ros/foxy/share/rosidl_adapter/cmake)
[3.439s] -- Using all available rosidl_typesupport_cpp: rosidl_typesupport_fastrtps_cpp;rosidl_typesupport_introspection_cpp
[3.628s] -- Found rmw_implementation_cmake: 1.0.4 (/opt/ros/foxy/share/rmw_implementation_cmake/cmake)
[3.633s] -- Using RMW implementation 'rmw_fastrtps_cpp' as default
[4.144s] -- Found sensor_msgs: 2.0.5 (/opt/ros/foxy/share/sensor_msgs/cmake)
[4.541s] -- Found visualization_msgs: 2.0.5 (/opt/ros/foxy/share/visualization_msgs/cmake)
[4.790s] -- Found std_srvs: 2.0.5 (/opt/ros/foxy/share/std_srvs/cmake)
[4.971s] CMake Error at CMakeLists.txt:25 (find_package):
[4.972s]   By not providing "Findydlidar_sdk.cmake" in CMAKE_MODULE_PATH this project
[4.972s]   has asked CMake to find a package configuration file provided by
[4.972s]   "ydlidar_sdk", but CMake did not find one.
[4.973s] 
[4.973s]   Could not find a package configuration file provided by "ydlidar_sdk" with
[4.973s]   any of the following names:
[4.974s] 
[4.974s]     ydlidar_sdkConfig.cmake
[4.974s]     ydlidar_sdk-config.cmake
[4.974s] 
[4.975s]   Add the installation prefix of "ydlidar_sdk" to CMAKE_PREFIX_PATH or set
[4.975s]   "ydlidar_sdk_DIR" to a directory containing one of the above files.  If
[4.975s]   "ydlidar_sdk" provides a separate development package or SDK, be sure it
[4.975s]   has been installed.
[4.975s] 
[4.976s] 
[4.986s] -- Configuring incomplete, errors occurred!
[4.986s] See also "/home/ubuntu/ros2_ws/build/ydlidar_ros2_driver/CMakeFiles/CMakeOutput.log".
[4.987s] See also "/home/ubuntu/ros2_ws/build/ydlidar_ros2_driver/CMakeFiles/CMakeError.log".
[5.011s] Invoked command in '/home/ubuntu/ros2_ws/build/ydlidar_ros2_driver' returned '1': CMAKE_PREFIX_PATH=/opt/ros/foxy /usr/bin/cmake /home/ubuntu/ros2_ws/src/ydlidar_ros2_ws/src/ydlidar_ros2_driver -DAMENT_CMAKE_SYMLINK_INSTALL=1 -DCMAKE_INSTALL_PREFIX=/home/ubuntu/ros2_ws/install/ydlidar_ros2_driver
