[3.977s] Invoking command in '/home/ubuntu/ros2_ws/build/serial': CMAKE_PREFIX_PATH=/opt/ros/foxy /usr/bin/cmake --build /home/ubuntu/ros2_ws/build/serial -- -j4 -l4
[5.203s] [ 28%] Built target serial
[5.661s] [ 42%] Built target gtest_main
[6.143s] [ 57%] Built target serial_example
[6.546s] [ 71%] Built target gtest
[7.124s] [ 85%] Built target serial-test-timer
[7.641s] [100%] Built target serial-test
[8.745s] Invoked command in '/home/ubuntu/ros2_ws/build/serial' returned '0': CMAKE_PREFIX_PATH=/opt/ros/foxy /usr/bin/cmake --build /home/ubuntu/ros2_ws/build/serial -- -j4 -l4
[11.453s] Invoking command in '/home/ubuntu/ros2_ws/build/serial': CMAKE_PREFIX_PATH=/opt/ros/foxy /usr/bin/cmake --install /home/ubuntu/ros2_ws/build/serial
[11.515s] -- Install configuration: ""
[11.517s] -- Execute custom install script
[11.518s] -- Up-to-date symlink: /home/ubuntu/ros2_ws/install/serial/lib/libserial.a
[11.660s] -- Up-to-date symlink: /home/ubuntu/ros2_ws/install/serial/include/serial/serial.h
[11.675s] -- Up-to-date symlink: /home/ubuntu/ros2_ws/install/serial/include/serial/v8stdint.h
[11.677s] -- Up-to-date symlink: /home/ubuntu/ros2_ws/install/serial/share/serial/environment/library_path.sh
[11.679s] -- Up-to-date symlink: /home/ubuntu/ros2_ws/install/serial/share/serial/environment/library_path.dsv
[11.704s] -- Up-to-date symlink: /home/ubuntu/ros2_ws/install/serial/share/ament_index/resource_index/package_run_dependencies/serial
[11.717s] -- Up-to-date symlink: /home/ubuntu/ros2_ws/install/serial/share/ament_index/resource_index/parent_prefix_path/serial
[11.720s] -- Up-to-date symlink: /home/ubuntu/ros2_ws/install/serial/share/serial/environment/ament_prefix_path.sh
[11.722s] -- Up-to-date symlink: /home/ubuntu/ros2_ws/install/serial/share/serial/environment/ament_prefix_path.dsv
[11.723s] -- Up-to-date symlink: /home/ubuntu/ros2_ws/install/serial/share/serial/environment/path.sh
[11.741s] -- Up-to-date symlink: /home/ubuntu/ros2_ws/install/serial/share/serial/environment/path.dsv
[11.743s] -- Up-to-date symlink: /home/ubuntu/ros2_ws/install/serial/share/serial/local_setup.bash
[11.749s] -- Up-to-date symlink: /home/ubuntu/ros2_ws/install/serial/share/serial/local_setup.sh
[11.759s] -- Up-to-date symlink: /home/ubuntu/ros2_ws/install/serial/share/serial/local_setup.zsh
[11.780s] -- Up-to-date symlink: /home/ubuntu/ros2_ws/install/serial/share/serial/local_setup.dsv
[11.787s] -- Symlinking: /home/ubuntu/ros2_ws/install/serial/share/serial/package.dsv
[11.927s] -- Up-to-date symlink: /home/ubuntu/ros2_ws/install/serial/share/ament_index/resource_index/packages/serial
[11.931s] -- Up-to-date symlink: /home/ubuntu/ros2_ws/install/serial/share/serial/cmake/ament_cmake_export_include_directories-extras.cmake
[11.934s] -- Up-to-date symlink: /home/ubuntu/ros2_ws/install/serial/share/serial/cmake/ament_cmake_export_libraries-extras.cmake
[11.939s] -- Up-to-date symlink: /home/ubuntu/ros2_ws/install/serial/share/serial/cmake/serialConfig.cmake
[11.941s] -- Up-to-date symlink: /home/ubuntu/ros2_ws/install/serial/share/serial/cmake/serialConfig-version.cmake
[11.945s] -- Up-to-date symlink: /home/ubuntu/ros2_ws/install/serial/share/serial/package.xml
[11.970s] Invoked command in '/home/ubuntu/ros2_ws/build/serial' returned '0': CMAKE_PREFIX_PATH=/opt/ros/foxy /usr/bin/cmake --install /home/ubuntu/ros2_ws/build/serial
