[1.585s] Invoking command in '/home/ubuntu/ros2_ws/build/my_bot': CMAKE_PREFIX_PATH=/opt/ros/foxy /usr/bin/cmake --build /home/ubuntu/ros2_ws/build/my_bot -- -j4 -l4
[1.873s] Invoked command in '/home/ubuntu/ros2_ws/build/my_bot' returned '0': CMAKE_PREFIX_PATH=/opt/ros/foxy /usr/bin/cmake --build /home/ubuntu/ros2_ws/build/my_bot -- -j4 -l4
[2.419s] Invoking command in '/home/ubuntu/ros2_ws/build/my_bot': CMAKE_PREFIX_PATH=/opt/ros/foxy /usr/bin/cmake --install /home/ubuntu/ros2_ws/build/my_bot
[2.505s] -- Install configuration: ""
[2.507s] -- Execute custom install script
[2.508s] -- Up-to-date symlink: /home/ubuntu/ros2_ws/install/my_bot/share/my_bot/config/empty.yaml
[2.509s] -- Up-to-date symlink: /home/ubuntu/ros2_ws/install/my_bot/share/my_bot/config/joystick.yaml
[2.509s] -- Up-to-date symlink: /home/ubuntu/ros2_ws/install/my_bot/share/my_bot/config/my_controllers.yaml
[2.510s] -- Up-to-date symlink: /home/ubuntu/ros2_ws/install/my_bot/share/my_bot/config/view_bot_base_link.rviz
[2.512s] -- Up-to-date symlink: /home/ubuntu/ros2_ws/install/my_bot/share/my_bot/config/view_bot_odom.rviz
[2.512s] -- Up-to-date symlink: /home/ubuntu/ros2_ws/install/my_bot/share/my_bot/description/camera.xacro
[2.515s] -- Up-to-date symlink: /home/ubuntu/ros2_ws/install/my_bot/share/my_bot/description/gazebo_control.xacro
[2.515s] -- Up-to-date symlink: /home/ubuntu/ros2_ws/install/my_bot/share/my_bot/description/inertial_macros.xacro
[2.517s] -- Up-to-date symlink: /home/ubuntu/ros2_ws/install/my_bot/share/my_bot/description/lidar.xacro
[2.517s] -- Up-to-date symlink: /home/ubuntu/ros2_ws/install/my_bot/share/my_bot/description/robot.urdf.xacro
[2.530s] -- Up-to-date symlink: /home/ubuntu/ros2_ws/install/my_bot/share/my_bot/description/robot_core.xacro
[2.532s] -- Up-to-date symlink: /home/ubuntu/ros2_ws/install/my_bot/share/my_bot/description/ros2_control.xacro
[2.533s] -- Up-to-date symlink: /home/ubuntu/ros2_ws/install/my_bot/share/my_bot/launch/joystick.launch.py
[2.533s] -- Symlinking: /home/ubuntu/ros2_ws/install/my_bot/share/my_bot/launch/launch_robot.py
[2.632s] -- Up-to-date symlink: /home/ubuntu/ros2_ws/install/my_bot/share/my_bot/launch/launch_sim.launch.py
[2.635s] -- Up-to-date symlink: /home/ubuntu/ros2_ws/install/my_bot/share/my_bot/launch/rsp.launch.py
[2.637s] -- Up-to-date symlink: /home/ubuntu/ros2_ws/install/my_bot/share/my_bot/worlds/empty.world
[2.639s] -- Up-to-date symlink: /home/ubuntu/ros2_ws/install/my_bot/share/ament_index/resource_index/package_run_dependencies/my_bot
[2.642s] -- Up-to-date symlink: /home/ubuntu/ros2_ws/install/my_bot/share/ament_index/resource_index/parent_prefix_path/my_bot
[2.644s] -- Up-to-date symlink: /home/ubuntu/ros2_ws/install/my_bot/share/my_bot/environment/ament_prefix_path.sh
[2.646s] -- Up-to-date symlink: /home/ubuntu/ros2_ws/install/my_bot/share/my_bot/environment/ament_prefix_path.dsv
[2.648s] -- Up-to-date symlink: /home/ubuntu/ros2_ws/install/my_bot/share/my_bot/environment/path.sh
[2.651s] -- Up-to-date symlink: /home/ubuntu/ros2_ws/install/my_bot/share/my_bot/environment/path.dsv
[2.653s] -- Up-to-date symlink: /home/ubuntu/ros2_ws/install/my_bot/share/my_bot/local_setup.bash
[2.657s] -- Up-to-date symlink: /home/ubuntu/ros2_ws/install/my_bot/share/my_bot/local_setup.sh
[2.657s] -- Up-to-date symlink: /home/ubuntu/ros2_ws/install/my_bot/share/my_bot/local_setup.zsh
[2.658s] -- Up-to-date symlink: /home/ubuntu/ros2_ws/install/my_bot/share/my_bot/local_setup.dsv
[2.660s] -- Symlinking: /home/ubuntu/ros2_ws/install/my_bot/share/my_bot/package.dsv
[2.712s] -- Up-to-date symlink: /home/ubuntu/ros2_ws/install/my_bot/share/ament_index/resource_index/packages/my_bot
[2.713s] -- Up-to-date symlink: /home/ubuntu/ros2_ws/install/my_bot/share/my_bot/cmake/my_botConfig.cmake
[2.717s] -- Up-to-date symlink: /home/ubuntu/ros2_ws/install/my_bot/share/my_bot/cmake/my_botConfig-version.cmake
[2.722s] -- Up-to-date symlink: /home/ubuntu/ros2_ws/install/my_bot/share/my_bot/package.xml
[2.729s] Invoked command in '/home/ubuntu/ros2_ws/build/my_bot' returned '0': CMAKE_PREFIX_PATH=/opt/ros/foxy /usr/bin/cmake --install /home/ubuntu/ros2_ws/build/my_bot
