[0.666s] Invoking command in '/home/ubuntu/ros2_ws/build/diffdrive_arduino': AMENT_PREFIX_PATH=/home/ubuntu/ros2_ws/install/serial:${AMENT_PREFIX_PATH} CMAKE_PREFIX_PATH=/home/ubuntu/ros2_ws/install/serial:/opt/ros/foxy LD_LIBRARY_PATH=/home/ubuntu/ros2_ws/install/serial/lib:${LD_LIBRARY_PATH} /usr/bin/cmake --build /home/ubuntu/ros2_ws/build/diffdrive_arduino -- -j4 -l4
[0.982s] [ 42%] Built target fake_robot
[0.990s] [100%] Built target diffdrive_arduino
[1.039s] Invoked command in '/home/ubuntu/ros2_ws/build/diffdrive_arduino' returned '0': AMENT_PREFIX_PATH=/home/ubuntu/ros2_ws/install/serial:${AMENT_PREFIX_PATH} CMAKE_PREFIX_PATH=/home/ubuntu/ros2_ws/install/serial:/opt/ros/foxy LD_LIBRARY_PATH=/home/ubuntu/ros2_ws/install/serial/lib:${LD_LIBRARY_PATH} /usr/bin/cmake --build /home/ubuntu/ros2_ws/build/diffdrive_arduino -- -j4 -l4
[1.206s] Invoking command in '/home/ubuntu/ros2_ws/build/diffdrive_arduino': AMENT_PREFIX_PATH=/home/ubuntu/ros2_ws/install/serial:${AMENT_PREFIX_PATH} CMAKE_PREFIX_PATH=/home/ubuntu/ros2_ws/install/serial:/opt/ros/foxy LD_LIBRARY_PATH=/home/ubuntu/ros2_ws/install/serial/lib:${LD_LIBRARY_PATH} /usr/bin/cmake --install /home/ubuntu/ros2_ws/build/diffdrive_arduino
[1.252s] -- Install configuration: ""
[1.252s] -- Execute custom install script
[1.254s] -- Up-to-date symlink: /home/ubuntu/ros2_ws/install/diffdrive_arduino/share/diffdrive_arduino//robot_hardware.xml
[1.255s] -- Up-to-date symlink: /home/ubuntu/ros2_ws/install/diffdrive_arduino/share/diffdrive_arduino//fake_robot_hardware.xml
[1.257s] -- Up-to-date symlink: /home/ubuntu/ros2_ws/install/diffdrive_arduino/lib/libdiffdrive_arduino.so
[1.258s] -- Up-to-date symlink: /home/ubuntu/ros2_ws/install/diffdrive_arduino/lib/libfake_robot.so
[1.261s] -- Up-to-date symlink: /home/ubuntu/ros2_ws/install/diffdrive_arduino/share/diffdrive_arduino/controllers/robot_controller_example.yaml
[1.262s] -- Up-to-date symlink: /home/ubuntu/ros2_ws/install/diffdrive_arduino/share/diffdrive_arduino/fake_robot.launch.py
[1.263s] -- Up-to-date symlink: /home/ubuntu/ros2_ws/install/diffdrive_arduino/share/diffdrive_arduino/test_robot.launch.py
[1.264s] -- Up-to-date symlink: /home/ubuntu/ros2_ws/install/diffdrive_arduino/share/diffdrive_arduino/environment/library_path.sh
[1.266s] -- Up-to-date symlink: /home/ubuntu/ros2_ws/install/diffdrive_arduino/share/diffdrive_arduino/environment/library_path.dsv
[1.268s] -- Up-to-date symlink: /home/ubuntu/ros2_ws/install/diffdrive_arduino/share/ament_index/resource_index/package_run_dependencies/diffdrive_arduino
[1.269s] -- Up-to-date symlink: /home/ubuntu/ros2_ws/install/diffdrive_arduino/share/ament_index/resource_index/parent_prefix_path/diffdrive_arduino
[1.270s] -- Up-to-date symlink: /home/ubuntu/ros2_ws/install/diffdrive_arduino/share/diffdrive_arduino/environment/ament_prefix_path.sh
[1.272s] -- Up-to-date symlink: /home/ubuntu/ros2_ws/install/diffdrive_arduino/share/diffdrive_arduino/environment/ament_prefix_path.dsv
[1.273s] -- Up-to-date symlink: /home/ubuntu/ros2_ws/install/diffdrive_arduino/share/diffdrive_arduino/environment/path.sh
[1.275s] -- Up-to-date symlink: /home/ubuntu/ros2_ws/install/diffdrive_arduino/share/diffdrive_arduino/environment/path.dsv
[1.276s] -- Up-to-date symlink: /home/ubuntu/ros2_ws/install/diffdrive_arduino/share/diffdrive_arduino/local_setup.bash
[1.277s] -- Up-to-date symlink: /home/ubuntu/ros2_ws/install/diffdrive_arduino/share/diffdrive_arduino/local_setup.sh
[1.278s] -- Up-to-date symlink: /home/ubuntu/ros2_ws/install/diffdrive_arduino/share/diffdrive_arduino/local_setup.zsh
[1.279s] -- Up-to-date symlink: /home/ubuntu/ros2_ws/install/diffdrive_arduino/share/diffdrive_arduino/local_setup.dsv
[1.280s] -- Symlinking: /home/ubuntu/ros2_ws/install/diffdrive_arduino/share/diffdrive_arduino/package.dsv
[1.317s] -- Up-to-date symlink: /home/ubuntu/ros2_ws/install/diffdrive_arduino/share/ament_index/resource_index/packages/diffdrive_arduino
[1.318s] -- Up-to-date symlink: /home/ubuntu/ros2_ws/install/diffdrive_arduino/share/ament_index/resource_index/hardware_interface__pluginlib__plugin/diffdrive_arduino
[1.320s] -- Up-to-date symlink: /home/ubuntu/ros2_ws/install/diffdrive_arduino/share/diffdrive_arduino/cmake/ament_cmake_export_libraries-extras.cmake
[1.321s] -- Up-to-date symlink: /home/ubuntu/ros2_ws/install/diffdrive_arduino/share/diffdrive_arduino/cmake/ament_cmake_export_dependencies-extras.cmake
[1.323s] -- Up-to-date symlink: /home/ubuntu/ros2_ws/install/diffdrive_arduino/share/diffdrive_arduino/cmake/diffdrive_arduinoConfig.cmake
[1.324s] -- Up-to-date symlink: /home/ubuntu/ros2_ws/install/diffdrive_arduino/share/diffdrive_arduino/cmake/diffdrive_arduinoConfig-version.cmake
[1.325s] -- Up-to-date symlink: /home/ubuntu/ros2_ws/install/diffdrive_arduino/share/diffdrive_arduino/package.xml
[1.339s] Invoked command in '/home/ubuntu/ros2_ws/build/diffdrive_arduino' returned '0': AMENT_PREFIX_PATH=/home/ubuntu/ros2_ws/install/serial:${AMENT_PREFIX_PATH} CMAKE_PREFIX_PATH=/home/ubuntu/ros2_ws/install/serial:/opt/ros/foxy LD_LIBRARY_PATH=/home/ubuntu/ros2_ws/install/serial/lib:${LD_LIBRARY_PATH} /usr/bin/cmake --install /home/ubuntu/ros2_ws/build/diffdrive_arduino
