[0.746s] Invoking command in '/home/ubuntu/ros2_ws/build/ydlidar_sdk': /usr/bin/cmake --build /home/ubuntu/ros2_ws/build/ydlidar_sdk -- -j4 -l4
[1.239s] [ 42%] Built target ydlidar_sdk
[1.446s] [ 47%] Built target et_test
[1.569s] [ 52%] Built target tri_test
[1.632s] [ 57%] Built target gs_ota
[1.651s] [ 61%] Built target sdm_test
[1.785s] [ 66%] Built target tri_restart
[1.867s] [ 76%] Built target gs_test
[1.868s] [ 76%] Built target tri_and_gs_test
[1.920s] [ 80%] Built target tof_test
[1.985s] [ 85%] Built target tmini_test
[2.089s] [ 90%] Built target scl_test
[2.107s] [ 95%] Built target lidar_c_api_test
[2.116s] [100%] Built target tea_test
[2.664s] Invoked command in '/home/ubuntu/ros2_ws/build/ydlidar_sdk' returned '0': /usr/bin/cmake --build /home/ubuntu/ros2_ws/build/ydlidar_sdk -- -j4 -l4
[4.694s] Invoking command in '/home/ubuntu/ros2_ws/build/ydlidar_sdk': /usr/bin/cmake --install /home/ubuntu/ros2_ws/build/ydlidar_sdk
[4.736s] -- Install configuration: ""
[4.740s] -- Up-to-date: /home/ubuntu/ros2_ws/install/ydlidar_sdk/include/core/base/datatype.h
[4.742s] -- Up-to-date: /home/ubuntu/ros2_ws/install/ydlidar_sdk/include/core/base/locker.h
[4.744s] -- Up-to-date: /home/ubuntu/ros2_ws/install/ydlidar_sdk/include/core/base/thread.h
[4.746s] -- Up-to-date: /home/ubuntu/ros2_ws/install/ydlidar_sdk/include/core/base/timer.h
[4.748s] -- Up-to-date: /home/ubuntu/ros2_ws/install/ydlidar_sdk/include/core/base/typedef.h
[4.754s] -- Up-to-date: /home/ubuntu/ros2_ws/install/ydlidar_sdk/include/core/base/utils.h
[4.757s] -- Up-to-date: /home/ubuntu/ros2_ws/install/ydlidar_sdk/include/core/base/v8stdint.h
[4.758s] -- Up-to-date: /home/ubuntu/ros2_ws/install/ydlidar_sdk/include/core/base/ydlidar.h
[4.760s] -- Up-to-date: /home/ubuntu/ros2_ws/install/ydlidar_sdk/include/core/common/ChannelDevice.h
[4.762s] -- Up-to-date: /home/ubuntu/ros2_ws/install/ydlidar_sdk/include/core/common/DriverInterface.h
[4.765s] -- Up-to-date: /home/ubuntu/ros2_ws/install/ydlidar_sdk/include/core/common/ydlidar_datatype.h
[4.766s] -- Up-to-date: /home/ubuntu/ros2_ws/install/ydlidar_sdk/include/core/common/ydlidar_def.h
[4.767s] -- Up-to-date: /home/ubuntu/ros2_ws/install/ydlidar_sdk/include/core/common/ydlidar_help.h
[4.769s] -- Up-to-date: /home/ubuntu/ros2_ws/install/ydlidar_sdk/include/core/common/ydlidar_protocol.h
[4.771s] -- Up-to-date: /home/ubuntu/ros2_ws/install/ydlidar_sdk/include/core/math/angles.h
[4.772s] -- Up-to-date: /home/ubuntu/ros2_ws/install/ydlidar_sdk/include/core/network/ActiveSocket.h
[4.774s] -- Up-to-date: /home/ubuntu/ros2_ws/install/ydlidar_sdk/include/core/network/PassiveSocket.h
[4.777s] -- Up-to-date: /home/ubuntu/ros2_ws/install/ydlidar_sdk/include/core/network/SimpleSocket.h
[4.779s] -- Up-to-date: /home/ubuntu/ros2_ws/install/ydlidar_sdk/include/core/network/StatTimer.h
[4.780s] -- Up-to-date: /home/ubuntu/ros2_ws/install/ydlidar_sdk/include/core/serial/common.h
[4.780s] -- Up-to-date: /home/ubuntu/ros2_ws/install/ydlidar_sdk/include/core/serial/serial.h
[4.793s] -- Up-to-date: /home/ubuntu/ros2_ws/install/ydlidar_sdk/include/core/serial/impl/unix/lock.h
[4.797s] -- Up-to-date: /home/ubuntu/ros2_ws/install/ydlidar_sdk/include/core/serial/impl/unix/unix.h
[4.799s] -- Up-to-date: /home/ubuntu/ros2_ws/install/ydlidar_sdk/include/core/serial/impl/unix/unix_serial.h
[4.801s] -- Up-to-date: /home/ubuntu/ros2_ws/install/ydlidar_sdk/include/src/CYdLidar.h
[4.803s] -- Up-to-date: /home/ubuntu/ros2_ws/install/ydlidar_sdk/include/src/ETLidarDriver.h
[4.807s] -- Up-to-date: /home/ubuntu/ros2_ws/install/ydlidar_sdk/include/src/GSLidarDriver.h
[4.811s] -- Up-to-date: /home/ubuntu/ros2_ws/install/ydlidar_sdk/include/src/SDMLidarDriver.h
[4.813s] -- Up-to-date: /home/ubuntu/ros2_ws/install/ydlidar_sdk/include/src/YDlidarDriver.h
[4.815s] -- Up-to-date: /home/ubuntu/ros2_ws/install/ydlidar_sdk/include/src/ydlidar_sdk.h
[4.816s] -- Up-to-date: /home/ubuntu/ros2_ws/install/ydlidar_sdk/include/src/filters/FilterInterface.h
[4.818s] -- Up-to-date: /home/ubuntu/ros2_ws/install/ydlidar_sdk/include/src/filters/NoiseFilter.h
[4.820s] -- Up-to-date: /home/ubuntu/ros2_ws/install/ydlidar_sdk/include/src/filters/StrongLightFilter.h
[4.821s] -- Up-to-date: /home/ubuntu/ros2_ws/install/ydlidar_sdk/include/ydlidar_config.h
[4.823s] -- Up-to-date: /home/ubuntu/ros2_ws/install/ydlidar_sdk/lib/libydlidar_sdk.a
[4.825s] -- Up-to-date: /home/ubuntu/ros2_ws/install/ydlidar_sdk/lib/pkgconfig/YDLIDAR_SDK.pc
[4.826s] -- Up-to-date: /home/ubuntu/ros2_ws/install/ydlidar_sdk/lib/cmake/ydlidar_sdk/ydlidar_sdkConfig.cmake
[4.827s] -- Up-to-date: /home/ubuntu/ros2_ws/install/ydlidar_sdk/lib/cmake/ydlidar_sdk/ydlidar_sdkTargets.cmake
[4.829s] -- Up-to-date: /home/ubuntu/ros2_ws/install/ydlidar_sdk/lib/cmake/ydlidar_sdk/ydlidar_sdkConfigVersion.cmake
[4.831s] -- Up-to-date: /home/ubuntu/ros2_ws/install/ydlidar_sdk/share/YDLIDAR_SDK/FindYDLIDAR_SDK.cmake
[4.832s] -- Up-to-date: /home/ubuntu/ros2_ws/install/ydlidar_sdk/share/YDLIDAR_SDK
[4.834s] -- Up-to-date: /home/ubuntu/ros2_ws/install/ydlidar_sdk/share/YDLIDAR_SDK/install_package.cmake
[4.836s] -- Up-to-date: /home/ubuntu/ros2_ws/install/ydlidar_sdk/share/YDLIDAR_SDK/cmake_uninstall.cmake.in
[4.836s] -- Up-to-date: /home/ubuntu/ros2_ws/install/ydlidar_sdk/share/YDLIDAR_SDK/FindPackage.cmake.in
[4.838s] -- Up-to-date: /home/ubuntu/ros2_ws/install/ydlidar_sdk/share/YDLIDAR_SDK/PkgConfig.pc.in
[4.840s] -- Up-to-date: /home/ubuntu/ros2_ws/install/ydlidar_sdk/share/YDLIDAR_SDK/PackageConfig.cmake.in
[4.842s] -- Up-to-date: /home/ubuntu/ros2_ws/install/ydlidar_sdk/share/YDLIDAR_SDK/PackageConfigVersion.cmake.in
[4.845s] -- Up-to-date: /home/ubuntu/ros2_ws/install/ydlidar_sdk/share/YDLIDAR_SDK/script_show_final_summary.cmake
[4.847s] -- Up-to-date: /home/ubuntu/ros2_ws/install/ydlidar_sdk/share/YDLIDAR_SDK/common
[4.849s] -- Up-to-date: /home/ubuntu/ros2_ws/install/ydlidar_sdk/share/YDLIDAR_SDK/common/ydlidar_base.cmake
[4.852s] -- Up-to-date: /home/ubuntu/ros2_ws/install/ydlidar_sdk/share/YDLIDAR_SDK/common/ydlidar_parse.cmake
[4.853s] -- Up-to-date: /home/ubuntu/ros2_ws/install/ydlidar_sdk/share/YDLIDAR_SDK/LICENSE.txt
[4.855s] -- Up-to-date: /home/ubuntu/ros2_ws/install/ydlidar_sdk/share/YDLIDAR_SDK/README.md
[4.855s] -- Up-to-date: /home/ubuntu/ros2_ws/install/ydlidar_sdk/share/YDLIDAR_SDK/doc
[4.858s] -- Up-to-date: /home/ubuntu/ros2_ws/install/ydlidar_sdk/share/YDLIDAR_SDK/doc/FAQs
[4.859s] -- Up-to-date: /home/ubuntu/ros2_ws/install/ydlidar_sdk/share/YDLIDAR_SDK/doc/FAQs/Software_FAQs.md
[4.862s] -- Up-to-date: /home/ubuntu/ros2_ws/install/ydlidar_sdk/share/YDLIDAR_SDK/doc/FAQs/General_FAQs.md
[4.864s] -- Up-to-date: /home/ubuntu/ros2_ws/install/ydlidar_sdk/share/YDLIDAR_SDK/doc/FAQs/Hardware_FAQs.md
[4.867s] -- Up-to-date: /home/ubuntu/ros2_ws/install/ydlidar_sdk/share/YDLIDAR_SDK/doc/FAQs/README.md
[4.868s] -- Up-to-date: /home/ubuntu/ros2_ws/install/ydlidar_sdk/share/YDLIDAR_SDK/doc/FAQs/Software_FAQs_cn.md
[4.868s] -- Up-to-date: /home/ubuntu/ros2_ws/install/ydlidar_sdk/share/YDLIDAR_SDK/doc/FAQs/General_FAQs_cn.md
[4.869s] -- Up-to-date: /home/ubuntu/ros2_ws/install/ydlidar_sdk/share/YDLIDAR_SDK/doc/FAQs/Hardware_FAQs_cn.md
[4.869s] -- Up-to-date: /home/ubuntu/ros2_ws/install/ydlidar_sdk/share/YDLIDAR_SDK/doc/YDLidar_SDK_Communication_Protocol.pdf
[4.869s] -- Up-to-date: /home/ubuntu/ros2_ws/install/ydlidar_sdk/share/YDLIDAR_SDK/doc/tutorials
[4.870s] -- Up-to-date: /home/ubuntu/ros2_ws/install/ydlidar_sdk/share/YDLIDAR_SDK/doc/tutorials/writing_lidar_tutorial_python.md
[4.870s] -- Up-to-date: /home/ubuntu/ros2_ws/install/ydlidar_sdk/share/YDLIDAR_SDK/doc/tutorials/examine_the_simple_lidar_tutorial.md
[4.870s] -- Up-to-date: /home/ubuntu/ros2_ws/install/ydlidar_sdk/share/YDLIDAR_SDK/doc/tutorials/writing_lidar_network_adapter_tutorial_c++.md
[4.871s] -- Up-to-date: /home/ubuntu/ros2_ws/install/ydlidar_sdk/share/YDLIDAR_SDK/doc/tutorials/writing_lidar_tutorial_c.md
[4.872s] -- Up-to-date: /home/ubuntu/ros2_ws/install/ydlidar_sdk/share/YDLIDAR_SDK/doc/tutorials/writing_lidar_tutorial_c++.md
[4.872s] -- Up-to-date: /home/ubuntu/ros2_ws/install/ydlidar_sdk/share/YDLIDAR_SDK/doc/Diagram.md
[4.873s] -- Up-to-date: /home/ubuntu/ros2_ws/install/ydlidar_sdk/share/YDLIDAR_SDK/doc/YDLIDAR_SDK_API_for_Developers.md
[4.873s] -- Up-to-date: /home/ubuntu/ros2_ws/install/ydlidar_sdk/share/YDLIDAR_SDK/doc/Dataset.md
[4.873s] -- Up-to-date: /home/ubuntu/ros2_ws/install/ydlidar_sdk/share/YDLIDAR_SDK/doc/README.md
[4.874s] -- Up-to-date: /home/ubuntu/ros2_ws/install/ydlidar_sdk/share/YDLIDAR_SDK/doc/YDLidar-SDK-Communication-Protocol.html
[4.874s] -- Up-to-date: /home/ubuntu/ros2_ws/install/ydlidar_sdk/share/YDLIDAR_SDK/doc/YDLidar-SDK-Communication-Protocol.md
[4.874s] -- Up-to-date: /home/ubuntu/ros2_ws/install/ydlidar_sdk/share/YDLIDAR_SDK/doc/howto
[4.875s] -- Up-to-date: /home/ubuntu/ros2_ws/install/ydlidar_sdk/share/YDLIDAR_SDK/doc/howto/how_to_create_a_udev_rules.md
[4.875s] -- Up-to-date: /home/ubuntu/ros2_ws/install/ydlidar_sdk/share/YDLIDAR_SDK/doc/howto/how_to_build_and_install.md
[4.875s] -- Up-to-date: /home/ubuntu/ros2_ws/install/ydlidar_sdk/share/YDLIDAR_SDK/doc/howto/how_to_gerenrate_vs_project_by_cmake.md
[4.876s] -- Up-to-date: /home/ubuntu/ros2_ws/install/ydlidar_sdk/share/YDLIDAR_SDK/doc/howto/how_to_build_and_debug_using_vscode.md
[4.876s] -- Up-to-date: /home/ubuntu/ros2_ws/install/ydlidar_sdk/share/YDLIDAR_SDK/doc/howto/README.md
[4.876s] -- Up-to-date: /home/ubuntu/ros2_ws/install/ydlidar_sdk/share/YDLIDAR_SDK/doc/howto/how_to_create_a_csharp_project.md
[4.877s] -- Up-to-date: /home/ubuntu/ros2_ws/install/ydlidar_sdk/share/YDLIDAR_SDK/doc/howto/images
[4.877s] -- Up-to-date: /home/ubuntu/ros2_ws/install/ydlidar_sdk/share/YDLIDAR_SDK/doc/howto/images/csharp_running.png
[4.878s] -- Up-to-date: /home/ubuntu/ros2_ws/install/ydlidar_sdk/share/YDLIDAR_SDK/doc/howto/images/cpack.png
[4.878s] -- Up-to-date: /home/ubuntu/ros2_ws/install/ydlidar_sdk/share/YDLIDAR_SDK/doc/howto/images/csharp_exception.png
[4.879s] -- Up-to-date: /home/ubuntu/ros2_ws/install/ydlidar_sdk/share/YDLIDAR_SDK/doc/howto/images/ttyUSB1.png
[4.881s] -- Up-to-date: /home/ubuntu/ros2_ws/install/ydlidar_sdk/share/YDLIDAR_SDK/doc/howto/images/ydlidar_lidar_monitor.png
[4.884s] -- Up-to-date: /home/ubuntu/ros2_ws/install/ydlidar_sdk/share/YDLIDAR_SDK/doc/howto/images/ttyUSB0.png
[4.892s] -- Up-to-date: /home/ubuntu/ros2_ws/install/ydlidar_sdk/share/YDLIDAR_SDK/doc/howto/images/csharp_build.png
[4.894s] -- Up-to-date: /home/ubuntu/ros2_ws/install/ydlidar_sdk/share/YDLIDAR_SDK/doc/howto/images/csharp_project.png
[4.895s] -- Up-to-date: /home/ubuntu/ros2_ws/install/ydlidar_sdk/share/YDLIDAR_SDK/doc/howto/images/sequence.png
[4.898s] -- Up-to-date: /home/ubuntu/ros2_ws/install/ydlidar_sdk/share/YDLIDAR_SDK/doc/howto/images/csharp_library.png
[4.898s] -- Up-to-date: /home/ubuntu/ros2_ws/install/ydlidar_sdk/share/YDLIDAR_SDK/doc/howto/images/vscode
[4.900s] -- Up-to-date: /home/ubuntu/ros2_ws/install/ydlidar_sdk/share/YDLIDAR_SDK/doc/howto/images/vscode/run_tasks.jpg
[4.902s] -- Up-to-date: /home/ubuntu/ros2_ws/install/ydlidar_sdk/share/YDLIDAR_SDK/doc/howto/images/vscode/tasks.png
[4.904s] -- Up-to-date: /home/ubuntu/ros2_ws/install/ydlidar_sdk/share/YDLIDAR_SDK/doc/howto/images/sdk_init.png
[4.904s] -- Up-to-date: /home/ubuntu/ros2_ws/install/ydlidar_sdk/share/YDLIDAR_SDK/doc/howto/images/sdk_scanning.png
[4.907s] -- Up-to-date: /home/ubuntu/ros2_ws/install/ydlidar_sdk/share/YDLIDAR_SDK/doc/howto/how_to_solve_slow_pull_from_cn.md
[4.909s] -- Up-to-date: /home/ubuntu/ros2_ws/install/ydlidar_sdk/share/YDLIDAR_SDK/doc/howto/how_to_create_a_pull.md
[4.910s] -- Up-to-date: /home/ubuntu/ros2_ws/install/ydlidar_sdk/share/YDLIDAR_SDK/doc/YDLidar-SDK-Communication-Protocol.pdf
[4.912s] -- Up-to-date: /home/ubuntu/ros2_ws/install/ydlidar_sdk/share/YDLIDAR_SDK/doc/SDK.pdf
[4.914s] -- Up-to-date: /home/ubuntu/ros2_ws/install/ydlidar_sdk/share/YDLIDAR_SDK/doc/images
[4.915s] -- Up-to-date: /home/ubuntu/ros2_ws/install/ydlidar_sdk/share/YDLIDAR_SDK/doc/images/sdk_architecture.png
[4.917s] -- Up-to-date: /home/ubuntu/ros2_ws/install/ydlidar_sdk/share/YDLIDAR_SDK/doc/images/frame_intensity.png
[4.919s] -- Up-to-date: /home/ubuntu/ros2_ws/install/ydlidar_sdk/share/YDLIDAR_SDK/doc/images/FlowChart.png
[4.922s] -- Up-to-date: /home/ubuntu/ros2_ws/install/ydlidar_sdk/share/YDLIDAR_SDK/doc/images/frame.png
[4.924s] -- Up-to-date: /home/ubuntu/ros2_ws/install/ydlidar_sdk/share/YDLIDAR_SDK/doc/images/communication_mechanism.png
[4.926s] -- Up-to-date: /home/ubuntu/ros2_ws/install/ydlidar_sdk/share/YDLIDAR_SDK/doc/images/YDLidar.jpg
[4.942s] -- Up-to-date: /home/ubuntu/ros2_ws/install/ydlidar_sdk/share/YDLIDAR_SDK/doc/images/sequence.png
[4.944s] -- Up-to-date: /home/ubuntu/ros2_ws/install/ydlidar_sdk/share/YDLIDAR_SDK/doc/images/system_workflow.png
[4.946s] -- Up-to-date: /home/ubuntu/ros2_ws/install/ydlidar_sdk/share/YDLIDAR_SDK/doc/images/angle_q2.png
[4.947s] -- Up-to-date: /home/ubuntu/ros2_ws/install/ydlidar_sdk/share/YDLIDAR_SDK/doc/images/EAI.png
[4.948s] -- Up-to-date: /home/ubuntu/ros2_ws/install/ydlidar_sdk/share/YDLIDAR_SDK/doc/images/YDLidar.png
[4.949s] -- Up-to-date: /home/ubuntu/ros2_ws/install/ydlidar_sdk/share/YDLIDAR_SDK/doc/images/sdk_init.png
[4.953s] -- Up-to-date: /home/ubuntu/ros2_ws/install/ydlidar_sdk/share/YDLIDAR_SDK/doc/images/sdk_scanning.png
[4.955s] -- Up-to-date: /home/ubuntu/ros2_ws/install/ydlidar_sdk/share/YDLIDAR_SDK/doc/Tutorials.md
[4.957s] -- Up-to-date: /home/ubuntu/ros2_ws/install/ydlidar_sdk/share/YDLIDAR_SDK/doc/quickstart
[4.958s] -- Up-to-date: /home/ubuntu/ros2_ws/install/ydlidar_sdk/share/YDLIDAR_SDK/doc/quickstart/ydlidar_sdk_software_installation_guide.md
[4.960s] -- Up-to-date: /home/ubuntu/ros2_ws/install/ydlidar_sdk/share/YDLIDAR_SDK/doc/quickstart/README.md
[4.962s] -- Up-to-date: /home/ubuntu/ros2_ws/install/ydlidar_sdk/startup/initenv.sh
[4.965s] -- Up-to-date: /home/ubuntu/ros2_ws/install/ydlidar_sdk/bin/et_test
[4.967s] -- Up-to-date: /home/ubuntu/ros2_ws/install/ydlidar_sdk/bin/gs_ota
[4.969s] -- Up-to-date: /home/ubuntu/ros2_ws/install/ydlidar_sdk/bin/gs_test
[4.970s] -- Up-to-date: /home/ubuntu/ros2_ws/install/ydlidar_sdk/bin/scl_test
[4.971s] -- Up-to-date: /home/ubuntu/ros2_ws/install/ydlidar_sdk/bin/sdm_test
[4.973s] -- Up-to-date: /home/ubuntu/ros2_ws/install/ydlidar_sdk/bin/tea_test
[4.975s] -- Up-to-date: /home/ubuntu/ros2_ws/install/ydlidar_sdk/bin/tmini_test
[4.977s] -- Up-to-date: /home/ubuntu/ros2_ws/install/ydlidar_sdk/bin/tof_test
[4.979s] -- Up-to-date: /home/ubuntu/ros2_ws/install/ydlidar_sdk/bin/tri_and_gs_test
[4.980s] -- Up-to-date: /home/ubuntu/ros2_ws/install/ydlidar_sdk/bin/tri_restart
[4.989s] -- Up-to-date: /home/ubuntu/ros2_ws/install/ydlidar_sdk/bin/tri_test
[4.990s] -- Up-to-date: /home/ubuntu/ros2_ws/install/ydlidar_sdk/bin/lidar_c_api_test
[6.060s] Invoked command in '/home/ubuntu/ros2_ws/build/ydlidar_sdk' returned '0': /usr/bin/cmake --install /home/ubuntu/ros2_ws/build/ydlidar_sdk
