[1.842s] Invoking command in '/home/ubuntu/ros2_ws/build/diffdrive_arduino': CMAKE_PREFIX_PATH=/home/ubuntu/ros2_ws/install/serial:/home/ubuntu/ros2_ws/install/ydlidar_sdk:/home/ubuntu/ros2_ws/install/ydlidar_ros2_driver:/home/ubuntu/ros2_ws/install/sllidar_ros2:/home/ubuntu/ros2_ws/install/diffdrive_arduino:/home/ubuntu/ros2_ws/install/rplidar_ros:/home/ubuntu/ros2_ws/install/my_bot:/opt/ros/foxy /usr/bin/cmake --build /home/ubuntu/ros2_ws/build/diffdrive_arduino -- -j4 -l4
[2.167s] [ 42%] Built target fake_robot
[2.174s] [100%] Built target diffdrive_arduino
[2.217s] Invoked command in '/home/ubuntu/ros2_ws/build/diffdrive_arduino' returned '0': CMAKE_PREFIX_PATH=/home/ubuntu/ros2_ws/install/serial:/home/ubuntu/ros2_ws/install/ydlidar_sdk:/home/ubuntu/ros2_ws/install/ydlidar_ros2_driver:/home/ubuntu/ros2_ws/install/sllidar_ros2:/home/ubuntu/ros2_ws/install/diffdrive_arduino:/home/ubuntu/ros2_ws/install/rplidar_ros:/home/ubuntu/ros2_ws/install/my_bot:/opt/ros/foxy /usr/bin/cmake --build /home/ubuntu/ros2_ws/build/diffdrive_arduino -- -j4 -l4
[2.421s] Invoking command in '/home/ubuntu/ros2_ws/build/diffdrive_arduino': CMAKE_PREFIX_PATH=/home/ubuntu/ros2_ws/install/serial:/home/ubuntu/ros2_ws/install/ydlidar_sdk:/home/ubuntu/ros2_ws/install/ydlidar_ros2_driver:/home/ubuntu/ros2_ws/install/sllidar_ros2:/home/ubuntu/ros2_ws/install/diffdrive_arduino:/home/ubuntu/ros2_ws/install/rplidar_ros:/home/ubuntu/ros2_ws/install/my_bot:/opt/ros/foxy /usr/bin/cmake --install /home/ubuntu/ros2_ws/build/diffdrive_arduino
[2.457s] -- Install configuration: ""
[2.458s] -- Execute custom install script
[2.460s] -- Up-to-date symlink: /home/ubuntu/ros2_ws/install/diffdrive_arduino/share/diffdrive_arduino//robot_hardware.xml
[2.461s] -- Up-to-date symlink: /home/ubuntu/ros2_ws/install/diffdrive_arduino/share/diffdrive_arduino//fake_robot_hardware.xml
[2.463s] -- Up-to-date symlink: /home/ubuntu/ros2_ws/install/diffdrive_arduino/lib/libdiffdrive_arduino.so
[2.464s] -- Up-to-date symlink: /home/ubuntu/ros2_ws/install/diffdrive_arduino/lib/libfake_robot.so
[2.466s] -- Up-to-date symlink: /home/ubuntu/ros2_ws/install/diffdrive_arduino/share/diffdrive_arduino/controllers/robot_controller_example.yaml
[2.468s] -- Up-to-date symlink: /home/ubuntu/ros2_ws/install/diffdrive_arduino/share/diffdrive_arduino/fake_robot.launch.py
[2.469s] -- Up-to-date symlink: /home/ubuntu/ros2_ws/install/diffdrive_arduino/share/diffdrive_arduino/test_robot.launch.py
[2.470s] -- Up-to-date symlink: /home/ubuntu/ros2_ws/install/diffdrive_arduino/share/diffdrive_arduino/environment/library_path.sh
[2.472s] -- Up-to-date symlink: /home/ubuntu/ros2_ws/install/diffdrive_arduino/share/diffdrive_arduino/environment/library_path.dsv
[2.473s] -- Up-to-date symlink: /home/ubuntu/ros2_ws/install/diffdrive_arduino/share/ament_index/resource_index/package_run_dependencies/diffdrive_arduino
[2.474s] -- Up-to-date symlink: /home/ubuntu/ros2_ws/install/diffdrive_arduino/share/ament_index/resource_index/parent_prefix_path/diffdrive_arduino
[2.476s] -- Up-to-date symlink: /home/ubuntu/ros2_ws/install/diffdrive_arduino/share/diffdrive_arduino/environment/ament_prefix_path.sh
[2.477s] -- Up-to-date symlink: /home/ubuntu/ros2_ws/install/diffdrive_arduino/share/diffdrive_arduino/environment/ament_prefix_path.dsv
[2.478s] -- Up-to-date symlink: /home/ubuntu/ros2_ws/install/diffdrive_arduino/share/diffdrive_arduino/environment/path.sh
[2.480s] -- Up-to-date symlink: /home/ubuntu/ros2_ws/install/diffdrive_arduino/share/diffdrive_arduino/environment/path.dsv
[2.482s] -- Up-to-date symlink: /home/ubuntu/ros2_ws/install/diffdrive_arduino/share/diffdrive_arduino/local_setup.bash
[2.485s] -- Up-to-date symlink: /home/ubuntu/ros2_ws/install/diffdrive_arduino/share/diffdrive_arduino/local_setup.sh
[2.487s] -- Up-to-date symlink: /home/ubuntu/ros2_ws/install/diffdrive_arduino/share/diffdrive_arduino/local_setup.zsh
[2.488s] -- Up-to-date symlink: /home/ubuntu/ros2_ws/install/diffdrive_arduino/share/diffdrive_arduino/local_setup.dsv
[2.489s] -- Symlinking: /home/ubuntu/ros2_ws/install/diffdrive_arduino/share/diffdrive_arduino/package.dsv
[2.526s] -- Up-to-date symlink: /home/ubuntu/ros2_ws/install/diffdrive_arduino/share/ament_index/resource_index/packages/diffdrive_arduino
[2.527s] -- Up-to-date symlink: /home/ubuntu/ros2_ws/install/diffdrive_arduino/share/ament_index/resource_index/hardware_interface__pluginlib__plugin/diffdrive_arduino
[2.528s] -- Up-to-date symlink: /home/ubuntu/ros2_ws/install/diffdrive_arduino/share/diffdrive_arduino/cmake/ament_cmake_export_libraries-extras.cmake
[2.530s] -- Up-to-date symlink: /home/ubuntu/ros2_ws/install/diffdrive_arduino/share/diffdrive_arduino/cmake/ament_cmake_export_dependencies-extras.cmake
[2.531s] -- Up-to-date symlink: /home/ubuntu/ros2_ws/install/diffdrive_arduino/share/diffdrive_arduino/cmake/diffdrive_arduinoConfig.cmake
[2.532s] -- Up-to-date symlink: /home/ubuntu/ros2_ws/install/diffdrive_arduino/share/diffdrive_arduino/cmake/diffdrive_arduinoConfig-version.cmake
[2.533s] -- Up-to-date symlink: /home/ubuntu/ros2_ws/install/diffdrive_arduino/share/diffdrive_arduino/package.xml
[2.539s] Invoked command in '/home/ubuntu/ros2_ws/build/diffdrive_arduino' returned '0': CMAKE_PREFIX_PATH=/home/ubuntu/ros2_ws/install/serial:/home/ubuntu/ros2_ws/install/ydlidar_sdk:/home/ubuntu/ros2_ws/install/ydlidar_ros2_driver:/home/ubuntu/ros2_ws/install/sllidar_ros2:/home/ubuntu/ros2_ws/install/diffdrive_arduino:/home/ubuntu/ros2_ws/install/rplidar_ros:/home/ubuntu/ros2_ws/install/my_bot:/opt/ros/foxy /usr/bin/cmake --install /home/ubuntu/ros2_ws/build/diffdrive_arduino
