[14.188s] DEBUG:colcon:Command line arguments: ['/usr/bin/colcon', 'build', '--symlink-install']
[14.188s] DEBUG:colcon:Parsed command line arguments: Namespace(allow_overriding=[], ament_cmake_args=None, base_paths=['.'], build_base='build', catkin_cmake_args=None, catkin_skip_building_tests=False, cmake_args=None, cmake_clean_cache=False, cmake_clean_first=False, cmake_force_configure=False, cmake_target=None, cmake_target_skip_unavailable=False, continue_on_error=False, event_handlers=None, executor='parallel', ignore_user_meta=False, install_base='install', log_base=None, log_level=None, main=<bound method BuildVerb.main of <colcon_core.verb.build.BuildVerb object at 0xffff96018580>>, merge_install=False, metas=['./colcon.meta'], packages_above=None, packages_above_and_dependencies=None, packages_above_depth=None, packages_end=None, packages_ignore=None, packages_ignore_regex=None, packages_select=None, packages_select_build_failed=False, packages_select_by_dep=None, packages_select_regex=None, packages_select_test_failures=False, packages_skip=None, packages_skip_build_finished=False, packages_skip_by_dep=None, packages_skip_regex=None, packages_skip_test_passed=False, packages_skip_up_to=None, packages_start=None, packages_up_to=None, packages_up_to_regex=None, parallel_workers=4, paths=None, symlink_install=True, test_result_base=None, verb_extension=<colcon_core.verb.build.BuildVerb object at 0xffff96018580>, verb_name='build', verb_parser=<colcon_defaults.argument_parser.defaults.DefaultArgumentsDecorator object at 0xffff95b9cc10>)
[15.140s] Level 1:colcon.colcon_core.package_discovery:discover_packages(colcon_meta) check parameters
[15.141s] Level 1:colcon.colcon_core.package_discovery:discover_packages(recursive) check parameters
[15.142s] Level 1:colcon.colcon_core.package_discovery:discover_packages(ignore) check parameters
[15.142s] Level 1:colcon.colcon_core.package_discovery:discover_packages(path) check parameters
[15.143s] Level 1:colcon.colcon_core.package_discovery:discover_packages(colcon_meta) discover
[15.144s] Level 1:colcon.colcon_core.package_discovery:discover_packages(recursive) discover
[15.145s] INFO:colcon.colcon_core.package_discovery:Crawling recursively for packages in '/home/ubuntu/ros2_ws'
[15.146s] Level 1:colcon.colcon_core.package_identification:_identify(.) by extensions ['ignore', 'ignore_ament_install']
[15.147s] Level 1:colcon.colcon_core.package_identification:_identify(.) by extension 'ignore'
[15.148s] Level 1:colcon.colcon_core.package_identification:_identify(.) by extension 'ignore_ament_install'
[15.150s] Level 1:colcon.colcon_core.package_identification:_identify(.) by extensions ['colcon_pkg']
[15.150s] Level 1:colcon.colcon_core.package_identification:_identify(.) by extension 'colcon_pkg'
[15.151s] Level 1:colcon.colcon_core.package_identification:_identify(.) by extensions ['colcon_meta']
[15.152s] Level 1:colcon.colcon_core.package_identification:_identify(.) by extension 'colcon_meta'
[15.153s] Level 1:colcon.colcon_core.package_identification:_identify(.) by extensions ['ros']
[15.153s] Level 1:colcon.colcon_core.package_identification:_identify(.) by extension 'ros'
[15.257s] Level 1:colcon.colcon_core.package_identification:_identify(.) by extensions ['cmake', 'python']
[15.258s] Level 1:colcon.colcon_core.package_identification:_identify(.) by extension 'cmake'
[15.258s] Level 1:colcon.colcon_core.package_identification:_identify(.) by extension 'python'
[15.259s] Level 1:colcon.colcon_core.package_identification:_identify(.) by extensions ['python_setup_py']
[15.259s] Level 1:colcon.colcon_core.package_identification:_identify(.) by extension 'python_setup_py'
[15.260s] Level 1:colcon.colcon_core.package_identification:_identify(build) by extensions ['ignore', 'ignore_ament_install']
[15.260s] Level 1:colcon.colcon_core.package_identification:_identify(build) by extension 'ignore'
[15.261s] Level 1:colcon.colcon_core.package_identification:_identify(build) ignored
[15.262s] Level 1:colcon.colcon_core.package_identification:_identify(install) by extensions ['ignore', 'ignore_ament_install']
[15.263s] Level 1:colcon.colcon_core.package_identification:_identify(install) by extension 'ignore'
[15.263s] Level 1:colcon.colcon_core.package_identification:_identify(install) ignored
[15.265s] Level 1:colcon.colcon_core.package_identification:_identify(log) by extensions ['ignore', 'ignore_ament_install']
[15.265s] Level 1:colcon.colcon_core.package_identification:_identify(log) by extension 'ignore'
[15.266s] Level 1:colcon.colcon_core.package_identification:_identify(log) ignored
[15.267s] Level 1:colcon.colcon_core.package_identification:_identify(src) by extensions ['ignore', 'ignore_ament_install']
[15.268s] Level 1:colcon.colcon_core.package_identification:_identify(src) by extension 'ignore'
[15.269s] Level 1:colcon.colcon_core.package_identification:_identify(src) by extension 'ignore_ament_install'
[15.269s] Level 1:colcon.colcon_core.package_identification:_identify(src) by extensions ['colcon_pkg']
[15.270s] Level 1:colcon.colcon_core.package_identification:_identify(src) by extension 'colcon_pkg'
[15.270s] Level 1:colcon.colcon_core.package_identification:_identify(src) by extensions ['colcon_meta']
[15.270s] Level 1:colcon.colcon_core.package_identification:_identify(src) by extension 'colcon_meta'
[15.271s] Level 1:colcon.colcon_core.package_identification:_identify(src) by extensions ['ros']
[15.272s] Level 1:colcon.colcon_core.package_identification:_identify(src) by extension 'ros'
[15.272s] Level 1:colcon.colcon_core.package_identification:_identify(src) by extensions ['cmake', 'python']
[15.273s] Level 1:colcon.colcon_core.package_identification:_identify(src) by extension 'cmake'
[15.273s] Level 1:colcon.colcon_core.package_identification:_identify(src) by extension 'python'
[15.274s] Level 1:colcon.colcon_core.package_identification:_identify(src) by extensions ['python_setup_py']
[15.275s] Level 1:colcon.colcon_core.package_identification:_identify(src) by extension 'python_setup_py'
[15.281s] Level 1:colcon.colcon_core.package_identification:_identify(src/YDLidar-SDK) by extensions ['ignore', 'ignore_ament_install']
[15.282s] Level 1:colcon.colcon_core.package_identification:_identify(src/YDLidar-SDK) by extension 'ignore'
[15.282s] Level 1:colcon.colcon_core.package_identification:_identify(src/YDLidar-SDK) by extension 'ignore_ament_install'
[15.283s] Level 1:colcon.colcon_core.package_identification:_identify(src/YDLidar-SDK) by extensions ['colcon_pkg']
[15.283s] Level 1:colcon.colcon_core.package_identification:_identify(src/YDLidar-SDK) by extension 'colcon_pkg'
[15.284s] Level 1:colcon.colcon_core.package_identification:_identify(src/YDLidar-SDK) by extensions ['colcon_meta']
[15.284s] Level 1:colcon.colcon_core.package_identification:_identify(src/YDLidar-SDK) by extension 'colcon_meta'
[15.285s] Level 1:colcon.colcon_core.package_identification:_identify(src/YDLidar-SDK) by extensions ['ros']
[15.285s] Level 1:colcon.colcon_core.package_identification:_identify(src/YDLidar-SDK) by extension 'ros'
[15.286s] Level 1:colcon.colcon_core.package_identification:_identify(src/YDLidar-SDK) by extensions ['cmake', 'python']
[15.286s] Level 1:colcon.colcon_core.package_identification:_identify(src/YDLidar-SDK) by extension 'cmake'
[16.298s] Level 1:colcon.colcon_core.package_identification:_identify(src/YDLidar-SDK) by extension 'python'
[16.299s] DEBUG:colcon.colcon_core.package_identification:Package 'src/YDLidar-SDK' with type 'cmake' and name 'ydlidar_sdk'
[16.306s] Level 1:colcon.colcon_core.package_identification:_identify(src/diffdrive_arduino) by extensions ['ignore', 'ignore_ament_install']
[16.307s] Level 1:colcon.colcon_core.package_identification:_identify(src/diffdrive_arduino) by extension 'ignore'
[16.307s] Level 1:colcon.colcon_core.package_identification:_identify(src/diffdrive_arduino) by extension 'ignore_ament_install'
[16.308s] Level 1:colcon.colcon_core.package_identification:_identify(src/diffdrive_arduino) by extensions ['colcon_pkg']
[16.308s] Level 1:colcon.colcon_core.package_identification:_identify(src/diffdrive_arduino) by extension 'colcon_pkg'
[16.309s] Level 1:colcon.colcon_core.package_identification:_identify(src/diffdrive_arduino) by extensions ['colcon_meta']
[16.309s] Level 1:colcon.colcon_core.package_identification:_identify(src/diffdrive_arduino) by extension 'colcon_meta'
[16.310s] Level 1:colcon.colcon_core.package_identification:_identify(src/diffdrive_arduino) by extensions ['ros']
[16.310s] Level 1:colcon.colcon_core.package_identification:_identify(src/diffdrive_arduino) by extension 'ros'
[16.349s] DEBUG:colcon.colcon_core.package_identification:Package 'src/diffdrive_arduino' with type 'ros.ament_cmake' and name 'diffdrive_arduino'
[16.355s] Level 1:colcon.colcon_core.package_identification:_identify(src/my_bot) by extensions ['ignore', 'ignore_ament_install']
[16.356s] Level 1:colcon.colcon_core.package_identification:_identify(src/my_bot) by extension 'ignore'
[16.357s] Level 1:colcon.colcon_core.package_identification:_identify(src/my_bot) by extension 'ignore_ament_install'
[16.358s] Level 1:colcon.colcon_core.package_identification:_identify(src/my_bot) by extensions ['colcon_pkg']
[16.359s] Level 1:colcon.colcon_core.package_identification:_identify(src/my_bot) by extension 'colcon_pkg'
[16.359s] Level 1:colcon.colcon_core.package_identification:_identify(src/my_bot) by extensions ['colcon_meta']
[16.360s] Level 1:colcon.colcon_core.package_identification:_identify(src/my_bot) by extension 'colcon_meta'
[16.361s] Level 1:colcon.colcon_core.package_identification:_identify(src/my_bot) by extensions ['ros']
[16.361s] Level 1:colcon.colcon_core.package_identification:_identify(src/my_bot) by extension 'ros'
[16.369s] DEBUG:colcon.colcon_core.package_identification:Package 'src/my_bot' with type 'ros.ament_cmake' and name 'my_bot'
[16.375s] Level 1:colcon.colcon_core.package_identification:_identify(src/serial) by extensions ['ignore', 'ignore_ament_install']
[16.375s] Level 1:colcon.colcon_core.package_identification:_identify(src/serial) by extension 'ignore'
[16.376s] Level 1:colcon.colcon_core.package_identification:_identify(src/serial) by extension 'ignore_ament_install'
[16.376s] Level 1:colcon.colcon_core.package_identification:_identify(src/serial) by extensions ['colcon_pkg']
[16.376s] Level 1:colcon.colcon_core.package_identification:_identify(src/serial) by extension 'colcon_pkg'
[16.377s] Level 1:colcon.colcon_core.package_identification:_identify(src/serial) by extensions ['colcon_meta']
[16.377s] Level 1:colcon.colcon_core.package_identification:_identify(src/serial) by extension 'colcon_meta'
[16.377s] Level 1:colcon.colcon_core.package_identification:_identify(src/serial) by extensions ['ros']
[16.378s] Level 1:colcon.colcon_core.package_identification:_identify(src/serial) by extension 'ros'
[16.386s] DEBUG:colcon.colcon_core.package_identification:Package 'src/serial' with type 'ros.ament_cmake' and name 'serial'
[16.401s] Level 1:colcon.colcon_core.package_identification:_identify(src/ydlidar_ros2_ws) by extensions ['ignore', 'ignore_ament_install']
[16.401s] Level 1:colcon.colcon_core.package_identification:_identify(src/ydlidar_ros2_ws) by extension 'ignore'
[16.402s] Level 1:colcon.colcon_core.package_identification:_identify(src/ydlidar_ros2_ws) by extension 'ignore_ament_install'
[16.402s] Level 1:colcon.colcon_core.package_identification:_identify(src/ydlidar_ros2_ws) by extensions ['colcon_pkg']
[16.402s] Level 1:colcon.colcon_core.package_identification:_identify(src/ydlidar_ros2_ws) by extension 'colcon_pkg'
[16.402s] Level 1:colcon.colcon_core.package_identification:_identify(src/ydlidar_ros2_ws) by extensions ['colcon_meta']
[16.403s] Level 1:colcon.colcon_core.package_identification:_identify(src/ydlidar_ros2_ws) by extension 'colcon_meta'
[16.403s] Level 1:colcon.colcon_core.package_identification:_identify(src/ydlidar_ros2_ws) by extensions ['ros']
[16.403s] Level 1:colcon.colcon_core.package_identification:_identify(src/ydlidar_ros2_ws) by extension 'ros'
[16.403s] Level 1:colcon.colcon_core.package_identification:_identify(src/ydlidar_ros2_ws) by extensions ['cmake', 'python']
[16.404s] Level 1:colcon.colcon_core.package_identification:_identify(src/ydlidar_ros2_ws) by extension 'cmake'
[16.404s] Level 1:colcon.colcon_core.package_identification:_identify(src/ydlidar_ros2_ws) by extension 'python'
[16.405s] Level 1:colcon.colcon_core.package_identification:_identify(src/ydlidar_ros2_ws) by extensions ['python_setup_py']
[16.405s] Level 1:colcon.colcon_core.package_identification:_identify(src/ydlidar_ros2_ws) by extension 'python_setup_py'
[16.409s] Level 1:colcon.colcon_core.package_identification:_identify(src/ydlidar_ros2_ws/src) by extensions ['ignore', 'ignore_ament_install']
[16.410s] Level 1:colcon.colcon_core.package_identification:_identify(src/ydlidar_ros2_ws/src) by extension 'ignore'
[16.410s] Level 1:colcon.colcon_core.package_identification:_identify(src/ydlidar_ros2_ws/src) by extension 'ignore_ament_install'
[16.411s] Level 1:colcon.colcon_core.package_identification:_identify(src/ydlidar_ros2_ws/src) by extensions ['colcon_pkg']
[16.411s] Level 1:colcon.colcon_core.package_identification:_identify(src/ydlidar_ros2_ws/src) by extension 'colcon_pkg'
[16.411s] Level 1:colcon.colcon_core.package_identification:_identify(src/ydlidar_ros2_ws/src) by extensions ['colcon_meta']
[16.412s] Level 1:colcon.colcon_core.package_identification:_identify(src/ydlidar_ros2_ws/src) by extension 'colcon_meta'
[16.412s] Level 1:colcon.colcon_core.package_identification:_identify(src/ydlidar_ros2_ws/src) by extensions ['ros']
[16.412s] Level 1:colcon.colcon_core.package_identification:_identify(src/ydlidar_ros2_ws/src) by extension 'ros'
[16.413s] Level 1:colcon.colcon_core.package_identification:_identify(src/ydlidar_ros2_ws/src) by extensions ['cmake', 'python']
[16.413s] Level 1:colcon.colcon_core.package_identification:_identify(src/ydlidar_ros2_ws/src) by extension 'cmake'
[16.414s] Level 1:colcon.colcon_core.package_identification:_identify(src/ydlidar_ros2_ws/src) by extension 'python'
[16.414s] Level 1:colcon.colcon_core.package_identification:_identify(src/ydlidar_ros2_ws/src) by extensions ['python_setup_py']
[16.415s] Level 1:colcon.colcon_core.package_identification:_identify(src/ydlidar_ros2_ws/src) by extension 'python_setup_py'
[16.416s] Level 1:colcon.colcon_core.package_identification:_identify(src/ydlidar_ros2_ws/src/ydlidar_ros2_driver) by extensions ['ignore', 'ignore_ament_install']
[16.417s] Level 1:colcon.colcon_core.package_identification:_identify(src/ydlidar_ros2_ws/src/ydlidar_ros2_driver) by extension 'ignore'
[16.417s] Level 1:colcon.colcon_core.package_identification:_identify(src/ydlidar_ros2_ws/src/ydlidar_ros2_driver) by extension 'ignore_ament_install'
[16.418s] Level 1:colcon.colcon_core.package_identification:_identify(src/ydlidar_ros2_ws/src/ydlidar_ros2_driver) by extensions ['colcon_pkg']
[16.418s] Level 1:colcon.colcon_core.package_identification:_identify(src/ydlidar_ros2_ws/src/ydlidar_ros2_driver) by extension 'colcon_pkg'
[16.419s] Level 1:colcon.colcon_core.package_identification:_identify(src/ydlidar_ros2_ws/src/ydlidar_ros2_driver) by extensions ['colcon_meta']
[16.419s] Level 1:colcon.colcon_core.package_identification:_identify(src/ydlidar_ros2_ws/src/ydlidar_ros2_driver) by extension 'colcon_meta'
[16.420s] Level 1:colcon.colcon_core.package_identification:_identify(src/ydlidar_ros2_ws/src/ydlidar_ros2_driver) by extensions ['ros']
[16.420s] Level 1:colcon.colcon_core.package_identification:_identify(src/ydlidar_ros2_ws/src/ydlidar_ros2_driver) by extension 'ros'
[16.424s] DEBUG:colcon.colcon_core.package_identification:Package 'src/ydlidar_ros2_ws/src/ydlidar_ros2_driver' with type 'ros.ament_cmake' and name 'ydlidar_ros2_driver'
[16.424s] Level 1:colcon.colcon_core.package_discovery:discover_packages(recursive) using defaults
[16.425s] Level 1:colcon.colcon_core.package_discovery:discover_packages(ignore) discover
[16.425s] Level 1:colcon.colcon_core.package_discovery:discover_packages(ignore) using defaults
[16.425s] Level 1:colcon.colcon_core.package_discovery:discover_packages(path) discover
[16.425s] Level 1:colcon.colcon_core.package_discovery:discover_packages(path) using defaults
[17.941s] Level 1:colcon.colcon_core.package_discovery:discover_packages(prefix_path) check parameters
[17.942s] Level 1:colcon.colcon_core.package_discovery:discover_packages(prefix_path) discover
[18.559s] DEBUG:colcon.colcon_installed_package_information.package_discovery:Found 288 installed packages in /opt/ros/foxy
[18.567s] Level 1:colcon.colcon_core.package_discovery:discover_packages(prefix_path) using defaults
[19.805s] Level 5:colcon.colcon_core.verb:set package 'my_bot' build argument 'cmake_args' from command line to 'None'
[19.805s] Level 5:colcon.colcon_core.verb:set package 'my_bot' build argument 'cmake_target' from command line to 'None'
[19.806s] Level 5:colcon.colcon_core.verb:set package 'my_bot' build argument 'cmake_target_skip_unavailable' from command line to 'False'
[19.806s] Level 5:colcon.colcon_core.verb:set package 'my_bot' build argument 'cmake_clean_cache' from command line to 'False'
[19.806s] Level 5:colcon.colcon_core.verb:set package 'my_bot' build argument 'cmake_clean_first' from command line to 'False'
[19.806s] Level 5:colcon.colcon_core.verb:set package 'my_bot' build argument 'cmake_force_configure' from command line to 'False'
[19.806s] Level 5:colcon.colcon_core.verb:set package 'my_bot' build argument 'ament_cmake_args' from command line to 'None'
[19.806s] Level 5:colcon.colcon_core.verb:set package 'my_bot' build argument 'catkin_cmake_args' from command line to 'None'
[19.806s] Level 5:colcon.colcon_core.verb:set package 'my_bot' build argument 'catkin_skip_building_tests' from command line to 'False'
[19.807s] DEBUG:colcon.colcon_core.verb:Building package 'my_bot' with the following arguments: {'ament_cmake_args': None, 'build_base': '/home/ubuntu/ros2_ws/build/my_bot', 'catkin_cmake_args': None, 'catkin_skip_building_tests': False, 'cmake_args': None, 'cmake_clean_cache': False, 'cmake_clean_first': False, 'cmake_force_configure': False, 'cmake_target': None, 'cmake_target_skip_unavailable': False, 'install_base': '/home/ubuntu/ros2_ws/install/my_bot', 'merge_install': False, 'path': '/home/ubuntu/ros2_ws/src/my_bot', 'symlink_install': True, 'test_result_base': None}
[20.072s] Level 5:colcon.colcon_core.verb:set package 'serial' build argument 'cmake_args' from command line to 'None'
[20.072s] Level 5:colcon.colcon_core.verb:set package 'serial' build argument 'cmake_target' from command line to 'None'
[20.073s] Level 5:colcon.colcon_core.verb:set package 'serial' build argument 'cmake_target_skip_unavailable' from command line to 'False'
[20.073s] Level 5:colcon.colcon_core.verb:set package 'serial' build argument 'cmake_clean_cache' from command line to 'False'
[20.073s] Level 5:colcon.colcon_core.verb:set package 'serial' build argument 'cmake_clean_first' from command line to 'False'
[20.073s] Level 5:colcon.colcon_core.verb:set package 'serial' build argument 'cmake_force_configure' from command line to 'False'
[20.074s] Level 5:colcon.colcon_core.verb:set package 'serial' build argument 'ament_cmake_args' from command line to 'None'
[20.074s] Level 5:colcon.colcon_core.verb:set package 'serial' build argument 'catkin_cmake_args' from command line to 'None'
[20.074s] Level 5:colcon.colcon_core.verb:set package 'serial' build argument 'catkin_skip_building_tests' from command line to 'False'
[20.074s] DEBUG:colcon.colcon_core.verb:Building package 'serial' with the following arguments: {'ament_cmake_args': None, 'build_base': '/home/ubuntu/ros2_ws/build/serial', 'catkin_cmake_args': None, 'catkin_skip_building_tests': False, 'cmake_args': None, 'cmake_clean_cache': False, 'cmake_clean_first': False, 'cmake_force_configure': False, 'cmake_target': None, 'cmake_target_skip_unavailable': False, 'install_base': '/home/ubuntu/ros2_ws/install/serial', 'merge_install': False, 'path': '/home/ubuntu/ros2_ws/src/serial', 'symlink_install': True, 'test_result_base': None}
[20.335s] Level 5:colcon.colcon_core.verb:set package 'ydlidar_ros2_driver' build argument 'cmake_args' from command line to 'None'
[20.336s] Level 5:colcon.colcon_core.verb:set package 'ydlidar_ros2_driver' build argument 'cmake_target' from command line to 'None'
[20.336s] Level 5:colcon.colcon_core.verb:set package 'ydlidar_ros2_driver' build argument 'cmake_target_skip_unavailable' from command line to 'False'
[20.337s] Level 5:colcon.colcon_core.verb:set package 'ydlidar_ros2_driver' build argument 'cmake_clean_cache' from command line to 'False'
[20.337s] Level 5:colcon.colcon_core.verb:set package 'ydlidar_ros2_driver' build argument 'cmake_clean_first' from command line to 'False'
[20.337s] Level 5:colcon.colcon_core.verb:set package 'ydlidar_ros2_driver' build argument 'cmake_force_configure' from command line to 'False'
[20.338s] Level 5:colcon.colcon_core.verb:set package 'ydlidar_ros2_driver' build argument 'ament_cmake_args' from command line to 'None'
[20.338s] Level 5:colcon.colcon_core.verb:set package 'ydlidar_ros2_driver' build argument 'catkin_cmake_args' from command line to 'None'
[20.338s] Level 5:colcon.colcon_core.verb:set package 'ydlidar_ros2_driver' build argument 'catkin_skip_building_tests' from command line to 'False'
[20.338s] DEBUG:colcon.colcon_core.verb:Building package 'ydlidar_ros2_driver' with the following arguments: {'ament_cmake_args': None, 'build_base': '/home/ubuntu/ros2_ws/build/ydlidar_ros2_driver', 'catkin_cmake_args': None, 'catkin_skip_building_tests': False, 'cmake_args': None, 'cmake_clean_cache': False, 'cmake_clean_first': False, 'cmake_force_configure': False, 'cmake_target': None, 'cmake_target_skip_unavailable': False, 'install_base': '/home/ubuntu/ros2_ws/install/ydlidar_ros2_driver', 'merge_install': False, 'path': '/home/ubuntu/ros2_ws/src/ydlidar_ros2_ws/src/ydlidar_ros2_driver', 'symlink_install': True, 'test_result_base': None}
[20.638s] Level 5:colcon.colcon_core.verb:set package 'ydlidar_sdk' build argument 'cmake_args' from command line to 'None'
[20.638s] Level 5:colcon.colcon_core.verb:set package 'ydlidar_sdk' build argument 'cmake_target' from command line to 'None'
[20.639s] Level 5:colcon.colcon_core.verb:set package 'ydlidar_sdk' build argument 'cmake_target_skip_unavailable' from command line to 'False'
[20.639s] Level 5:colcon.colcon_core.verb:set package 'ydlidar_sdk' build argument 'cmake_clean_cache' from command line to 'False'
[20.639s] Level 5:colcon.colcon_core.verb:set package 'ydlidar_sdk' build argument 'cmake_clean_first' from command line to 'False'
[20.639s] Level 5:colcon.colcon_core.verb:set package 'ydlidar_sdk' build argument 'cmake_force_configure' from command line to 'False'
[20.639s] Level 5:colcon.colcon_core.verb:set package 'ydlidar_sdk' build argument 'ament_cmake_args' from command line to 'None'
[20.639s] Level 5:colcon.colcon_core.verb:set package 'ydlidar_sdk' build argument 'catkin_cmake_args' from command line to 'None'
[20.639s] Level 5:colcon.colcon_core.verb:set package 'ydlidar_sdk' build argument 'catkin_skip_building_tests' from command line to 'False'
[20.640s] DEBUG:colcon.colcon_core.verb:Building package 'ydlidar_sdk' with the following arguments: {'ament_cmake_args': None, 'build_base': '/home/ubuntu/ros2_ws/build/ydlidar_sdk', 'catkin_cmake_args': None, 'catkin_skip_building_tests': False, 'cmake_args': None, 'cmake_clean_cache': False, 'cmake_clean_first': False, 'cmake_force_configure': False, 'cmake_target': None, 'cmake_target_skip_unavailable': False, 'install_base': '/home/ubuntu/ros2_ws/install/ydlidar_sdk', 'merge_install': False, 'path': '/home/ubuntu/ros2_ws/src/YDLidar-SDK', 'symlink_install': True, 'test_result_base': None}
[20.904s] Level 5:colcon.colcon_core.verb:set package 'diffdrive_arduino' build argument 'cmake_args' from command line to 'None'
[20.905s] Level 5:colcon.colcon_core.verb:set package 'diffdrive_arduino' build argument 'cmake_target' from command line to 'None'
[20.905s] Level 5:colcon.colcon_core.verb:set package 'diffdrive_arduino' build argument 'cmake_target_skip_unavailable' from command line to 'False'
[20.905s] Level 5:colcon.colcon_core.verb:set package 'diffdrive_arduino' build argument 'cmake_clean_cache' from command line to 'False'
[20.905s] Level 5:colcon.colcon_core.verb:set package 'diffdrive_arduino' build argument 'cmake_clean_first' from command line to 'False'
[20.906s] Level 5:colcon.colcon_core.verb:set package 'diffdrive_arduino' build argument 'cmake_force_configure' from command line to 'False'
[20.906s] Level 5:colcon.colcon_core.verb:set package 'diffdrive_arduino' build argument 'ament_cmake_args' from command line to 'None'
[20.906s] Level 5:colcon.colcon_core.verb:set package 'diffdrive_arduino' build argument 'catkin_cmake_args' from command line to 'None'
[20.906s] Level 5:colcon.colcon_core.verb:set package 'diffdrive_arduino' build argument 'catkin_skip_building_tests' from command line to 'False'
[20.907s] DEBUG:colcon.colcon_core.verb:Building package 'diffdrive_arduino' with the following arguments: {'ament_cmake_args': None, 'build_base': '/home/ubuntu/ros2_ws/build/diffdrive_arduino', 'catkin_cmake_args': None, 'catkin_skip_building_tests': False, 'cmake_args': None, 'cmake_clean_cache': False, 'cmake_clean_first': False, 'cmake_force_configure': False, 'cmake_target': None, 'cmake_target_skip_unavailable': False, 'install_base': '/home/ubuntu/ros2_ws/install/diffdrive_arduino', 'merge_install': False, 'path': '/home/ubuntu/ros2_ws/src/diffdrive_arduino', 'symlink_install': True, 'test_result_base': None}
[21.191s] INFO:colcon.colcon_core.executor:Executing jobs using 'parallel' executor
[21.462s] DEBUG:colcon.colcon_parallel_executor.executor.parallel:run_until_complete
[21.463s] INFO:colcon.colcon_ros.task.ament_cmake.build:Building ROS package in '/home/ubuntu/ros2_ws/src/serial' with build type 'ament_cmake'
[21.464s] INFO:colcon.colcon_cmake.task.cmake.build:Building CMake package in '/home/ubuntu/ros2_ws/src/serial'
[21.781s] INFO:colcon.colcon_core.plugin_system:Skipping extension 'colcon_core.shell.bat': Not used on non-Windows systems
[21.782s] INFO:colcon.colcon_core.shell:Skip shell extension 'powershell' for command environment: Not usable outside of PowerShell
[21.783s] DEBUG:colcon.colcon_core.shell:Skip shell extension 'dsv' for command environment
[22.358s] INFO:colcon.colcon_ros.task.ament_cmake.build:Building ROS package in '/home/ubuntu/ros2_ws/src/my_bot' with build type 'ament_cmake'
[22.359s] INFO:colcon.colcon_cmake.task.cmake.build:Building CMake package in '/home/ubuntu/ros2_ws/src/my_bot'
[22.647s] INFO:colcon.colcon_core.shell:Skip shell extension 'powershell' for command environment: Not usable outside of PowerShell
[22.648s] DEBUG:colcon.colcon_core.shell:Skip shell extension 'dsv' for command environment
[23.257s] INFO:colcon.colcon_ros.task.ament_cmake.build:Building ROS package in '/home/ubuntu/ros2_ws/src/ydlidar_ros2_ws/src/ydlidar_ros2_driver' with build type 'ament_cmake'
[23.258s] INFO:colcon.colcon_cmake.task.cmake.build:Building CMake package in '/home/ubuntu/ros2_ws/src/ydlidar_ros2_ws/src/ydlidar_ros2_driver'
[23.543s] INFO:colcon.colcon_core.shell:Skip shell extension 'powershell' for command environment: Not usable outside of PowerShell
[23.545s] DEBUG:colcon.colcon_core.shell:Skip shell extension 'dsv' for command environment
[24.130s] INFO:colcon.colcon_cmake.task.cmake.build:Building CMake package in '/home/ubuntu/ros2_ws/src/YDLidar-SDK'
[24.541s] INFO:colcon.colcon_core.shell:Skip shell extension 'powershell' for command environment: Not usable outside of PowerShell
[24.541s] DEBUG:colcon.colcon_core.shell:Skip shell extension 'dsv' for command environment
[25.287s] DEBUG:colcon.colcon_core.event_handler.log_command:Invoking command in '/home/ubuntu/ros2_ws/build/serial': CMAKE_PREFIX_PATH=/opt/ros/foxy /usr/bin/cmake --build /home/ubuntu/ros2_ws/build/serial -- -j4 -l4
[25.370s] DEBUG:colcon.colcon_core.event_handler.log_command:Invoking command in '/home/ubuntu/ros2_ws/build/my_bot': CMAKE_PREFIX_PATH=/opt/ros/foxy /usr/bin/cmake --build /home/ubuntu/ros2_ws/build/my_bot -- -j4 -l4
[25.425s] DEBUG:colcon.colcon_core.event_handler.log_command:Invoking command in '/home/ubuntu/ros2_ws/build/ydlidar_ros2_driver': CMAKE_PREFIX_PATH=/opt/ros/foxy /usr/bin/cmake --build /home/ubuntu/ros2_ws/build/ydlidar_ros2_driver -- -j4 -l4
[25.535s] DEBUG:colcon.colcon_core.event_handler.log_command:Invoking command in '/home/ubuntu/ros2_ws/build/ydlidar_sdk': /usr/bin/cmake --build /home/ubuntu/ros2_ws/build/ydlidar_sdk -- -j4 -l4
[26.172s] DEBUG:colcon.colcon_core.event_handler.log_command:Invoked command in '/home/ubuntu/ros2_ws/build/my_bot' returned '0': CMAKE_PREFIX_PATH=/opt/ros/foxy /usr/bin/cmake --build /home/ubuntu/ros2_ws/build/my_bot -- -j4 -l4
[27.167s] DEBUG:colcon.colcon_core.event_handler.log_command:Invoking command in '/home/ubuntu/ros2_ws/build/my_bot': CMAKE_PREFIX_PATH=/opt/ros/foxy /usr/bin/cmake --install /home/ubuntu/ros2_ws/build/my_bot
[27.267s] DEBUG:colcon.colcon_core.event_handler.log_command:Invoked command in '/home/ubuntu/ros2_ws/build/ydlidar_ros2_driver' returned '0': CMAKE_PREFIX_PATH=/opt/ros/foxy /usr/bin/cmake --build /home/ubuntu/ros2_ws/build/ydlidar_ros2_driver -- -j4 -l4
[27.616s] Level 1:colcon.colcon_core.environment:create_environment_scripts_only(my_bot)
[27.623s] DEBUG:colcon.colcon_core.event_handler.log_command:Invoked command in '/home/ubuntu/ros2_ws/build/my_bot' returned '0': CMAKE_PREFIX_PATH=/opt/ros/foxy /usr/bin/cmake --install /home/ubuntu/ros2_ws/build/my_bot
[28.186s] Level 1:colcon.colcon_core.environment:checking '/home/ubuntu/ros2_ws/install/my_bot' for CMake module files
[28.190s] Level 1:colcon.colcon_core.environment:checking '/home/ubuntu/ros2_ws/install/my_bot' for CMake config files
[28.194s] Level 1:colcon.colcon_core.shell:create_environment_hook('my_bot', 'cmake_prefix_path')
[28.752s] INFO:colcon.colcon_core.shell:Creating environment hook '/home/ubuntu/ros2_ws/install/my_bot/share/my_bot/hook/cmake_prefix_path.ps1'
[28.777s] INFO:colcon.colcon_core.shell:Creating environment descriptor '/home/ubuntu/ros2_ws/install/my_bot/share/my_bot/hook/cmake_prefix_path.dsv'
[28.780s] INFO:colcon.colcon_core.shell:Creating environment hook '/home/ubuntu/ros2_ws/install/my_bot/share/my_bot/hook/cmake_prefix_path.sh'
[28.786s] Level 1:colcon.colcon_core.environment:checking '/home/ubuntu/ros2_ws/install/my_bot/bin'
[28.787s] Level 1:colcon.colcon_core.environment:checking '/home/ubuntu/ros2_ws/install/my_bot/lib/pkgconfig/my_bot.pc'
[28.788s] Level 1:colcon.colcon_core.environment:checking '/home/ubuntu/ros2_ws/install/my_bot/lib/python3.8/site-packages'
[28.790s] Level 1:colcon.colcon_core.environment:checking '/home/ubuntu/ros2_ws/install/my_bot/bin'
[29.456s] INFO:colcon.colcon_core.shell:Creating package script '/home/ubuntu/ros2_ws/install/my_bot/share/my_bot/package.ps1'
[29.460s] INFO:colcon.colcon_core.shell:Creating package descriptor '/home/ubuntu/ros2_ws/install/my_bot/share/my_bot/package.dsv'
[29.467s] INFO:colcon.colcon_core.shell:Creating package script '/home/ubuntu/ros2_ws/install/my_bot/share/my_bot/package.sh'
[29.473s] INFO:colcon.colcon_core.shell:Creating package script '/home/ubuntu/ros2_ws/install/my_bot/share/my_bot/package.bash'
[29.480s] INFO:colcon.colcon_core.shell:Creating package script '/home/ubuntu/ros2_ws/install/my_bot/share/my_bot/package.zsh'
[29.484s] Level 1:colcon.colcon_core.environment:create_file_with_runtime_dependencies(/home/ubuntu/ros2_ws/install/my_bot/share/colcon-core/packages/my_bot)
[29.569s] DEBUG:colcon.colcon_core.event_handler.log_command:Invoking command in '/home/ubuntu/ros2_ws/build/ydlidar_ros2_driver': CMAKE_PREFIX_PATH=/opt/ros/foxy /usr/bin/cmake --install /home/ubuntu/ros2_ws/build/ydlidar_ros2_driver
[29.601s] DEBUG:colcon.colcon_core.event_handler.log_command:Invoked command in '/home/ubuntu/ros2_ws/build/serial' returned '0': CMAKE_PREFIX_PATH=/opt/ros/foxy /usr/bin/cmake --build /home/ubuntu/ros2_ws/build/serial -- -j4 -l4
[29.925s] Level 1:colcon.colcon_core.environment:create_environment_scripts_only(ydlidar_ros2_driver)
[29.931s] DEBUG:colcon.colcon_core.event_handler.log_command:Invoked command in '/home/ubuntu/ros2_ws/build/ydlidar_ros2_driver' returned '0': CMAKE_PREFIX_PATH=/opt/ros/foxy /usr/bin/cmake --install /home/ubuntu/ros2_ws/build/ydlidar_ros2_driver
[30.483s] Level 1:colcon.colcon_core.environment:checking '/home/ubuntu/ros2_ws/install/ydlidar_ros2_driver' for CMake module files
[30.487s] Level 1:colcon.colcon_core.environment:checking '/home/ubuntu/ros2_ws/install/ydlidar_ros2_driver' for CMake config files
[30.494s] Level 1:colcon.colcon_core.shell:create_environment_hook('ydlidar_ros2_driver', 'cmake_prefix_path')
[30.774s] INFO:colcon.colcon_core.shell:Creating environment hook '/home/ubuntu/ros2_ws/install/ydlidar_ros2_driver/share/ydlidar_ros2_driver/hook/cmake_prefix_path.ps1'
[30.777s] INFO:colcon.colcon_core.shell:Creating environment descriptor '/home/ubuntu/ros2_ws/install/ydlidar_ros2_driver/share/ydlidar_ros2_driver/hook/cmake_prefix_path.dsv'
[30.780s] INFO:colcon.colcon_core.shell:Creating environment hook '/home/ubuntu/ros2_ws/install/ydlidar_ros2_driver/share/ydlidar_ros2_driver/hook/cmake_prefix_path.sh'
[30.784s] Level 1:colcon.colcon_core.environment:checking '/home/ubuntu/ros2_ws/install/ydlidar_ros2_driver/lib'
[30.785s] Level 1:colcon.colcon_core.environment:checking '/home/ubuntu/ros2_ws/install/ydlidar_ros2_driver/bin'
[30.786s] Level 1:colcon.colcon_core.environment:checking '/home/ubuntu/ros2_ws/install/ydlidar_ros2_driver/lib/pkgconfig/ydlidar_ros2_driver.pc'
[30.787s] Level 1:colcon.colcon_core.environment:checking '/home/ubuntu/ros2_ws/install/ydlidar_ros2_driver/lib/python3.8/site-packages'
[30.788s] Level 1:colcon.colcon_core.environment:checking '/home/ubuntu/ros2_ws/install/ydlidar_ros2_driver/bin'
[31.119s] INFO:colcon.colcon_core.shell:Creating package script '/home/ubuntu/ros2_ws/install/ydlidar_ros2_driver/share/ydlidar_ros2_driver/package.ps1'
[31.123s] INFO:colcon.colcon_core.shell:Creating package descriptor '/home/ubuntu/ros2_ws/install/ydlidar_ros2_driver/share/ydlidar_ros2_driver/package.dsv'
[31.126s] INFO:colcon.colcon_core.shell:Creating package script '/home/ubuntu/ros2_ws/install/ydlidar_ros2_driver/share/ydlidar_ros2_driver/package.sh'
[31.130s] INFO:colcon.colcon_core.shell:Creating package script '/home/ubuntu/ros2_ws/install/ydlidar_ros2_driver/share/ydlidar_ros2_driver/package.bash'
[31.133s] INFO:colcon.colcon_core.shell:Creating package script '/home/ubuntu/ros2_ws/install/ydlidar_ros2_driver/share/ydlidar_ros2_driver/package.zsh'
[31.135s] Level 1:colcon.colcon_core.environment:create_file_with_runtime_dependencies(/home/ubuntu/ros2_ws/install/ydlidar_ros2_driver/share/colcon-core/packages/ydlidar_ros2_driver)
[31.187s] DEBUG:colcon.colcon_core.event_handler.log_command:Invoked command in '/home/ubuntu/ros2_ws/build/ydlidar_sdk' returned '0': /usr/bin/cmake --build /home/ubuntu/ros2_ws/build/ydlidar_sdk -- -j4 -l4
[31.581s] Level 1:colcon.colcon_core.environment:create_environment_scripts_only(my_bot)
[31.881s] Level 1:colcon.colcon_core.environment:checking '/home/ubuntu/ros2_ws/install/my_bot' for CMake module files
[31.886s] Level 1:colcon.colcon_core.environment:checking '/home/ubuntu/ros2_ws/install/my_bot' for CMake config files
[31.891s] Level 1:colcon.colcon_core.shell:create_environment_hook('my_bot', 'cmake_prefix_path')
[32.164s] INFO:colcon.colcon_core.shell:Creating environment hook '/home/ubuntu/ros2_ws/install/my_bot/share/my_bot/hook/cmake_prefix_path.ps1'
[32.166s] INFO:colcon.colcon_core.shell:Creating environment descriptor '/home/ubuntu/ros2_ws/install/my_bot/share/my_bot/hook/cmake_prefix_path.dsv'
[32.169s] INFO:colcon.colcon_core.shell:Creating environment hook '/home/ubuntu/ros2_ws/install/my_bot/share/my_bot/hook/cmake_prefix_path.sh'
[32.173s] Level 1:colcon.colcon_core.environment:checking '/home/ubuntu/ros2_ws/install/my_bot/bin'
[32.173s] Level 1:colcon.colcon_core.environment:checking '/home/ubuntu/ros2_ws/install/my_bot/lib/pkgconfig/my_bot.pc'
[32.175s] Level 1:colcon.colcon_core.environment:checking '/home/ubuntu/ros2_ws/install/my_bot/lib/python3.8/site-packages'
[32.176s] Level 1:colcon.colcon_core.environment:checking '/home/ubuntu/ros2_ws/install/my_bot/bin'
[32.457s] INFO:colcon.colcon_core.shell:Creating package script '/home/ubuntu/ros2_ws/install/my_bot/share/my_bot/package.ps1'
[32.461s] INFO:colcon.colcon_core.shell:Creating package descriptor '/home/ubuntu/ros2_ws/install/my_bot/share/my_bot/package.dsv'
[32.464s] INFO:colcon.colcon_core.shell:Creating package script '/home/ubuntu/ros2_ws/install/my_bot/share/my_bot/package.sh'
[32.468s] INFO:colcon.colcon_core.shell:Creating package script '/home/ubuntu/ros2_ws/install/my_bot/share/my_bot/package.bash'
[32.472s] INFO:colcon.colcon_core.shell:Creating package script '/home/ubuntu/ros2_ws/install/my_bot/share/my_bot/package.zsh'
[32.475s] Level 1:colcon.colcon_core.environment:create_file_with_runtime_dependencies(/home/ubuntu/ros2_ws/install/my_bot/share/colcon-core/packages/my_bot)
[32.483s] DEBUG:colcon.colcon_core.event_handler.log_command:Invoking command in '/home/ubuntu/ros2_ws/build/serial': CMAKE_PREFIX_PATH=/opt/ros/foxy /usr/bin/cmake --install /home/ubuntu/ros2_ws/build/serial
[32.844s] Level 1:colcon.colcon_core.environment:create_environment_scripts_only(ydlidar_ros2_driver)
[33.110s] Level 1:colcon.colcon_core.environment:checking '/home/ubuntu/ros2_ws/install/ydlidar_ros2_driver' for CMake module files
[33.114s] Level 1:colcon.colcon_core.environment:checking '/home/ubuntu/ros2_ws/install/ydlidar_ros2_driver' for CMake config files
[33.117s] Level 1:colcon.colcon_core.shell:create_environment_hook('ydlidar_ros2_driver', 'cmake_prefix_path')
[33.361s] INFO:colcon.colcon_core.shell:Creating environment hook '/home/ubuntu/ros2_ws/install/ydlidar_ros2_driver/share/ydlidar_ros2_driver/hook/cmake_prefix_path.ps1'
[33.364s] INFO:colcon.colcon_core.shell:Creating environment descriptor '/home/ubuntu/ros2_ws/install/ydlidar_ros2_driver/share/ydlidar_ros2_driver/hook/cmake_prefix_path.dsv'
[33.367s] INFO:colcon.colcon_core.shell:Creating environment hook '/home/ubuntu/ros2_ws/install/ydlidar_ros2_driver/share/ydlidar_ros2_driver/hook/cmake_prefix_path.sh'
[33.372s] Level 1:colcon.colcon_core.environment:checking '/home/ubuntu/ros2_ws/install/ydlidar_ros2_driver/lib'
[33.373s] Level 1:colcon.colcon_core.environment:checking '/home/ubuntu/ros2_ws/install/ydlidar_ros2_driver/bin'
[33.373s] Level 1:colcon.colcon_core.environment:checking '/home/ubuntu/ros2_ws/install/ydlidar_ros2_driver/lib/pkgconfig/ydlidar_ros2_driver.pc'
[33.374s] Level 1:colcon.colcon_core.environment:checking '/home/ubuntu/ros2_ws/install/ydlidar_ros2_driver/lib/python3.8/site-packages'
[33.376s] Level 1:colcon.colcon_core.environment:checking '/home/ubuntu/ros2_ws/install/ydlidar_ros2_driver/bin'
[33.639s] INFO:colcon.colcon_core.shell:Creating package script '/home/ubuntu/ros2_ws/install/ydlidar_ros2_driver/share/ydlidar_ros2_driver/package.ps1'
[33.642s] INFO:colcon.colcon_core.shell:Creating package descriptor '/home/ubuntu/ros2_ws/install/ydlidar_ros2_driver/share/ydlidar_ros2_driver/package.dsv'
[33.645s] INFO:colcon.colcon_core.shell:Creating package script '/home/ubuntu/ros2_ws/install/ydlidar_ros2_driver/share/ydlidar_ros2_driver/package.sh'
[33.648s] INFO:colcon.colcon_core.shell:Creating package script '/home/ubuntu/ros2_ws/install/ydlidar_ros2_driver/share/ydlidar_ros2_driver/package.bash'
[33.651s] INFO:colcon.colcon_core.shell:Creating package script '/home/ubuntu/ros2_ws/install/ydlidar_ros2_driver/share/ydlidar_ros2_driver/package.zsh'
[33.654s] Level 1:colcon.colcon_core.environment:create_file_with_runtime_dependencies(/home/ubuntu/ros2_ws/install/ydlidar_ros2_driver/share/colcon-core/packages/ydlidar_ros2_driver)
[33.663s] Level 1:colcon.colcon_core.environment:create_environment_scripts_only(serial)
[33.665s] DEBUG:colcon.colcon_core.event_handler.log_command:Invoked command in '/home/ubuntu/ros2_ws/build/serial' returned '0': CMAKE_PREFIX_PATH=/opt/ros/foxy /usr/bin/cmake --install /home/ubuntu/ros2_ws/build/serial
[33.931s] Level 1:colcon.colcon_core.environment:checking '/home/ubuntu/ros2_ws/install/serial' for CMake module files
[33.935s] Level 1:colcon.colcon_core.environment:checking '/home/ubuntu/ros2_ws/install/serial' for CMake config files
[33.937s] Level 1:colcon.colcon_core.shell:create_environment_hook('serial', 'cmake_prefix_path')
[34.210s] INFO:colcon.colcon_core.shell:Creating environment hook '/home/ubuntu/ros2_ws/install/serial/share/serial/hook/cmake_prefix_path.ps1'
[34.213s] INFO:colcon.colcon_core.shell:Creating environment descriptor '/home/ubuntu/ros2_ws/install/serial/share/serial/hook/cmake_prefix_path.dsv'
[34.216s] INFO:colcon.colcon_core.shell:Creating environment hook '/home/ubuntu/ros2_ws/install/serial/share/serial/hook/cmake_prefix_path.sh'
[34.220s] Level 1:colcon.colcon_core.environment:checking '/home/ubuntu/ros2_ws/install/serial/lib'
[34.220s] Level 1:colcon.colcon_core.environment:checking '/home/ubuntu/ros2_ws/install/serial/bin'
[34.221s] Level 1:colcon.colcon_core.environment:checking '/home/ubuntu/ros2_ws/install/serial/lib/pkgconfig/serial.pc'
[34.222s] Level 1:colcon.colcon_core.environment:checking '/home/ubuntu/ros2_ws/install/serial/lib/python3.8/site-packages'
[34.224s] Level 1:colcon.colcon_core.environment:checking '/home/ubuntu/ros2_ws/install/serial/bin'
[34.487s] INFO:colcon.colcon_core.shell:Creating package script '/home/ubuntu/ros2_ws/install/serial/share/serial/package.ps1'
[34.490s] INFO:colcon.colcon_core.shell:Creating package descriptor '/home/ubuntu/ros2_ws/install/serial/share/serial/package.dsv'
[34.493s] INFO:colcon.colcon_core.shell:Creating package script '/home/ubuntu/ros2_ws/install/serial/share/serial/package.sh'
[34.496s] INFO:colcon.colcon_core.shell:Creating package script '/home/ubuntu/ros2_ws/install/serial/share/serial/package.bash'
[34.499s] INFO:colcon.colcon_core.shell:Creating package script '/home/ubuntu/ros2_ws/install/serial/share/serial/package.zsh'
[34.501s] Level 1:colcon.colcon_core.environment:create_file_with_runtime_dependencies(/home/ubuntu/ros2_ws/install/serial/share/colcon-core/packages/serial)
[34.539s] DEBUG:colcon.colcon_core.event_handler.log_command:Invoking command in '/home/ubuntu/ros2_ws/build/ydlidar_sdk': /usr/bin/cmake --install /home/ubuntu/ros2_ws/build/ydlidar_sdk
[34.881s] Level 1:colcon.colcon_core.environment:create_environment_scripts_only(ydlidar_sdk)
[34.886s] DEBUG:colcon.colcon_core.event_handler.log_command:Invoked command in '/home/ubuntu/ros2_ws/build/ydlidar_sdk' returned '0': /usr/bin/cmake --install /home/ubuntu/ros2_ws/build/ydlidar_sdk
[35.129s] Level 1:colcon.colcon_core.environment:checking '/home/ubuntu/ros2_ws/install/ydlidar_sdk' for CMake module files
[35.134s] Level 1:colcon.colcon_core.environment:checking '/home/ubuntu/ros2_ws/install/ydlidar_sdk' for CMake config files
[35.139s] Level 1:colcon.colcon_core.shell:create_environment_hook('ydlidar_sdk', 'cmake_prefix_path')
[35.429s] INFO:colcon.colcon_core.shell:Creating environment hook '/home/ubuntu/ros2_ws/install/ydlidar_sdk/share/ydlidar_sdk/hook/cmake_prefix_path.ps1'
[35.433s] INFO:colcon.colcon_core.shell:Creating environment descriptor '/home/ubuntu/ros2_ws/install/ydlidar_sdk/share/ydlidar_sdk/hook/cmake_prefix_path.dsv'
[35.435s] INFO:colcon.colcon_core.shell:Creating environment hook '/home/ubuntu/ros2_ws/install/ydlidar_sdk/share/ydlidar_sdk/hook/cmake_prefix_path.sh'
[35.439s] Level 1:colcon.colcon_core.environment:checking '/home/ubuntu/ros2_ws/install/ydlidar_sdk/lib'
[35.440s] Level 1:colcon.colcon_core.environment:checking '/home/ubuntu/ros2_ws/install/ydlidar_sdk/bin'
[35.441s] Level 1:colcon.colcon_core.shell:create_environment_hook('ydlidar_sdk', 'path')
[35.666s] INFO:colcon.colcon_core.shell:Creating environment hook '/home/ubuntu/ros2_ws/install/ydlidar_sdk/share/ydlidar_sdk/hook/path.ps1'
[35.668s] INFO:colcon.colcon_core.shell:Creating environment descriptor '/home/ubuntu/ros2_ws/install/ydlidar_sdk/share/ydlidar_sdk/hook/path.dsv'
[35.671s] INFO:colcon.colcon_core.shell:Creating environment hook '/home/ubuntu/ros2_ws/install/ydlidar_sdk/share/ydlidar_sdk/hook/path.sh'
[35.673s] Level 1:colcon.colcon_core.environment:checking '/home/ubuntu/ros2_ws/install/ydlidar_sdk/lib/pkgconfig/ydlidar_sdk.pc'
[35.674s] Level 1:colcon.colcon_core.environment:checking '/home/ubuntu/ros2_ws/install/ydlidar_sdk/lib/python3.8/site-packages'
[35.676s] Level 1:colcon.colcon_core.environment:checking '/home/ubuntu/ros2_ws/install/ydlidar_sdk/bin'
[35.677s] Level 1:colcon.colcon_core.shell:create_environment_hook('ydlidar_sdk', 'pythonscriptspath')
[35.907s] INFO:colcon.colcon_core.shell:Creating environment hook '/home/ubuntu/ros2_ws/install/ydlidar_sdk/share/ydlidar_sdk/hook/pythonscriptspath.ps1'
[35.909s] INFO:colcon.colcon_core.shell:Creating environment descriptor '/home/ubuntu/ros2_ws/install/ydlidar_sdk/share/ydlidar_sdk/hook/pythonscriptspath.dsv'
[35.912s] INFO:colcon.colcon_core.shell:Creating environment hook '/home/ubuntu/ros2_ws/install/ydlidar_sdk/share/ydlidar_sdk/hook/pythonscriptspath.sh'
[36.136s] INFO:colcon.colcon_core.shell:Creating package script '/home/ubuntu/ros2_ws/install/ydlidar_sdk/share/ydlidar_sdk/package.ps1'
[36.139s] INFO:colcon.colcon_core.shell:Creating package descriptor '/home/ubuntu/ros2_ws/install/ydlidar_sdk/share/ydlidar_sdk/package.dsv'
[36.142s] INFO:colcon.colcon_core.shell:Creating package script '/home/ubuntu/ros2_ws/install/ydlidar_sdk/share/ydlidar_sdk/package.sh'
[36.144s] INFO:colcon.colcon_core.shell:Creating package script '/home/ubuntu/ros2_ws/install/ydlidar_sdk/share/ydlidar_sdk/package.bash'
[36.147s] INFO:colcon.colcon_core.shell:Creating package script '/home/ubuntu/ros2_ws/install/ydlidar_sdk/share/ydlidar_sdk/package.zsh'
[36.149s] Level 1:colcon.colcon_core.environment:create_file_with_runtime_dependencies(/home/ubuntu/ros2_ws/install/ydlidar_sdk/share/colcon-core/packages/ydlidar_sdk)
[36.415s] Level 1:colcon.colcon_core.environment:create_environment_scripts_only(serial)
[36.684s] Level 1:colcon.colcon_core.environment:checking '/home/ubuntu/ros2_ws/install/serial' for CMake module files
[36.687s] Level 1:colcon.colcon_core.environment:checking '/home/ubuntu/ros2_ws/install/serial' for CMake config files
[36.690s] Level 1:colcon.colcon_core.shell:create_environment_hook('serial', 'cmake_prefix_path')
[36.946s] INFO:colcon.colcon_core.shell:Creating environment hook '/home/ubuntu/ros2_ws/install/serial/share/serial/hook/cmake_prefix_path.ps1'
[36.948s] INFO:colcon.colcon_core.shell:Creating environment descriptor '/home/ubuntu/ros2_ws/install/serial/share/serial/hook/cmake_prefix_path.dsv'
[36.951s] INFO:colcon.colcon_core.shell:Creating environment hook '/home/ubuntu/ros2_ws/install/serial/share/serial/hook/cmake_prefix_path.sh'
[36.955s] Level 1:colcon.colcon_core.environment:checking '/home/ubuntu/ros2_ws/install/serial/lib'
[36.955s] Level 1:colcon.colcon_core.environment:checking '/home/ubuntu/ros2_ws/install/serial/bin'
[36.956s] Level 1:colcon.colcon_core.environment:checking '/home/ubuntu/ros2_ws/install/serial/lib/pkgconfig/serial.pc'
[36.957s] Level 1:colcon.colcon_core.environment:checking '/home/ubuntu/ros2_ws/install/serial/lib/python3.8/site-packages'
[36.958s] Level 1:colcon.colcon_core.environment:checking '/home/ubuntu/ros2_ws/install/serial/bin'
[37.213s] INFO:colcon.colcon_core.shell:Creating package script '/home/ubuntu/ros2_ws/install/serial/share/serial/package.ps1'
[37.216s] INFO:colcon.colcon_core.shell:Creating package descriptor '/home/ubuntu/ros2_ws/install/serial/share/serial/package.dsv'
[37.219s] INFO:colcon.colcon_core.shell:Creating package script '/home/ubuntu/ros2_ws/install/serial/share/serial/package.sh'
[37.222s] INFO:colcon.colcon_core.shell:Creating package script '/home/ubuntu/ros2_ws/install/serial/share/serial/package.bash'
[37.225s] INFO:colcon.colcon_core.shell:Creating package script '/home/ubuntu/ros2_ws/install/serial/share/serial/package.zsh'
[37.228s] Level 1:colcon.colcon_core.environment:create_file_with_runtime_dependencies(/home/ubuntu/ros2_ws/install/serial/share/colcon-core/packages/serial)
[37.233s] INFO:colcon.colcon_ros.task.ament_cmake.build:Building ROS package in '/home/ubuntu/ros2_ws/src/diffdrive_arduino' with build type 'ament_cmake'
[37.234s] INFO:colcon.colcon_cmake.task.cmake.build:Building CMake package in '/home/ubuntu/ros2_ws/src/diffdrive_arduino'
[37.542s] INFO:colcon.colcon_core.shell:Skip shell extension 'powershell' for command environment: Not usable outside of PowerShell
[37.542s] DEBUG:colcon.colcon_core.shell:Skip shell extension 'dsv' for command environment
[38.094s] DEBUG:colcon.colcon_core.event_handler.log_command:Invoking command in '/home/ubuntu/ros2_ws/build/diffdrive_arduino': AMENT_PREFIX_PATH=/home/ubuntu/ros2_ws/install/serial:${AMENT_PREFIX_PATH} CMAKE_PREFIX_PATH=/home/ubuntu/ros2_ws/install/serial:/opt/ros/foxy LD_LIBRARY_PATH=/home/ubuntu/ros2_ws/install/serial/lib:${LD_LIBRARY_PATH} /usr/bin/cmake --build /home/ubuntu/ros2_ws/build/diffdrive_arduino -- -j4 -l4
[38.736s] DEBUG:colcon.colcon_core.event_handler.log_command:Invoked command in '/home/ubuntu/ros2_ws/build/diffdrive_arduino' returned '0': AMENT_PREFIX_PATH=/home/ubuntu/ros2_ws/install/serial:${AMENT_PREFIX_PATH} CMAKE_PREFIX_PATH=/home/ubuntu/ros2_ws/install/serial:/opt/ros/foxy LD_LIBRARY_PATH=/home/ubuntu/ros2_ws/install/serial/lib:${LD_LIBRARY_PATH} /usr/bin/cmake --build /home/ubuntu/ros2_ws/build/diffdrive_arduino -- -j4 -l4
[38.965s] DEBUG:colcon.colcon_core.event_handler.log_command:Invoking command in '/home/ubuntu/ros2_ws/build/diffdrive_arduino': AMENT_PREFIX_PATH=/home/ubuntu/ros2_ws/install/serial:${AMENT_PREFIX_PATH} CMAKE_PREFIX_PATH=/home/ubuntu/ros2_ws/install/serial:/opt/ros/foxy LD_LIBRARY_PATH=/home/ubuntu/ros2_ws/install/serial/lib:${LD_LIBRARY_PATH} /usr/bin/cmake --install /home/ubuntu/ros2_ws/build/diffdrive_arduino
[39.068s] Level 1:colcon.colcon_core.environment:create_environment_scripts_only(diffdrive_arduino)
[39.082s] DEBUG:colcon.colcon_core.event_handler.log_command:Invoked command in '/home/ubuntu/ros2_ws/build/diffdrive_arduino' returned '0': AMENT_PREFIX_PATH=/home/ubuntu/ros2_ws/install/serial:${AMENT_PREFIX_PATH} CMAKE_PREFIX_PATH=/home/ubuntu/ros2_ws/install/serial:/opt/ros/foxy LD_LIBRARY_PATH=/home/ubuntu/ros2_ws/install/serial/lib:${LD_LIBRARY_PATH} /usr/bin/cmake --install /home/ubuntu/ros2_ws/build/diffdrive_arduino
[39.333s] Level 1:colcon.colcon_core.environment:checking '/home/ubuntu/ros2_ws/install/diffdrive_arduino' for CMake module files
[39.337s] Level 1:colcon.colcon_core.environment:checking '/home/ubuntu/ros2_ws/install/diffdrive_arduino' for CMake config files
[39.339s] Level 1:colcon.colcon_core.shell:create_environment_hook('diffdrive_arduino', 'cmake_prefix_path')
[39.586s] INFO:colcon.colcon_core.shell:Creating environment hook '/home/ubuntu/ros2_ws/install/diffdrive_arduino/share/diffdrive_arduino/hook/cmake_prefix_path.ps1'
[39.589s] INFO:colcon.colcon_core.shell:Creating environment descriptor '/home/ubuntu/ros2_ws/install/diffdrive_arduino/share/diffdrive_arduino/hook/cmake_prefix_path.dsv'
[39.591s] INFO:colcon.colcon_core.shell:Creating environment hook '/home/ubuntu/ros2_ws/install/diffdrive_arduino/share/diffdrive_arduino/hook/cmake_prefix_path.sh'
[39.596s] Level 1:colcon.colcon_core.environment:checking '/home/ubuntu/ros2_ws/install/diffdrive_arduino/lib'
[39.596s] Level 1:colcon.colcon_core.shell:create_environment_hook('diffdrive_arduino', 'ld_library_path_lib')
[39.832s] INFO:colcon.colcon_core.shell:Creating environment hook '/home/ubuntu/ros2_ws/install/diffdrive_arduino/share/diffdrive_arduino/hook/ld_library_path_lib.ps1'
[39.835s] INFO:colcon.colcon_core.shell:Creating environment descriptor '/home/ubuntu/ros2_ws/install/diffdrive_arduino/share/diffdrive_arduino/hook/ld_library_path_lib.dsv'
[39.837s] INFO:colcon.colcon_core.shell:Creating environment hook '/home/ubuntu/ros2_ws/install/diffdrive_arduino/share/diffdrive_arduino/hook/ld_library_path_lib.sh'
[39.839s] Level 1:colcon.colcon_core.environment:checking '/home/ubuntu/ros2_ws/install/diffdrive_arduino/bin'
[39.839s] Level 1:colcon.colcon_core.environment:checking '/home/ubuntu/ros2_ws/install/diffdrive_arduino/lib/pkgconfig/diffdrive_arduino.pc'
[39.840s] Level 1:colcon.colcon_core.environment:checking '/home/ubuntu/ros2_ws/install/diffdrive_arduino/lib/python3.8/site-packages'
[39.842s] Level 1:colcon.colcon_core.environment:checking '/home/ubuntu/ros2_ws/install/diffdrive_arduino/bin'
[40.063s] INFO:colcon.colcon_core.shell:Creating package script '/home/ubuntu/ros2_ws/install/diffdrive_arduino/share/diffdrive_arduino/package.ps1'
[40.067s] INFO:colcon.colcon_core.shell:Creating package descriptor '/home/ubuntu/ros2_ws/install/diffdrive_arduino/share/diffdrive_arduino/package.dsv'
[40.070s] INFO:colcon.colcon_core.shell:Creating package script '/home/ubuntu/ros2_ws/install/diffdrive_arduino/share/diffdrive_arduino/package.sh'
[40.073s] INFO:colcon.colcon_core.shell:Creating package script '/home/ubuntu/ros2_ws/install/diffdrive_arduino/share/diffdrive_arduino/package.bash'
[40.075s] INFO:colcon.colcon_core.shell:Creating package script '/home/ubuntu/ros2_ws/install/diffdrive_arduino/share/diffdrive_arduino/package.zsh'
[40.078s] Level 1:colcon.colcon_core.environment:create_file_with_runtime_dependencies(/home/ubuntu/ros2_ws/install/diffdrive_arduino/share/colcon-core/packages/diffdrive_arduino)
[40.505s] Level 1:colcon.colcon_core.environment:create_environment_scripts_only(diffdrive_arduino)
[40.730s] Level 1:colcon.colcon_core.environment:checking '/home/ubuntu/ros2_ws/install/diffdrive_arduino' for CMake module files
[40.733s] Level 1:colcon.colcon_core.environment:checking '/home/ubuntu/ros2_ws/install/diffdrive_arduino' for CMake config files
[40.736s] Level 1:colcon.colcon_core.shell:create_environment_hook('diffdrive_arduino', 'cmake_prefix_path')
[40.986s] INFO:colcon.colcon_core.shell:Creating environment hook '/home/ubuntu/ros2_ws/install/diffdrive_arduino/share/diffdrive_arduino/hook/cmake_prefix_path.ps1'
[40.988s] INFO:colcon.colcon_core.shell:Creating environment descriptor '/home/ubuntu/ros2_ws/install/diffdrive_arduino/share/diffdrive_arduino/hook/cmake_prefix_path.dsv'
[40.990s] INFO:colcon.colcon_core.shell:Creating environment hook '/home/ubuntu/ros2_ws/install/diffdrive_arduino/share/diffdrive_arduino/hook/cmake_prefix_path.sh'
[40.993s] Level 1:colcon.colcon_core.environment:checking '/home/ubuntu/ros2_ws/install/diffdrive_arduino/lib'
[40.993s] Level 1:colcon.colcon_core.shell:create_environment_hook('diffdrive_arduino', 'ld_library_path_lib')
[41.234s] INFO:colcon.colcon_core.shell:Creating environment hook '/home/ubuntu/ros2_ws/install/diffdrive_arduino/share/diffdrive_arduino/hook/ld_library_path_lib.ps1'
[41.236s] INFO:colcon.colcon_core.shell:Creating environment descriptor '/home/ubuntu/ros2_ws/install/diffdrive_arduino/share/diffdrive_arduino/hook/ld_library_path_lib.dsv'
[41.238s] INFO:colcon.colcon_core.shell:Creating environment hook '/home/ubuntu/ros2_ws/install/diffdrive_arduino/share/diffdrive_arduino/hook/ld_library_path_lib.sh'
[41.241s] Level 1:colcon.colcon_core.environment:checking '/home/ubuntu/ros2_ws/install/diffdrive_arduino/bin'
[41.241s] Level 1:colcon.colcon_core.environment:checking '/home/ubuntu/ros2_ws/install/diffdrive_arduino/lib/pkgconfig/diffdrive_arduino.pc'
[41.242s] Level 1:colcon.colcon_core.environment:checking '/home/ubuntu/ros2_ws/install/diffdrive_arduino/lib/python3.8/site-packages'
[41.243s] Level 1:colcon.colcon_core.environment:checking '/home/ubuntu/ros2_ws/install/diffdrive_arduino/bin'
[41.530s] INFO:colcon.colcon_core.shell:Creating package script '/home/ubuntu/ros2_ws/install/diffdrive_arduino/share/diffdrive_arduino/package.ps1'
[41.539s] INFO:colcon.colcon_core.shell:Creating package descriptor '/home/ubuntu/ros2_ws/install/diffdrive_arduino/share/diffdrive_arduino/package.dsv'
[41.543s] INFO:colcon.colcon_core.shell:Creating package script '/home/ubuntu/ros2_ws/install/diffdrive_arduino/share/diffdrive_arduino/package.sh'
[41.557s] INFO:colcon.colcon_core.shell:Creating package script '/home/ubuntu/ros2_ws/install/diffdrive_arduino/share/diffdrive_arduino/package.bash'
[41.560s] INFO:colcon.colcon_core.shell:Creating package script '/home/ubuntu/ros2_ws/install/diffdrive_arduino/share/diffdrive_arduino/package.zsh'
[41.563s] Level 1:colcon.colcon_core.environment:create_file_with_runtime_dependencies(/home/ubuntu/ros2_ws/install/diffdrive_arduino/share/colcon-core/packages/diffdrive_arduino)
[41.570s] DEBUG:colcon.colcon_parallel_executor.executor.parallel:closing loop
[41.573s] DEBUG:colcon.colcon_parallel_executor.executor.parallel:loop closed
[41.573s] DEBUG:colcon.colcon_parallel_executor.executor.parallel:run_until_complete finished with '0'
[41.574s] DEBUG:colcon.colcon_core.event_reactor:joining thread
[41.864s] INFO:colcon.colcon_core.plugin_system:Skipping extension 'colcon_notification.desktop_notification.terminal_notifier': Not used on non-Darwin systems
[41.864s] INFO:colcon.colcon_core.plugin_system:Skipping extension 'colcon_notification.desktop_notification.win32': Not used on non-Windows systems
[41.864s] INFO:colcon.colcon_notification.desktop_notification:Sending desktop notification using 'notify2'
[41.910s] DEBUG:colcon.colcon_core.event_reactor:joined thread
[42.130s] INFO:colcon.colcon_core.shell:Creating prefix script '/home/ubuntu/ros2_ws/install/local_setup.ps1'
[42.133s] INFO:colcon.colcon_core.shell:Creating prefix util module '/home/ubuntu/ros2_ws/install/_local_setup_util_ps1.py'
[42.139s] INFO:colcon.colcon_core.shell:Creating prefix chain script '/home/ubuntu/ros2_ws/install/setup.ps1'
[42.372s] INFO:colcon.colcon_core.shell:Creating prefix script '/home/ubuntu/ros2_ws/install/local_setup.sh'
[42.375s] INFO:colcon.colcon_core.shell:Creating prefix util module '/home/ubuntu/ros2_ws/install/_local_setup_util_sh.py'
[42.378s] INFO:colcon.colcon_core.shell:Creating prefix chain script '/home/ubuntu/ros2_ws/install/setup.sh'
[42.613s] INFO:colcon.colcon_core.shell:Creating prefix script '/home/ubuntu/ros2_ws/install/local_setup.bash'
[42.618s] INFO:colcon.colcon_core.shell:Creating prefix chain script '/home/ubuntu/ros2_ws/install/setup.bash'
[42.933s] INFO:colcon.colcon_core.shell:Creating prefix script '/home/ubuntu/ros2_ws/install/local_setup.zsh'
[42.936s] INFO:colcon.colcon_core.shell:Creating prefix chain script '/home/ubuntu/ros2_ws/install/setup.zsh'
