[11.391s] DEBUG:colcon:Command line arguments: ['/usr/bin/colcon', 'build', '--symlink-install']
[11.391s] DEBUG:colcon:Parsed command line arguments: Namespace(allow_overriding=[], ament_cmake_args=None, base_paths=['.'], build_base='build', catkin_cmake_args=None, catkin_skip_building_tests=False, cmake_args=None, cmake_clean_cache=False, cmake_clean_first=False, cmake_force_configure=False, cmake_target=None, cmake_target_skip_unavailable=False, continue_on_error=False, event_handlers=None, executor='parallel', ignore_user_meta=False, install_base='install', log_base=None, log_level=None, main=<bound method BuildVerb.main of <colcon_core.verb.build.BuildVerb object at 0xffff9f9f6df0>>, merge_install=False, metas=['./colcon.meta'], packages_above=None, packages_above_and_dependencies=None, packages_above_depth=None, packages_end=None, packages_ignore=None, packages_ignore_regex=None, packages_select=None, packages_select_build_failed=False, packages_select_by_dep=None, packages_select_regex=None, packages_select_test_failures=False, packages_skip=None, packages_skip_build_finished=False, packages_skip_by_dep=None, packages_skip_regex=None, packages_skip_test_passed=False, packages_skip_up_to=None, packages_start=None, packages_up_to=None, packages_up_to_regex=None, parallel_workers=4, paths=None, symlink_install=True, test_result_base=None, verb_extension=<colcon_core.verb.build.BuildVerb object at 0xffff9f9f6df0>, verb_name='build', verb_parser=<colcon_defaults.argument_parser.defaults.DefaultArgumentsDecorator object at 0xffff9f569be0>)
[11.848s] Level 1:colcon.colcon_core.package_discovery:discover_packages(colcon_meta) check parameters
[11.848s] Level 1:colcon.colcon_core.package_discovery:discover_packages(recursive) check parameters
[11.848s] Level 1:colcon.colcon_core.package_discovery:discover_packages(ignore) check parameters
[11.848s] Level 1:colcon.colcon_core.package_discovery:discover_packages(path) check parameters
[11.849s] Level 1:colcon.colcon_core.package_discovery:discover_packages(colcon_meta) discover
[11.849s] Level 1:colcon.colcon_core.package_discovery:discover_packages(recursive) discover
[11.849s] INFO:colcon.colcon_core.package_discovery:Crawling recursively for packages in '/home/ubuntu/ros2_ws'
[11.850s] Level 1:colcon.colcon_core.package_identification:_identify(.) by extensions ['ignore', 'ignore_ament_install']
[11.850s] Level 1:colcon.colcon_core.package_identification:_identify(.) by extension 'ignore'
[11.850s] Level 1:colcon.colcon_core.package_identification:_identify(.) by extension 'ignore_ament_install'
[11.850s] Level 1:colcon.colcon_core.package_identification:_identify(.) by extensions ['colcon_pkg']
[11.850s] Level 1:colcon.colcon_core.package_identification:_identify(.) by extension 'colcon_pkg'
[11.851s] Level 1:colcon.colcon_core.package_identification:_identify(.) by extensions ['colcon_meta']
[11.851s] Level 1:colcon.colcon_core.package_identification:_identify(.) by extension 'colcon_meta'
[11.851s] Level 1:colcon.colcon_core.package_identification:_identify(.) by extensions ['ros']
[11.851s] Level 1:colcon.colcon_core.package_identification:_identify(.) by extension 'ros'
[11.904s] Level 1:colcon.colcon_core.package_identification:_identify(.) by extensions ['cmake', 'python']
[11.904s] Level 1:colcon.colcon_core.package_identification:_identify(.) by extension 'cmake'
[11.904s] Level 1:colcon.colcon_core.package_identification:_identify(.) by extension 'python'
[11.904s] Level 1:colcon.colcon_core.package_identification:_identify(.) by extensions ['python_setup_py']
[11.904s] Level 1:colcon.colcon_core.package_identification:_identify(.) by extension 'python_setup_py'
[11.905s] Level 1:colcon.colcon_core.package_identification:_identify(build) by extensions ['ignore', 'ignore_ament_install']
[11.905s] Level 1:colcon.colcon_core.package_identification:_identify(build) by extension 'ignore'
[11.906s] Level 1:colcon.colcon_core.package_identification:_identify(build) ignored
[11.906s] Level 1:colcon.colcon_core.package_identification:_identify(install) by extensions ['ignore', 'ignore_ament_install']
[11.907s] Level 1:colcon.colcon_core.package_identification:_identify(install) by extension 'ignore'
[11.907s] Level 1:colcon.colcon_core.package_identification:_identify(install) ignored
[11.908s] Level 1:colcon.colcon_core.package_identification:_identify(log) by extensions ['ignore', 'ignore_ament_install']
[11.908s] Level 1:colcon.colcon_core.package_identification:_identify(log) by extension 'ignore'
[11.908s] Level 1:colcon.colcon_core.package_identification:_identify(log) ignored
[11.909s] Level 1:colcon.colcon_core.package_identification:_identify(src) by extensions ['ignore', 'ignore_ament_install']
[11.909s] Level 1:colcon.colcon_core.package_identification:_identify(src) by extension 'ignore'
[11.909s] Level 1:colcon.colcon_core.package_identification:_identify(src) by extension 'ignore_ament_install'
[11.910s] Level 1:colcon.colcon_core.package_identification:_identify(src) by extensions ['colcon_pkg']
[11.910s] Level 1:colcon.colcon_core.package_identification:_identify(src) by extension 'colcon_pkg'
[11.911s] Level 1:colcon.colcon_core.package_identification:_identify(src) by extensions ['colcon_meta']
[11.911s] Level 1:colcon.colcon_core.package_identification:_identify(src) by extension 'colcon_meta'
[11.911s] Level 1:colcon.colcon_core.package_identification:_identify(src) by extensions ['ros']
[11.911s] Level 1:colcon.colcon_core.package_identification:_identify(src) by extension 'ros'
[11.911s] Level 1:colcon.colcon_core.package_identification:_identify(src) by extensions ['cmake', 'python']
[11.912s] Level 1:colcon.colcon_core.package_identification:_identify(src) by extension 'cmake'
[11.912s] Level 1:colcon.colcon_core.package_identification:_identify(src) by extension 'python'
[11.912s] Level 1:colcon.colcon_core.package_identification:_identify(src) by extensions ['python_setup_py']
[11.912s] Level 1:colcon.colcon_core.package_identification:_identify(src) by extension 'python_setup_py'
[11.913s] Level 1:colcon.colcon_core.package_identification:_identify(src/YDLidar-SDK) by extensions ['ignore', 'ignore_ament_install']
[11.914s] Level 1:colcon.colcon_core.package_identification:_identify(src/YDLidar-SDK) by extension 'ignore'
[11.914s] Level 1:colcon.colcon_core.package_identification:_identify(src/YDLidar-SDK) by extension 'ignore_ament_install'
[11.914s] Level 1:colcon.colcon_core.package_identification:_identify(src/YDLidar-SDK) by extensions ['colcon_pkg']
[11.914s] Level 1:colcon.colcon_core.package_identification:_identify(src/YDLidar-SDK) by extension 'colcon_pkg'
[11.914s] Level 1:colcon.colcon_core.package_identification:_identify(src/YDLidar-SDK) by extensions ['colcon_meta']
[11.915s] Level 1:colcon.colcon_core.package_identification:_identify(src/YDLidar-SDK) by extension 'colcon_meta'
[11.915s] Level 1:colcon.colcon_core.package_identification:_identify(src/YDLidar-SDK) by extensions ['ros']
[11.915s] Level 1:colcon.colcon_core.package_identification:_identify(src/YDLidar-SDK) by extension 'ros'
[11.915s] Level 1:colcon.colcon_core.package_identification:_identify(src/YDLidar-SDK) by extensions ['cmake', 'python']
[11.916s] Level 1:colcon.colcon_core.package_identification:_identify(src/YDLidar-SDK) by extension 'cmake'
[12.001s] Level 1:colcon.colcon_core.package_identification:_identify(src/YDLidar-SDK) by extension 'python'
[12.002s] DEBUG:colcon.colcon_core.package_identification:Package 'src/YDLidar-SDK' with type 'cmake' and name 'ydlidar_sdk'
[12.003s] Level 1:colcon.colcon_core.package_identification:_identify(src/diffdrive_arduino) by extensions ['ignore', 'ignore_ament_install']
[12.003s] Level 1:colcon.colcon_core.package_identification:_identify(src/diffdrive_arduino) by extension 'ignore'
[12.003s] Level 1:colcon.colcon_core.package_identification:_identify(src/diffdrive_arduino) by extension 'ignore_ament_install'
[12.003s] Level 1:colcon.colcon_core.package_identification:_identify(src/diffdrive_arduino) by extensions ['colcon_pkg']
[12.004s] Level 1:colcon.colcon_core.package_identification:_identify(src/diffdrive_arduino) by extension 'colcon_pkg'
[12.004s] Level 1:colcon.colcon_core.package_identification:_identify(src/diffdrive_arduino) by extensions ['colcon_meta']
[12.004s] Level 1:colcon.colcon_core.package_identification:_identify(src/diffdrive_arduino) by extension 'colcon_meta'
[12.004s] Level 1:colcon.colcon_core.package_identification:_identify(src/diffdrive_arduino) by extensions ['ros']
[12.004s] Level 1:colcon.colcon_core.package_identification:_identify(src/diffdrive_arduino) by extension 'ros'
[12.015s] DEBUG:colcon.colcon_core.package_identification:Package 'src/diffdrive_arduino' with type 'ros.ament_cmake' and name 'diffdrive_arduino'
[12.016s] Level 1:colcon.colcon_core.package_identification:_identify(src/my_bot) by extensions ['ignore', 'ignore_ament_install']
[12.017s] Level 1:colcon.colcon_core.package_identification:_identify(src/my_bot) by extension 'ignore'
[12.017s] Level 1:colcon.colcon_core.package_identification:_identify(src/my_bot) by extension 'ignore_ament_install'
[12.017s] Level 1:colcon.colcon_core.package_identification:_identify(src/my_bot) by extensions ['colcon_pkg']
[12.017s] Level 1:colcon.colcon_core.package_identification:_identify(src/my_bot) by extension 'colcon_pkg'
[12.017s] Level 1:colcon.colcon_core.package_identification:_identify(src/my_bot) by extensions ['colcon_meta']
[12.018s] Level 1:colcon.colcon_core.package_identification:_identify(src/my_bot) by extension 'colcon_meta'
[12.018s] Level 1:colcon.colcon_core.package_identification:_identify(src/my_bot) by extensions ['ros']
[12.018s] Level 1:colcon.colcon_core.package_identification:_identify(src/my_bot) by extension 'ros'
[12.020s] DEBUG:colcon.colcon_core.package_identification:Package 'src/my_bot' with type 'ros.ament_cmake' and name 'my_bot'
[12.021s] Level 1:colcon.colcon_core.package_identification:_identify(src/serial) by extensions ['ignore', 'ignore_ament_install']
[12.021s] Level 1:colcon.colcon_core.package_identification:_identify(src/serial) by extension 'ignore'
[12.021s] Level 1:colcon.colcon_core.package_identification:_identify(src/serial) by extension 'ignore_ament_install'
[12.021s] Level 1:colcon.colcon_core.package_identification:_identify(src/serial) by extensions ['colcon_pkg']
[12.022s] Level 1:colcon.colcon_core.package_identification:_identify(src/serial) by extension 'colcon_pkg'
[12.022s] Level 1:colcon.colcon_core.package_identification:_identify(src/serial) by extensions ['colcon_meta']
[12.022s] Level 1:colcon.colcon_core.package_identification:_identify(src/serial) by extension 'colcon_meta'
[12.022s] Level 1:colcon.colcon_core.package_identification:_identify(src/serial) by extensions ['ros']
[12.022s] Level 1:colcon.colcon_core.package_identification:_identify(src/serial) by extension 'ros'
[12.025s] DEBUG:colcon.colcon_core.package_identification:Package 'src/serial' with type 'ros.ament_cmake' and name 'serial'
[12.026s] Level 1:colcon.colcon_core.package_identification:_identify(src/ydlidar_ros2_ws) by extensions ['ignore', 'ignore_ament_install']
[12.026s] Level 1:colcon.colcon_core.package_identification:_identify(src/ydlidar_ros2_ws) by extension 'ignore'
[12.026s] Level 1:colcon.colcon_core.package_identification:_identify(src/ydlidar_ros2_ws) by extension 'ignore_ament_install'
[12.026s] Level 1:colcon.colcon_core.package_identification:_identify(src/ydlidar_ros2_ws) by extensions ['colcon_pkg']
[12.026s] Level 1:colcon.colcon_core.package_identification:_identify(src/ydlidar_ros2_ws) by extension 'colcon_pkg'
[12.027s] Level 1:colcon.colcon_core.package_identification:_identify(src/ydlidar_ros2_ws) by extensions ['colcon_meta']
[12.027s] Level 1:colcon.colcon_core.package_identification:_identify(src/ydlidar_ros2_ws) by extension 'colcon_meta'
[12.027s] Level 1:colcon.colcon_core.package_identification:_identify(src/ydlidar_ros2_ws) by extensions ['ros']
[12.027s] Level 1:colcon.colcon_core.package_identification:_identify(src/ydlidar_ros2_ws) by extension 'ros'
[12.028s] Level 1:colcon.colcon_core.package_identification:_identify(src/ydlidar_ros2_ws) by extensions ['cmake', 'python']
[12.028s] Level 1:colcon.colcon_core.package_identification:_identify(src/ydlidar_ros2_ws) by extension 'cmake'
[12.028s] Level 1:colcon.colcon_core.package_identification:_identify(src/ydlidar_ros2_ws) by extension 'python'
[12.029s] Level 1:colcon.colcon_core.package_identification:_identify(src/ydlidar_ros2_ws) by extensions ['python_setup_py']
[12.029s] Level 1:colcon.colcon_core.package_identification:_identify(src/ydlidar_ros2_ws) by extension 'python_setup_py'
[12.029s] Level 1:colcon.colcon_core.package_identification:_identify(src/ydlidar_ros2_ws/src) by extensions ['ignore', 'ignore_ament_install']
[12.030s] Level 1:colcon.colcon_core.package_identification:_identify(src/ydlidar_ros2_ws/src) by extension 'ignore'
[12.030s] Level 1:colcon.colcon_core.package_identification:_identify(src/ydlidar_ros2_ws/src) by extension 'ignore_ament_install'
[12.030s] Level 1:colcon.colcon_core.package_identification:_identify(src/ydlidar_ros2_ws/src) by extensions ['colcon_pkg']
[12.030s] Level 1:colcon.colcon_core.package_identification:_identify(src/ydlidar_ros2_ws/src) by extension 'colcon_pkg'
[12.030s] Level 1:colcon.colcon_core.package_identification:_identify(src/ydlidar_ros2_ws/src) by extensions ['colcon_meta']
[12.031s] Level 1:colcon.colcon_core.package_identification:_identify(src/ydlidar_ros2_ws/src) by extension 'colcon_meta'
[12.031s] Level 1:colcon.colcon_core.package_identification:_identify(src/ydlidar_ros2_ws/src) by extensions ['ros']
[12.031s] Level 1:colcon.colcon_core.package_identification:_identify(src/ydlidar_ros2_ws/src) by extension 'ros'
[12.031s] Level 1:colcon.colcon_core.package_identification:_identify(src/ydlidar_ros2_ws/src) by extensions ['cmake', 'python']
[12.031s] Level 1:colcon.colcon_core.package_identification:_identify(src/ydlidar_ros2_ws/src) by extension 'cmake'
[12.032s] Level 1:colcon.colcon_core.package_identification:_identify(src/ydlidar_ros2_ws/src) by extension 'python'
[12.032s] Level 1:colcon.colcon_core.package_identification:_identify(src/ydlidar_ros2_ws/src) by extensions ['python_setup_py']
[12.032s] Level 1:colcon.colcon_core.package_identification:_identify(src/ydlidar_ros2_ws/src) by extension 'python_setup_py'
[12.033s] Level 1:colcon.colcon_core.package_identification:_identify(src/ydlidar_ros2_ws/src/ydlidar_ros2_driver) by extensions ['ignore', 'ignore_ament_install']
[12.033s] Level 1:colcon.colcon_core.package_identification:_identify(src/ydlidar_ros2_ws/src/ydlidar_ros2_driver) by extension 'ignore'
[12.033s] Level 1:colcon.colcon_core.package_identification:_identify(src/ydlidar_ros2_ws/src/ydlidar_ros2_driver) by extension 'ignore_ament_install'
[12.033s] Level 1:colcon.colcon_core.package_identification:_identify(src/ydlidar_ros2_ws/src/ydlidar_ros2_driver) by extensions ['colcon_pkg']
[12.034s] Level 1:colcon.colcon_core.package_identification:_identify(src/ydlidar_ros2_ws/src/ydlidar_ros2_driver) by extension 'colcon_pkg'
[12.034s] Level 1:colcon.colcon_core.package_identification:_identify(src/ydlidar_ros2_ws/src/ydlidar_ros2_driver) by extensions ['colcon_meta']
[12.034s] Level 1:colcon.colcon_core.package_identification:_identify(src/ydlidar_ros2_ws/src/ydlidar_ros2_driver) by extension 'colcon_meta'
[12.034s] Level 1:colcon.colcon_core.package_identification:_identify(src/ydlidar_ros2_ws/src/ydlidar_ros2_driver) by extensions ['ros']
[12.035s] Level 1:colcon.colcon_core.package_identification:_identify(src/ydlidar_ros2_ws/src/ydlidar_ros2_driver) by extension 'ros'
[12.037s] DEBUG:colcon.colcon_core.package_identification:Package 'src/ydlidar_ros2_ws/src/ydlidar_ros2_driver' with type 'ros.ament_cmake' and name 'ydlidar_ros2_driver'
[12.038s] Level 1:colcon.colcon_core.package_discovery:discover_packages(recursive) using defaults
[12.038s] Level 1:colcon.colcon_core.package_discovery:discover_packages(ignore) discover
[12.038s] Level 1:colcon.colcon_core.package_discovery:discover_packages(ignore) using defaults
[12.038s] Level 1:colcon.colcon_core.package_discovery:discover_packages(path) discover
[12.038s] Level 1:colcon.colcon_core.package_discovery:discover_packages(path) using defaults
[13.030s] Level 1:colcon.colcon_core.package_discovery:discover_packages(prefix_path) check parameters
[13.030s] Level 1:colcon.colcon_core.package_discovery:discover_packages(prefix_path) discover
[13.422s] DEBUG:colcon.colcon_installed_package_information.package_discovery:Found 8 installed packages in /home/ubuntu/ros2_ws/install
[13.653s] DEBUG:colcon.colcon_installed_package_information.package_discovery:Found 288 installed packages in /opt/ros/foxy
[13.661s] Level 1:colcon.colcon_core.package_discovery:discover_packages(prefix_path) using defaults
[14.429s] Level 5:colcon.colcon_core.verb:set package 'my_bot' build argument 'cmake_args' from command line to 'None'
[14.429s] Level 5:colcon.colcon_core.verb:set package 'my_bot' build argument 'cmake_target' from command line to 'None'
[14.429s] Level 5:colcon.colcon_core.verb:set package 'my_bot' build argument 'cmake_target_skip_unavailable' from command line to 'False'
[14.429s] Level 5:colcon.colcon_core.verb:set package 'my_bot' build argument 'cmake_clean_cache' from command line to 'False'
[14.429s] Level 5:colcon.colcon_core.verb:set package 'my_bot' build argument 'cmake_clean_first' from command line to 'False'
[14.429s] Level 5:colcon.colcon_core.verb:set package 'my_bot' build argument 'cmake_force_configure' from command line to 'False'
[14.430s] Level 5:colcon.colcon_core.verb:set package 'my_bot' build argument 'ament_cmake_args' from command line to 'None'
[14.430s] Level 5:colcon.colcon_core.verb:set package 'my_bot' build argument 'catkin_cmake_args' from command line to 'None'
[14.430s] Level 5:colcon.colcon_core.verb:set package 'my_bot' build argument 'catkin_skip_building_tests' from command line to 'False'
[14.430s] DEBUG:colcon.colcon_core.verb:Building package 'my_bot' with the following arguments: {'ament_cmake_args': None, 'build_base': '/home/ubuntu/ros2_ws/build/my_bot', 'catkin_cmake_args': None, 'catkin_skip_building_tests': False, 'cmake_args': None, 'cmake_clean_cache': False, 'cmake_clean_first': False, 'cmake_force_configure': False, 'cmake_target': None, 'cmake_target_skip_unavailable': False, 'install_base': '/home/ubuntu/ros2_ws/install/my_bot', 'merge_install': False, 'path': '/home/ubuntu/ros2_ws/src/my_bot', 'symlink_install': True, 'test_result_base': None}
[14.615s] Level 5:colcon.colcon_core.verb:set package 'serial' build argument 'cmake_args' from command line to 'None'
[14.616s] Level 5:colcon.colcon_core.verb:set package 'serial' build argument 'cmake_target' from command line to 'None'
[14.616s] Level 5:colcon.colcon_core.verb:set package 'serial' build argument 'cmake_target_skip_unavailable' from command line to 'False'
[14.616s] Level 5:colcon.colcon_core.verb:set package 'serial' build argument 'cmake_clean_cache' from command line to 'False'
[14.616s] Level 5:colcon.colcon_core.verb:set package 'serial' build argument 'cmake_clean_first' from command line to 'False'
[14.616s] Level 5:colcon.colcon_core.verb:set package 'serial' build argument 'cmake_force_configure' from command line to 'False'
[14.616s] Level 5:colcon.colcon_core.verb:set package 'serial' build argument 'ament_cmake_args' from command line to 'None'
[14.616s] Level 5:colcon.colcon_core.verb:set package 'serial' build argument 'catkin_cmake_args' from command line to 'None'
[14.617s] Level 5:colcon.colcon_core.verb:set package 'serial' build argument 'catkin_skip_building_tests' from command line to 'False'
[14.617s] DEBUG:colcon.colcon_core.verb:Building package 'serial' with the following arguments: {'ament_cmake_args': None, 'build_base': '/home/ubuntu/ros2_ws/build/serial', 'catkin_cmake_args': None, 'catkin_skip_building_tests': False, 'cmake_args': None, 'cmake_clean_cache': False, 'cmake_clean_first': False, 'cmake_force_configure': False, 'cmake_target': None, 'cmake_target_skip_unavailable': False, 'install_base': '/home/ubuntu/ros2_ws/install/serial', 'merge_install': False, 'path': '/home/ubuntu/ros2_ws/src/serial', 'symlink_install': True, 'test_result_base': None}
[14.800s] Level 5:colcon.colcon_core.verb:set package 'ydlidar_ros2_driver' build argument 'cmake_args' from command line to 'None'
[14.800s] Level 5:colcon.colcon_core.verb:set package 'ydlidar_ros2_driver' build argument 'cmake_target' from command line to 'None'
[14.800s] Level 5:colcon.colcon_core.verb:set package 'ydlidar_ros2_driver' build argument 'cmake_target_skip_unavailable' from command line to 'False'
[14.800s] Level 5:colcon.colcon_core.verb:set package 'ydlidar_ros2_driver' build argument 'cmake_clean_cache' from command line to 'False'
[14.801s] Level 5:colcon.colcon_core.verb:set package 'ydlidar_ros2_driver' build argument 'cmake_clean_first' from command line to 'False'
[14.801s] Level 5:colcon.colcon_core.verb:set package 'ydlidar_ros2_driver' build argument 'cmake_force_configure' from command line to 'False'
[14.801s] Level 5:colcon.colcon_core.verb:set package 'ydlidar_ros2_driver' build argument 'ament_cmake_args' from command line to 'None'
[14.801s] Level 5:colcon.colcon_core.verb:set package 'ydlidar_ros2_driver' build argument 'catkin_cmake_args' from command line to 'None'
[14.801s] Level 5:colcon.colcon_core.verb:set package 'ydlidar_ros2_driver' build argument 'catkin_skip_building_tests' from command line to 'False'
[14.801s] DEBUG:colcon.colcon_core.verb:Building package 'ydlidar_ros2_driver' with the following arguments: {'ament_cmake_args': None, 'build_base': '/home/ubuntu/ros2_ws/build/ydlidar_ros2_driver', 'catkin_cmake_args': None, 'catkin_skip_building_tests': False, 'cmake_args': None, 'cmake_clean_cache': False, 'cmake_clean_first': False, 'cmake_force_configure': False, 'cmake_target': None, 'cmake_target_skip_unavailable': False, 'install_base': '/home/ubuntu/ros2_ws/install/ydlidar_ros2_driver', 'merge_install': False, 'path': '/home/ubuntu/ros2_ws/src/ydlidar_ros2_ws/src/ydlidar_ros2_driver', 'symlink_install': True, 'test_result_base': None}
[14.984s] Level 5:colcon.colcon_core.verb:set package 'ydlidar_sdk' build argument 'cmake_args' from command line to 'None'
[14.984s] Level 5:colcon.colcon_core.verb:set package 'ydlidar_sdk' build argument 'cmake_target' from command line to 'None'
[14.986s] Level 5:colcon.colcon_core.verb:set package 'ydlidar_sdk' build argument 'cmake_target_skip_unavailable' from command line to 'False'
[14.987s] Level 5:colcon.colcon_core.verb:set package 'ydlidar_sdk' build argument 'cmake_clean_cache' from command line to 'False'
[14.987s] Level 5:colcon.colcon_core.verb:set package 'ydlidar_sdk' build argument 'cmake_clean_first' from command line to 'False'
[14.987s] Level 5:colcon.colcon_core.verb:set package 'ydlidar_sdk' build argument 'cmake_force_configure' from command line to 'False'
[14.987s] Level 5:colcon.colcon_core.verb:set package 'ydlidar_sdk' build argument 'ament_cmake_args' from command line to 'None'
[14.987s] Level 5:colcon.colcon_core.verb:set package 'ydlidar_sdk' build argument 'catkin_cmake_args' from command line to 'None'
[14.987s] Level 5:colcon.colcon_core.verb:set package 'ydlidar_sdk' build argument 'catkin_skip_building_tests' from command line to 'False'
[14.988s] DEBUG:colcon.colcon_core.verb:Building package 'ydlidar_sdk' with the following arguments: {'ament_cmake_args': None, 'build_base': '/home/ubuntu/ros2_ws/build/ydlidar_sdk', 'catkin_cmake_args': None, 'catkin_skip_building_tests': False, 'cmake_args': None, 'cmake_clean_cache': False, 'cmake_clean_first': False, 'cmake_force_configure': False, 'cmake_target': None, 'cmake_target_skip_unavailable': False, 'install_base': '/home/ubuntu/ros2_ws/install/ydlidar_sdk', 'merge_install': False, 'path': '/home/ubuntu/ros2_ws/src/YDLidar-SDK', 'symlink_install': True, 'test_result_base': None}
[15.174s] Level 5:colcon.colcon_core.verb:set package 'diffdrive_arduino' build argument 'cmake_args' from command line to 'None'
[15.174s] Level 5:colcon.colcon_core.verb:set package 'diffdrive_arduino' build argument 'cmake_target' from command line to 'None'
[15.174s] Level 5:colcon.colcon_core.verb:set package 'diffdrive_arduino' build argument 'cmake_target_skip_unavailable' from command line to 'False'
[15.174s] Level 5:colcon.colcon_core.verb:set package 'diffdrive_arduino' build argument 'cmake_clean_cache' from command line to 'False'
[15.174s] Level 5:colcon.colcon_core.verb:set package 'diffdrive_arduino' build argument 'cmake_clean_first' from command line to 'False'
[15.175s] Level 5:colcon.colcon_core.verb:set package 'diffdrive_arduino' build argument 'cmake_force_configure' from command line to 'False'
[15.175s] Level 5:colcon.colcon_core.verb:set package 'diffdrive_arduino' build argument 'ament_cmake_args' from command line to 'None'
[15.175s] Level 5:colcon.colcon_core.verb:set package 'diffdrive_arduino' build argument 'catkin_cmake_args' from command line to 'None'
[15.175s] Level 5:colcon.colcon_core.verb:set package 'diffdrive_arduino' build argument 'catkin_skip_building_tests' from command line to 'False'
[15.175s] DEBUG:colcon.colcon_core.verb:Building package 'diffdrive_arduino' with the following arguments: {'ament_cmake_args': None, 'build_base': '/home/ubuntu/ros2_ws/build/diffdrive_arduino', 'catkin_cmake_args': None, 'catkin_skip_building_tests': False, 'cmake_args': None, 'cmake_clean_cache': False, 'cmake_clean_first': False, 'cmake_force_configure': False, 'cmake_target': None, 'cmake_target_skip_unavailable': False, 'install_base': '/home/ubuntu/ros2_ws/install/diffdrive_arduino', 'merge_install': False, 'path': '/home/ubuntu/ros2_ws/src/diffdrive_arduino', 'symlink_install': True, 'test_result_base': None}
[15.359s] INFO:colcon.colcon_core.executor:Executing jobs using 'parallel' executor
[15.547s] DEBUG:colcon.colcon_parallel_executor.executor.parallel:run_until_complete
[15.549s] INFO:colcon.colcon_ros.task.ament_cmake.build:Building ROS package in '/home/ubuntu/ros2_ws/src/serial' with build type 'ament_cmake'
[15.550s] INFO:colcon.colcon_cmake.task.cmake.build:Building CMake package in '/home/ubuntu/ros2_ws/src/serial'
[15.873s] INFO:colcon.colcon_core.plugin_system:Skipping extension 'colcon_core.shell.bat': Not used on non-Windows systems
[15.874s] INFO:colcon.colcon_core.shell:Skip shell extension 'powershell' for command environment: Not usable outside of PowerShell
[15.875s] DEBUG:colcon.colcon_core.shell:Skip shell extension 'dsv' for command environment
[16.675s] INFO:colcon.colcon_ros.task.ament_cmake.build:Building ROS package in '/home/ubuntu/ros2_ws/src/my_bot' with build type 'ament_cmake'
[16.676s] INFO:colcon.colcon_cmake.task.cmake.build:Building CMake package in '/home/ubuntu/ros2_ws/src/my_bot'
[16.999s] INFO:colcon.colcon_core.shell:Skip shell extension 'powershell' for command environment: Not usable outside of PowerShell
[16.999s] DEBUG:colcon.colcon_core.shell:Skip shell extension 'dsv' for command environment
[17.747s] INFO:colcon.colcon_ros.task.ament_cmake.build:Building ROS package in '/home/ubuntu/ros2_ws/src/ydlidar_ros2_ws/src/ydlidar_ros2_driver' with build type 'ament_cmake'
[17.748s] INFO:colcon.colcon_cmake.task.cmake.build:Building CMake package in '/home/ubuntu/ros2_ws/src/ydlidar_ros2_ws/src/ydlidar_ros2_driver'
[18.071s] INFO:colcon.colcon_core.shell:Skip shell extension 'powershell' for command environment: Not usable outside of PowerShell
[18.071s] DEBUG:colcon.colcon_core.shell:Skip shell extension 'dsv' for command environment
[18.778s] INFO:colcon.colcon_cmake.task.cmake.build:Building CMake package in '/home/ubuntu/ros2_ws/src/YDLidar-SDK'
[19.102s] INFO:colcon.colcon_core.shell:Skip shell extension 'powershell' for command environment: Not usable outside of PowerShell
[19.102s] DEBUG:colcon.colcon_core.shell:Skip shell extension 'dsv' for command environment
[19.862s] DEBUG:colcon.colcon_core.event_handler.log_command:Invoking command in '/home/ubuntu/ros2_ws/build/serial': CMAKE_PREFIX_PATH=${CMAKE_PREFIX_PATH}:/opt/ros/foxy /usr/bin/cmake --build /home/ubuntu/ros2_ws/build/serial -- -j4 -l4
[19.900s] DEBUG:colcon.colcon_core.event_handler.log_command:Invoking command in '/home/ubuntu/ros2_ws/build/my_bot': CMAKE_PREFIX_PATH=${CMAKE_PREFIX_PATH}:/opt/ros/foxy /usr/bin/cmake --build /home/ubuntu/ros2_ws/build/my_bot -- -j4 -l4
[19.939s] DEBUG:colcon.colcon_core.event_handler.log_command:Invoking command in '/home/ubuntu/ros2_ws/build/ydlidar_ros2_driver': CMAKE_PREFIX_PATH=${CMAKE_PREFIX_PATH}:/opt/ros/foxy /usr/bin/cmake --build /home/ubuntu/ros2_ws/build/ydlidar_ros2_driver -- -j4 -l4
[20.034s] DEBUG:colcon.colcon_core.event_handler.log_command:Invoking command in '/home/ubuntu/ros2_ws/build/ydlidar_sdk': /usr/bin/cmake --build /home/ubuntu/ros2_ws/build/ydlidar_sdk -- -j4 -l4
[20.303s] DEBUG:colcon.colcon_core.event_handler.log_command:Invoked command in '/home/ubuntu/ros2_ws/build/my_bot' returned '0': CMAKE_PREFIX_PATH=${CMAKE_PREFIX_PATH}:/opt/ros/foxy /usr/bin/cmake --build /home/ubuntu/ros2_ws/build/my_bot -- -j4 -l4
[20.869s] DEBUG:colcon.colcon_core.event_handler.log_command:Invoking command in '/home/ubuntu/ros2_ws/build/my_bot': CMAKE_PREFIX_PATH=${CMAKE_PREFIX_PATH}:/opt/ros/foxy /usr/bin/cmake --install /home/ubuntu/ros2_ws/build/my_bot
[20.950s] DEBUG:colcon.colcon_core.event_handler.log_command:Invoked command in '/home/ubuntu/ros2_ws/build/ydlidar_ros2_driver' returned '0': CMAKE_PREFIX_PATH=${CMAKE_PREFIX_PATH}:/opt/ros/foxy /usr/bin/cmake --build /home/ubuntu/ros2_ws/build/ydlidar_ros2_driver -- -j4 -l4
[21.221s] DEBUG:colcon.colcon_core.event_handler.log_command:Invoked command in '/home/ubuntu/ros2_ws/build/serial' returned '0': CMAKE_PREFIX_PATH=${CMAKE_PREFIX_PATH}:/opt/ros/foxy /usr/bin/cmake --build /home/ubuntu/ros2_ws/build/serial -- -j4 -l4
[21.514s] Level 1:colcon.colcon_core.environment:create_environment_scripts_only(my_bot)
[21.518s] DEBUG:colcon.colcon_core.event_handler.log_command:Invoked command in '/home/ubuntu/ros2_ws/build/my_bot' returned '0': CMAKE_PREFIX_PATH=${CMAKE_PREFIX_PATH}:/opt/ros/foxy /usr/bin/cmake --install /home/ubuntu/ros2_ws/build/my_bot
[22.076s] Level 1:colcon.colcon_core.environment:checking '/home/ubuntu/ros2_ws/install/my_bot' for CMake module files
[22.079s] Level 1:colcon.colcon_core.environment:checking '/home/ubuntu/ros2_ws/install/my_bot' for CMake config files
[22.087s] Level 1:colcon.colcon_core.shell:create_environment_hook('my_bot', 'cmake_prefix_path')
[22.340s] INFO:colcon.colcon_core.shell:Creating environment hook '/home/ubuntu/ros2_ws/install/my_bot/share/my_bot/hook/cmake_prefix_path.ps1'
[22.343s] INFO:colcon.colcon_core.shell:Creating environment descriptor '/home/ubuntu/ros2_ws/install/my_bot/share/my_bot/hook/cmake_prefix_path.dsv'
[22.346s] INFO:colcon.colcon_core.shell:Creating environment hook '/home/ubuntu/ros2_ws/install/my_bot/share/my_bot/hook/cmake_prefix_path.sh'
[22.350s] Level 1:colcon.colcon_core.environment:checking '/home/ubuntu/ros2_ws/install/my_bot/bin'
[22.351s] Level 1:colcon.colcon_core.environment:checking '/home/ubuntu/ros2_ws/install/my_bot/lib/pkgconfig/my_bot.pc'
[22.351s] Level 1:colcon.colcon_core.environment:checking '/home/ubuntu/ros2_ws/install/my_bot/lib/python3.8/site-packages'
[22.352s] Level 1:colcon.colcon_core.environment:checking '/home/ubuntu/ros2_ws/install/my_bot/bin'
[22.580s] INFO:colcon.colcon_core.shell:Creating package script '/home/ubuntu/ros2_ws/install/my_bot/share/my_bot/package.ps1'
[22.591s] INFO:colcon.colcon_core.shell:Creating package descriptor '/home/ubuntu/ros2_ws/install/my_bot/share/my_bot/package.dsv'
[22.599s] INFO:colcon.colcon_core.shell:Creating package script '/home/ubuntu/ros2_ws/install/my_bot/share/my_bot/package.sh'
[22.603s] INFO:colcon.colcon_core.shell:Creating package script '/home/ubuntu/ros2_ws/install/my_bot/share/my_bot/package.bash'
[22.608s] INFO:colcon.colcon_core.shell:Creating package script '/home/ubuntu/ros2_ws/install/my_bot/share/my_bot/package.zsh'
[22.612s] Level 1:colcon.colcon_core.environment:create_file_with_runtime_dependencies(/home/ubuntu/ros2_ws/install/my_bot/share/colcon-core/packages/my_bot)
[22.643s] DEBUG:colcon.colcon_core.event_handler.log_command:Invoked command in '/home/ubuntu/ros2_ws/build/ydlidar_sdk' returned '0': /usr/bin/cmake --build /home/ubuntu/ros2_ws/build/ydlidar_sdk -- -j4 -l4
[22.688s] DEBUG:colcon.colcon_core.event_handler.log_command:Invoking command in '/home/ubuntu/ros2_ws/build/ydlidar_ros2_driver': CMAKE_PREFIX_PATH=${CMAKE_PREFIX_PATH}:/opt/ros/foxy /usr/bin/cmake --install /home/ubuntu/ros2_ws/build/ydlidar_ros2_driver
[22.729s] DEBUG:colcon.colcon_core.event_handler.log_command:Invoking command in '/home/ubuntu/ros2_ws/build/serial': CMAKE_PREFIX_PATH=${CMAKE_PREFIX_PATH}:/opt/ros/foxy /usr/bin/cmake --install /home/ubuntu/ros2_ws/build/serial
[22.947s] Level 1:colcon.colcon_core.environment:create_environment_scripts_only(serial)
[22.949s] DEBUG:colcon.colcon_core.event_handler.log_command:Invoked command in '/home/ubuntu/ros2_ws/build/serial' returned '0': CMAKE_PREFIX_PATH=${CMAKE_PREFIX_PATH}:/opt/ros/foxy /usr/bin/cmake --install /home/ubuntu/ros2_ws/build/serial
[23.247s] Level 1:colcon.colcon_core.environment:checking '/home/ubuntu/ros2_ws/install/serial' for CMake module files
[23.250s] Level 1:colcon.colcon_core.environment:checking '/home/ubuntu/ros2_ws/install/serial' for CMake config files
[23.252s] Level 1:colcon.colcon_core.shell:create_environment_hook('serial', 'cmake_prefix_path')
[23.499s] INFO:colcon.colcon_core.shell:Creating environment hook '/home/ubuntu/ros2_ws/install/serial/share/serial/hook/cmake_prefix_path.ps1'
[23.501s] INFO:colcon.colcon_core.shell:Creating environment descriptor '/home/ubuntu/ros2_ws/install/serial/share/serial/hook/cmake_prefix_path.dsv'
[23.503s] INFO:colcon.colcon_core.shell:Creating environment hook '/home/ubuntu/ros2_ws/install/serial/share/serial/hook/cmake_prefix_path.sh'
[23.505s] Level 1:colcon.colcon_core.environment:checking '/home/ubuntu/ros2_ws/install/serial/lib'
[23.507s] Level 1:colcon.colcon_core.environment:checking '/home/ubuntu/ros2_ws/install/serial/bin'
[23.508s] Level 1:colcon.colcon_core.environment:checking '/home/ubuntu/ros2_ws/install/serial/lib/pkgconfig/serial.pc'
[23.509s] Level 1:colcon.colcon_core.environment:checking '/home/ubuntu/ros2_ws/install/serial/lib/python3.8/site-packages'
[23.510s] Level 1:colcon.colcon_core.environment:checking '/home/ubuntu/ros2_ws/install/serial/bin'
[23.743s] INFO:colcon.colcon_core.shell:Creating package script '/home/ubuntu/ros2_ws/install/serial/share/serial/package.ps1'
[23.748s] INFO:colcon.colcon_core.shell:Creating package descriptor '/home/ubuntu/ros2_ws/install/serial/share/serial/package.dsv'
[23.750s] INFO:colcon.colcon_core.shell:Creating package script '/home/ubuntu/ros2_ws/install/serial/share/serial/package.sh'
[23.752s] INFO:colcon.colcon_core.shell:Creating package script '/home/ubuntu/ros2_ws/install/serial/share/serial/package.bash'
[23.755s] INFO:colcon.colcon_core.shell:Creating package script '/home/ubuntu/ros2_ws/install/serial/share/serial/package.zsh'
[23.757s] Level 1:colcon.colcon_core.environment:create_file_with_runtime_dependencies(/home/ubuntu/ros2_ws/install/serial/share/colcon-core/packages/serial)
[23.777s] Level 1:colcon.colcon_core.environment:create_environment_scripts_only(ydlidar_ros2_driver)
[23.781s] DEBUG:colcon.colcon_core.event_handler.log_command:Invoked command in '/home/ubuntu/ros2_ws/build/ydlidar_ros2_driver' returned '0': CMAKE_PREFIX_PATH=${CMAKE_PREFIX_PATH}:/opt/ros/foxy /usr/bin/cmake --install /home/ubuntu/ros2_ws/build/ydlidar_ros2_driver
[24.068s] Level 1:colcon.colcon_core.environment:checking '/home/ubuntu/ros2_ws/install/ydlidar_ros2_driver' for CMake module files
[24.071s] Level 1:colcon.colcon_core.environment:checking '/home/ubuntu/ros2_ws/install/ydlidar_ros2_driver' for CMake config files
[24.074s] Level 1:colcon.colcon_core.shell:create_environment_hook('ydlidar_ros2_driver', 'cmake_prefix_path')
[24.309s] INFO:colcon.colcon_core.shell:Creating environment hook '/home/ubuntu/ros2_ws/install/ydlidar_ros2_driver/share/ydlidar_ros2_driver/hook/cmake_prefix_path.ps1'
[24.311s] INFO:colcon.colcon_core.shell:Creating environment descriptor '/home/ubuntu/ros2_ws/install/ydlidar_ros2_driver/share/ydlidar_ros2_driver/hook/cmake_prefix_path.dsv'
[24.313s] INFO:colcon.colcon_core.shell:Creating environment hook '/home/ubuntu/ros2_ws/install/ydlidar_ros2_driver/share/ydlidar_ros2_driver/hook/cmake_prefix_path.sh'
[24.316s] Level 1:colcon.colcon_core.environment:checking '/home/ubuntu/ros2_ws/install/ydlidar_ros2_driver/lib'
[24.317s] Level 1:colcon.colcon_core.environment:checking '/home/ubuntu/ros2_ws/install/ydlidar_ros2_driver/bin'
[24.317s] Level 1:colcon.colcon_core.environment:checking '/home/ubuntu/ros2_ws/install/ydlidar_ros2_driver/lib/pkgconfig/ydlidar_ros2_driver.pc'
[24.318s] Level 1:colcon.colcon_core.environment:checking '/home/ubuntu/ros2_ws/install/ydlidar_ros2_driver/lib/python3.8/site-packages'
[24.319s] Level 1:colcon.colcon_core.environment:checking '/home/ubuntu/ros2_ws/install/ydlidar_ros2_driver/bin'
[24.550s] INFO:colcon.colcon_core.shell:Creating package script '/home/ubuntu/ros2_ws/install/ydlidar_ros2_driver/share/ydlidar_ros2_driver/package.ps1'
[24.553s] INFO:colcon.colcon_core.shell:Creating package descriptor '/home/ubuntu/ros2_ws/install/ydlidar_ros2_driver/share/ydlidar_ros2_driver/package.dsv'
[24.556s] INFO:colcon.colcon_core.shell:Creating package script '/home/ubuntu/ros2_ws/install/ydlidar_ros2_driver/share/ydlidar_ros2_driver/package.sh'
[24.558s] INFO:colcon.colcon_core.shell:Creating package script '/home/ubuntu/ros2_ws/install/ydlidar_ros2_driver/share/ydlidar_ros2_driver/package.bash'
[24.560s] INFO:colcon.colcon_core.shell:Creating package script '/home/ubuntu/ros2_ws/install/ydlidar_ros2_driver/share/ydlidar_ros2_driver/package.zsh'
[24.562s] Level 1:colcon.colcon_core.environment:create_file_with_runtime_dependencies(/home/ubuntu/ros2_ws/install/ydlidar_ros2_driver/share/colcon-core/packages/ydlidar_ros2_driver)
[24.589s] DEBUG:colcon.colcon_core.event_handler.log_command:Invoking command in '/home/ubuntu/ros2_ws/build/ydlidar_sdk': /usr/bin/cmake --install /home/ubuntu/ros2_ws/build/ydlidar_sdk
[24.903s] Level 1:colcon.colcon_core.environment:create_environment_scripts_only(my_bot)
[25.131s] Level 1:colcon.colcon_core.environment:checking '/home/ubuntu/ros2_ws/install/my_bot' for CMake module files
[25.135s] Level 1:colcon.colcon_core.environment:checking '/home/ubuntu/ros2_ws/install/my_bot' for CMake config files
[25.138s] Level 1:colcon.colcon_core.shell:create_environment_hook('my_bot', 'cmake_prefix_path')
[25.386s] INFO:colcon.colcon_core.shell:Creating environment hook '/home/ubuntu/ros2_ws/install/my_bot/share/my_bot/hook/cmake_prefix_path.ps1'
[25.388s] INFO:colcon.colcon_core.shell:Creating environment descriptor '/home/ubuntu/ros2_ws/install/my_bot/share/my_bot/hook/cmake_prefix_path.dsv'
[25.390s] INFO:colcon.colcon_core.shell:Creating environment hook '/home/ubuntu/ros2_ws/install/my_bot/share/my_bot/hook/cmake_prefix_path.sh'
[25.393s] Level 1:colcon.colcon_core.environment:checking '/home/ubuntu/ros2_ws/install/my_bot/bin'
[25.394s] Level 1:colcon.colcon_core.environment:checking '/home/ubuntu/ros2_ws/install/my_bot/lib/pkgconfig/my_bot.pc'
[25.395s] Level 1:colcon.colcon_core.environment:checking '/home/ubuntu/ros2_ws/install/my_bot/lib/python3.8/site-packages'
[25.395s] Level 1:colcon.colcon_core.environment:checking '/home/ubuntu/ros2_ws/install/my_bot/bin'
[25.630s] INFO:colcon.colcon_core.shell:Creating package script '/home/ubuntu/ros2_ws/install/my_bot/share/my_bot/package.ps1'
[25.633s] INFO:colcon.colcon_core.shell:Creating package descriptor '/home/ubuntu/ros2_ws/install/my_bot/share/my_bot/package.dsv'
[25.635s] INFO:colcon.colcon_core.shell:Creating package script '/home/ubuntu/ros2_ws/install/my_bot/share/my_bot/package.sh'
[25.638s] INFO:colcon.colcon_core.shell:Creating package script '/home/ubuntu/ros2_ws/install/my_bot/share/my_bot/package.bash'
[25.640s] INFO:colcon.colcon_core.shell:Creating package script '/home/ubuntu/ros2_ws/install/my_bot/share/my_bot/package.zsh'
[25.642s] Level 1:colcon.colcon_core.environment:create_file_with_runtime_dependencies(/home/ubuntu/ros2_ws/install/my_bot/share/colcon-core/packages/my_bot)
[26.154s] Level 1:colcon.colcon_core.environment:create_environment_scripts_only(serial)
[26.428s] Level 1:colcon.colcon_core.environment:checking '/home/ubuntu/ros2_ws/install/serial' for CMake module files
[26.437s] Level 1:colcon.colcon_core.environment:checking '/home/ubuntu/ros2_ws/install/serial' for CMake config files
[26.448s] Level 1:colcon.colcon_core.shell:create_environment_hook('serial', 'cmake_prefix_path')
[26.709s] INFO:colcon.colcon_core.shell:Creating environment hook '/home/ubuntu/ros2_ws/install/serial/share/serial/hook/cmake_prefix_path.ps1'
[26.711s] INFO:colcon.colcon_core.shell:Creating environment descriptor '/home/ubuntu/ros2_ws/install/serial/share/serial/hook/cmake_prefix_path.dsv'
[26.717s] INFO:colcon.colcon_core.shell:Creating environment hook '/home/ubuntu/ros2_ws/install/serial/share/serial/hook/cmake_prefix_path.sh'
[26.732s] Level 1:colcon.colcon_core.environment:checking '/home/ubuntu/ros2_ws/install/serial/lib'
[26.733s] Level 1:colcon.colcon_core.environment:checking '/home/ubuntu/ros2_ws/install/serial/bin'
[26.734s] Level 1:colcon.colcon_core.environment:checking '/home/ubuntu/ros2_ws/install/serial/lib/pkgconfig/serial.pc'
[26.735s] Level 1:colcon.colcon_core.environment:checking '/home/ubuntu/ros2_ws/install/serial/lib/python3.8/site-packages'
[26.736s] Level 1:colcon.colcon_core.environment:checking '/home/ubuntu/ros2_ws/install/serial/bin'
[26.996s] INFO:colcon.colcon_core.shell:Creating package script '/home/ubuntu/ros2_ws/install/serial/share/serial/package.ps1'
[26.999s] INFO:colcon.colcon_core.shell:Creating package descriptor '/home/ubuntu/ros2_ws/install/serial/share/serial/package.dsv'
[27.001s] INFO:colcon.colcon_core.shell:Creating package script '/home/ubuntu/ros2_ws/install/serial/share/serial/package.sh'
[27.004s] INFO:colcon.colcon_core.shell:Creating package script '/home/ubuntu/ros2_ws/install/serial/share/serial/package.bash'
[27.007s] INFO:colcon.colcon_core.shell:Creating package script '/home/ubuntu/ros2_ws/install/serial/share/serial/package.zsh'
[27.010s] Level 1:colcon.colcon_core.environment:create_file_with_runtime_dependencies(/home/ubuntu/ros2_ws/install/serial/share/colcon-core/packages/serial)
[27.328s] Level 1:colcon.colcon_core.environment:create_environment_scripts_only(ydlidar_ros2_driver)
[27.563s] Level 1:colcon.colcon_core.environment:checking '/home/ubuntu/ros2_ws/install/ydlidar_ros2_driver' for CMake module files
[27.566s] Level 1:colcon.colcon_core.environment:checking '/home/ubuntu/ros2_ws/install/ydlidar_ros2_driver' for CMake config files
[27.569s] Level 1:colcon.colcon_core.shell:create_environment_hook('ydlidar_ros2_driver', 'cmake_prefix_path')
[27.819s] INFO:colcon.colcon_core.shell:Creating environment hook '/home/ubuntu/ros2_ws/install/ydlidar_ros2_driver/share/ydlidar_ros2_driver/hook/cmake_prefix_path.ps1'
[27.824s] INFO:colcon.colcon_core.shell:Creating environment descriptor '/home/ubuntu/ros2_ws/install/ydlidar_ros2_driver/share/ydlidar_ros2_driver/hook/cmake_prefix_path.dsv'
[27.826s] INFO:colcon.colcon_core.shell:Creating environment hook '/home/ubuntu/ros2_ws/install/ydlidar_ros2_driver/share/ydlidar_ros2_driver/hook/cmake_prefix_path.sh'
[27.829s] Level 1:colcon.colcon_core.environment:checking '/home/ubuntu/ros2_ws/install/ydlidar_ros2_driver/lib'
[27.830s] Level 1:colcon.colcon_core.environment:checking '/home/ubuntu/ros2_ws/install/ydlidar_ros2_driver/bin'
[27.830s] Level 1:colcon.colcon_core.environment:checking '/home/ubuntu/ros2_ws/install/ydlidar_ros2_driver/lib/pkgconfig/ydlidar_ros2_driver.pc'
[27.831s] Level 1:colcon.colcon_core.environment:checking '/home/ubuntu/ros2_ws/install/ydlidar_ros2_driver/lib/python3.8/site-packages'
[27.834s] Level 1:colcon.colcon_core.environment:checking '/home/ubuntu/ros2_ws/install/ydlidar_ros2_driver/bin'
[28.044s] INFO:colcon.colcon_core.shell:Creating package script '/home/ubuntu/ros2_ws/install/ydlidar_ros2_driver/share/ydlidar_ros2_driver/package.ps1'
[28.046s] INFO:colcon.colcon_core.shell:Creating package descriptor '/home/ubuntu/ros2_ws/install/ydlidar_ros2_driver/share/ydlidar_ros2_driver/package.dsv'
[28.054s] INFO:colcon.colcon_core.shell:Creating package script '/home/ubuntu/ros2_ws/install/ydlidar_ros2_driver/share/ydlidar_ros2_driver/package.sh'
[28.066s] INFO:colcon.colcon_core.shell:Creating package script '/home/ubuntu/ros2_ws/install/ydlidar_ros2_driver/share/ydlidar_ros2_driver/package.bash'
[28.069s] INFO:colcon.colcon_core.shell:Creating package script '/home/ubuntu/ros2_ws/install/ydlidar_ros2_driver/share/ydlidar_ros2_driver/package.zsh'
[28.072s] Level 1:colcon.colcon_core.environment:create_file_with_runtime_dependencies(/home/ubuntu/ros2_ws/install/ydlidar_ros2_driver/share/colcon-core/packages/ydlidar_ros2_driver)
[28.073s] INFO:colcon.colcon_ros.task.ament_cmake.build:Building ROS package in '/home/ubuntu/ros2_ws/src/diffdrive_arduino' with build type 'ament_cmake'
[28.074s] INFO:colcon.colcon_cmake.task.cmake.build:Building CMake package in '/home/ubuntu/ros2_ws/src/diffdrive_arduino'
[28.387s] INFO:colcon.colcon_core.shell:Skip shell extension 'powershell' for command environment: Not usable outside of PowerShell
[28.388s] DEBUG:colcon.colcon_core.shell:Skip shell extension 'dsv' for command environment
[29.099s] Level 1:colcon.colcon_core.environment:create_environment_scripts_only(ydlidar_sdk)
[29.101s] DEBUG:colcon.colcon_core.event_handler.log_command:Invoked command in '/home/ubuntu/ros2_ws/build/ydlidar_sdk' returned '0': /usr/bin/cmake --install /home/ubuntu/ros2_ws/build/ydlidar_sdk
[29.325s] Level 1:colcon.colcon_core.environment:checking '/home/ubuntu/ros2_ws/install/ydlidar_sdk' for CMake module files
[29.327s] Level 1:colcon.colcon_core.environment:checking '/home/ubuntu/ros2_ws/install/ydlidar_sdk' for CMake config files
[29.330s] Level 1:colcon.colcon_core.shell:create_environment_hook('ydlidar_sdk', 'cmake_prefix_path')
[29.554s] INFO:colcon.colcon_core.shell:Creating environment hook '/home/ubuntu/ros2_ws/install/ydlidar_sdk/share/ydlidar_sdk/hook/cmake_prefix_path.ps1'
[29.556s] INFO:colcon.colcon_core.shell:Creating environment descriptor '/home/ubuntu/ros2_ws/install/ydlidar_sdk/share/ydlidar_sdk/hook/cmake_prefix_path.dsv'
[29.560s] INFO:colcon.colcon_core.shell:Creating environment hook '/home/ubuntu/ros2_ws/install/ydlidar_sdk/share/ydlidar_sdk/hook/cmake_prefix_path.sh'
[29.563s] Level 1:colcon.colcon_core.environment:checking '/home/ubuntu/ros2_ws/install/ydlidar_sdk/lib'
[29.564s] Level 1:colcon.colcon_core.environment:checking '/home/ubuntu/ros2_ws/install/ydlidar_sdk/bin'
[29.564s] Level 1:colcon.colcon_core.shell:create_environment_hook('ydlidar_sdk', 'path')
[29.799s] INFO:colcon.colcon_core.shell:Creating environment hook '/home/ubuntu/ros2_ws/install/ydlidar_sdk/share/ydlidar_sdk/hook/path.ps1'
[29.801s] INFO:colcon.colcon_core.shell:Creating environment descriptor '/home/ubuntu/ros2_ws/install/ydlidar_sdk/share/ydlidar_sdk/hook/path.dsv'
[29.804s] INFO:colcon.colcon_core.shell:Creating environment hook '/home/ubuntu/ros2_ws/install/ydlidar_sdk/share/ydlidar_sdk/hook/path.sh'
[29.806s] Level 1:colcon.colcon_core.environment:checking '/home/ubuntu/ros2_ws/install/ydlidar_sdk/lib/pkgconfig/ydlidar_sdk.pc'
[29.807s] Level 1:colcon.colcon_core.environment:checking '/home/ubuntu/ros2_ws/install/ydlidar_sdk/lib/python3.8/site-packages'
[29.808s] Level 1:colcon.colcon_core.environment:checking '/home/ubuntu/ros2_ws/install/ydlidar_sdk/bin'
[29.808s] Level 1:colcon.colcon_core.shell:create_environment_hook('ydlidar_sdk', 'pythonscriptspath')
[30.031s] INFO:colcon.colcon_core.shell:Creating environment hook '/home/ubuntu/ros2_ws/install/ydlidar_sdk/share/ydlidar_sdk/hook/pythonscriptspath.ps1'
[30.036s] INFO:colcon.colcon_core.shell:Creating environment descriptor '/home/ubuntu/ros2_ws/install/ydlidar_sdk/share/ydlidar_sdk/hook/pythonscriptspath.dsv'
[30.039s] INFO:colcon.colcon_core.shell:Creating environment hook '/home/ubuntu/ros2_ws/install/ydlidar_sdk/share/ydlidar_sdk/hook/pythonscriptspath.sh'
[30.266s] INFO:colcon.colcon_core.shell:Creating package script '/home/ubuntu/ros2_ws/install/ydlidar_sdk/share/ydlidar_sdk/package.ps1'
[30.269s] INFO:colcon.colcon_core.shell:Creating package descriptor '/home/ubuntu/ros2_ws/install/ydlidar_sdk/share/ydlidar_sdk/package.dsv'
[30.271s] INFO:colcon.colcon_core.shell:Creating package script '/home/ubuntu/ros2_ws/install/ydlidar_sdk/share/ydlidar_sdk/package.sh'
[30.273s] INFO:colcon.colcon_core.shell:Creating package script '/home/ubuntu/ros2_ws/install/ydlidar_sdk/share/ydlidar_sdk/package.bash'
[30.276s] INFO:colcon.colcon_core.shell:Creating package script '/home/ubuntu/ros2_ws/install/ydlidar_sdk/share/ydlidar_sdk/package.zsh'
[30.278s] Level 1:colcon.colcon_core.environment:create_file_with_runtime_dependencies(/home/ubuntu/ros2_ws/install/ydlidar_sdk/share/colcon-core/packages/ydlidar_sdk)
[30.318s] DEBUG:colcon.colcon_core.event_handler.log_command:Invoking command in '/home/ubuntu/ros2_ws/build/diffdrive_arduino': CMAKE_PREFIX_PATH=/home/ubuntu/ros2_ws/install/serial:/home/ubuntu/ros2_ws/install/ydlidar_sdk:/home/ubuntu/ros2_ws/install/ydlidar_ros2_driver:/home/ubuntu/ros2_ws/install/sllidar_ros2:/home/ubuntu/ros2_ws/install/diffdrive_arduino:/home/ubuntu/ros2_ws/install/rplidar_ros:/home/ubuntu/ros2_ws/install/my_bot:/opt/ros/foxy /usr/bin/cmake --build /home/ubuntu/ros2_ws/build/diffdrive_arduino -- -j4 -l4
[30.879s] DEBUG:colcon.colcon_core.event_handler.log_command:Invoked command in '/home/ubuntu/ros2_ws/build/diffdrive_arduino' returned '0': CMAKE_PREFIX_PATH=/home/ubuntu/ros2_ws/install/serial:/home/ubuntu/ros2_ws/install/ydlidar_sdk:/home/ubuntu/ros2_ws/install/ydlidar_ros2_driver:/home/ubuntu/ros2_ws/install/sllidar_ros2:/home/ubuntu/ros2_ws/install/diffdrive_arduino:/home/ubuntu/ros2_ws/install/rplidar_ros:/home/ubuntu/ros2_ws/install/my_bot:/opt/ros/foxy /usr/bin/cmake --build /home/ubuntu/ros2_ws/build/diffdrive_arduino -- -j4 -l4
[31.109s] DEBUG:colcon.colcon_core.event_handler.log_command:Invoking command in '/home/ubuntu/ros2_ws/build/diffdrive_arduino': CMAKE_PREFIX_PATH=/home/ubuntu/ros2_ws/install/serial:/home/ubuntu/ros2_ws/install/ydlidar_sdk:/home/ubuntu/ros2_ws/install/ydlidar_ros2_driver:/home/ubuntu/ros2_ws/install/sllidar_ros2:/home/ubuntu/ros2_ws/install/diffdrive_arduino:/home/ubuntu/ros2_ws/install/rplidar_ros:/home/ubuntu/ros2_ws/install/my_bot:/opt/ros/foxy /usr/bin/cmake --install /home/ubuntu/ros2_ws/build/diffdrive_arduino
[31.290s] Level 1:colcon.colcon_core.environment:create_environment_scripts_only(diffdrive_arduino)
[31.309s] DEBUG:colcon.colcon_core.event_handler.log_command:Invoked command in '/home/ubuntu/ros2_ws/build/diffdrive_arduino' returned '0': CMAKE_PREFIX_PATH=/home/ubuntu/ros2_ws/install/serial:/home/ubuntu/ros2_ws/install/ydlidar_sdk:/home/ubuntu/ros2_ws/install/ydlidar_ros2_driver:/home/ubuntu/ros2_ws/install/sllidar_ros2:/home/ubuntu/ros2_ws/install/diffdrive_arduino:/home/ubuntu/ros2_ws/install/rplidar_ros:/home/ubuntu/ros2_ws/install/my_bot:/opt/ros/foxy /usr/bin/cmake --install /home/ubuntu/ros2_ws/build/diffdrive_arduino
[31.535s] Level 1:colcon.colcon_core.environment:checking '/home/ubuntu/ros2_ws/install/diffdrive_arduino' for CMake module files
[31.538s] Level 1:colcon.colcon_core.environment:checking '/home/ubuntu/ros2_ws/install/diffdrive_arduino' for CMake config files
[31.540s] Level 1:colcon.colcon_core.shell:create_environment_hook('diffdrive_arduino', 'cmake_prefix_path')
[31.768s] INFO:colcon.colcon_core.shell:Creating environment hook '/home/ubuntu/ros2_ws/install/diffdrive_arduino/share/diffdrive_arduino/hook/cmake_prefix_path.ps1'
[31.772s] INFO:colcon.colcon_core.shell:Creating environment descriptor '/home/ubuntu/ros2_ws/install/diffdrive_arduino/share/diffdrive_arduino/hook/cmake_prefix_path.dsv'
[31.774s] INFO:colcon.colcon_core.shell:Creating environment hook '/home/ubuntu/ros2_ws/install/diffdrive_arduino/share/diffdrive_arduino/hook/cmake_prefix_path.sh'
[31.776s] Level 1:colcon.colcon_core.environment:checking '/home/ubuntu/ros2_ws/install/diffdrive_arduino/lib'
[31.777s] Level 1:colcon.colcon_core.shell:create_environment_hook('diffdrive_arduino', 'ld_library_path_lib')
[32.038s] INFO:colcon.colcon_core.shell:Creating environment hook '/home/ubuntu/ros2_ws/install/diffdrive_arduino/share/diffdrive_arduino/hook/ld_library_path_lib.ps1'
[32.040s] INFO:colcon.colcon_core.shell:Creating environment descriptor '/home/ubuntu/ros2_ws/install/diffdrive_arduino/share/diffdrive_arduino/hook/ld_library_path_lib.dsv'
[32.041s] INFO:colcon.colcon_core.shell:Creating environment hook '/home/ubuntu/ros2_ws/install/diffdrive_arduino/share/diffdrive_arduino/hook/ld_library_path_lib.sh'
[32.043s] Level 1:colcon.colcon_core.environment:checking '/home/ubuntu/ros2_ws/install/diffdrive_arduino/bin'
[32.044s] Level 1:colcon.colcon_core.environment:checking '/home/ubuntu/ros2_ws/install/diffdrive_arduino/lib/pkgconfig/diffdrive_arduino.pc'
[32.045s] Level 1:colcon.colcon_core.environment:checking '/home/ubuntu/ros2_ws/install/diffdrive_arduino/lib/python3.8/site-packages'
[32.046s] Level 1:colcon.colcon_core.environment:checking '/home/ubuntu/ros2_ws/install/diffdrive_arduino/bin'
[32.268s] INFO:colcon.colcon_core.shell:Creating package script '/home/ubuntu/ros2_ws/install/diffdrive_arduino/share/diffdrive_arduino/package.ps1'
[32.270s] INFO:colcon.colcon_core.shell:Creating package descriptor '/home/ubuntu/ros2_ws/install/diffdrive_arduino/share/diffdrive_arduino/package.dsv'
[32.272s] INFO:colcon.colcon_core.shell:Creating package script '/home/ubuntu/ros2_ws/install/diffdrive_arduino/share/diffdrive_arduino/package.sh'
[32.274s] INFO:colcon.colcon_core.shell:Creating package script '/home/ubuntu/ros2_ws/install/diffdrive_arduino/share/diffdrive_arduino/package.bash'
[32.276s] INFO:colcon.colcon_core.shell:Creating package script '/home/ubuntu/ros2_ws/install/diffdrive_arduino/share/diffdrive_arduino/package.zsh'
[32.278s] Level 1:colcon.colcon_core.environment:create_file_with_runtime_dependencies(/home/ubuntu/ros2_ws/install/diffdrive_arduino/share/colcon-core/packages/diffdrive_arduino)
[32.755s] Level 1:colcon.colcon_core.environment:create_environment_scripts_only(diffdrive_arduino)
[32.977s] Level 1:colcon.colcon_core.environment:checking '/home/ubuntu/ros2_ws/install/diffdrive_arduino' for CMake module files
[32.980s] Level 1:colcon.colcon_core.environment:checking '/home/ubuntu/ros2_ws/install/diffdrive_arduino' for CMake config files
[32.983s] Level 1:colcon.colcon_core.shell:create_environment_hook('diffdrive_arduino', 'cmake_prefix_path')
[33.229s] INFO:colcon.colcon_core.shell:Creating environment hook '/home/ubuntu/ros2_ws/install/diffdrive_arduino/share/diffdrive_arduino/hook/cmake_prefix_path.ps1'
[33.232s] INFO:colcon.colcon_core.shell:Creating environment descriptor '/home/ubuntu/ros2_ws/install/diffdrive_arduino/share/diffdrive_arduino/hook/cmake_prefix_path.dsv'
[33.234s] INFO:colcon.colcon_core.shell:Creating environment hook '/home/ubuntu/ros2_ws/install/diffdrive_arduino/share/diffdrive_arduino/hook/cmake_prefix_path.sh'
[33.237s] Level 1:colcon.colcon_core.environment:checking '/home/ubuntu/ros2_ws/install/diffdrive_arduino/lib'
[33.238s] Level 1:colcon.colcon_core.shell:create_environment_hook('diffdrive_arduino', 'ld_library_path_lib')
[33.465s] INFO:colcon.colcon_core.shell:Creating environment hook '/home/ubuntu/ros2_ws/install/diffdrive_arduino/share/diffdrive_arduino/hook/ld_library_path_lib.ps1'
[33.468s] INFO:colcon.colcon_core.shell:Creating environment descriptor '/home/ubuntu/ros2_ws/install/diffdrive_arduino/share/diffdrive_arduino/hook/ld_library_path_lib.dsv'
[33.472s] INFO:colcon.colcon_core.shell:Creating environment hook '/home/ubuntu/ros2_ws/install/diffdrive_arduino/share/diffdrive_arduino/hook/ld_library_path_lib.sh'
[33.475s] Level 1:colcon.colcon_core.environment:checking '/home/ubuntu/ros2_ws/install/diffdrive_arduino/bin'
[33.475s] Level 1:colcon.colcon_core.environment:checking '/home/ubuntu/ros2_ws/install/diffdrive_arduino/lib/pkgconfig/diffdrive_arduino.pc'
[33.477s] Level 1:colcon.colcon_core.environment:checking '/home/ubuntu/ros2_ws/install/diffdrive_arduino/lib/python3.8/site-packages'
[33.478s] Level 1:colcon.colcon_core.environment:checking '/home/ubuntu/ros2_ws/install/diffdrive_arduino/bin'
[33.720s] INFO:colcon.colcon_core.shell:Creating package script '/home/ubuntu/ros2_ws/install/diffdrive_arduino/share/diffdrive_arduino/package.ps1'
[33.723s] INFO:colcon.colcon_core.shell:Creating package descriptor '/home/ubuntu/ros2_ws/install/diffdrive_arduino/share/diffdrive_arduino/package.dsv'
[33.726s] INFO:colcon.colcon_core.shell:Creating package script '/home/ubuntu/ros2_ws/install/diffdrive_arduino/share/diffdrive_arduino/package.sh'
[33.729s] INFO:colcon.colcon_core.shell:Creating package script '/home/ubuntu/ros2_ws/install/diffdrive_arduino/share/diffdrive_arduino/package.bash'
[33.732s] INFO:colcon.colcon_core.shell:Creating package script '/home/ubuntu/ros2_ws/install/diffdrive_arduino/share/diffdrive_arduino/package.zsh'
[33.734s] Level 1:colcon.colcon_core.environment:create_file_with_runtime_dependencies(/home/ubuntu/ros2_ws/install/diffdrive_arduino/share/colcon-core/packages/diffdrive_arduino)
[33.736s] DEBUG:colcon.colcon_parallel_executor.executor.parallel:closing loop
[33.737s] DEBUG:colcon.colcon_parallel_executor.executor.parallel:loop closed
[33.738s] DEBUG:colcon.colcon_parallel_executor.executor.parallel:run_until_complete finished with '0'
[33.738s] DEBUG:colcon.colcon_core.event_reactor:joining thread
[34.006s] INFO:colcon.colcon_core.plugin_system:Skipping extension 'colcon_notification.desktop_notification.terminal_notifier': Not used on non-Darwin systems
[34.007s] INFO:colcon.colcon_core.plugin_system:Skipping extension 'colcon_notification.desktop_notification.win32': Not used on non-Windows systems
[34.007s] INFO:colcon.colcon_notification.desktop_notification:Sending desktop notification using 'notify2'
[34.081s] DEBUG:colcon.colcon_core.event_reactor:joined thread
[34.364s] INFO:colcon.colcon_core.shell:Creating prefix script '/home/ubuntu/ros2_ws/install/local_setup.ps1'
[34.368s] INFO:colcon.colcon_core.shell:Creating prefix util module '/home/ubuntu/ros2_ws/install/_local_setup_util_ps1.py'
[34.373s] INFO:colcon.colcon_core.shell:Creating prefix chain script '/home/ubuntu/ros2_ws/install/setup.ps1'
[34.565s] INFO:colcon.colcon_core.shell:Creating prefix script '/home/ubuntu/ros2_ws/install/local_setup.sh'
[34.568s] INFO:colcon.colcon_core.shell:Creating prefix util module '/home/ubuntu/ros2_ws/install/_local_setup_util_sh.py'
[34.570s] INFO:colcon.colcon_core.shell:Creating prefix chain script '/home/ubuntu/ros2_ws/install/setup.sh'
[34.757s] INFO:colcon.colcon_core.shell:Creating prefix script '/home/ubuntu/ros2_ws/install/local_setup.bash'
[34.760s] INFO:colcon.colcon_core.shell:Creating prefix chain script '/home/ubuntu/ros2_ws/install/setup.bash'
[34.972s] INFO:colcon.colcon_core.shell:Creating prefix script '/home/ubuntu/ros2_ws/install/local_setup.zsh'
[34.975s] INFO:colcon.colcon_core.shell:Creating prefix chain script '/home/ubuntu/ros2_ws/install/setup.zsh'
