[0.971s] Invoking command in '/home/ubuntu/ros2_ws/build/ydlidar_sdk': /usr/bin/cmake --build /home/ubuntu/ros2_ws/build/ydlidar_sdk -- -j4 -l4
[1.529s] [ 42%] Built target ydlidar_sdk
[1.853s] [ 47%] Built target gs_ota
[1.874s] [ 52%] Built target et_test
[2.032s] [ 57%] Built target tri_test
[2.047s] [ 61%] Built target sdm_test
[2.189s] [ 66%] Built target gs_test
[2.195s] [ 71%] Built target tri_restart
[2.255s] [ 76%] Built target tof_test
[2.468s] [ 80%] Built target tri_and_gs_test
[2.494s] [ 85%] Built target tmini_test
[2.524s] [ 90%] Built target scl_test
[2.569s] [ 95%] Built target lidar_c_api_test
[2.681s] [100%] Built target tea_test
[3.228s] Invoked command in '/home/ubuntu/ros2_ws/build/ydlidar_sdk' returned '0': /usr/bin/cmake --build /home/ubuntu/ros2_ws/build/ydlidar_sdk -- -j4 -l4
[6.556s] Invoking command in '/home/ubuntu/ros2_ws/build/ydlidar_sdk': /usr/bin/cmake --install /home/ubuntu/ros2_ws/build/ydlidar_sdk
[6.688s] -- Install configuration: ""
[6.689s] -- Up-to-date: /home/ubuntu/ros2_ws/install/ydlidar_sdk/include/core/base/datatype.h
[6.690s] -- Up-to-date: /home/ubuntu/ros2_ws/install/ydlidar_sdk/include/core/base/locker.h
[6.691s] -- Up-to-date: /home/ubuntu/ros2_ws/install/ydlidar_sdk/include/core/base/thread.h
[6.692s] -- Up-to-date: /home/ubuntu/ros2_ws/install/ydlidar_sdk/include/core/base/timer.h
[6.694s] -- Up-to-date: /home/ubuntu/ros2_ws/install/ydlidar_sdk/include/core/base/typedef.h
[6.695s] -- Up-to-date: /home/ubuntu/ros2_ws/install/ydlidar_sdk/include/core/base/utils.h
[6.696s] -- Up-to-date: /home/ubuntu/ros2_ws/install/ydlidar_sdk/include/core/base/v8stdint.h
[6.697s] -- Up-to-date: /home/ubuntu/ros2_ws/install/ydlidar_sdk/include/core/base/ydlidar.h
[6.697s] -- Up-to-date: /home/ubuntu/ros2_ws/install/ydlidar_sdk/include/core/common/ChannelDevice.h
[6.698s] -- Up-to-date: /home/ubuntu/ros2_ws/install/ydlidar_sdk/include/core/common/DriverInterface.h
[6.704s] -- Up-to-date: /home/ubuntu/ros2_ws/install/ydlidar_sdk/include/core/common/ydlidar_datatype.h
[6.705s] -- Up-to-date: /home/ubuntu/ros2_ws/install/ydlidar_sdk/include/core/common/ydlidar_def.h
[6.706s] -- Up-to-date: /home/ubuntu/ros2_ws/install/ydlidar_sdk/include/core/common/ydlidar_help.h
[6.707s] -- Up-to-date: /home/ubuntu/ros2_ws/install/ydlidar_sdk/include/core/common/ydlidar_protocol.h
[6.708s] -- Up-to-date: /home/ubuntu/ros2_ws/install/ydlidar_sdk/include/core/math/angles.h
[6.709s] -- Up-to-date: /home/ubuntu/ros2_ws/install/ydlidar_sdk/include/core/network/ActiveSocket.h
[6.710s] -- Up-to-date: /home/ubuntu/ros2_ws/install/ydlidar_sdk/include/core/network/PassiveSocket.h
[6.711s] -- Up-to-date: /home/ubuntu/ros2_ws/install/ydlidar_sdk/include/core/network/SimpleSocket.h
[6.713s] -- Up-to-date: /home/ubuntu/ros2_ws/install/ydlidar_sdk/include/core/network/StatTimer.h
[6.723s] -- Up-to-date: /home/ubuntu/ros2_ws/install/ydlidar_sdk/include/core/serial/common.h
[6.724s] -- Up-to-date: /home/ubuntu/ros2_ws/install/ydlidar_sdk/include/core/serial/serial.h
[6.725s] -- Up-to-date: /home/ubuntu/ros2_ws/install/ydlidar_sdk/include/core/serial/impl/unix/lock.h
[6.726s] -- Up-to-date: /home/ubuntu/ros2_ws/install/ydlidar_sdk/include/core/serial/impl/unix/unix.h
[6.726s] -- Up-to-date: /home/ubuntu/ros2_ws/install/ydlidar_sdk/include/core/serial/impl/unix/unix_serial.h
[6.727s] -- Up-to-date: /home/ubuntu/ros2_ws/install/ydlidar_sdk/include/src/CYdLidar.h
[6.728s] -- Up-to-date: /home/ubuntu/ros2_ws/install/ydlidar_sdk/include/src/ETLidarDriver.h
[6.735s] -- Up-to-date: /home/ubuntu/ros2_ws/install/ydlidar_sdk/include/src/GSLidarDriver.h
[6.739s] -- Up-to-date: /home/ubuntu/ros2_ws/install/ydlidar_sdk/include/src/SDMLidarDriver.h
[6.742s] -- Up-to-date: /home/ubuntu/ros2_ws/install/ydlidar_sdk/include/src/YDlidarDriver.h
[6.748s] -- Up-to-date: /home/ubuntu/ros2_ws/install/ydlidar_sdk/include/src/ydlidar_sdk.h
[6.749s] -- Up-to-date: /home/ubuntu/ros2_ws/install/ydlidar_sdk/include/src/filters/FilterInterface.h
[6.750s] -- Up-to-date: /home/ubuntu/ros2_ws/install/ydlidar_sdk/include/src/filters/NoiseFilter.h
[6.751s] -- Up-to-date: /home/ubuntu/ros2_ws/install/ydlidar_sdk/include/src/filters/StrongLightFilter.h
[6.753s] -- Up-to-date: /home/ubuntu/ros2_ws/install/ydlidar_sdk/include/ydlidar_config.h
[6.755s] -- Up-to-date: /home/ubuntu/ros2_ws/install/ydlidar_sdk/lib/libydlidar_sdk.a
[6.756s] -- Up-to-date: /home/ubuntu/ros2_ws/install/ydlidar_sdk/lib/pkgconfig/YDLIDAR_SDK.pc
[6.756s] -- Up-to-date: /home/ubuntu/ros2_ws/install/ydlidar_sdk/lib/cmake/ydlidar_sdk/ydlidar_sdkConfig.cmake
[6.757s] -- Up-to-date: /home/ubuntu/ros2_ws/install/ydlidar_sdk/lib/cmake/ydlidar_sdk/ydlidar_sdkTargets.cmake
[6.758s] -- Up-to-date: /home/ubuntu/ros2_ws/install/ydlidar_sdk/lib/cmake/ydlidar_sdk/ydlidar_sdkConfigVersion.cmake
[6.758s] -- Up-to-date: /home/ubuntu/ros2_ws/install/ydlidar_sdk/share/YDLIDAR_SDK/FindYDLIDAR_SDK.cmake
[6.759s] -- Up-to-date: /home/ubuntu/ros2_ws/install/ydlidar_sdk/share/YDLIDAR_SDK
[6.760s] -- Up-to-date: /home/ubuntu/ros2_ws/install/ydlidar_sdk/share/YDLIDAR_SDK/install_package.cmake
[6.761s] -- Up-to-date: /home/ubuntu/ros2_ws/install/ydlidar_sdk/share/YDLIDAR_SDK/cmake_uninstall.cmake.in
[6.761s] -- Up-to-date: /home/ubuntu/ros2_ws/install/ydlidar_sdk/share/YDLIDAR_SDK/FindPackage.cmake.in
[6.762s] -- Up-to-date: /home/ubuntu/ros2_ws/install/ydlidar_sdk/share/YDLIDAR_SDK/PkgConfig.pc.in
[6.782s] -- Up-to-date: /home/ubuntu/ros2_ws/install/ydlidar_sdk/share/YDLIDAR_SDK/PackageConfig.cmake.in
[6.786s] -- Up-to-date: /home/ubuntu/ros2_ws/install/ydlidar_sdk/share/YDLIDAR_SDK/PackageConfigVersion.cmake.in
[6.787s] -- Up-to-date: /home/ubuntu/ros2_ws/install/ydlidar_sdk/share/YDLIDAR_SDK/script_show_final_summary.cmake
[6.788s] -- Up-to-date: /home/ubuntu/ros2_ws/install/ydlidar_sdk/share/YDLIDAR_SDK/common
[6.788s] -- Up-to-date: /home/ubuntu/ros2_ws/install/ydlidar_sdk/share/YDLIDAR_SDK/common/ydlidar_base.cmake
[6.789s] -- Up-to-date: /home/ubuntu/ros2_ws/install/ydlidar_sdk/share/YDLIDAR_SDK/common/ydlidar_parse.cmake
[6.790s] -- Up-to-date: /home/ubuntu/ros2_ws/install/ydlidar_sdk/share/YDLIDAR_SDK/LICENSE.txt
[6.791s] -- Up-to-date: /home/ubuntu/ros2_ws/install/ydlidar_sdk/share/YDLIDAR_SDK/README.md
[6.792s] -- Up-to-date: /home/ubuntu/ros2_ws/install/ydlidar_sdk/share/YDLIDAR_SDK/doc
[6.793s] -- Up-to-date: /home/ubuntu/ros2_ws/install/ydlidar_sdk/share/YDLIDAR_SDK/doc/FAQs
[6.793s] -- Up-to-date: /home/ubuntu/ros2_ws/install/ydlidar_sdk/share/YDLIDAR_SDK/doc/FAQs/Software_FAQs.md
[6.816s] -- Up-to-date: /home/ubuntu/ros2_ws/install/ydlidar_sdk/share/YDLIDAR_SDK/doc/FAQs/General_FAQs.md
[6.817s] -- Up-to-date: /home/ubuntu/ros2_ws/install/ydlidar_sdk/share/YDLIDAR_SDK/doc/FAQs/Hardware_FAQs.md
[6.819s] -- Up-to-date: /home/ubuntu/ros2_ws/install/ydlidar_sdk/share/YDLIDAR_SDK/doc/FAQs/README.md
[6.819s] -- Up-to-date: /home/ubuntu/ros2_ws/install/ydlidar_sdk/share/YDLIDAR_SDK/doc/FAQs/Software_FAQs_cn.md
[6.820s] -- Up-to-date: /home/ubuntu/ros2_ws/install/ydlidar_sdk/share/YDLIDAR_SDK/doc/FAQs/General_FAQs_cn.md
[6.821s] -- Up-to-date: /home/ubuntu/ros2_ws/install/ydlidar_sdk/share/YDLIDAR_SDK/doc/FAQs/Hardware_FAQs_cn.md
[6.821s] -- Up-to-date: /home/ubuntu/ros2_ws/install/ydlidar_sdk/share/YDLIDAR_SDK/doc/YDLidar_SDK_Communication_Protocol.pdf
[6.822s] -- Up-to-date: /home/ubuntu/ros2_ws/install/ydlidar_sdk/share/YDLIDAR_SDK/doc/tutorials
[6.823s] -- Up-to-date: /home/ubuntu/ros2_ws/install/ydlidar_sdk/share/YDLIDAR_SDK/doc/tutorials/writing_lidar_tutorial_python.md
[6.823s] -- Up-to-date: /home/ubuntu/ros2_ws/install/ydlidar_sdk/share/YDLIDAR_SDK/doc/tutorials/examine_the_simple_lidar_tutorial.md
[6.824s] -- Up-to-date: /home/ubuntu/ros2_ws/install/ydlidar_sdk/share/YDLIDAR_SDK/doc/tutorials/writing_lidar_network_adapter_tutorial_c++.md
[6.844s] -- Up-to-date: /home/ubuntu/ros2_ws/install/ydlidar_sdk/share/YDLIDAR_SDK/doc/tutorials/writing_lidar_tutorial_c.md
[6.845s] -- Up-to-date: /home/ubuntu/ros2_ws/install/ydlidar_sdk/share/YDLIDAR_SDK/doc/tutorials/writing_lidar_tutorial_c++.md
[6.846s] -- Up-to-date: /home/ubuntu/ros2_ws/install/ydlidar_sdk/share/YDLIDAR_SDK/doc/Diagram.md
[6.847s] -- Up-to-date: /home/ubuntu/ros2_ws/install/ydlidar_sdk/share/YDLIDAR_SDK/doc/YDLIDAR_SDK_API_for_Developers.md
[6.847s] -- Up-to-date: /home/ubuntu/ros2_ws/install/ydlidar_sdk/share/YDLIDAR_SDK/doc/Dataset.md
[6.848s] -- Up-to-date: /home/ubuntu/ros2_ws/install/ydlidar_sdk/share/YDLIDAR_SDK/doc/README.md
[6.848s] -- Up-to-date: /home/ubuntu/ros2_ws/install/ydlidar_sdk/share/YDLIDAR_SDK/doc/YDLidar-SDK-Communication-Protocol.html
[6.849s] -- Up-to-date: /home/ubuntu/ros2_ws/install/ydlidar_sdk/share/YDLIDAR_SDK/doc/YDLidar-SDK-Communication-Protocol.md
[6.849s] -- Up-to-date: /home/ubuntu/ros2_ws/install/ydlidar_sdk/share/YDLIDAR_SDK/doc/howto
[6.850s] -- Up-to-date: /home/ubuntu/ros2_ws/install/ydlidar_sdk/share/YDLIDAR_SDK/doc/howto/how_to_create_a_udev_rules.md
[6.851s] -- Up-to-date: /home/ubuntu/ros2_ws/install/ydlidar_sdk/share/YDLIDAR_SDK/doc/howto/how_to_build_and_install.md
[6.851s] -- Up-to-date: /home/ubuntu/ros2_ws/install/ydlidar_sdk/share/YDLIDAR_SDK/doc/howto/how_to_gerenrate_vs_project_by_cmake.md
[6.852s] -- Up-to-date: /home/ubuntu/ros2_ws/install/ydlidar_sdk/share/YDLIDAR_SDK/doc/howto/how_to_build_and_debug_using_vscode.md
[6.853s] -- Up-to-date: /home/ubuntu/ros2_ws/install/ydlidar_sdk/share/YDLIDAR_SDK/doc/howto/README.md
[6.853s] -- Up-to-date: /home/ubuntu/ros2_ws/install/ydlidar_sdk/share/YDLIDAR_SDK/doc/howto/how_to_create_a_csharp_project.md
[6.854s] -- Up-to-date: /home/ubuntu/ros2_ws/install/ydlidar_sdk/share/YDLIDAR_SDK/doc/howto/images
[6.871s] -- Up-to-date: /home/ubuntu/ros2_ws/install/ydlidar_sdk/share/YDLIDAR_SDK/doc/howto/images/csharp_running.png
[6.872s] -- Up-to-date: /home/ubuntu/ros2_ws/install/ydlidar_sdk/share/YDLIDAR_SDK/doc/howto/images/cpack.png
[6.872s] -- Up-to-date: /home/ubuntu/ros2_ws/install/ydlidar_sdk/share/YDLIDAR_SDK/doc/howto/images/csharp_exception.png
[6.873s] -- Up-to-date: /home/ubuntu/ros2_ws/install/ydlidar_sdk/share/YDLIDAR_SDK/doc/howto/images/ttyUSB1.png
[6.874s] -- Up-to-date: /home/ubuntu/ros2_ws/install/ydlidar_sdk/share/YDLIDAR_SDK/doc/howto/images/ydlidar_lidar_monitor.png
[6.874s] -- Up-to-date: /home/ubuntu/ros2_ws/install/ydlidar_sdk/share/YDLIDAR_SDK/doc/howto/images/ttyUSB0.png
[6.875s] -- Up-to-date: /home/ubuntu/ros2_ws/install/ydlidar_sdk/share/YDLIDAR_SDK/doc/howto/images/csharp_build.png
[6.876s] -- Up-to-date: /home/ubuntu/ros2_ws/install/ydlidar_sdk/share/YDLIDAR_SDK/doc/howto/images/csharp_project.png
[6.877s] -- Up-to-date: /home/ubuntu/ros2_ws/install/ydlidar_sdk/share/YDLIDAR_SDK/doc/howto/images/sequence.png
[6.878s] -- Up-to-date: /home/ubuntu/ros2_ws/install/ydlidar_sdk/share/YDLIDAR_SDK/doc/howto/images/csharp_library.png
[6.893s] -- Up-to-date: /home/ubuntu/ros2_ws/install/ydlidar_sdk/share/YDLIDAR_SDK/doc/howto/images/vscode
[6.894s] -- Up-to-date: /home/ubuntu/ros2_ws/install/ydlidar_sdk/share/YDLIDAR_SDK/doc/howto/images/vscode/run_tasks.jpg
[6.894s] -- Up-to-date: /home/ubuntu/ros2_ws/install/ydlidar_sdk/share/YDLIDAR_SDK/doc/howto/images/vscode/tasks.png
[6.895s] -- Up-to-date: /home/ubuntu/ros2_ws/install/ydlidar_sdk/share/YDLIDAR_SDK/doc/howto/images/sdk_init.png
[6.896s] -- Up-to-date: /home/ubuntu/ros2_ws/install/ydlidar_sdk/share/YDLIDAR_SDK/doc/howto/images/sdk_scanning.png
[6.897s] -- Up-to-date: /home/ubuntu/ros2_ws/install/ydlidar_sdk/share/YDLIDAR_SDK/doc/howto/how_to_solve_slow_pull_from_cn.md
[6.897s] -- Up-to-date: /home/ubuntu/ros2_ws/install/ydlidar_sdk/share/YDLIDAR_SDK/doc/howto/how_to_create_a_pull.md
[6.898s] -- Up-to-date: /home/ubuntu/ros2_ws/install/ydlidar_sdk/share/YDLIDAR_SDK/doc/YDLidar-SDK-Communication-Protocol.pdf
[6.899s] -- Up-to-date: /home/ubuntu/ros2_ws/install/ydlidar_sdk/share/YDLIDAR_SDK/doc/SDK.pdf
[6.900s] -- Up-to-date: /home/ubuntu/ros2_ws/install/ydlidar_sdk/share/YDLIDAR_SDK/doc/images
[6.901s] -- Up-to-date: /home/ubuntu/ros2_ws/install/ydlidar_sdk/share/YDLIDAR_SDK/doc/images/sdk_architecture.png
[6.901s] -- Up-to-date: /home/ubuntu/ros2_ws/install/ydlidar_sdk/share/YDLIDAR_SDK/doc/images/frame_intensity.png
[6.902s] -- Up-to-date: /home/ubuntu/ros2_ws/install/ydlidar_sdk/share/YDLIDAR_SDK/doc/images/FlowChart.png
[6.903s] -- Up-to-date: /home/ubuntu/ros2_ws/install/ydlidar_sdk/share/YDLIDAR_SDK/doc/images/frame.png
[6.904s] -- Up-to-date: /home/ubuntu/ros2_ws/install/ydlidar_sdk/share/YDLIDAR_SDK/doc/images/communication_mechanism.png
[6.905s] -- Up-to-date: /home/ubuntu/ros2_ws/install/ydlidar_sdk/share/YDLIDAR_SDK/doc/images/YDLidar.jpg
[6.905s] -- Up-to-date: /home/ubuntu/ros2_ws/install/ydlidar_sdk/share/YDLIDAR_SDK/doc/images/sequence.png
[6.906s] -- Up-to-date: /home/ubuntu/ros2_ws/install/ydlidar_sdk/share/YDLIDAR_SDK/doc/images/system_workflow.png
[6.943s] -- Up-to-date: /home/ubuntu/ros2_ws/install/ydlidar_sdk/share/YDLIDAR_SDK/doc/images/angle_q2.png
[6.943s] -- Up-to-date: /home/ubuntu/ros2_ws/install/ydlidar_sdk/share/YDLIDAR_SDK/doc/images/EAI.png
[6.944s] -- Up-to-date: /home/ubuntu/ros2_ws/install/ydlidar_sdk/share/YDLIDAR_SDK/doc/images/YDLidar.png
[6.945s] -- Up-to-date: /home/ubuntu/ros2_ws/install/ydlidar_sdk/share/YDLIDAR_SDK/doc/images/sdk_init.png
[6.945s] -- Up-to-date: /home/ubuntu/ros2_ws/install/ydlidar_sdk/share/YDLIDAR_SDK/doc/images/sdk_scanning.png
[6.946s] -- Up-to-date: /home/ubuntu/ros2_ws/install/ydlidar_sdk/share/YDLIDAR_SDK/doc/Tutorials.md
[6.947s] -- Up-to-date: /home/ubuntu/ros2_ws/install/ydlidar_sdk/share/YDLIDAR_SDK/doc/quickstart
[6.948s] -- Up-to-date: /home/ubuntu/ros2_ws/install/ydlidar_sdk/share/YDLIDAR_SDK/doc/quickstart/ydlidar_sdk_software_installation_guide.md
[6.948s] -- Up-to-date: /home/ubuntu/ros2_ws/install/ydlidar_sdk/share/YDLIDAR_SDK/doc/quickstart/README.md
[6.949s] -- Up-to-date: /home/ubuntu/ros2_ws/install/ydlidar_sdk/startup/initenv.sh
[6.950s] -- Up-to-date: /home/ubuntu/ros2_ws/install/ydlidar_sdk/bin/et_test
[6.951s] -- Up-to-date: /home/ubuntu/ros2_ws/install/ydlidar_sdk/bin/gs_ota
[6.952s] -- Up-to-date: /home/ubuntu/ros2_ws/install/ydlidar_sdk/bin/gs_test
[6.952s] -- Up-to-date: /home/ubuntu/ros2_ws/install/ydlidar_sdk/bin/scl_test
[6.953s] -- Up-to-date: /home/ubuntu/ros2_ws/install/ydlidar_sdk/bin/sdm_test
[6.953s] -- Up-to-date: /home/ubuntu/ros2_ws/install/ydlidar_sdk/bin/tea_test
[6.954s] -- Up-to-date: /home/ubuntu/ros2_ws/install/ydlidar_sdk/bin/tmini_test
[6.955s] -- Up-to-date: /home/ubuntu/ros2_ws/install/ydlidar_sdk/bin/tof_test
[6.955s] -- Up-to-date: /home/ubuntu/ros2_ws/install/ydlidar_sdk/bin/tri_and_gs_test
[6.956s] -- Up-to-date: /home/ubuntu/ros2_ws/install/ydlidar_sdk/bin/tri_restart
[6.956s] -- Up-to-date: /home/ubuntu/ros2_ws/install/ydlidar_sdk/bin/tri_test
[6.957s] -- Up-to-date: /home/ubuntu/ros2_ws/install/ydlidar_sdk/bin/lidar_c_api_test
[9.855s] Invoked command in '/home/ubuntu/ros2_ws/build/ydlidar_sdk' returned '0': /usr/bin/cmake --install /home/ubuntu/ros2_ws/build/ydlidar_sdk
