[2.087s] Invoking command in '/home/ubuntu/ros2_ws/build/ydlidar_ros2_driver': CMAKE_PREFIX_PATH=${CMAKE_PREFIX_PATH}:/opt/ros/foxy /usr/bin/cmake --build /home/ubuntu/ros2_ws/build/ydlidar_ros2_driver -- -j4 -l4
[3.046s] [ 50%] Built target ydlidar_ros2_driver_node
[3.113s] [100%] Built target ydlidar_ros2_driver_client
[3.451s] Invoked command in '/home/ubuntu/ros2_ws/build/ydlidar_ros2_driver' returned '0': CMAKE_PREFIX_PATH=${CMAKE_PREFIX_PATH}:/opt/ros/foxy /usr/bin/cmake --build /home/ubuntu/ros2_ws/build/ydlidar_ros2_driver -- -j4 -l4
[4.895s] Invoking command in '/home/ubuntu/ros2_ws/build/ydlidar_ros2_driver': CMAKE_PREFIX_PATH=${CMAKE_PREFIX_PATH}:/opt/ros/foxy /usr/bin/cmake --install /home/ubuntu/ros2_ws/build/ydlidar_ros2_driver
[5.015s] -- Install configuration: ""
[5.019s] -- Execute custom install script
[5.024s] -- Up-to-date symlink: /home/ubuntu/ros2_ws/install/ydlidar_ros2_driver/lib/ydlidar_ros2_driver/ydlidar_ros2_driver_node
[5.027s] -- Up-to-date symlink: /home/ubuntu/ros2_ws/install/ydlidar_ros2_driver/lib/ydlidar_ros2_driver/ydlidar_ros2_driver_client
[5.032s] -- Up-to-date symlink: /home/ubuntu/ros2_ws/install/ydlidar_ros2_driver/share/ydlidar_ros2_driver/launch/ydlidar.py
[5.035s] -- Up-to-date symlink: /home/ubuntu/ros2_ws/install/ydlidar_ros2_driver/share/ydlidar_ros2_driver/launch/ydlidar_launch.py
[5.038s] -- Up-to-date symlink: /home/ubuntu/ros2_ws/install/ydlidar_ros2_driver/share/ydlidar_ros2_driver/launch/ydlidar_launch_view.py
[5.042s] -- Up-to-date symlink: /home/ubuntu/ros2_ws/install/ydlidar_ros2_driver/share/ydlidar_ros2_driver/params/G1.yaml
[5.047s] -- Up-to-date symlink: /home/ubuntu/ros2_ws/install/ydlidar_ros2_driver/share/ydlidar_ros2_driver/params/G2.yaml
[5.050s] -- Up-to-date symlink: /home/ubuntu/ros2_ws/install/ydlidar_ros2_driver/share/ydlidar_ros2_driver/params/G6.yaml
[5.052s] -- Up-to-date symlink: /home/ubuntu/ros2_ws/install/ydlidar_ros2_driver/share/ydlidar_ros2_driver/params/TG.yaml
[5.055s] -- Up-to-date symlink: /home/ubuntu/ros2_ws/install/ydlidar_ros2_driver/share/ydlidar_ros2_driver/params/TminiPro.yaml
[5.058s] -- Up-to-date symlink: /home/ubuntu/ros2_ws/install/ydlidar_ros2_driver/share/ydlidar_ros2_driver/params/X4-Pro.yaml
[5.061s] -- Up-to-date symlink: /home/ubuntu/ros2_ws/install/ydlidar_ros2_driver/share/ydlidar_ros2_driver/params/X4.yaml
[5.064s] -- Up-to-date symlink: /home/ubuntu/ros2_ws/install/ydlidar_ros2_driver/share/ydlidar_ros2_driver/params/ydlidar.yaml
[5.068s] -- Up-to-date symlink: /home/ubuntu/ros2_ws/install/ydlidar_ros2_driver/share/ydlidar_ros2_driver/params/ydlidar1.yaml
[5.072s] -- Up-to-date symlink: /home/ubuntu/ros2_ws/install/ydlidar_ros2_driver/share/ydlidar_ros2_driver/startup/initenv.sh
[5.077s] -- Up-to-date symlink: /home/ubuntu/ros2_ws/install/ydlidar_ros2_driver/share/ydlidar_ros2_driver/config/ydlidar.rviz
[5.080s] -- Up-to-date symlink: /home/ubuntu/ros2_ws/install/ydlidar_ros2_driver/share/ament_index/resource_index/package_run_dependencies/ydlidar_ros2_driver
[5.084s] -- Up-to-date symlink: /home/ubuntu/ros2_ws/install/ydlidar_ros2_driver/share/ament_index/resource_index/parent_prefix_path/ydlidar_ros2_driver
[5.087s] -- Up-to-date symlink: /home/ubuntu/ros2_ws/install/ydlidar_ros2_driver/share/ydlidar_ros2_driver/environment/ament_prefix_path.sh
[5.090s] -- Up-to-date symlink: /home/ubuntu/ros2_ws/install/ydlidar_ros2_driver/share/ydlidar_ros2_driver/environment/ament_prefix_path.dsv
[5.094s] -- Up-to-date symlink: /home/ubuntu/ros2_ws/install/ydlidar_ros2_driver/share/ydlidar_ros2_driver/environment/path.sh
[5.097s] -- Up-to-date symlink: /home/ubuntu/ros2_ws/install/ydlidar_ros2_driver/share/ydlidar_ros2_driver/environment/path.dsv
[5.102s] -- Up-to-date symlink: /home/ubuntu/ros2_ws/install/ydlidar_ros2_driver/share/ydlidar_ros2_driver/local_setup.bash
[5.117s] -- Up-to-date symlink: /home/ubuntu/ros2_ws/install/ydlidar_ros2_driver/share/ydlidar_ros2_driver/local_setup.sh
[5.119s] -- Up-to-date symlink: /home/ubuntu/ros2_ws/install/ydlidar_ros2_driver/share/ydlidar_ros2_driver/local_setup.zsh
[5.121s] -- Up-to-date symlink: /home/ubuntu/ros2_ws/install/ydlidar_ros2_driver/share/ydlidar_ros2_driver/local_setup.dsv
[5.122s] -- Symlinking: /home/ubuntu/ros2_ws/install/ydlidar_ros2_driver/share/ydlidar_ros2_driver/package.dsv
[5.187s] -- Up-to-date symlink: /home/ubuntu/ros2_ws/install/ydlidar_ros2_driver/share/ament_index/resource_index/packages/ydlidar_ros2_driver
[5.189s] -- Up-to-date symlink: /home/ubuntu/ros2_ws/install/ydlidar_ros2_driver/share/ydlidar_ros2_driver/cmake/ydlidar_ros2_driverConfig.cmake
[5.191s] -- Up-to-date symlink: /home/ubuntu/ros2_ws/install/ydlidar_ros2_driver/share/ydlidar_ros2_driver/cmake/ydlidar_ros2_driverConfig-version.cmake
[5.194s] -- Up-to-date symlink: /home/ubuntu/ros2_ws/install/ydlidar_ros2_driver/share/ydlidar_ros2_driver/package.xml
[5.220s] Invoked command in '/home/ubuntu/ros2_ws/build/ydlidar_ros2_driver' returned '0': CMAKE_PREFIX_PATH=${CMAKE_PREFIX_PATH}:/opt/ros/foxy /usr/bin/cmake --install /home/ubuntu/ros2_ws/build/ydlidar_ros2_driver
