[2.433s] Invoking command in '/home/ubuntu/ros2_ws/build/diffdrive_arduino': CMAKE_PREFIX_PATH=/home/ubuntu/ros2_ws/install/serial:/home/ubuntu/ros2_ws/install/ydlidar_sdk:/home/ubuntu/ros2_ws/install/ydlidar_ros2_driver:/home/ubuntu/ros2_ws/install/sllidar_ros2:/home/ubuntu/ros2_ws/install/diffdrive_arduino:/home/ubuntu/ros2_ws/install/rplidar_ros:/home/ubuntu/ros2_ws/install/my_bot:/opt/ros/foxy /usr/bin/cmake --build /home/ubuntu/ros2_ws/build/diffdrive_arduino -- -j4 -l4
[2.749s] [ 42%] Built target fake_robot
[2.757s] [100%] Built target diffdrive_arduino
[2.802s] Invoked command in '/home/ubuntu/ros2_ws/build/diffdrive_arduino' returned '0': CMAKE_PREFIX_PATH=/home/ubuntu/ros2_ws/install/serial:/home/ubuntu/ros2_ws/install/ydlidar_sdk:/home/ubuntu/ros2_ws/install/ydlidar_ros2_driver:/home/ubuntu/ros2_ws/install/sllidar_ros2:/home/ubuntu/ros2_ws/install/diffdrive_arduino:/home/ubuntu/ros2_ws/install/rplidar_ros:/home/ubuntu/ros2_ws/install/my_bot:/opt/ros/foxy /usr/bin/cmake --build /home/ubuntu/ros2_ws/build/diffdrive_arduino -- -j4 -l4
[2.996s] Invoking command in '/home/ubuntu/ros2_ws/build/diffdrive_arduino': CMAKE_PREFIX_PATH=/home/ubuntu/ros2_ws/install/serial:/home/ubuntu/ros2_ws/install/ydlidar_sdk:/home/ubuntu/ros2_ws/install/ydlidar_ros2_driver:/home/ubuntu/ros2_ws/install/sllidar_ros2:/home/ubuntu/ros2_ws/install/diffdrive_arduino:/home/ubuntu/ros2_ws/install/rplidar_ros:/home/ubuntu/ros2_ws/install/my_bot:/opt/ros/foxy /usr/bin/cmake --install /home/ubuntu/ros2_ws/build/diffdrive_arduino
[3.035s] -- Install configuration: ""
[3.036s] -- Execute custom install script
[3.038s] -- Up-to-date symlink: /home/ubuntu/ros2_ws/install/diffdrive_arduino/share/diffdrive_arduino//robot_hardware.xml
[3.039s] -- Up-to-date symlink: /home/ubuntu/ros2_ws/install/diffdrive_arduino/share/diffdrive_arduino//fake_robot_hardware.xml
[3.040s] -- Up-to-date symlink: /home/ubuntu/ros2_ws/install/diffdrive_arduino/lib/libdiffdrive_arduino.so
[3.041s] -- Up-to-date symlink: /home/ubuntu/ros2_ws/install/diffdrive_arduino/lib/libfake_robot.so
[3.044s] -- Up-to-date symlink: /home/ubuntu/ros2_ws/install/diffdrive_arduino/share/diffdrive_arduino/controllers/robot_controller_example.yaml
[3.045s] -- Up-to-date symlink: /home/ubuntu/ros2_ws/install/diffdrive_arduino/share/diffdrive_arduino/fake_robot.launch.py
[3.046s] -- Up-to-date symlink: /home/ubuntu/ros2_ws/install/diffdrive_arduino/share/diffdrive_arduino/test_robot.launch.py
[3.048s] -- Up-to-date symlink: /home/ubuntu/ros2_ws/install/diffdrive_arduino/share/diffdrive_arduino/environment/library_path.sh
[3.049s] -- Up-to-date symlink: /home/ubuntu/ros2_ws/install/diffdrive_arduino/share/diffdrive_arduino/environment/library_path.dsv
[3.050s] -- Up-to-date symlink: /home/ubuntu/ros2_ws/install/diffdrive_arduino/share/ament_index/resource_index/package_run_dependencies/diffdrive_arduino
[3.052s] -- Up-to-date symlink: /home/ubuntu/ros2_ws/install/diffdrive_arduino/share/ament_index/resource_index/parent_prefix_path/diffdrive_arduino
[3.053s] -- Up-to-date symlink: /home/ubuntu/ros2_ws/install/diffdrive_arduino/share/diffdrive_arduino/environment/ament_prefix_path.sh
[3.054s] -- Up-to-date symlink: /home/ubuntu/ros2_ws/install/diffdrive_arduino/share/diffdrive_arduino/environment/ament_prefix_path.dsv
[3.056s] -- Up-to-date symlink: /home/ubuntu/ros2_ws/install/diffdrive_arduino/share/diffdrive_arduino/environment/path.sh
[3.057s] -- Up-to-date symlink: /home/ubuntu/ros2_ws/install/diffdrive_arduino/share/diffdrive_arduino/environment/path.dsv
[3.058s] -- Up-to-date symlink: /home/ubuntu/ros2_ws/install/diffdrive_arduino/share/diffdrive_arduino/local_setup.bash
[3.059s] -- Up-to-date symlink: /home/ubuntu/ros2_ws/install/diffdrive_arduino/share/diffdrive_arduino/local_setup.sh
[3.061s] -- Up-to-date symlink: /home/ubuntu/ros2_ws/install/diffdrive_arduino/share/diffdrive_arduino/local_setup.zsh
[3.062s] -- Up-to-date symlink: /home/ubuntu/ros2_ws/install/diffdrive_arduino/share/diffdrive_arduino/local_setup.dsv
[3.063s] -- Symlinking: /home/ubuntu/ros2_ws/install/diffdrive_arduino/share/diffdrive_arduino/package.dsv
[3.102s] -- Up-to-date symlink: /home/ubuntu/ros2_ws/install/diffdrive_arduino/share/ament_index/resource_index/packages/diffdrive_arduino
[3.104s] -- Up-to-date symlink: /home/ubuntu/ros2_ws/install/diffdrive_arduino/share/ament_index/resource_index/hardware_interface__pluginlib__plugin/diffdrive_arduino
[3.105s] -- Up-to-date symlink: /home/ubuntu/ros2_ws/install/diffdrive_arduino/share/diffdrive_arduino/cmake/ament_cmake_export_libraries-extras.cmake
[3.106s] -- Up-to-date symlink: /home/ubuntu/ros2_ws/install/diffdrive_arduino/share/diffdrive_arduino/cmake/ament_cmake_export_dependencies-extras.cmake
[3.107s] -- Up-to-date symlink: /home/ubuntu/ros2_ws/install/diffdrive_arduino/share/diffdrive_arduino/cmake/diffdrive_arduinoConfig.cmake
[3.108s] -- Up-to-date symlink: /home/ubuntu/ros2_ws/install/diffdrive_arduino/share/diffdrive_arduino/cmake/diffdrive_arduinoConfig-version.cmake
[3.110s] -- Up-to-date symlink: /home/ubuntu/ros2_ws/install/diffdrive_arduino/share/diffdrive_arduino/package.xml
[3.118s] Invoked command in '/home/ubuntu/ros2_ws/build/diffdrive_arduino' returned '0': CMAKE_PREFIX_PATH=/home/ubuntu/ros2_ws/install/serial:/home/ubuntu/ros2_ws/install/ydlidar_sdk:/home/ubuntu/ros2_ws/install/ydlidar_ros2_driver:/home/ubuntu/ros2_ws/install/sllidar_ros2:/home/ubuntu/ros2_ws/install/diffdrive_arduino:/home/ubuntu/ros2_ws/install/rplidar_ros:/home/ubuntu/ros2_ws/install/my_bot:/opt/ros/foxy /usr/bin/cmake --install /home/ubuntu/ros2_ws/build/diffdrive_arduino
