[9.340s] DEBUG:colcon:Command line arguments: ['/usr/bin/colcon', 'build', '--symlink-install']
[9.340s] DEBUG:colcon:Parsed command line arguments: Namespace(allow_overriding=[], ament_cmake_args=None, base_paths=['.'], build_base='build', catkin_cmake_args=None, catkin_skip_building_tests=False, cmake_args=None, cmake_clean_cache=False, cmake_clean_first=False, cmake_force_configure=False, cmake_target=None, cmake_target_skip_unavailable=False, continue_on_error=False, event_handlers=None, executor='parallel', ignore_user_meta=False, install_base='install', log_base=None, log_level=None, main=<bound method BuildVerb.main of <colcon_core.verb.build.BuildVerb object at 0xffffaa047be0>>, merge_install=False, metas=['./colcon.meta'], packages_above=None, packages_above_and_dependencies=None, packages_above_depth=None, packages_end=None, packages_ignore=None, packages_ignore_regex=None, packages_select=None, packages_select_build_failed=False, packages_select_by_dep=None, packages_select_regex=None, packages_select_test_failures=False, packages_skip=None, packages_skip_build_finished=False, packages_skip_by_dep=None, packages_skip_regex=None, packages_skip_test_passed=False, packages_skip_up_to=None, packages_start=None, packages_up_to=None, packages_up_to_regex=None, parallel_workers=4, paths=None, symlink_install=True, test_result_base=None, verb_extension=<colcon_core.verb.build.BuildVerb object at 0xffffaa047be0>, verb_name='build', verb_parser=<colcon_defaults.argument_parser.defaults.DefaultArgumentsDecorator object at 0xffffa9c57820>)
[9.832s] Level 1:colcon.colcon_core.package_discovery:discover_packages(colcon_meta) check parameters
[9.832s] Level 1:colcon.colcon_core.package_discovery:discover_packages(recursive) check parameters
[9.832s] Level 1:colcon.colcon_core.package_discovery:discover_packages(ignore) check parameters
[9.832s] Level 1:colcon.colcon_core.package_discovery:discover_packages(path) check parameters
[9.832s] Level 1:colcon.colcon_core.package_discovery:discover_packages(colcon_meta) discover
[9.833s] Level 1:colcon.colcon_core.package_discovery:discover_packages(recursive) discover
[9.833s] INFO:colcon.colcon_core.package_discovery:Crawling recursively for packages in '/home/ubuntu/ros2_ws'
[9.833s] Level 1:colcon.colcon_core.package_identification:_identify(.) by extensions ['ignore', 'ignore_ament_install']
[9.834s] Level 1:colcon.colcon_core.package_identification:_identify(.) by extension 'ignore'
[9.834s] Level 1:colcon.colcon_core.package_identification:_identify(.) by extension 'ignore_ament_install'
[9.834s] Level 1:colcon.colcon_core.package_identification:_identify(.) by extensions ['colcon_pkg']
[9.834s] Level 1:colcon.colcon_core.package_identification:_identify(.) by extension 'colcon_pkg'
[9.834s] Level 1:colcon.colcon_core.package_identification:_identify(.) by extensions ['colcon_meta']
[9.834s] Level 1:colcon.colcon_core.package_identification:_identify(.) by extension 'colcon_meta'
[9.835s] Level 1:colcon.colcon_core.package_identification:_identify(.) by extensions ['ros']
[9.835s] Level 1:colcon.colcon_core.package_identification:_identify(.) by extension 'ros'
[9.877s] Level 1:colcon.colcon_core.package_identification:_identify(.) by extensions ['cmake', 'python']
[9.877s] Level 1:colcon.colcon_core.package_identification:_identify(.) by extension 'cmake'
[9.877s] Level 1:colcon.colcon_core.package_identification:_identify(.) by extension 'python'
[9.878s] Level 1:colcon.colcon_core.package_identification:_identify(.) by extensions ['python_setup_py']
[9.878s] Level 1:colcon.colcon_core.package_identification:_identify(.) by extension 'python_setup_py'
[9.878s] Level 1:colcon.colcon_core.package_identification:_identify(build) by extensions ['ignore', 'ignore_ament_install']
[9.879s] Level 1:colcon.colcon_core.package_identification:_identify(build) by extension 'ignore'
[9.879s] Level 1:colcon.colcon_core.package_identification:_identify(build) ignored
[9.880s] Level 1:colcon.colcon_core.package_identification:_identify(install) by extensions ['ignore', 'ignore_ament_install']
[9.880s] Level 1:colcon.colcon_core.package_identification:_identify(install) by extension 'ignore'
[9.880s] Level 1:colcon.colcon_core.package_identification:_identify(install) ignored
[9.881s] Level 1:colcon.colcon_core.package_identification:_identify(log) by extensions ['ignore', 'ignore_ament_install']
[9.881s] Level 1:colcon.colcon_core.package_identification:_identify(log) by extension 'ignore'
[9.882s] Level 1:colcon.colcon_core.package_identification:_identify(log) ignored
[9.883s] Level 1:colcon.colcon_core.package_identification:_identify(src) by extensions ['ignore', 'ignore_ament_install']
[9.884s] Level 1:colcon.colcon_core.package_identification:_identify(src) by extension 'ignore'
[9.884s] Level 1:colcon.colcon_core.package_identification:_identify(src) by extension 'ignore_ament_install'
[9.884s] Level 1:colcon.colcon_core.package_identification:_identify(src) by extensions ['colcon_pkg']
[9.884s] Level 1:colcon.colcon_core.package_identification:_identify(src) by extension 'colcon_pkg'
[9.885s] Level 1:colcon.colcon_core.package_identification:_identify(src) by extensions ['colcon_meta']
[9.885s] Level 1:colcon.colcon_core.package_identification:_identify(src) by extension 'colcon_meta'
[9.885s] Level 1:colcon.colcon_core.package_identification:_identify(src) by extensions ['ros']
[9.885s] Level 1:colcon.colcon_core.package_identification:_identify(src) by extension 'ros'
[9.885s] Level 1:colcon.colcon_core.package_identification:_identify(src) by extensions ['cmake', 'python']
[9.886s] Level 1:colcon.colcon_core.package_identification:_identify(src) by extension 'cmake'
[9.886s] Level 1:colcon.colcon_core.package_identification:_identify(src) by extension 'python'
[9.886s] Level 1:colcon.colcon_core.package_identification:_identify(src) by extensions ['python_setup_py']
[9.886s] Level 1:colcon.colcon_core.package_identification:_identify(src) by extension 'python_setup_py'
[9.892s] Level 1:colcon.colcon_core.package_identification:_identify(src/YDLidar-SDK) by extensions ['ignore', 'ignore_ament_install']
[9.892s] Level 1:colcon.colcon_core.package_identification:_identify(src/YDLidar-SDK) by extension 'ignore'
[9.892s] Level 1:colcon.colcon_core.package_identification:_identify(src/YDLidar-SDK) by extension 'ignore_ament_install'
[9.893s] Level 1:colcon.colcon_core.package_identification:_identify(src/YDLidar-SDK) by extensions ['colcon_pkg']
[9.893s] Level 1:colcon.colcon_core.package_identification:_identify(src/YDLidar-SDK) by extension 'colcon_pkg'
[9.893s] Level 1:colcon.colcon_core.package_identification:_identify(src/YDLidar-SDK) by extensions ['colcon_meta']
[9.893s] Level 1:colcon.colcon_core.package_identification:_identify(src/YDLidar-SDK) by extension 'colcon_meta'
[9.893s] Level 1:colcon.colcon_core.package_identification:_identify(src/YDLidar-SDK) by extensions ['ros']
[9.893s] Level 1:colcon.colcon_core.package_identification:_identify(src/YDLidar-SDK) by extension 'ros'
[9.894s] Level 1:colcon.colcon_core.package_identification:_identify(src/YDLidar-SDK) by extensions ['cmake', 'python']
[9.894s] Level 1:colcon.colcon_core.package_identification:_identify(src/YDLidar-SDK) by extension 'cmake'
[10.075s] Level 1:colcon.colcon_core.package_identification:_identify(src/YDLidar-SDK) by extension 'python'
[10.076s] DEBUG:colcon.colcon_core.package_identification:Package 'src/YDLidar-SDK' with type 'cmake' and name 'ydlidar_sdk'
[10.077s] Level 1:colcon.colcon_core.package_identification:_identify(src/ydlidar_ros2_ws) by extensions ['ignore', 'ignore_ament_install']
[10.077s] Level 1:colcon.colcon_core.package_identification:_identify(src/ydlidar_ros2_ws) by extension 'ignore'
[10.078s] Level 1:colcon.colcon_core.package_identification:_identify(src/ydlidar_ros2_ws) by extension 'ignore_ament_install'
[10.078s] Level 1:colcon.colcon_core.package_identification:_identify(src/ydlidar_ros2_ws) by extensions ['colcon_pkg']
[10.078s] Level 1:colcon.colcon_core.package_identification:_identify(src/ydlidar_ros2_ws) by extension 'colcon_pkg'
[10.078s] Level 1:colcon.colcon_core.package_identification:_identify(src/ydlidar_ros2_ws) by extensions ['colcon_meta']
[10.078s] Level 1:colcon.colcon_core.package_identification:_identify(src/ydlidar_ros2_ws) by extension 'colcon_meta'
[10.079s] Level 1:colcon.colcon_core.package_identification:_identify(src/ydlidar_ros2_ws) by extensions ['ros']
[10.079s] Level 1:colcon.colcon_core.package_identification:_identify(src/ydlidar_ros2_ws) by extension 'ros'
[10.079s] Level 1:colcon.colcon_core.package_identification:_identify(src/ydlidar_ros2_ws) by extensions ['cmake', 'python']
[10.079s] Level 1:colcon.colcon_core.package_identification:_identify(src/ydlidar_ros2_ws) by extension 'cmake'
[10.079s] Level 1:colcon.colcon_core.package_identification:_identify(src/ydlidar_ros2_ws) by extension 'python'
[10.080s] Level 1:colcon.colcon_core.package_identification:_identify(src/ydlidar_ros2_ws) by extensions ['python_setup_py']
[10.080s] Level 1:colcon.colcon_core.package_identification:_identify(src/ydlidar_ros2_ws) by extension 'python_setup_py'
[10.081s] Level 1:colcon.colcon_core.package_identification:_identify(src/ydlidar_ros2_ws/src) by extensions ['ignore', 'ignore_ament_install']
[10.082s] Level 1:colcon.colcon_core.package_identification:_identify(src/ydlidar_ros2_ws/src) by extension 'ignore'
[10.082s] Level 1:colcon.colcon_core.package_identification:_identify(src/ydlidar_ros2_ws/src) by extension 'ignore_ament_install'
[10.083s] Level 1:colcon.colcon_core.package_identification:_identify(src/ydlidar_ros2_ws/src) by extensions ['colcon_pkg']
[10.083s] Level 1:colcon.colcon_core.package_identification:_identify(src/ydlidar_ros2_ws/src) by extension 'colcon_pkg'
[10.083s] Level 1:colcon.colcon_core.package_identification:_identify(src/ydlidar_ros2_ws/src) by extensions ['colcon_meta']
[10.083s] Level 1:colcon.colcon_core.package_identification:_identify(src/ydlidar_ros2_ws/src) by extension 'colcon_meta'
[10.083s] Level 1:colcon.colcon_core.package_identification:_identify(src/ydlidar_ros2_ws/src) by extensions ['ros']
[10.084s] Level 1:colcon.colcon_core.package_identification:_identify(src/ydlidar_ros2_ws/src) by extension 'ros'
[10.084s] Level 1:colcon.colcon_core.package_identification:_identify(src/ydlidar_ros2_ws/src) by extensions ['cmake', 'python']
[10.084s] Level 1:colcon.colcon_core.package_identification:_identify(src/ydlidar_ros2_ws/src) by extension 'cmake'
[10.084s] Level 1:colcon.colcon_core.package_identification:_identify(src/ydlidar_ros2_ws/src) by extension 'python'
[10.084s] Level 1:colcon.colcon_core.package_identification:_identify(src/ydlidar_ros2_ws/src) by extensions ['python_setup_py']
[10.085s] Level 1:colcon.colcon_core.package_identification:_identify(src/ydlidar_ros2_ws/src) by extension 'python_setup_py'
[10.086s] Level 1:colcon.colcon_core.package_identification:_identify(src/ydlidar_ros2_ws/src/ydlidar_ros2_driver) by extensions ['ignore', 'ignore_ament_install']
[10.086s] Level 1:colcon.colcon_core.package_identification:_identify(src/ydlidar_ros2_ws/src/ydlidar_ros2_driver) by extension 'ignore'
[10.086s] Level 1:colcon.colcon_core.package_identification:_identify(src/ydlidar_ros2_ws/src/ydlidar_ros2_driver) by extension 'ignore_ament_install'
[10.087s] Level 1:colcon.colcon_core.package_identification:_identify(src/ydlidar_ros2_ws/src/ydlidar_ros2_driver) by extensions ['colcon_pkg']
[10.087s] Level 1:colcon.colcon_core.package_identification:_identify(src/ydlidar_ros2_ws/src/ydlidar_ros2_driver) by extension 'colcon_pkg'
[10.087s] Level 1:colcon.colcon_core.package_identification:_identify(src/ydlidar_ros2_ws/src/ydlidar_ros2_driver) by extensions ['colcon_meta']
[10.087s] Level 1:colcon.colcon_core.package_identification:_identify(src/ydlidar_ros2_ws/src/ydlidar_ros2_driver) by extension 'colcon_meta'
[10.087s] Level 1:colcon.colcon_core.package_identification:_identify(src/ydlidar_ros2_ws/src/ydlidar_ros2_driver) by extensions ['ros']
[10.087s] Level 1:colcon.colcon_core.package_identification:_identify(src/ydlidar_ros2_ws/src/ydlidar_ros2_driver) by extension 'ros'
[10.104s] DEBUG:colcon.colcon_core.package_identification:Package 'src/ydlidar_ros2_ws/src/ydlidar_ros2_driver' with type 'ros.ament_cmake' and name 'ydlidar_ros2_driver'
[10.104s] Level 1:colcon.colcon_core.package_discovery:discover_packages(recursive) using defaults
[10.105s] Level 1:colcon.colcon_core.package_discovery:discover_packages(ignore) discover
[10.105s] Level 1:colcon.colcon_core.package_discovery:discover_packages(ignore) using defaults
[10.105s] Level 1:colcon.colcon_core.package_discovery:discover_packages(path) discover
[10.105s] Level 1:colcon.colcon_core.package_discovery:discover_packages(path) using defaults
[10.974s] Level 1:colcon.colcon_core.package_discovery:discover_packages(prefix_path) check parameters
[10.975s] Level 1:colcon.colcon_core.package_discovery:discover_packages(prefix_path) discover
[11.306s] DEBUG:colcon.colcon_installed_package_information.package_discovery:Found 265 installed packages in /opt/ros/foxy
[11.313s] Level 1:colcon.colcon_core.package_discovery:discover_packages(prefix_path) using defaults
[12.055s] Level 5:colcon.colcon_core.verb:set package 'ydlidar_ros2_driver' build argument 'cmake_args' from command line to 'None'
[12.055s] Level 5:colcon.colcon_core.verb:set package 'ydlidar_ros2_driver' build argument 'cmake_target' from command line to 'None'
[12.055s] Level 5:colcon.colcon_core.verb:set package 'ydlidar_ros2_driver' build argument 'cmake_target_skip_unavailable' from command line to 'False'
[12.055s] Level 5:colcon.colcon_core.verb:set package 'ydlidar_ros2_driver' build argument 'cmake_clean_cache' from command line to 'False'
[12.055s] Level 5:colcon.colcon_core.verb:set package 'ydlidar_ros2_driver' build argument 'cmake_clean_first' from command line to 'False'
[12.056s] Level 5:colcon.colcon_core.verb:set package 'ydlidar_ros2_driver' build argument 'cmake_force_configure' from command line to 'False'
[12.056s] Level 5:colcon.colcon_core.verb:set package 'ydlidar_ros2_driver' build argument 'ament_cmake_args' from command line to 'None'
[12.056s] Level 5:colcon.colcon_core.verb:set package 'ydlidar_ros2_driver' build argument 'catkin_cmake_args' from command line to 'None'
[12.056s] Level 5:colcon.colcon_core.verb:set package 'ydlidar_ros2_driver' build argument 'catkin_skip_building_tests' from command line to 'False'
[12.056s] DEBUG:colcon.colcon_core.verb:Building package 'ydlidar_ros2_driver' with the following arguments: {'ament_cmake_args': None, 'build_base': '/home/ubuntu/ros2_ws/build/ydlidar_ros2_driver', 'catkin_cmake_args': None, 'catkin_skip_building_tests': False, 'cmake_args': None, 'cmake_clean_cache': False, 'cmake_clean_first': False, 'cmake_force_configure': False, 'cmake_target': None, 'cmake_target_skip_unavailable': False, 'install_base': '/home/ubuntu/ros2_ws/install/ydlidar_ros2_driver', 'merge_install': False, 'path': '/home/ubuntu/ros2_ws/src/ydlidar_ros2_ws/src/ydlidar_ros2_driver', 'symlink_install': True, 'test_result_base': None}
[12.211s] Level 5:colcon.colcon_core.verb:set package 'ydlidar_sdk' build argument 'cmake_args' from command line to 'None'
[12.212s] Level 5:colcon.colcon_core.verb:set package 'ydlidar_sdk' build argument 'cmake_target' from command line to 'None'
[12.212s] Level 5:colcon.colcon_core.verb:set package 'ydlidar_sdk' build argument 'cmake_target_skip_unavailable' from command line to 'False'
[12.212s] Level 5:colcon.colcon_core.verb:set package 'ydlidar_sdk' build argument 'cmake_clean_cache' from command line to 'False'
[12.212s] Level 5:colcon.colcon_core.verb:set package 'ydlidar_sdk' build argument 'cmake_clean_first' from command line to 'False'
[12.212s] Level 5:colcon.colcon_core.verb:set package 'ydlidar_sdk' build argument 'cmake_force_configure' from command line to 'False'
[12.212s] Level 5:colcon.colcon_core.verb:set package 'ydlidar_sdk' build argument 'ament_cmake_args' from command line to 'None'
[12.212s] Level 5:colcon.colcon_core.verb:set package 'ydlidar_sdk' build argument 'catkin_cmake_args' from command line to 'None'
[12.212s] Level 5:colcon.colcon_core.verb:set package 'ydlidar_sdk' build argument 'catkin_skip_building_tests' from command line to 'False'
[12.212s] DEBUG:colcon.colcon_core.verb:Building package 'ydlidar_sdk' with the following arguments: {'ament_cmake_args': None, 'build_base': '/home/ubuntu/ros2_ws/build/ydlidar_sdk', 'catkin_cmake_args': None, 'catkin_skip_building_tests': False, 'cmake_args': None, 'cmake_clean_cache': False, 'cmake_clean_first': False, 'cmake_force_configure': False, 'cmake_target': None, 'cmake_target_skip_unavailable': False, 'install_base': '/home/ubuntu/ros2_ws/install/ydlidar_sdk', 'merge_install': False, 'path': '/home/ubuntu/ros2_ws/src/YDLidar-SDK', 'symlink_install': True, 'test_result_base': None}
[12.364s] INFO:colcon.colcon_core.executor:Executing jobs using 'parallel' executor
[12.526s] DEBUG:colcon.colcon_parallel_executor.executor.parallel:run_until_complete
[12.527s] INFO:colcon.colcon_ros.task.ament_cmake.build:Building ROS package in '/home/ubuntu/ros2_ws/src/ydlidar_ros2_ws/src/ydlidar_ros2_driver' with build type 'ament_cmake'
[12.528s] INFO:colcon.colcon_cmake.task.cmake.build:Building CMake package in '/home/ubuntu/ros2_ws/src/ydlidar_ros2_ws/src/ydlidar_ros2_driver'
[12.735s] INFO:colcon.colcon_core.plugin_system:Skipping extension 'colcon_core.shell.bat': Not used on non-Windows systems
[12.736s] INFO:colcon.colcon_core.shell:Skip shell extension 'powershell' for command environment: Not usable outside of PowerShell
[12.736s] DEBUG:colcon.colcon_core.shell:Skip shell extension 'dsv' for command environment
[13.095s] INFO:colcon.colcon_cmake.task.cmake.build:Building CMake package in '/home/ubuntu/ros2_ws/src/YDLidar-SDK'
[13.286s] INFO:colcon.colcon_core.shell:Skip shell extension 'powershell' for command environment: Not usable outside of PowerShell
[13.287s] DEBUG:colcon.colcon_core.shell:Skip shell extension 'dsv' for command environment
[13.662s] DEBUG:colcon.colcon_core.event_handler.log_command:Invoking command in '/home/ubuntu/ros2_ws/build/ydlidar_ros2_driver': CMAKE_PREFIX_PATH=/opt/ros/foxy /usr/bin/cmake --build /home/ubuntu/ros2_ws/build/ydlidar_ros2_driver -- -j4 -l4
[13.721s] DEBUG:colcon.colcon_core.event_handler.log_command:Invoking command in '/home/ubuntu/ros2_ws/build/ydlidar_sdk': /usr/bin/cmake --build /home/ubuntu/ros2_ws/build/ydlidar_sdk -- -j4 -l4
[14.532s] DEBUG:colcon.colcon_core.event_handler.log_command:Invoked command in '/home/ubuntu/ros2_ws/build/ydlidar_ros2_driver' returned '0': CMAKE_PREFIX_PATH=/opt/ros/foxy /usr/bin/cmake --build /home/ubuntu/ros2_ws/build/ydlidar_ros2_driver -- -j4 -l4
[14.860s] DEBUG:colcon.colcon_core.event_handler.log_command:Invoking command in '/home/ubuntu/ros2_ws/build/ydlidar_ros2_driver': CMAKE_PREFIX_PATH=/opt/ros/foxy /usr/bin/cmake --install /home/ubuntu/ros2_ws/build/ydlidar_ros2_driver
[14.876s] DEBUG:colcon.colcon_core.event_handler.log_command:Invoked command in '/home/ubuntu/ros2_ws/build/ydlidar_sdk' returned '0': /usr/bin/cmake --build /home/ubuntu/ros2_ws/build/ydlidar_sdk -- -j4 -l4
[15.040s] Level 1:colcon.colcon_core.environment:create_environment_scripts_only(ydlidar_ros2_driver)
[15.042s] DEBUG:colcon.colcon_core.event_handler.log_command:Invoked command in '/home/ubuntu/ros2_ws/build/ydlidar_ros2_driver' returned '0': CMAKE_PREFIX_PATH=/opt/ros/foxy /usr/bin/cmake --install /home/ubuntu/ros2_ws/build/ydlidar_ros2_driver
[15.278s] Level 1:colcon.colcon_core.environment:checking '/home/ubuntu/ros2_ws/install/ydlidar_ros2_driver' for CMake module files
[15.283s] Level 1:colcon.colcon_core.environment:checking '/home/ubuntu/ros2_ws/install/ydlidar_ros2_driver' for CMake config files
[15.288s] Level 1:colcon.colcon_core.shell:create_environment_hook('ydlidar_ros2_driver', 'cmake_prefix_path')
[15.458s] INFO:colcon.colcon_core.shell:Creating environment hook '/home/ubuntu/ros2_ws/install/ydlidar_ros2_driver/share/ydlidar_ros2_driver/hook/cmake_prefix_path.ps1'
[15.462s] INFO:colcon.colcon_core.shell:Creating environment descriptor '/home/ubuntu/ros2_ws/install/ydlidar_ros2_driver/share/ydlidar_ros2_driver/hook/cmake_prefix_path.dsv'
[15.465s] INFO:colcon.colcon_core.shell:Creating environment hook '/home/ubuntu/ros2_ws/install/ydlidar_ros2_driver/share/ydlidar_ros2_driver/hook/cmake_prefix_path.sh'
[15.469s] Level 1:colcon.colcon_core.environment:checking '/home/ubuntu/ros2_ws/install/ydlidar_ros2_driver/lib'
[15.470s] Level 1:colcon.colcon_core.environment:checking '/home/ubuntu/ros2_ws/install/ydlidar_ros2_driver/bin'
[15.471s] Level 1:colcon.colcon_core.environment:checking '/home/ubuntu/ros2_ws/install/ydlidar_ros2_driver/lib/pkgconfig/ydlidar_ros2_driver.pc'
[15.472s] Level 1:colcon.colcon_core.environment:checking '/home/ubuntu/ros2_ws/install/ydlidar_ros2_driver/lib/python3.8/site-packages'
[15.473s] Level 1:colcon.colcon_core.environment:checking '/home/ubuntu/ros2_ws/install/ydlidar_ros2_driver/bin'
[15.647s] INFO:colcon.colcon_core.shell:Creating package script '/home/ubuntu/ros2_ws/install/ydlidar_ros2_driver/share/ydlidar_ros2_driver/package.ps1'
[15.652s] INFO:colcon.colcon_core.shell:Creating package descriptor '/home/ubuntu/ros2_ws/install/ydlidar_ros2_driver/share/ydlidar_ros2_driver/package.dsv'
[15.658s] INFO:colcon.colcon_core.shell:Creating package script '/home/ubuntu/ros2_ws/install/ydlidar_ros2_driver/share/ydlidar_ros2_driver/package.sh'
[15.662s] INFO:colcon.colcon_core.shell:Creating package script '/home/ubuntu/ros2_ws/install/ydlidar_ros2_driver/share/ydlidar_ros2_driver/package.bash'
[15.666s] INFO:colcon.colcon_core.shell:Creating package script '/home/ubuntu/ros2_ws/install/ydlidar_ros2_driver/share/ydlidar_ros2_driver/package.zsh'
[15.671s] Level 1:colcon.colcon_core.environment:create_file_with_runtime_dependencies(/home/ubuntu/ros2_ws/install/ydlidar_ros2_driver/share/colcon-core/packages/ydlidar_ros2_driver)
[15.699s] DEBUG:colcon.colcon_core.event_handler.log_command:Invoking command in '/home/ubuntu/ros2_ws/build/ydlidar_sdk': /usr/bin/cmake --install /home/ubuntu/ros2_ws/build/ydlidar_sdk
[16.007s] Level 1:colcon.colcon_core.environment:create_environment_scripts_only(ydlidar_ros2_driver)
[16.184s] Level 1:colcon.colcon_core.environment:checking '/home/ubuntu/ros2_ws/install/ydlidar_ros2_driver' for CMake module files
[16.187s] Level 1:colcon.colcon_core.environment:checking '/home/ubuntu/ros2_ws/install/ydlidar_ros2_driver' for CMake config files
[16.190s] Level 1:colcon.colcon_core.shell:create_environment_hook('ydlidar_ros2_driver', 'cmake_prefix_path')
[16.360s] INFO:colcon.colcon_core.shell:Creating environment hook '/home/ubuntu/ros2_ws/install/ydlidar_ros2_driver/share/ydlidar_ros2_driver/hook/cmake_prefix_path.ps1'
[16.363s] INFO:colcon.colcon_core.shell:Creating environment descriptor '/home/ubuntu/ros2_ws/install/ydlidar_ros2_driver/share/ydlidar_ros2_driver/hook/cmake_prefix_path.dsv'
[16.364s] INFO:colcon.colcon_core.shell:Creating environment hook '/home/ubuntu/ros2_ws/install/ydlidar_ros2_driver/share/ydlidar_ros2_driver/hook/cmake_prefix_path.sh'
[16.367s] Level 1:colcon.colcon_core.environment:checking '/home/ubuntu/ros2_ws/install/ydlidar_ros2_driver/lib'
[16.367s] Level 1:colcon.colcon_core.environment:checking '/home/ubuntu/ros2_ws/install/ydlidar_ros2_driver/bin'
[16.367s] Level 1:colcon.colcon_core.environment:checking '/home/ubuntu/ros2_ws/install/ydlidar_ros2_driver/lib/pkgconfig/ydlidar_ros2_driver.pc'
[16.368s] Level 1:colcon.colcon_core.environment:checking '/home/ubuntu/ros2_ws/install/ydlidar_ros2_driver/lib/python3.8/site-packages'
[16.369s] Level 1:colcon.colcon_core.environment:checking '/home/ubuntu/ros2_ws/install/ydlidar_ros2_driver/bin'
[16.543s] INFO:colcon.colcon_core.shell:Creating package script '/home/ubuntu/ros2_ws/install/ydlidar_ros2_driver/share/ydlidar_ros2_driver/package.ps1'
[16.545s] INFO:colcon.colcon_core.shell:Creating package descriptor '/home/ubuntu/ros2_ws/install/ydlidar_ros2_driver/share/ydlidar_ros2_driver/package.dsv'
[16.548s] INFO:colcon.colcon_core.shell:Creating package script '/home/ubuntu/ros2_ws/install/ydlidar_ros2_driver/share/ydlidar_ros2_driver/package.sh'
[16.550s] INFO:colcon.colcon_core.shell:Creating package script '/home/ubuntu/ros2_ws/install/ydlidar_ros2_driver/share/ydlidar_ros2_driver/package.bash'
[16.552s] INFO:colcon.colcon_core.shell:Creating package script '/home/ubuntu/ros2_ws/install/ydlidar_ros2_driver/share/ydlidar_ros2_driver/package.zsh'
[16.554s] Level 1:colcon.colcon_core.environment:create_file_with_runtime_dependencies(/home/ubuntu/ros2_ws/install/ydlidar_ros2_driver/share/colcon-core/packages/ydlidar_ros2_driver)
[16.558s] Level 1:colcon.colcon_core.environment:create_environment_scripts_only(ydlidar_sdk)
[16.560s] DEBUG:colcon.colcon_core.event_handler.log_command:Invoked command in '/home/ubuntu/ros2_ws/build/ydlidar_sdk' returned '0': /usr/bin/cmake --install /home/ubuntu/ros2_ws/build/ydlidar_sdk
[16.747s] Level 1:colcon.colcon_core.environment:checking '/home/ubuntu/ros2_ws/install/ydlidar_sdk' for CMake module files
[16.751s] Level 1:colcon.colcon_core.environment:checking '/home/ubuntu/ros2_ws/install/ydlidar_sdk' for CMake config files
[16.753s] Level 1:colcon.colcon_core.shell:create_environment_hook('ydlidar_sdk', 'cmake_prefix_path')
[16.922s] INFO:colcon.colcon_core.shell:Creating environment hook '/home/ubuntu/ros2_ws/install/ydlidar_sdk/share/ydlidar_sdk/hook/cmake_prefix_path.ps1'
[16.925s] INFO:colcon.colcon_core.shell:Creating environment descriptor '/home/ubuntu/ros2_ws/install/ydlidar_sdk/share/ydlidar_sdk/hook/cmake_prefix_path.dsv'
[16.927s] INFO:colcon.colcon_core.shell:Creating environment hook '/home/ubuntu/ros2_ws/install/ydlidar_sdk/share/ydlidar_sdk/hook/cmake_prefix_path.sh'
[16.930s] Level 1:colcon.colcon_core.environment:checking '/home/ubuntu/ros2_ws/install/ydlidar_sdk/lib'
[16.931s] Level 1:colcon.colcon_core.environment:checking '/home/ubuntu/ros2_ws/install/ydlidar_sdk/bin'
[16.931s] Level 1:colcon.colcon_core.shell:create_environment_hook('ydlidar_sdk', 'path')
[17.094s] INFO:colcon.colcon_core.shell:Creating environment hook '/home/ubuntu/ros2_ws/install/ydlidar_sdk/share/ydlidar_sdk/hook/path.ps1'
[17.096s] INFO:colcon.colcon_core.shell:Creating environment descriptor '/home/ubuntu/ros2_ws/install/ydlidar_sdk/share/ydlidar_sdk/hook/path.dsv'
[17.098s] INFO:colcon.colcon_core.shell:Creating environment hook '/home/ubuntu/ros2_ws/install/ydlidar_sdk/share/ydlidar_sdk/hook/path.sh'
[17.100s] Level 1:colcon.colcon_core.environment:checking '/home/ubuntu/ros2_ws/install/ydlidar_sdk/lib/pkgconfig/ydlidar_sdk.pc'
[17.100s] Level 1:colcon.colcon_core.environment:checking '/home/ubuntu/ros2_ws/install/ydlidar_sdk/lib/python3.8/site-packages'
[17.101s] Level 1:colcon.colcon_core.environment:checking '/home/ubuntu/ros2_ws/install/ydlidar_sdk/bin'
[17.102s] Level 1:colcon.colcon_core.shell:create_environment_hook('ydlidar_sdk', 'pythonscriptspath')
[17.269s] INFO:colcon.colcon_core.shell:Creating environment hook '/home/ubuntu/ros2_ws/install/ydlidar_sdk/share/ydlidar_sdk/hook/pythonscriptspath.ps1'
[17.271s] INFO:colcon.colcon_core.shell:Creating environment descriptor '/home/ubuntu/ros2_ws/install/ydlidar_sdk/share/ydlidar_sdk/hook/pythonscriptspath.dsv'
[17.273s] INFO:colcon.colcon_core.shell:Creating environment hook '/home/ubuntu/ros2_ws/install/ydlidar_sdk/share/ydlidar_sdk/hook/pythonscriptspath.sh'
[17.447s] INFO:colcon.colcon_core.shell:Creating package script '/home/ubuntu/ros2_ws/install/ydlidar_sdk/share/ydlidar_sdk/package.ps1'
[17.452s] INFO:colcon.colcon_core.shell:Creating package descriptor '/home/ubuntu/ros2_ws/install/ydlidar_sdk/share/ydlidar_sdk/package.dsv'
[17.455s] INFO:colcon.colcon_core.shell:Creating package script '/home/ubuntu/ros2_ws/install/ydlidar_sdk/share/ydlidar_sdk/package.sh'
[17.457s] INFO:colcon.colcon_core.shell:Creating package script '/home/ubuntu/ros2_ws/install/ydlidar_sdk/share/ydlidar_sdk/package.bash'
[17.459s] INFO:colcon.colcon_core.shell:Creating package script '/home/ubuntu/ros2_ws/install/ydlidar_sdk/share/ydlidar_sdk/package.zsh'
[17.460s] Level 1:colcon.colcon_core.environment:create_file_with_runtime_dependencies(/home/ubuntu/ros2_ws/install/ydlidar_sdk/share/colcon-core/packages/ydlidar_sdk)
[17.463s] DEBUG:colcon.colcon_parallel_executor.executor.parallel:closing loop
[17.464s] DEBUG:colcon.colcon_parallel_executor.executor.parallel:loop closed
[17.464s] DEBUG:colcon.colcon_parallel_executor.executor.parallel:run_until_complete finished with '0'
[17.465s] DEBUG:colcon.colcon_core.event_reactor:joining thread
[17.667s] INFO:colcon.colcon_core.plugin_system:Skipping extension 'colcon_notification.desktop_notification.terminal_notifier': Not used on non-Darwin systems
[17.667s] INFO:colcon.colcon_core.plugin_system:Skipping extension 'colcon_notification.desktop_notification.win32': Not used on non-Windows systems
[17.667s] INFO:colcon.colcon_notification.desktop_notification:Sending desktop notification using 'notify2'
[17.758s] DEBUG:colcon.colcon_core.event_reactor:joined thread
[18.007s] INFO:colcon.colcon_core.shell:Creating prefix script '/home/ubuntu/ros2_ws/install/local_setup.ps1'
[18.012s] INFO:colcon.colcon_core.shell:Creating prefix util module '/home/ubuntu/ros2_ws/install/_local_setup_util_ps1.py'
[18.018s] INFO:colcon.colcon_core.shell:Creating prefix chain script '/home/ubuntu/ros2_ws/install/setup.ps1'
[18.182s] INFO:colcon.colcon_core.shell:Creating prefix script '/home/ubuntu/ros2_ws/install/local_setup.sh'
[18.186s] INFO:colcon.colcon_core.shell:Creating prefix util module '/home/ubuntu/ros2_ws/install/_local_setup_util_sh.py'
[18.188s] INFO:colcon.colcon_core.shell:Creating prefix chain script '/home/ubuntu/ros2_ws/install/setup.sh'
[18.349s] INFO:colcon.colcon_core.shell:Creating prefix script '/home/ubuntu/ros2_ws/install/local_setup.bash'
[18.352s] INFO:colcon.colcon_core.shell:Creating prefix chain script '/home/ubuntu/ros2_ws/install/setup.bash'
[18.515s] INFO:colcon.colcon_core.shell:Creating prefix script '/home/ubuntu/ros2_ws/install/local_setup.zsh'
[18.518s] INFO:colcon.colcon_core.shell:Creating prefix chain script '/home/ubuntu/ros2_ws/install/setup.zsh'
