[1.088s] Invoking command in '/home/ubuntu/ros2_ws/build/ydlidar_ros2_driver': CMAKE_PREFIX_PATH=/opt/ros/foxy /usr/bin/cmake --build /home/ubuntu/ros2_ws/build/ydlidar_ros2_driver -- -j4 -l4
[1.941s] [ 50%] Built target ydlidar_ros2_driver_node
[1.989s] [100%] Built target ydlidar_ros2_driver_client
[2.090s] Invoked command in '/home/ubuntu/ros2_ws/build/ydlidar_ros2_driver' returned '0': CMAKE_PREFIX_PATH=/opt/ros/foxy /usr/bin/cmake --build /home/ubuntu/ros2_ws/build/ydlidar_ros2_driver -- -j4 -l4
[2.969s] Invoking command in '/home/ubuntu/ros2_ws/build/ydlidar_ros2_driver': CMAKE_PREFIX_PATH=/opt/ros/foxy /usr/bin/cmake --install /home/ubuntu/ros2_ws/build/ydlidar_ros2_driver
[3.012s] -- Install configuration: ""
[3.019s] -- Execute custom install script
[3.027s] -- Up-to-date symlink: /home/ubuntu/ros2_ws/install/ydlidar_ros2_driver/lib/ydlidar_ros2_driver/ydlidar_ros2_driver_node
[3.029s] -- Up-to-date symlink: /home/ubuntu/ros2_ws/install/ydlidar_ros2_driver/lib/ydlidar_ros2_driver/ydlidar_ros2_driver_client
[3.037s] -- Up-to-date symlink: /home/ubuntu/ros2_ws/install/ydlidar_ros2_driver/share/ydlidar_ros2_driver/launch/ydlidar.py
[3.038s] -- Up-to-date symlink: /home/ubuntu/ros2_ws/install/ydlidar_ros2_driver/share/ydlidar_ros2_driver/launch/ydlidar_launch.py
[3.041s] -- Up-to-date symlink: /home/ubuntu/ros2_ws/install/ydlidar_ros2_driver/share/ydlidar_ros2_driver/launch/ydlidar_launch_view.py
[3.046s] -- Up-to-date symlink: /home/ubuntu/ros2_ws/install/ydlidar_ros2_driver/share/ydlidar_ros2_driver/params/G1.yaml
[3.048s] -- Up-to-date symlink: /home/ubuntu/ros2_ws/install/ydlidar_ros2_driver/share/ydlidar_ros2_driver/params/G2.yaml
[3.051s] -- Up-to-date symlink: /home/ubuntu/ros2_ws/install/ydlidar_ros2_driver/share/ydlidar_ros2_driver/params/G6.yaml
[3.053s] -- Up-to-date symlink: /home/ubuntu/ros2_ws/install/ydlidar_ros2_driver/share/ydlidar_ros2_driver/params/TG.yaml
[3.054s] -- Up-to-date symlink: /home/ubuntu/ros2_ws/install/ydlidar_ros2_driver/share/ydlidar_ros2_driver/params/TminiPro.yaml
[3.056s] -- Up-to-date symlink: /home/ubuntu/ros2_ws/install/ydlidar_ros2_driver/share/ydlidar_ros2_driver/params/X4-Pro.yaml
[3.058s] -- Up-to-date symlink: /home/ubuntu/ros2_ws/install/ydlidar_ros2_driver/share/ydlidar_ros2_driver/params/X4.yaml
[3.059s] -- Up-to-date symlink: /home/ubuntu/ros2_ws/install/ydlidar_ros2_driver/share/ydlidar_ros2_driver/params/ydlidar.yaml
[3.062s] -- Up-to-date symlink: /home/ubuntu/ros2_ws/install/ydlidar_ros2_driver/share/ydlidar_ros2_driver/params/ydlidar1.yaml
[3.066s] -- Up-to-date symlink: /home/ubuntu/ros2_ws/install/ydlidar_ros2_driver/share/ydlidar_ros2_driver/startup/initenv.sh
[3.072s] -- Up-to-date symlink: /home/ubuntu/ros2_ws/install/ydlidar_ros2_driver/share/ydlidar_ros2_driver/config/ydlidar.rviz
[3.092s] -- Up-to-date symlink: /home/ubuntu/ros2_ws/install/ydlidar_ros2_driver/share/ament_index/resource_index/package_run_dependencies/ydlidar_ros2_driver
[3.094s] -- Up-to-date symlink: /home/ubuntu/ros2_ws/install/ydlidar_ros2_driver/share/ament_index/resource_index/parent_prefix_path/ydlidar_ros2_driver
[3.095s] -- Up-to-date symlink: /home/ubuntu/ros2_ws/install/ydlidar_ros2_driver/share/ydlidar_ros2_driver/environment/ament_prefix_path.sh
[3.096s] -- Up-to-date symlink: /home/ubuntu/ros2_ws/install/ydlidar_ros2_driver/share/ydlidar_ros2_driver/environment/ament_prefix_path.dsv
[3.097s] -- Up-to-date symlink: /home/ubuntu/ros2_ws/install/ydlidar_ros2_driver/share/ydlidar_ros2_driver/environment/path.sh
[3.098s] -- Up-to-date symlink: /home/ubuntu/ros2_ws/install/ydlidar_ros2_driver/share/ydlidar_ros2_driver/environment/path.dsv
[3.099s] -- Up-to-date symlink: /home/ubuntu/ros2_ws/install/ydlidar_ros2_driver/share/ydlidar_ros2_driver/local_setup.bash
[3.099s] -- Up-to-date symlink: /home/ubuntu/ros2_ws/install/ydlidar_ros2_driver/share/ydlidar_ros2_driver/local_setup.sh
[3.101s] -- Up-to-date symlink: /home/ubuntu/ros2_ws/install/ydlidar_ros2_driver/share/ydlidar_ros2_driver/local_setup.zsh
[3.109s] -- Up-to-date symlink: /home/ubuntu/ros2_ws/install/ydlidar_ros2_driver/share/ydlidar_ros2_driver/local_setup.dsv
[3.109s] -- Symlinking: /home/ubuntu/ros2_ws/install/ydlidar_ros2_driver/share/ydlidar_ros2_driver/package.dsv
[3.159s] -- Up-to-date symlink: /home/ubuntu/ros2_ws/install/ydlidar_ros2_driver/share/ament_index/resource_index/packages/ydlidar_ros2_driver
[3.164s] -- Up-to-date symlink: /home/ubuntu/ros2_ws/install/ydlidar_ros2_driver/share/ydlidar_ros2_driver/cmake/ydlidar_ros2_driverConfig.cmake
[3.167s] -- Up-to-date symlink: /home/ubuntu/ros2_ws/install/ydlidar_ros2_driver/share/ydlidar_ros2_driver/cmake/ydlidar_ros2_driverConfig-version.cmake
[3.169s] -- Up-to-date symlink: /home/ubuntu/ros2_ws/install/ydlidar_ros2_driver/share/ydlidar_ros2_driver/package.xml
[4.337s] Invoked command in '/home/ubuntu/ros2_ws/build/ydlidar_ros2_driver' returned '0': CMAKE_PREFIX_PATH=/opt/ros/foxy /usr/bin/cmake --install /home/ubuntu/ros2_ws/build/ydlidar_ros2_driver
