[1.512s] Invoking command in '/home/ubuntu/ros2_ws/build/ydlidar_ros2_driver': CMAKE_PREFIX_PATH=/opt/ros/foxy /usr/bin/cmake --build /home/ubuntu/ros2_ws/build/ydlidar_ros2_driver -- -j4 -l4
[2.994s] [ 50%] Built target ydlidar_ros2_driver_client
[3.111s] [100%] Built target ydlidar_ros2_driver_node
[4.644s] Invoked command in '/home/ubuntu/ros2_ws/build/ydlidar_ros2_driver' returned '0': CMAKE_PREFIX_PATH=/opt/ros/foxy /usr/bin/cmake --build /home/ubuntu/ros2_ws/build/ydlidar_ros2_driver -- -j4 -l4
[6.668s] Invoking command in '/home/ubuntu/ros2_ws/build/ydlidar_ros2_driver': CMAKE_PREFIX_PATH=/opt/ros/foxy /usr/bin/cmake --install /home/ubuntu/ros2_ws/build/ydlidar_ros2_driver
[6.827s] -- Install configuration: ""
[6.830s] -- Execute custom install script
[6.837s] -- Up-to-date symlink: /home/ubuntu/ros2_ws/install/ydlidar_ros2_driver/lib/ydlidar_ros2_driver/ydlidar_ros2_driver_node
[6.838s] -- Up-to-date symlink: /home/ubuntu/ros2_ws/install/ydlidar_ros2_driver/lib/ydlidar_ros2_driver/ydlidar_ros2_driver_client
[6.863s] -- Up-to-date symlink: /home/ubuntu/ros2_ws/install/ydlidar_ros2_driver/share/ydlidar_ros2_driver/launch/ydlidar.py
[6.864s] -- Up-to-date symlink: /home/ubuntu/ros2_ws/install/ydlidar_ros2_driver/share/ydlidar_ros2_driver/launch/ydlidar_launch.py
[6.866s] -- Up-to-date symlink: /home/ubuntu/ros2_ws/install/ydlidar_ros2_driver/share/ydlidar_ros2_driver/launch/ydlidar_launch_view.py
[6.870s] -- Up-to-date symlink: /home/ubuntu/ros2_ws/install/ydlidar_ros2_driver/share/ydlidar_ros2_driver/params/G1.yaml
[6.929s] -- Up-to-date symlink: /home/ubuntu/ros2_ws/install/ydlidar_ros2_driver/share/ydlidar_ros2_driver/params/G2.yaml
[6.934s] -- Up-to-date symlink: /home/ubuntu/ros2_ws/install/ydlidar_ros2_driver/share/ydlidar_ros2_driver/params/G6.yaml
[6.943s] -- Up-to-date symlink: /home/ubuntu/ros2_ws/install/ydlidar_ros2_driver/share/ydlidar_ros2_driver/params/TG.yaml
[6.944s] -- Up-to-date symlink: /home/ubuntu/ros2_ws/install/ydlidar_ros2_driver/share/ydlidar_ros2_driver/params/TminiPro.yaml
[6.945s] -- Up-to-date symlink: /home/ubuntu/ros2_ws/install/ydlidar_ros2_driver/share/ydlidar_ros2_driver/params/X4-Pro.yaml
[6.945s] -- Up-to-date symlink: /home/ubuntu/ros2_ws/install/ydlidar_ros2_driver/share/ydlidar_ros2_driver/params/X4.yaml
[6.960s] -- Up-to-date symlink: /home/ubuntu/ros2_ws/install/ydlidar_ros2_driver/share/ydlidar_ros2_driver/params/ydlidar.yaml
[6.961s] -- Up-to-date symlink: /home/ubuntu/ros2_ws/install/ydlidar_ros2_driver/share/ydlidar_ros2_driver/params/ydlidar1.yaml
[7.035s] -- Up-to-date symlink: /home/ubuntu/ros2_ws/install/ydlidar_ros2_driver/share/ydlidar_ros2_driver/startup/initenv.sh
[7.041s] -- Up-to-date symlink: /home/ubuntu/ros2_ws/install/ydlidar_ros2_driver/share/ydlidar_ros2_driver/config/ydlidar.rviz
[7.046s] -- Up-to-date symlink: /home/ubuntu/ros2_ws/install/ydlidar_ros2_driver/share/ament_index/resource_index/package_run_dependencies/ydlidar_ros2_driver
[7.084s] -- Up-to-date symlink: /home/ubuntu/ros2_ws/install/ydlidar_ros2_driver/share/ament_index/resource_index/parent_prefix_path/ydlidar_ros2_driver
[7.085s] -- Up-to-date symlink: /home/ubuntu/ros2_ws/install/ydlidar_ros2_driver/share/ydlidar_ros2_driver/environment/ament_prefix_path.sh
[7.085s] -- Up-to-date symlink: /home/ubuntu/ros2_ws/install/ydlidar_ros2_driver/share/ydlidar_ros2_driver/environment/ament_prefix_path.dsv
[7.086s] -- Up-to-date symlink: /home/ubuntu/ros2_ws/install/ydlidar_ros2_driver/share/ydlidar_ros2_driver/environment/path.sh
[7.092s] -- Up-to-date symlink: /home/ubuntu/ros2_ws/install/ydlidar_ros2_driver/share/ydlidar_ros2_driver/environment/path.dsv
[7.093s] -- Up-to-date symlink: /home/ubuntu/ros2_ws/install/ydlidar_ros2_driver/share/ydlidar_ros2_driver/local_setup.bash
[7.093s] -- Up-to-date symlink: /home/ubuntu/ros2_ws/install/ydlidar_ros2_driver/share/ydlidar_ros2_driver/local_setup.sh
[7.106s] -- Up-to-date symlink: /home/ubuntu/ros2_ws/install/ydlidar_ros2_driver/share/ydlidar_ros2_driver/local_setup.zsh
[7.112s] -- Up-to-date symlink: /home/ubuntu/ros2_ws/install/ydlidar_ros2_driver/share/ydlidar_ros2_driver/local_setup.dsv
[7.119s] -- Up-to-date symlink: /home/ubuntu/ros2_ws/install/ydlidar_ros2_driver/share/ydlidar_ros2_driver/package.dsv
[7.121s] -- Up-to-date symlink: /home/ubuntu/ros2_ws/install/ydlidar_ros2_driver/share/ament_index/resource_index/packages/ydlidar_ros2_driver
[7.121s] -- Up-to-date symlink: /home/ubuntu/ros2_ws/install/ydlidar_ros2_driver/share/ydlidar_ros2_driver/cmake/ydlidar_ros2_driverConfig.cmake
[7.125s] -- Up-to-date symlink: /home/ubuntu/ros2_ws/install/ydlidar_ros2_driver/share/ydlidar_ros2_driver/cmake/ydlidar_ros2_driverConfig-version.cmake
[7.128s] -- Up-to-date symlink: /home/ubuntu/ros2_ws/install/ydlidar_ros2_driver/share/ydlidar_ros2_driver/package.xml
[7.146s] Invoked command in '/home/ubuntu/ros2_ws/build/ydlidar_ros2_driver' returned '0': CMAKE_PREFIX_PATH=/opt/ros/foxy /usr/bin/cmake --install /home/ubuntu/ros2_ws/build/ydlidar_ros2_driver
