[0.525s] Invoking command in '/home/ubuntu/ros2_ws/build/diffdrive_arduino': AMENT_PREFIX_PATH=/home/ubuntu/ros2_ws/install/serial:${AMENT_PREFIX_PATH} CMAKE_PREFIX_PATH=/home/ubuntu/ros2_ws/install/serial:/opt/ros/foxy LD_LIBRARY_PATH=/home/ubuntu/ros2_ws/install/serial/lib:${LD_LIBRARY_PATH} /usr/bin/cmake /home/ubuntu/ros2_ws/src/diffdrive_arduino -DAMENT_CMAKE_SYMLINK_INSTALL=1 -DCMAKE_INSTALL_PREFIX=/home/ubuntu/ros2_ws/install/diffdrive_arduino
[0.774s] -- The C compiler identification is GNU 9.4.0
[0.997s] -- The CXX compiler identification is GNU 9.4.0
[1.016s] -- Check for working C compiler: /usr/bin/cc
[1.335s] -- Check for working C compiler: /usr/bin/cc -- works
[1.338s] -- Detecting C compiler ABI info
[1.641s] -- Detecting C compiler ABI info - done
[1.680s] -- Detecting C compile features
[1.681s] -- Detecting C compile features - done
[1.689s] -- Check for working CXX compiler: /usr/bin/c++
[2.023s] -- Check for working CXX compiler: /usr/bin/c++ -- works
[2.028s] -- Detecting CXX compiler ABI info
[2.362s] -- Detecting CXX compiler ABI info - done
[2.403s] -- Detecting CXX compile features
[2.404s] -- Detecting CXX compile features - done
[2.426s] -- Found ament_cmake: 0.9.12 (/opt/ros/foxy/share/ament_cmake/cmake)
[2.545s] -- Found PythonInterp: /usr/bin/python3 (found suitable version "3.8.10", minimum required is "3") 
[2.546s] -- Using PYTHON_EXECUTABLE: /usr/bin/python3
[3.282s] -- Override CMake install command with custom implementation using symlinks instead of copying resources
[3.476s] -- Found serial: 1.2.1 (/home/ubuntu/ros2_ws/install/serial/share/serial/cmake)
[3.640s] CMake Error at CMakeLists.txt:16 (find_package):
[3.641s]   By not providing "Findhardware_interface.cmake" in CMAKE_MODULE_PATH this
[3.641s]   project has asked CMake to find a package configuration file provided by
[3.642s]   "hardware_interface", but CMake did not find one.
[3.642s] 
[3.642s]   Could not find a package configuration file provided by
[3.642s]   "hardware_interface" with any of the following names:
[3.643s] 
[3.643s]     hardware_interfaceConfig.cmake
[3.643s]     hardware_interface-config.cmake
[3.643s] 
[3.644s]   Add the installation prefix of "hardware_interface" to CMAKE_PREFIX_PATH or
[3.644s]   set "hardware_interface_DIR" to a directory containing one of the above
[3.644s]   files.  If "hardware_interface" provides a separate development package or
[3.644s]   SDK, be sure it has been installed.
[3.645s] 
[3.645s] 
[3.646s] -- Configuring incomplete, errors occurred!
[3.646s] See also "/home/ubuntu/ros2_ws/build/diffdrive_arduino/CMakeFiles/CMakeOutput.log".
[3.659s] Invoked command in '/home/ubuntu/ros2_ws/build/diffdrive_arduino' returned '1': AMENT_PREFIX_PATH=/home/ubuntu/ros2_ws/install/serial:${AMENT_PREFIX_PATH} CMAKE_PREFIX_PATH=/home/ubuntu/ros2_ws/install/serial:/opt/ros/foxy LD_LIBRARY_PATH=/home/ubuntu/ros2_ws/install/serial/lib:${LD_LIBRARY_PATH} /usr/bin/cmake /home/ubuntu/ros2_ws/src/diffdrive_arduino -DAMENT_CMAKE_SYMLINK_INSTALL=1 -DCMAKE_INSTALL_PREFIX=/home/ubuntu/ros2_ws/install/diffdrive_arduino
