[2.190s] Invoking command in '/home/ubuntu/ros2_ws/build/serial': CMAKE_PREFIX_PATH=/opt/ros/foxy /usr/bin/cmake /home/ubuntu/ros2_ws/src/serial -DAMENT_CMAKE_SYMLINK_INSTALL=1 -DCMAKE_INSTALL_PREFIX=/home/ubuntu/ros2_ws/install/serial
[3.582s] -- The C compiler identification is GNU 9.4.0
[4.428s] -- The CXX compiler identification is GNU 9.4.0
[4.461s] -- Check for working C compiler: /usr/bin/cc
[4.842s] -- Check for working C compiler: /usr/bin/cc -- works
[4.860s] -- Detecting C compiler ABI info
[5.253s] -- Detecting C compiler ABI info - done
[5.292s] -- Detecting C compile features
[5.294s] -- Detecting C compile features - done
[5.310s] -- Check for working CXX compiler: /usr/bin/c++
[5.732s] -- Check for working CXX compiler: /usr/bin/c++ -- works
[5.738s] -- Detecting CXX compiler ABI info
[6.138s] -- Detecting CXX compiler ABI info - done
[6.182s] -- Detecting CXX compile features
[6.184s] -- Detecting CXX compile features - done
[6.206s] -- Found ament_cmake: 0.9.12 (/opt/ros/foxy/share/ament_cmake/cmake)
[6.374s] -- Found PythonInterp: /usr/bin/python3 (found suitable version "3.8.10", minimum required is "3") 
[6.378s] -- Using PYTHON_EXECUTABLE: /usr/bin/python3
[7.495s] -- Override CMake install command with custom implementation using symlinks instead of copying resources
[7.807s] -- Found ament_cmake_gtest: 0.9.12 (/opt/ros/foxy/share/ament_cmake_gtest/cmake)
[7.952s] -- Found Boost: /usr/lib/aarch64-linux-gnu/cmake/Boost-1.71.0/BoostConfig.cmake (found version "1.71.0")  
[7.981s] -- Found gtest sources under '/opt/ros/foxy/src/gtest_vendor': C++ tests using 'Google Test' will be built
[7.993s] -- Looking for pthread.h
[8.347s] -- Looking for pthread.h - found
[8.348s] -- Performing Test CMAKE_HAVE_LIBC_PTHREAD
[8.647s] -- Performing Test CMAKE_HAVE_LIBC_PTHREAD - Failed
[8.648s] -- Check if compiler accepts -pthread
[8.981s] -- Check if compiler accepts -pthread - yes
[8.985s] -- Found Threads: TRUE  
[9.345s] -- Configuring done
[9.397s] -- Generating done
[9.405s] -- Build files have been written to: /home/ubuntu/ros2_ws/build/serial
[9.426s] Invoked command in '/home/ubuntu/ros2_ws/build/serial' returned '0': CMAKE_PREFIX_PATH=/opt/ros/foxy /usr/bin/cmake /home/ubuntu/ros2_ws/src/serial -DAMENT_CMAKE_SYMLINK_INSTALL=1 -DCMAKE_INSTALL_PREFIX=/home/ubuntu/ros2_ws/install/serial
[9.436s] Invoking command in '/home/ubuntu/ros2_ws/build/serial': CMAKE_PREFIX_PATH=/opt/ros/foxy /usr/bin/cmake --build /home/ubuntu/ros2_ws/build/serial -- -j4 -l4
[9.614s] [35m[1mScanning dependencies of target serial[0m
[9.616s] [35m[1mScanning dependencies of target gtest[0m
[9.624s] [35m[1mScanning dependencies of target gtest_main[0m
[9.681s] [  7%] [32mBuilding CXX object CMakeFiles/serial.dir/src/serial.cc.o[0m
[9.724s] [ 14%] [32mBuilding CXX object CMakeFiles/serial.dir/src/impl/unix.cc.o[0m
[9.768s] [ 21%] [32mBuilding CXX object gtest/CMakeFiles/gtest.dir/src/gtest-all.cc.o[0m
[9.773s] [ 28%] [32mBuilding CXX object gtest/CMakeFiles/gtest_main.dir/src/gtest_main.cc.o[0m
[13.193s] [ 35%] [32mBuilding CXX object CMakeFiles/serial.dir/src/impl/list_ports/list_ports_linux.cc.o[0m
[14.832s] [ 42%] [32m[1mLinking CXX static library libgtest_main.a[0m
[14.994s] [ 42%] Built target gtest_main
[15.842s] [ 50%] [32m[1mLinking CXX static library libserial.a[0m
[15.990s] [ 50%] Built target serial
[16.034s] [35m[1mScanning dependencies of target serial_example[0m
[16.084s] [ 57%] [32mBuilding CXX object CMakeFiles/serial_example.dir/examples/serial_example.cc.o[0m
[17.582s] [ 64%] [32m[1mLinking CXX executable serial_example[0m
[17.921s] [ 64%] Built target serial_example
[24.821s] [ 71%] [32m[1mLinking CXX static library libgtest.a[0m
[25.089s] [ 71%] Built target gtest
[25.135s] [35m[1mScanning dependencies of target serial-test-timer[0m
[25.137s] [35m[1mScanning dependencies of target serial-test[0m
[25.197s] [ 85%] [32mBuilding CXX object tests/CMakeFiles/serial-test-timer.dir/unit/unix_timer_tests.cc.o[0m
[25.198s] [ 85%] [32mBuilding CXX object tests/CMakeFiles/serial-test.dir/unix_serial_tests.cc.o[0m
[28.542s] [ 92%] [32m[1mLinking CXX executable serial-test-timer[0m
[29.112s] [ 92%] Built target serial-test-timer
[29.134s] [100%] [32m[1mLinking CXX executable serial-test[0m
[29.666s] [100%] Built target serial-test
[29.707s] Invoked command in '/home/ubuntu/ros2_ws/build/serial' returned '0': CMAKE_PREFIX_PATH=/opt/ros/foxy /usr/bin/cmake --build /home/ubuntu/ros2_ws/build/serial -- -j4 -l4
[29.893s] Invoking command in '/home/ubuntu/ros2_ws/build/serial': CMAKE_PREFIX_PATH=/opt/ros/foxy /usr/bin/cmake --install /home/ubuntu/ros2_ws/build/serial
[29.924s] -- Install configuration: ""
[29.925s] -- Execute custom install script
[29.927s] -- Symlinking: /home/ubuntu/ros2_ws/install/serial/lib/libserial.a
[29.962s] -- Symlinking: /home/ubuntu/ros2_ws/install/serial/include/serial/serial.h
[29.998s] -- Symlinking: /home/ubuntu/ros2_ws/install/serial/include/serial/v8stdint.h
[30.031s] -- Symlinking: /home/ubuntu/ros2_ws/install/serial/share/serial/environment/library_path.sh
[30.065s] -- Symlinking: /home/ubuntu/ros2_ws/install/serial/share/serial/environment/library_path.dsv
[30.101s] -- Symlinking: /home/ubuntu/ros2_ws/install/serial/share/ament_index/resource_index/package_run_dependencies/serial
[30.136s] -- Symlinking: /home/ubuntu/ros2_ws/install/serial/share/ament_index/resource_index/parent_prefix_path/serial
[30.169s] -- Symlinking: /home/ubuntu/ros2_ws/install/serial/share/serial/environment/ament_prefix_path.sh
[30.205s] -- Symlinking: /home/ubuntu/ros2_ws/install/serial/share/serial/environment/ament_prefix_path.dsv
[30.238s] -- Symlinking: /home/ubuntu/ros2_ws/install/serial/share/serial/environment/path.sh
[30.271s] -- Symlinking: /home/ubuntu/ros2_ws/install/serial/share/serial/environment/path.dsv
[30.306s] -- Symlinking: /home/ubuntu/ros2_ws/install/serial/share/serial/local_setup.bash
[30.339s] -- Symlinking: /home/ubuntu/ros2_ws/install/serial/share/serial/local_setup.sh
[30.372s] -- Symlinking: /home/ubuntu/ros2_ws/install/serial/share/serial/local_setup.zsh
[30.408s] -- Symlinking: /home/ubuntu/ros2_ws/install/serial/share/serial/local_setup.dsv
[30.441s] -- Symlinking: /home/ubuntu/ros2_ws/install/serial/share/serial/package.dsv
[30.474s] -- Symlinking: /home/ubuntu/ros2_ws/install/serial/share/ament_index/resource_index/packages/serial
[30.510s] -- Symlinking: /home/ubuntu/ros2_ws/install/serial/share/serial/cmake/ament_cmake_export_include_directories-extras.cmake
[30.543s] -- Symlinking: /home/ubuntu/ros2_ws/install/serial/share/serial/cmake/ament_cmake_export_libraries-extras.cmake
[30.579s] -- Symlinking: /home/ubuntu/ros2_ws/install/serial/share/serial/cmake/serialConfig.cmake
[30.613s] -- Symlinking: /home/ubuntu/ros2_ws/install/serial/share/serial/cmake/serialConfig-version.cmake
[30.646s] -- Symlinking: /home/ubuntu/ros2_ws/install/serial/share/serial/package.xml
[30.685s] Invoked command in '/home/ubuntu/ros2_ws/build/serial' returned '0': CMAKE_PREFIX_PATH=/opt/ros/foxy /usr/bin/cmake --install /home/ubuntu/ros2_ws/build/serial
