[0.642s] Invoking command in '/home/ubuntu/ros2_ws/build/ydlidar_ros_driver': /usr/bin/cmake /home/ubuntu/ros2_ws/src/ydlidar_ros_driver -DCATKIN_INSTALL_INTO_PREFIX_ROOT=0 -DCATKIN_SYMLINK_INSTALL=ON -DCMAKE_INSTALL_PREFIX=/home/ubuntu/ros2_ws/install/ydlidar_ros_driver
[1.570s] -- The C compiler identification is GNU 9.4.0
[2.068s] -- The CXX compiler identification is GNU 9.4.0
[2.114s] -- Check for working C compiler: /usr/bin/cc
[2.709s] -- Check for working C compiler: /usr/bin/cc -- works
[2.716s] -- Detecting C compiler ABI info
[3.185s] -- Detecting C compiler ABI info - done
[3.234s] -- Detecting C compile features
[3.235s] -- Detecting C compile features - done
[3.253s] -- Check for working CXX compiler: /usr/bin/c++
[3.609s] -- Check for working CXX compiler: /usr/bin/c++ -- works
[3.617s] -- Detecting CXX compiler ABI info
[4.025s] -- Detecting CXX compiler ABI info - done
[4.091s] -- Detecting CXX compile features
[4.100s] -- Detecting CXX compile features - done
[4.258s] CMake Error at CMakeLists.txt:9 (find_package):
[4.262s]   By not providing "Findydlidar_sdk.cmake" in CMAKE_MODULE_PATH this project
[4.265s]   has asked CMake to find a package configuration file provided by
[4.270s]   "ydlidar_sdk", but CMake did not find one.
[4.274s] 
[4.277s]   Could not find a package configuration file provided by "ydlidar_sdk" with
[4.279s]   any of the following names:
[4.281s] 
[4.282s]     ydlidar_sdkConfig.cmake
[4.286s]     ydlidar_sdk-config.cmake
[4.288s] 
[4.291s]   Add the installation prefix of "ydlidar_sdk" to CMAKE_PREFIX_PATH or set
[4.293s]   "ydlidar_sdk_DIR" to a directory containing one of the above files.  If
[4.296s]   "ydlidar_sdk" provides a separate development package or SDK, be sure it
[4.299s]   has been installed.
[4.303s] 
[4.305s] 
[4.308s] -- Configuring incomplete, errors occurred!
[4.309s] See also "/home/ubuntu/ros2_ws/build/ydlidar_ros_driver/CMakeFiles/CMakeOutput.log".
[4.596s] Invoked command in '/home/ubuntu/ros2_ws/build/ydlidar_ros_driver' returned '1': /usr/bin/cmake /home/ubuntu/ros2_ws/src/ydlidar_ros_driver -DCATKIN_INSTALL_INTO_PREFIX_ROOT=0 -DCATKIN_SYMLINK_INSTALL=ON -DCMAKE_INSTALL_PREFIX=/home/ubuntu/ros2_ws/install/ydlidar_ros_driver
