[3.662s] Invoking command in '/home/ubuntu/ros2_ws/build/serial': CMAKE_PREFIX_PATH=/opt/ros/foxy /usr/bin/cmake --build /home/ubuntu/ros2_ws/build/serial -- -j4 -l4
[4.879s] [ 42%] Built target serial
[4.897s] [ 57%] Built target gtest_main
[4.903s] [ 57%] Built target gtest
[5.409s] [ 71%] Built target serial_example
[5.491s] [ 85%] Built target serial-test-timer
[5.494s] [100%] Built target serial-test
[5.753s] Invoked command in '/home/ubuntu/ros2_ws/build/serial' returned '0': CMAKE_PREFIX_PATH=/opt/ros/foxy /usr/bin/cmake --build /home/ubuntu/ros2_ws/build/serial -- -j4 -l4
[7.566s] Invoking command in '/home/ubuntu/ros2_ws/build/serial': CMAKE_PREFIX_PATH=/opt/ros/foxy /usr/bin/cmake --install /home/ubuntu/ros2_ws/build/serial
[7.756s] -- Install configuration: ""
[7.758s] -- Execute custom install script
[7.770s] -- Up-to-date symlink: /home/ubuntu/ros2_ws/install/serial/lib/libserial.a
[7.773s] -- Up-to-date symlink: /home/ubuntu/ros2_ws/install/serial/include/serial/serial.h
[7.775s] -- Up-to-date symlink: /home/ubuntu/ros2_ws/install/serial/include/serial/v8stdint.h
[7.784s] -- Up-to-date symlink: /home/ubuntu/ros2_ws/install/serial/share/serial/environment/library_path.sh
[7.787s] -- Up-to-date symlink: /home/ubuntu/ros2_ws/install/serial/share/serial/environment/library_path.dsv
[7.797s] -- Up-to-date symlink: /home/ubuntu/ros2_ws/install/serial/share/ament_index/resource_index/package_run_dependencies/serial
[7.804s] -- Up-to-date symlink: /home/ubuntu/ros2_ws/install/serial/share/ament_index/resource_index/parent_prefix_path/serial
[7.806s] -- Up-to-date symlink: /home/ubuntu/ros2_ws/install/serial/share/serial/environment/ament_prefix_path.sh
[7.816s] -- Up-to-date symlink: /home/ubuntu/ros2_ws/install/serial/share/serial/environment/ament_prefix_path.dsv
[7.820s] -- Up-to-date symlink: /home/ubuntu/ros2_ws/install/serial/share/serial/environment/path.sh
[7.825s] -- Up-to-date symlink: /home/ubuntu/ros2_ws/install/serial/share/serial/environment/path.dsv
[7.829s] -- Up-to-date symlink: /home/ubuntu/ros2_ws/install/serial/share/serial/local_setup.bash
[7.833s] -- Up-to-date symlink: /home/ubuntu/ros2_ws/install/serial/share/serial/local_setup.sh
[7.837s] -- Up-to-date symlink: /home/ubuntu/ros2_ws/install/serial/share/serial/local_setup.zsh
[7.843s] -- Up-to-date symlink: /home/ubuntu/ros2_ws/install/serial/share/serial/local_setup.dsv
[7.846s] -- Symlinking: /home/ubuntu/ros2_ws/install/serial/share/serial/package.dsv
[7.973s] -- Up-to-date symlink: /home/ubuntu/ros2_ws/install/serial/share/ament_index/resource_index/packages/serial
[7.977s] -- Up-to-date symlink: /home/ubuntu/ros2_ws/install/serial/share/serial/cmake/ament_cmake_export_include_directories-extras.cmake
[7.981s] -- Up-to-date symlink: /home/ubuntu/ros2_ws/install/serial/share/serial/cmake/ament_cmake_export_libraries-extras.cmake
[7.988s] -- Up-to-date symlink: /home/ubuntu/ros2_ws/install/serial/share/serial/cmake/serialConfig.cmake
[8.010s] -- Up-to-date symlink: /home/ubuntu/ros2_ws/install/serial/share/serial/cmake/serialConfig-version.cmake
[8.016s] -- Up-to-date symlink: /home/ubuntu/ros2_ws/install/serial/share/serial/package.xml
[8.041s] Invoked command in '/home/ubuntu/ros2_ws/build/serial' returned '0': CMAKE_PREFIX_PATH=/opt/ros/foxy /usr/bin/cmake --install /home/ubuntu/ros2_ws/build/serial
