[4.180s] Invoking command in '/home/ubuntu/ros2_ws/build/serial': CMAKE_PREFIX_PATH=${CMAKE_PREFIX_PATH}:/opt/ros/foxy /usr/bin/cmake --build /home/ubuntu/ros2_ws/build/serial -- -j4 -l4
[4.825s] [ 14%] Built target gtest
[4.926s] [ 42%] Built target serial
[4.940s] [ 57%] Built target gtest_main
[5.196s] [ 71%] Built target serial_example
[5.410s] [ 85%] Built target serial-test
[5.464s] [100%] Built target serial-test-timer
[6.670s] Invoked command in '/home/ubuntu/ros2_ws/build/serial' returned '0': CMAKE_PREFIX_PATH=${CMAKE_PREFIX_PATH}:/opt/ros/foxy /usr/bin/cmake --build /home/ubuntu/ros2_ws/build/serial -- -j4 -l4
[8.690s] Invoking command in '/home/ubuntu/ros2_ws/build/serial': CMAKE_PREFIX_PATH=${CMAKE_PREFIX_PATH}:/opt/ros/foxy /usr/bin/cmake --install /home/ubuntu/ros2_ws/build/serial
[8.759s] -- Install configuration: ""
[8.764s] -- Execute custom install script
[8.779s] -- Up-to-date symlink: /home/ubuntu/ros2_ws/install/serial/lib/libserial.a
[8.783s] -- Up-to-date symlink: /home/ubuntu/ros2_ws/install/serial/include/serial/serial.h
[8.784s] -- Up-to-date symlink: /home/ubuntu/ros2_ws/install/serial/include/serial/v8stdint.h
[8.787s] -- Up-to-date symlink: /home/ubuntu/ros2_ws/install/serial/share/serial/environment/library_path.sh
[8.791s] -- Up-to-date symlink: /home/ubuntu/ros2_ws/install/serial/share/serial/environment/library_path.dsv
[8.796s] -- Up-to-date symlink: /home/ubuntu/ros2_ws/install/serial/share/ament_index/resource_index/package_run_dependencies/serial
[8.802s] -- Up-to-date symlink: /home/ubuntu/ros2_ws/install/serial/share/ament_index/resource_index/parent_prefix_path/serial
[8.810s] -- Up-to-date symlink: /home/ubuntu/ros2_ws/install/serial/share/serial/environment/ament_prefix_path.sh
[8.816s] -- Up-to-date symlink: /home/ubuntu/ros2_ws/install/serial/share/serial/environment/ament_prefix_path.dsv
[8.821s] -- Up-to-date symlink: /home/ubuntu/ros2_ws/install/serial/share/serial/environment/path.sh
[8.828s] -- Up-to-date symlink: /home/ubuntu/ros2_ws/install/serial/share/serial/environment/path.dsv
[8.830s] -- Up-to-date symlink: /home/ubuntu/ros2_ws/install/serial/share/serial/local_setup.bash
[8.834s] -- Up-to-date symlink: /home/ubuntu/ros2_ws/install/serial/share/serial/local_setup.sh
[8.837s] -- Up-to-date symlink: /home/ubuntu/ros2_ws/install/serial/share/serial/local_setup.zsh
[8.840s] -- Up-to-date symlink: /home/ubuntu/ros2_ws/install/serial/share/serial/local_setup.dsv
[8.845s] -- Symlinking: /home/ubuntu/ros2_ws/install/serial/share/serial/package.dsv
[8.989s] -- Up-to-date symlink: /home/ubuntu/ros2_ws/install/serial/share/ament_index/resource_index/packages/serial
[8.993s] -- Up-to-date symlink: /home/ubuntu/ros2_ws/install/serial/share/serial/cmake/ament_cmake_export_include_directories-extras.cmake
[8.996s] -- Up-to-date symlink: /home/ubuntu/ros2_ws/install/serial/share/serial/cmake/ament_cmake_export_libraries-extras.cmake
[8.999s] -- Up-to-date symlink: /home/ubuntu/ros2_ws/install/serial/share/serial/cmake/serialConfig.cmake
[9.002s] -- Up-to-date symlink: /home/ubuntu/ros2_ws/install/serial/share/serial/cmake/serialConfig-version.cmake
[9.003s] -- Up-to-date symlink: /home/ubuntu/ros2_ws/install/serial/share/serial/package.xml
[11.126s] Invoked command in '/home/ubuntu/ros2_ws/build/serial' returned '0': CMAKE_PREFIX_PATH=${CMAKE_PREFIX_PATH}:/opt/ros/foxy /usr/bin/cmake --install /home/ubuntu/ros2_ws/build/serial
