[1.684s] Invoking command in '/home/ubuntu/ros2_ws/build/ydlidar_ros2_driver': CMAKE_PREFIX_PATH=/opt/ros/foxy /usr/bin/cmake --build /home/ubuntu/ros2_ws/build/ydlidar_ros2_driver -- -j4 -l4
[2.393s] [ 50%] Built target ydlidar_ros2_driver_node
[2.564s] [100%] Built target ydlidar_ros2_driver_client
[2.825s] Invoked command in '/home/ubuntu/ros2_ws/build/ydlidar_ros2_driver' returned '0': CMAKE_PREFIX_PATH=/opt/ros/foxy /usr/bin/cmake --build /home/ubuntu/ros2_ws/build/ydlidar_ros2_driver -- -j4 -l4
[4.075s] Invoking command in '/home/ubuntu/ros2_ws/build/ydlidar_ros2_driver': CMAKE_PREFIX_PATH=/opt/ros/foxy /usr/bin/cmake --install /home/ubuntu/ros2_ws/build/ydlidar_ros2_driver
[4.143s] -- Install configuration: ""
[4.145s] -- Execute custom install script
[4.147s] -- Up-to-date symlink: /home/ubuntu/ros2_ws/install/ydlidar_ros2_driver/lib/ydlidar_ros2_driver/ydlidar_ros2_driver_node
[4.149s] -- Up-to-date symlink: /home/ubuntu/ros2_ws/install/ydlidar_ros2_driver/lib/ydlidar_ros2_driver/ydlidar_ros2_driver_client
[4.157s] -- Up-to-date symlink: /home/ubuntu/ros2_ws/install/ydlidar_ros2_driver/share/ydlidar_ros2_driver/launch/ydlidar.py
[4.159s] -- Up-to-date symlink: /home/ubuntu/ros2_ws/install/ydlidar_ros2_driver/share/ydlidar_ros2_driver/launch/ydlidar_launch.py
[4.161s] -- Up-to-date symlink: /home/ubuntu/ros2_ws/install/ydlidar_ros2_driver/share/ydlidar_ros2_driver/launch/ydlidar_launch_view.py
[4.164s] -- Up-to-date symlink: /home/ubuntu/ros2_ws/install/ydlidar_ros2_driver/share/ydlidar_ros2_driver/params/G1.yaml
[4.166s] -- Up-to-date symlink: /home/ubuntu/ros2_ws/install/ydlidar_ros2_driver/share/ydlidar_ros2_driver/params/G2.yaml
[4.167s] -- Up-to-date symlink: /home/ubuntu/ros2_ws/install/ydlidar_ros2_driver/share/ydlidar_ros2_driver/params/G6.yaml
[4.168s] -- Up-to-date symlink: /home/ubuntu/ros2_ws/install/ydlidar_ros2_driver/share/ydlidar_ros2_driver/params/TG.yaml
[4.170s] -- Up-to-date symlink: /home/ubuntu/ros2_ws/install/ydlidar_ros2_driver/share/ydlidar_ros2_driver/params/TminiPro.yaml
[4.180s] -- Up-to-date symlink: /home/ubuntu/ros2_ws/install/ydlidar_ros2_driver/share/ydlidar_ros2_driver/params/X4-Pro.yaml
[4.181s] -- Up-to-date symlink: /home/ubuntu/ros2_ws/install/ydlidar_ros2_driver/share/ydlidar_ros2_driver/params/X4.yaml
[4.183s] -- Up-to-date symlink: /home/ubuntu/ros2_ws/install/ydlidar_ros2_driver/share/ydlidar_ros2_driver/params/ydlidar.yaml
[4.185s] -- Up-to-date symlink: /home/ubuntu/ros2_ws/install/ydlidar_ros2_driver/share/ydlidar_ros2_driver/params/ydlidar1.yaml
[4.189s] -- Up-to-date symlink: /home/ubuntu/ros2_ws/install/ydlidar_ros2_driver/share/ydlidar_ros2_driver/startup/initenv.sh
[4.199s] -- Up-to-date symlink: /home/ubuntu/ros2_ws/install/ydlidar_ros2_driver/share/ydlidar_ros2_driver/config/ydlidar.rviz
[4.200s] -- Up-to-date symlink: /home/ubuntu/ros2_ws/install/ydlidar_ros2_driver/share/ament_index/resource_index/package_run_dependencies/ydlidar_ros2_driver
[4.202s] -- Up-to-date symlink: /home/ubuntu/ros2_ws/install/ydlidar_ros2_driver/share/ament_index/resource_index/parent_prefix_path/ydlidar_ros2_driver
[4.205s] -- Up-to-date symlink: /home/ubuntu/ros2_ws/install/ydlidar_ros2_driver/share/ydlidar_ros2_driver/environment/ament_prefix_path.sh
[4.206s] -- Up-to-date symlink: /home/ubuntu/ros2_ws/install/ydlidar_ros2_driver/share/ydlidar_ros2_driver/environment/ament_prefix_path.dsv
[4.217s] -- Up-to-date symlink: /home/ubuntu/ros2_ws/install/ydlidar_ros2_driver/share/ydlidar_ros2_driver/environment/path.sh
[4.220s] -- Up-to-date symlink: /home/ubuntu/ros2_ws/install/ydlidar_ros2_driver/share/ydlidar_ros2_driver/environment/path.dsv
[4.221s] -- Up-to-date symlink: /home/ubuntu/ros2_ws/install/ydlidar_ros2_driver/share/ydlidar_ros2_driver/local_setup.bash
[4.222s] -- Up-to-date symlink: /home/ubuntu/ros2_ws/install/ydlidar_ros2_driver/share/ydlidar_ros2_driver/local_setup.sh
[4.223s] -- Up-to-date symlink: /home/ubuntu/ros2_ws/install/ydlidar_ros2_driver/share/ydlidar_ros2_driver/local_setup.zsh
[4.224s] -- Up-to-date symlink: /home/ubuntu/ros2_ws/install/ydlidar_ros2_driver/share/ydlidar_ros2_driver/local_setup.dsv
[4.225s] -- Symlinking: /home/ubuntu/ros2_ws/install/ydlidar_ros2_driver/share/ydlidar_ros2_driver/package.dsv
[4.284s] -- Up-to-date symlink: /home/ubuntu/ros2_ws/install/ydlidar_ros2_driver/share/ament_index/resource_index/packages/ydlidar_ros2_driver
[4.291s] -- Up-to-date symlink: /home/ubuntu/ros2_ws/install/ydlidar_ros2_driver/share/ydlidar_ros2_driver/cmake/ydlidar_ros2_driverConfig.cmake
[4.292s] -- Up-to-date symlink: /home/ubuntu/ros2_ws/install/ydlidar_ros2_driver/share/ydlidar_ros2_driver/cmake/ydlidar_ros2_driverConfig-version.cmake
[4.298s] -- Up-to-date symlink: /home/ubuntu/ros2_ws/install/ydlidar_ros2_driver/share/ydlidar_ros2_driver/package.xml
[4.311s] Invoked command in '/home/ubuntu/ros2_ws/build/ydlidar_ros2_driver' returned '0': CMAKE_PREFIX_PATH=/opt/ros/foxy /usr/bin/cmake --install /home/ubuntu/ros2_ws/build/ydlidar_ros2_driver
