-- The C compiler identification is GNU 9.4.0
-- The CXX compiler identification is GNU 9.4.0
-- Check for working C compiler: /usr/bin/cc
-- Check for working C compiler: /usr/bin/cc -- works
-- Detecting C compiler ABI info
-- Detecting C compiler ABI info - done
-- Detecting C compile features
-- Detecting C compile features - done
-- Check for working CXX compiler: /usr/bin/c++
-- Check for working CXX compiler: /usr/bin/c++ -- works
-- Detecting CXX compiler ABI info
-- Detecting CXX compiler ABI info - done
-- Detecting CXX compile features
-- Detecting CXX compile features - done
-- Current platform: Linux
-- Could NOT find SWIG (missing: SWIG_EXECUTABLE SWIG_DIR) 
-- Found PythonInterp: /usr/bin/python3.8 (found version "3.8.10") 
-- Found PythonLibs: /usr/lib/aarch64-linux-gnu/libpython3.8.so (found version "3.8.10") 
-- Found GTest: /usr/lib/aarch64-linux-gnu/libgtest.a  
-- 
-- +===========================================================================+
-- |         Resulting configuration for                             |
-- +===========================================================================+
--  _________________________ PLATFORM _____________________________
--  Host                        : Linux5.4.0-1097-raspiaarch64
--  Is the system big endian?   :  No 
--  Word size (32/64 bit)       : 64
--  CMake version               : 3.16.3
--  CMake generator             : Unix Makefiles
--  CMake build tool            : /usr/bin/make
--  Compiler                    : GNU
--  Configuration               : 
-- 
--  __________________________ OPTIONS _____________________________
--  Build YDLidar-SDK as a shared library?　　 :  No 
--  Build Examples?　　　　　　　　　　　　　　 : Yes 
--  Build C Sharp API?　　　　　　　　　　　　 :  No 
--  Build TEST?  			　　　 :  No 
-- 
--  _________________________ INSTALL _____________________
--  Install prefix                    : /home/ubuntu/ros2_ws/install/ydlidar_sdk
-- 
--  _______________________ WRAPPERS/BINDINGS ______________________
--  Python bindings (pyydlidar)   :  No 
--   - dep: Swig found?       :  No [Version: ]
--   - dep: PythonLibs found?  : Yes [Version: 3.8.10]
-- 
-- Configuring done
-- Generating done
-- Build files have been written to: /home/ubuntu/ros2_ws/build/ydlidar_sdk
[35m[1mScanning dependencies of target ydlidar_sdk[0m
[  2%] [32mBuilding CXX object CMakeFiles/ydlidar_sdk.dir/core/network/ActiveSocket.cpp.o[0m
[  4%] [32mBuilding CXX object CMakeFiles/ydlidar_sdk.dir/core/base/timer.cpp.o[0m
[  7%] [32mBuilding CXX object CMakeFiles/ydlidar_sdk.dir/core/common/ydlidar_def.cpp.o[0m
[  9%] [32mBuilding CXX object CMakeFiles/ydlidar_sdk.dir/core/network/PassiveSocket.cpp.o[0m
[ 11%] [32mBuilding CXX object CMakeFiles/ydlidar_sdk.dir/core/network/SimpleSocket.cpp.o[0m
[ 14%] [32mBuilding CXX object CMakeFiles/ydlidar_sdk.dir/core/serial/serial.cpp.o[0m
[ 16%] [32mBuilding C object CMakeFiles/ydlidar_sdk.dir/core/serial/impl/unix/lock.c.o[0m
[ 19%] [32mBuilding CXX object CMakeFiles/ydlidar_sdk.dir/core/serial/impl/unix/list_ports_linux.cpp.o[0m
[ 21%] [32mBuilding CXX object CMakeFiles/ydlidar_sdk.dir/core/serial/impl/unix/unix_serial.cpp.o[0m
[ 23%] [32mBuilding CXX object CMakeFiles/ydlidar_sdk.dir/src/CYdLidar.cpp.o[0m
[ 26%] [32mBuilding CXX object CMakeFiles/ydlidar_sdk.dir/src/ETLidarDriver.cpp.o[0m
[ 28%] [32mBuilding CXX object CMakeFiles/ydlidar_sdk.dir/src/GSLidarDriver.cpp.o[0m
[ 30%] [32mBuilding CXX object CMakeFiles/ydlidar_sdk.dir/src/SDMLidarDriver.cpp.o[0m
[ 33%] [32mBuilding CXX object CMakeFiles/ydlidar_sdk.dir/src/YDlidarDriver.cpp.o[0m
[ 35%] [32mBuilding CXX object CMakeFiles/ydlidar_sdk.dir/src/ydlidar_sdk.cpp.o[0m
[ 38%] [32mBuilding CXX object CMakeFiles/ydlidar_sdk.dir/src/filters/NoiseFilter.cpp.o[0m
[ 40%] [32mBuilding CXX object CMakeFiles/ydlidar_sdk.dir/src/filters/StrongLightFilter.cpp.o[0m
[ 42%] [32m[1mLinking CXX static library libydlidar_sdk.a[0m
[ 42%] Built target ydlidar_sdk
[35m[1mScanning dependencies of target et_test[0m
[35m[1mScanning dependencies of target sdm_test[0m
[35m[1mScanning dependencies of target gs_ota[0m
[35m[1mScanning dependencies of target tri_test[0m
[ 45%] [32mBuilding CXX object samples/CMakeFiles/et_test.dir/et_test.cpp.o[0m
[ 47%] [32mBuilding CXX object samples/CMakeFiles/sdm_test.dir/sdm_test.cpp.o[0m
[ 50%] [32mBuilding CXX object samples/CMakeFiles/tri_test.dir/tri_test.cpp.o[0m
[ 52%] [32mBuilding CXX object samples/CMakeFiles/gs_ota.dir/gs_ota.cpp.o[0m
[ 54%] [32m[1mLinking CXX executable ../et_test[0m
[ 57%] [32m[1mLinking CXX executable ../sdm_test[0m
[ 57%] Built target et_test
[35m[1mScanning dependencies of target tri_restart[0m
[ 59%] [32mBuilding CXX object samples/CMakeFiles/tri_restart.dir/tri_restart.cpp.o[0m
[ 59%] Built target sdm_test
[35m[1mScanning dependencies of target gs_test[0m
[ 61%] [32mBuilding CXX object samples/CMakeFiles/gs_test.dir/gs_test.cpp.o[0m
[ 64%] [32m[1mLinking CXX executable ../tri_test[0m
[ 66%] [32m[1mLinking CXX executable ../gs_ota[0m
[ 66%] Built target tri_test
[35m[1mScanning dependencies of target tof_test[0m
[ 69%] [32mBuilding CXX object samples/CMakeFiles/tof_test.dir/tof_test.cpp.o[0m
[ 69%] Built target gs_ota
[35m[1mScanning dependencies of target tri_and_gs_test[0m
[ 71%] [32mBuilding CXX object samples/CMakeFiles/tri_and_gs_test.dir/tri_and_gs_test.cpp.o[0m
[ 73%] [32m[1mLinking CXX executable ../tri_restart[0m
[ 73%] Built target tri_restart
[35m[1mScanning dependencies of target tmini_test[0m
[ 76%] [32mBuilding CXX object samples/CMakeFiles/tmini_test.dir/tmini_test.cpp.o[0m
[ 78%] [32m[1mLinking CXX executable ../tri_and_gs_test[0m
[ 80%] [32m[1mLinking CXX executable ../gs_test[0m
[ 83%] [32m[1mLinking CXX executable ../tof_test[0m
[ 83%] Built target tri_and_gs_test
[35m[1mScanning dependencies of target lidar_c_api_test[0m
[ 85%] [32mBuilding C object samples/CMakeFiles/lidar_c_api_test.dir/lidar_c_api_test.c.o[0m
[ 88%] [32m[1mLinking CXX executable ../lidar_c_api_test[0m
[ 88%] Built target gs_test
[35m[1mScanning dependencies of target scl_test[0m
[ 88%] Built target tof_test
[ 90%] [32mBuilding CXX object samples/CMakeFiles/scl_test.dir/scl_test.cpp.o[0m
[35m[1mScanning dependencies of target tea_test[0m
[ 92%] [32mBuilding CXX object samples/CMakeFiles/tea_test.dir/tea_test.cpp.o[0m
[ 92%] Built target lidar_c_api_test
[ 95%] [32m[1mLinking CXX executable ../tmini_test[0m
[ 95%] Built target tmini_test
[ 97%] [32m[1mLinking CXX executable ../tea_test[0m
[100%] [32m[1mLinking CXX executable ../scl_test[0m
[100%] Built target tea_test
[100%] Built target scl_test
