[2.310s] Invoking command in '/home/ubuntu/ros2_ws/build/rplidar_ros': CMAKE_PREFIX_PATH=/opt/ros/foxy /usr/bin/cmake --build /home/ubuntu/ros2_ws/build/rplidar_ros -- -j4 -l4
[2.923s] [ 77%] Built target rplidar_composition_node
[3.467s] [100%] Built target rplidar_composition
[3.539s] Invoked command in '/home/ubuntu/ros2_ws/build/rplidar_ros' returned '0': CMAKE_PREFIX_PATH=/opt/ros/foxy /usr/bin/cmake --build /home/ubuntu/ros2_ws/build/rplidar_ros -- -j4 -l4
[3.953s] Invoking command in '/home/ubuntu/ros2_ws/build/rplidar_ros': CMAKE_PREFIX_PATH=/opt/ros/foxy /usr/bin/cmake --install /home/ubuntu/ros2_ws/build/rplidar_ros
[4.017s] -- Install configuration: ""
[4.018s] -- Execute custom install script
[4.022s] -- Up-to-date symlink: /home/ubuntu/ros2_ws/install/rplidar_ros/lib/rplidar_ros/rplidar_composition
[4.025s] -- Up-to-date symlink: /home/ubuntu/ros2_ws/install/rplidar_ros/share/rplidar_ros/launch/rplidar.launch.py
[4.027s] -- Up-to-date symlink: /home/ubuntu/ros2_ws/install/rplidar_ros/share/rplidar_ros/launch/rplidar_a3.launch.py
[4.028s] -- Up-to-date symlink: /home/ubuntu/ros2_ws/install/rplidar_ros/share/rplidar_ros/launch/rplidar_s1.launch.py
[4.030s] -- Up-to-date symlink: /home/ubuntu/ros2_ws/install/rplidar_ros/share/rplidar_ros/launch/rplidar_s1_tcp.launch.py
[4.032s] -- Up-to-date symlink: /home/ubuntu/ros2_ws/install/rplidar_ros/share/rplidar_ros/launch/test_rplidar_a3.launch.py
[4.033s] -- Up-to-date symlink: /home/ubuntu/ros2_ws/install/rplidar_ros/share/rplidar_ros/launch/view_rplidar.launch.py
[4.037s] -- Up-to-date symlink: /home/ubuntu/ros2_ws/install/rplidar_ros/share/rplidar_ros/launch/view_rplidar_a3.launch.py
[4.038s] -- Up-to-date symlink: /home/ubuntu/ros2_ws/install/rplidar_ros/share/rplidar_ros/launch/view_rplidar_s1.launch.py
[4.040s] -- Up-to-date symlink: /home/ubuntu/ros2_ws/install/rplidar_ros/share/rplidar_ros/launch/view_rplidar_s1_tcp.launch.py
[4.041s] -- Up-to-date symlink: /home/ubuntu/ros2_ws/install/rplidar_ros/share/rplidar_ros/rviz/rplidar.rviz
[4.043s] -- Up-to-date symlink: /home/ubuntu/ros2_ws/install/rplidar_ros/lib/librplidar_composition_node.so
[4.048s] -- Up-to-date symlink: /home/ubuntu/ros2_ws/install/rplidar_ros/include/rplidar_node.hpp
[4.049s] -- Up-to-date symlink: /home/ubuntu/ros2_ws/install/rplidar_ros/include/visibility.h
[4.053s] -- Up-to-date symlink: /home/ubuntu/ros2_ws/install/rplidar_ros/lib/rplidar_ros/rplidar_composition
[4.055s] -- Up-to-date symlink: /home/ubuntu/ros2_ws/install/rplidar_ros/share/ament_index/resource_index/package_run_dependencies/rplidar_ros
[4.057s] -- Up-to-date symlink: /home/ubuntu/ros2_ws/install/rplidar_ros/share/ament_index/resource_index/parent_prefix_path/rplidar_ros
[4.059s] -- Up-to-date symlink: /home/ubuntu/ros2_ws/install/rplidar_ros/share/rplidar_ros/environment/ament_prefix_path.sh
[4.061s] -- Up-to-date symlink: /home/ubuntu/ros2_ws/install/rplidar_ros/share/rplidar_ros/environment/ament_prefix_path.dsv
[4.064s] -- Up-to-date symlink: /home/ubuntu/ros2_ws/install/rplidar_ros/share/rplidar_ros/environment/path.sh
[4.066s] -- Up-to-date symlink: /home/ubuntu/ros2_ws/install/rplidar_ros/share/rplidar_ros/environment/path.dsv
[4.087s] -- Up-to-date symlink: /home/ubuntu/ros2_ws/install/rplidar_ros/share/rplidar_ros/local_setup.bash
[4.102s] -- Up-to-date symlink: /home/ubuntu/ros2_ws/install/rplidar_ros/share/rplidar_ros/local_setup.sh
[4.103s] -- Up-to-date symlink: /home/ubuntu/ros2_ws/install/rplidar_ros/share/rplidar_ros/local_setup.zsh
[4.103s] -- Up-to-date symlink: /home/ubuntu/ros2_ws/install/rplidar_ros/share/rplidar_ros/local_setup.dsv
[4.105s] -- Symlinking: /home/ubuntu/ros2_ws/install/rplidar_ros/share/rplidar_ros/package.dsv
[4.185s] -- Up-to-date symlink: /home/ubuntu/ros2_ws/install/rplidar_ros/share/ament_index/resource_index/packages/rplidar_ros
[4.186s] -- Up-to-date symlink: /home/ubuntu/ros2_ws/install/rplidar_ros/share/ament_index/resource_index/rclcpp_components/rplidar_ros
[4.191s] -- Up-to-date symlink: /home/ubuntu/ros2_ws/install/rplidar_ros/share/rplidar_ros/cmake/ament_cmake_export_dependencies-extras.cmake
[4.193s] -- Up-to-date symlink: /home/ubuntu/ros2_ws/install/rplidar_ros/share/rplidar_ros/cmake/ament_cmake_export_include_directories-extras.cmake
[4.207s] -- Up-to-date symlink: /home/ubuntu/ros2_ws/install/rplidar_ros/share/rplidar_ros/cmake/rplidar_rosConfig.cmake
[4.219s] -- Up-to-date symlink: /home/ubuntu/ros2_ws/install/rplidar_ros/share/rplidar_ros/cmake/rplidar_rosConfig-version.cmake
[4.227s] -- Up-to-date symlink: /home/ubuntu/ros2_ws/install/rplidar_ros/share/rplidar_ros/package.xml
[4.265s] Invoked command in '/home/ubuntu/ros2_ws/build/rplidar_ros' returned '0': CMAKE_PREFIX_PATH=/opt/ros/foxy /usr/bin/cmake --install /home/ubuntu/ros2_ws/build/rplidar_ros
