[1.941s] Invoking command in '/home/ubuntu/ros2_ws/build/diffdrive_arduino': AMENT_PREFIX_PATH=/home/ubuntu/ros2_ws/install/serial:${AMENT_PREFIX_PATH} CMAKE_PREFIX_PATH=/home/ubuntu/ros2_ws/install/serial:/opt/ros/foxy LD_LIBRARY_PATH=/home/ubuntu/ros2_ws/install/serial/lib:${LD_LIBRARY_PATH} /usr/bin/cmake --build /home/ubuntu/ros2_ws/build/diffdrive_arduino -- -j4 -l4
[2.293s] [100%] Built target fake_robot
[2.294s] [100%] Built target diffdrive_arduino
[2.335s] Invoked command in '/home/ubuntu/ros2_ws/build/diffdrive_arduino' returned '0': AMENT_PREFIX_PATH=/home/ubuntu/ros2_ws/install/serial:${AMENT_PREFIX_PATH} CMAKE_PREFIX_PATH=/home/ubuntu/ros2_ws/install/serial:/opt/ros/foxy LD_LIBRARY_PATH=/home/ubuntu/ros2_ws/install/serial/lib:${LD_LIBRARY_PATH} /usr/bin/cmake --build /home/ubuntu/ros2_ws/build/diffdrive_arduino -- -j4 -l4
[2.501s] Invoking command in '/home/ubuntu/ros2_ws/build/diffdrive_arduino': AMENT_PREFIX_PATH=/home/ubuntu/ros2_ws/install/serial:${AMENT_PREFIX_PATH} CMAKE_PREFIX_PATH=/home/ubuntu/ros2_ws/install/serial:/opt/ros/foxy LD_LIBRARY_PATH=/home/ubuntu/ros2_ws/install/serial/lib:${LD_LIBRARY_PATH} /usr/bin/cmake --install /home/ubuntu/ros2_ws/build/diffdrive_arduino
[2.536s] -- Install configuration: ""
[2.539s] -- Execute custom install script
[2.542s] -- Up-to-date symlink: /home/ubuntu/ros2_ws/install/diffdrive_arduino/share/diffdrive_arduino//robot_hardware.xml
[2.543s] -- Up-to-date symlink: /home/ubuntu/ros2_ws/install/diffdrive_arduino/share/diffdrive_arduino//fake_robot_hardware.xml
[2.547s] -- Up-to-date symlink: /home/ubuntu/ros2_ws/install/diffdrive_arduino/lib/libdiffdrive_arduino.so
[2.549s] -- Up-to-date symlink: /home/ubuntu/ros2_ws/install/diffdrive_arduino/lib/libfake_robot.so
[2.554s] -- Up-to-date symlink: /home/ubuntu/ros2_ws/install/diffdrive_arduino/share/diffdrive_arduino/controllers/robot_controller_example.yaml
[2.558s] -- Up-to-date symlink: /home/ubuntu/ros2_ws/install/diffdrive_arduino/share/diffdrive_arduino/fake_robot.launch.py
[2.559s] -- Up-to-date symlink: /home/ubuntu/ros2_ws/install/diffdrive_arduino/share/diffdrive_arduino/test_robot.launch.py
[2.562s] -- Up-to-date symlink: /home/ubuntu/ros2_ws/install/diffdrive_arduino/share/diffdrive_arduino/environment/library_path.sh
[2.564s] -- Up-to-date symlink: /home/ubuntu/ros2_ws/install/diffdrive_arduino/share/diffdrive_arduino/environment/library_path.dsv
[2.569s] -- Up-to-date symlink: /home/ubuntu/ros2_ws/install/diffdrive_arduino/share/ament_index/resource_index/package_run_dependencies/diffdrive_arduino
[2.572s] -- Up-to-date symlink: /home/ubuntu/ros2_ws/install/diffdrive_arduino/share/ament_index/resource_index/parent_prefix_path/diffdrive_arduino
[2.574s] -- Up-to-date symlink: /home/ubuntu/ros2_ws/install/diffdrive_arduino/share/diffdrive_arduino/environment/ament_prefix_path.sh
[2.576s] -- Up-to-date symlink: /home/ubuntu/ros2_ws/install/diffdrive_arduino/share/diffdrive_arduino/environment/ament_prefix_path.dsv
[2.578s] -- Up-to-date symlink: /home/ubuntu/ros2_ws/install/diffdrive_arduino/share/diffdrive_arduino/environment/path.sh
[2.580s] -- Up-to-date symlink: /home/ubuntu/ros2_ws/install/diffdrive_arduino/share/diffdrive_arduino/environment/path.dsv
[2.582s] -- Up-to-date symlink: /home/ubuntu/ros2_ws/install/diffdrive_arduino/share/diffdrive_arduino/local_setup.bash
[2.584s] -- Up-to-date symlink: /home/ubuntu/ros2_ws/install/diffdrive_arduino/share/diffdrive_arduino/local_setup.sh
[2.586s] -- Up-to-date symlink: /home/ubuntu/ros2_ws/install/diffdrive_arduino/share/diffdrive_arduino/local_setup.zsh
[2.587s] -- Up-to-date symlink: /home/ubuntu/ros2_ws/install/diffdrive_arduino/share/diffdrive_arduino/local_setup.dsv
[2.588s] -- Symlinking: /home/ubuntu/ros2_ws/install/diffdrive_arduino/share/diffdrive_arduino/package.dsv
[2.627s] -- Up-to-date symlink: /home/ubuntu/ros2_ws/install/diffdrive_arduino/share/ament_index/resource_index/packages/diffdrive_arduino
[2.629s] -- Up-to-date symlink: /home/ubuntu/ros2_ws/install/diffdrive_arduino/share/ament_index/resource_index/hardware_interface__pluginlib__plugin/diffdrive_arduino
[2.631s] -- Up-to-date symlink: /home/ubuntu/ros2_ws/install/diffdrive_arduino/share/diffdrive_arduino/cmake/ament_cmake_export_libraries-extras.cmake
[2.633s] -- Up-to-date symlink: /home/ubuntu/ros2_ws/install/diffdrive_arduino/share/diffdrive_arduino/cmake/ament_cmake_export_dependencies-extras.cmake
[2.635s] -- Up-to-date symlink: /home/ubuntu/ros2_ws/install/diffdrive_arduino/share/diffdrive_arduino/cmake/diffdrive_arduinoConfig.cmake
[2.637s] -- Up-to-date symlink: /home/ubuntu/ros2_ws/install/diffdrive_arduino/share/diffdrive_arduino/cmake/diffdrive_arduinoConfig-version.cmake
[2.638s] -- Up-to-date symlink: /home/ubuntu/ros2_ws/install/diffdrive_arduino/share/diffdrive_arduino/package.xml
[2.645s] Invoked command in '/home/ubuntu/ros2_ws/build/diffdrive_arduino' returned '0': AMENT_PREFIX_PATH=/home/ubuntu/ros2_ws/install/serial:${AMENT_PREFIX_PATH} CMAKE_PREFIX_PATH=/home/ubuntu/ros2_ws/install/serial:/opt/ros/foxy LD_LIBRARY_PATH=/home/ubuntu/ros2_ws/install/serial/lib:${LD_LIBRARY_PATH} /usr/bin/cmake --install /home/ubuntu/ros2_ws/build/diffdrive_arduino
