[5.722s] Invoking command in '/home/ubuntu/ros2_ws/build/serial': CMAKE_PREFIX_PATH=/opt/ros/foxy /usr/bin/cmake --build /home/ubuntu/ros2_ws/build/serial -- -j4 -l4
[6.384s] [ 28%] Built target serial
[6.596s] [ 42%] Built target gtest_main
[6.752s] [ 57%] Built target serial_example
[6.941s] [ 71%] Built target gtest
[7.080s] [ 85%] Built target serial-test-timer
[7.277s] [100%] Built target serial-test
[7.850s] Invoked command in '/home/ubuntu/ros2_ws/build/serial' returned '0': CMAKE_PREFIX_PATH=/opt/ros/foxy /usr/bin/cmake --build /home/ubuntu/ros2_ws/build/serial -- -j4 -l4
[9.209s] Invoking command in '/home/ubuntu/ros2_ws/build/serial': CMAKE_PREFIX_PATH=/opt/ros/foxy /usr/bin/cmake --install /home/ubuntu/ros2_ws/build/serial
[9.266s] -- Install configuration: ""
[9.269s] -- Execute custom install script
[9.277s] -- Up-to-date symlink: /home/ubuntu/ros2_ws/install/serial/lib/libserial.a
[9.298s] -- Up-to-date symlink: /home/ubuntu/ros2_ws/install/serial/include/serial/serial.h
[9.299s] -- Up-to-date symlink: /home/ubuntu/ros2_ws/install/serial/include/serial/v8stdint.h
[9.307s] -- Up-to-date symlink: /home/ubuntu/ros2_ws/install/serial/share/serial/environment/library_path.sh
[9.310s] -- Up-to-date symlink: /home/ubuntu/ros2_ws/install/serial/share/serial/environment/library_path.dsv
[9.320s] -- Up-to-date symlink: /home/ubuntu/ros2_ws/install/serial/share/ament_index/resource_index/package_run_dependencies/serial
[9.326s] -- Up-to-date symlink: /home/ubuntu/ros2_ws/install/serial/share/ament_index/resource_index/parent_prefix_path/serial
[9.328s] -- Up-to-date symlink: /home/ubuntu/ros2_ws/install/serial/share/serial/environment/ament_prefix_path.sh
[9.331s] -- Up-to-date symlink: /home/ubuntu/ros2_ws/install/serial/share/serial/environment/ament_prefix_path.dsv
[9.335s] -- Up-to-date symlink: /home/ubuntu/ros2_ws/install/serial/share/serial/environment/path.sh
[9.336s] -- Up-to-date symlink: /home/ubuntu/ros2_ws/install/serial/share/serial/environment/path.dsv
[9.339s] -- Up-to-date symlink: /home/ubuntu/ros2_ws/install/serial/share/serial/local_setup.bash
[9.344s] -- Up-to-date symlink: /home/ubuntu/ros2_ws/install/serial/share/serial/local_setup.sh
[9.348s] -- Up-to-date symlink: /home/ubuntu/ros2_ws/install/serial/share/serial/local_setup.zsh
[9.354s] -- Up-to-date symlink: /home/ubuntu/ros2_ws/install/serial/share/serial/local_setup.dsv
[9.365s] -- Symlinking: /home/ubuntu/ros2_ws/install/serial/share/serial/package.dsv
[9.421s] -- Up-to-date symlink: /home/ubuntu/ros2_ws/install/serial/share/ament_index/resource_index/packages/serial
[9.424s] -- Up-to-date symlink: /home/ubuntu/ros2_ws/install/serial/share/serial/cmake/ament_cmake_export_include_directories-extras.cmake
[9.428s] -- Up-to-date symlink: /home/ubuntu/ros2_ws/install/serial/share/serial/cmake/ament_cmake_export_libraries-extras.cmake
[9.430s] -- Up-to-date symlink: /home/ubuntu/ros2_ws/install/serial/share/serial/cmake/serialConfig.cmake
[9.434s] -- Up-to-date symlink: /home/ubuntu/ros2_ws/install/serial/share/serial/cmake/serialConfig-version.cmake
[9.435s] -- Up-to-date symlink: /home/ubuntu/ros2_ws/install/serial/share/serial/package.xml
[9.461s] Invoked command in '/home/ubuntu/ros2_ws/build/serial' returned '0': CMAKE_PREFIX_PATH=/opt/ros/foxy /usr/bin/cmake --install /home/ubuntu/ros2_ws/build/serial
