[0.837s] Invoking command in '/home/ubuntu/ros2_ws/build/ydlidar_sdk': /usr/bin/cmake --build /home/ubuntu/ros2_ws/build/ydlidar_sdk -- -j4 -l4
[1.414s] [ 42%] Built target ydlidar_sdk
[1.730s] [ 47%] Built target tri_test
[1.770s] [ 52%] Built target et_test
[1.794s] [ 57%] Built target sdm_test
[1.876s] [ 61%] Built target gs_ota
[2.120s] [ 66%] Built target tof_test
[2.131s] [ 71%] Built target tri_restart
[2.138s] [ 76%] Built target gs_test
[2.266s] [ 80%] Built target tri_and_gs_test
[2.274s] [ 85%] Built target lidar_c_api_test
[2.375s] [ 90%] Built target tmini_test
[2.420s] [ 95%] Built target scl_test
[2.505s] [100%] Built target tea_test
[3.244s] Invoked command in '/home/ubuntu/ros2_ws/build/ydlidar_sdk' returned '0': /usr/bin/cmake --build /home/ubuntu/ros2_ws/build/ydlidar_sdk -- -j4 -l4
[5.850s] Invoking command in '/home/ubuntu/ros2_ws/build/ydlidar_sdk': /usr/bin/cmake --install /home/ubuntu/ros2_ws/build/ydlidar_sdk
[5.909s] -- Install configuration: ""
[5.912s] -- Up-to-date: /home/ubuntu/ros2_ws/install/ydlidar_sdk/include/core/base/datatype.h
[5.913s] -- Up-to-date: /home/ubuntu/ros2_ws/install/ydlidar_sdk/include/core/base/locker.h
[5.914s] -- Up-to-date: /home/ubuntu/ros2_ws/install/ydlidar_sdk/include/core/base/thread.h
[5.914s] -- Up-to-date: /home/ubuntu/ros2_ws/install/ydlidar_sdk/include/core/base/timer.h
[5.915s] -- Up-to-date: /home/ubuntu/ros2_ws/install/ydlidar_sdk/include/core/base/typedef.h
[5.915s] -- Up-to-date: /home/ubuntu/ros2_ws/install/ydlidar_sdk/include/core/base/utils.h
[5.915s] -- Up-to-date: /home/ubuntu/ros2_ws/install/ydlidar_sdk/include/core/base/v8stdint.h
[5.915s] -- Up-to-date: /home/ubuntu/ros2_ws/install/ydlidar_sdk/include/core/base/ydlidar.h
[5.919s] -- Up-to-date: /home/ubuntu/ros2_ws/install/ydlidar_sdk/include/core/common/ChannelDevice.h
[5.921s] -- Up-to-date: /home/ubuntu/ros2_ws/install/ydlidar_sdk/include/core/common/DriverInterface.h
[5.924s] -- Up-to-date: /home/ubuntu/ros2_ws/install/ydlidar_sdk/include/core/common/ydlidar_datatype.h
[5.926s] -- Up-to-date: /home/ubuntu/ros2_ws/install/ydlidar_sdk/include/core/common/ydlidar_def.h
[5.927s] -- Up-to-date: /home/ubuntu/ros2_ws/install/ydlidar_sdk/include/core/common/ydlidar_help.h
[5.928s] -- Up-to-date: /home/ubuntu/ros2_ws/install/ydlidar_sdk/include/core/common/ydlidar_protocol.h
[5.928s] -- Up-to-date: /home/ubuntu/ros2_ws/install/ydlidar_sdk/include/core/math/angles.h
[5.929s] -- Up-to-date: /home/ubuntu/ros2_ws/install/ydlidar_sdk/include/core/network/ActiveSocket.h
[5.930s] -- Up-to-date: /home/ubuntu/ros2_ws/install/ydlidar_sdk/include/core/network/PassiveSocket.h
[5.930s] -- Up-to-date: /home/ubuntu/ros2_ws/install/ydlidar_sdk/include/core/network/SimpleSocket.h
[5.932s] -- Up-to-date: /home/ubuntu/ros2_ws/install/ydlidar_sdk/include/core/network/StatTimer.h
[5.932s] -- Up-to-date: /home/ubuntu/ros2_ws/install/ydlidar_sdk/include/core/serial/common.h
[5.933s] -- Up-to-date: /home/ubuntu/ros2_ws/install/ydlidar_sdk/include/core/serial/serial.h
[5.933s] -- Up-to-date: /home/ubuntu/ros2_ws/install/ydlidar_sdk/include/core/serial/impl/unix/lock.h
[5.935s] -- Up-to-date: /home/ubuntu/ros2_ws/install/ydlidar_sdk/include/core/serial/impl/unix/unix.h
[5.936s] -- Up-to-date: /home/ubuntu/ros2_ws/install/ydlidar_sdk/include/core/serial/impl/unix/unix_serial.h
[5.947s] -- Up-to-date: /home/ubuntu/ros2_ws/install/ydlidar_sdk/include/src/CYdLidar.h
[5.962s] -- Up-to-date: /home/ubuntu/ros2_ws/install/ydlidar_sdk/include/src/ETLidarDriver.h
[5.963s] -- Up-to-date: /home/ubuntu/ros2_ws/install/ydlidar_sdk/include/src/GSLidarDriver.h
[5.963s] -- Up-to-date: /home/ubuntu/ros2_ws/install/ydlidar_sdk/include/src/SDMLidarDriver.h
[5.964s] -- Up-to-date: /home/ubuntu/ros2_ws/install/ydlidar_sdk/include/src/YDlidarDriver.h
[5.965s] -- Up-to-date: /home/ubuntu/ros2_ws/install/ydlidar_sdk/include/src/ydlidar_sdk.h
[5.969s] -- Up-to-date: /home/ubuntu/ros2_ws/install/ydlidar_sdk/include/src/filters/FilterInterface.h
[5.986s] -- Up-to-date: /home/ubuntu/ros2_ws/install/ydlidar_sdk/include/src/filters/NoiseFilter.h
[5.989s] -- Up-to-date: /home/ubuntu/ros2_ws/install/ydlidar_sdk/include/src/filters/StrongLightFilter.h
[5.990s] -- Up-to-date: /home/ubuntu/ros2_ws/install/ydlidar_sdk/include/ydlidar_config.h
[5.992s] -- Up-to-date: /home/ubuntu/ros2_ws/install/ydlidar_sdk/lib/libydlidar_sdk.a
[6.002s] -- Up-to-date: /home/ubuntu/ros2_ws/install/ydlidar_sdk/lib/pkgconfig/YDLIDAR_SDK.pc
[6.002s] -- Up-to-date: /home/ubuntu/ros2_ws/install/ydlidar_sdk/lib/cmake/ydlidar_sdk/ydlidar_sdkConfig.cmake
[6.003s] -- Up-to-date: /home/ubuntu/ros2_ws/install/ydlidar_sdk/lib/cmake/ydlidar_sdk/ydlidar_sdkTargets.cmake
[6.004s] -- Up-to-date: /home/ubuntu/ros2_ws/install/ydlidar_sdk/lib/cmake/ydlidar_sdk/ydlidar_sdkConfigVersion.cmake
[6.005s] -- Up-to-date: /home/ubuntu/ros2_ws/install/ydlidar_sdk/share/YDLIDAR_SDK/FindYDLIDAR_SDK.cmake
[6.005s] -- Up-to-date: /home/ubuntu/ros2_ws/install/ydlidar_sdk/share/YDLIDAR_SDK
[6.005s] -- Up-to-date: /home/ubuntu/ros2_ws/install/ydlidar_sdk/share/YDLIDAR_SDK/install_package.cmake
[6.006s] -- Up-to-date: /home/ubuntu/ros2_ws/install/ydlidar_sdk/share/YDLIDAR_SDK/cmake_uninstall.cmake.in
[6.007s] -- Up-to-date: /home/ubuntu/ros2_ws/install/ydlidar_sdk/share/YDLIDAR_SDK/FindPackage.cmake.in
[6.007s] -- Up-to-date: /home/ubuntu/ros2_ws/install/ydlidar_sdk/share/YDLIDAR_SDK/PkgConfig.pc.in
[6.008s] -- Up-to-date: /home/ubuntu/ros2_ws/install/ydlidar_sdk/share/YDLIDAR_SDK/PackageConfig.cmake.in
[6.009s] -- Up-to-date: /home/ubuntu/ros2_ws/install/ydlidar_sdk/share/YDLIDAR_SDK/PackageConfigVersion.cmake.in
[6.009s] -- Up-to-date: /home/ubuntu/ros2_ws/install/ydlidar_sdk/share/YDLIDAR_SDK/script_show_final_summary.cmake
[6.010s] -- Up-to-date: /home/ubuntu/ros2_ws/install/ydlidar_sdk/share/YDLIDAR_SDK/common
[6.011s] -- Up-to-date: /home/ubuntu/ros2_ws/install/ydlidar_sdk/share/YDLIDAR_SDK/common/ydlidar_base.cmake
[6.011s] -- Up-to-date: /home/ubuntu/ros2_ws/install/ydlidar_sdk/share/YDLIDAR_SDK/common/ydlidar_parse.cmake
[6.012s] -- Up-to-date: /home/ubuntu/ros2_ws/install/ydlidar_sdk/share/YDLIDAR_SDK/LICENSE.txt
[6.012s] -- Up-to-date: /home/ubuntu/ros2_ws/install/ydlidar_sdk/share/YDLIDAR_SDK/README.md
[6.013s] -- Up-to-date: /home/ubuntu/ros2_ws/install/ydlidar_sdk/share/YDLIDAR_SDK/doc
[6.021s] -- Up-to-date: /home/ubuntu/ros2_ws/install/ydlidar_sdk/share/YDLIDAR_SDK/doc/FAQs
[6.024s] -- Up-to-date: /home/ubuntu/ros2_ws/install/ydlidar_sdk/share/YDLIDAR_SDK/doc/FAQs/Software_FAQs.md
[6.025s] -- Up-to-date: /home/ubuntu/ros2_ws/install/ydlidar_sdk/share/YDLIDAR_SDK/doc/FAQs/General_FAQs.md
[6.027s] -- Up-to-date: /home/ubuntu/ros2_ws/install/ydlidar_sdk/share/YDLIDAR_SDK/doc/FAQs/Hardware_FAQs.md
[6.029s] -- Up-to-date: /home/ubuntu/ros2_ws/install/ydlidar_sdk/share/YDLIDAR_SDK/doc/FAQs/README.md
[6.031s] -- Up-to-date: /home/ubuntu/ros2_ws/install/ydlidar_sdk/share/YDLIDAR_SDK/doc/FAQs/Software_FAQs_cn.md
[6.032s] -- Up-to-date: /home/ubuntu/ros2_ws/install/ydlidar_sdk/share/YDLIDAR_SDK/doc/FAQs/General_FAQs_cn.md
[6.034s] -- Up-to-date: /home/ubuntu/ros2_ws/install/ydlidar_sdk/share/YDLIDAR_SDK/doc/FAQs/Hardware_FAQs_cn.md
[6.038s] -- Up-to-date: /home/ubuntu/ros2_ws/install/ydlidar_sdk/share/YDLIDAR_SDK/doc/YDLidar_SDK_Communication_Protocol.pdf
[6.042s] -- Up-to-date: /home/ubuntu/ros2_ws/install/ydlidar_sdk/share/YDLIDAR_SDK/doc/tutorials
[6.043s] -- Up-to-date: /home/ubuntu/ros2_ws/install/ydlidar_sdk/share/YDLIDAR_SDK/doc/tutorials/writing_lidar_tutorial_python.md
[6.049s] -- Up-to-date: /home/ubuntu/ros2_ws/install/ydlidar_sdk/share/YDLIDAR_SDK/doc/tutorials/examine_the_simple_lidar_tutorial.md
[6.051s] -- Up-to-date: /home/ubuntu/ros2_ws/install/ydlidar_sdk/share/YDLIDAR_SDK/doc/tutorials/writing_lidar_network_adapter_tutorial_c++.md
[6.053s] -- Up-to-date: /home/ubuntu/ros2_ws/install/ydlidar_sdk/share/YDLIDAR_SDK/doc/tutorials/writing_lidar_tutorial_c.md
[6.054s] -- Up-to-date: /home/ubuntu/ros2_ws/install/ydlidar_sdk/share/YDLIDAR_SDK/doc/tutorials/writing_lidar_tutorial_c++.md
[6.057s] -- Up-to-date: /home/ubuntu/ros2_ws/install/ydlidar_sdk/share/YDLIDAR_SDK/doc/Diagram.md
[6.060s] -- Up-to-date: /home/ubuntu/ros2_ws/install/ydlidar_sdk/share/YDLIDAR_SDK/doc/YDLIDAR_SDK_API_for_Developers.md
[6.061s] -- Up-to-date: /home/ubuntu/ros2_ws/install/ydlidar_sdk/share/YDLIDAR_SDK/doc/Dataset.md
[6.065s] -- Up-to-date: /home/ubuntu/ros2_ws/install/ydlidar_sdk/share/YDLIDAR_SDK/doc/README.md
[6.066s] -- Up-to-date: /home/ubuntu/ros2_ws/install/ydlidar_sdk/share/YDLIDAR_SDK/doc/YDLidar-SDK-Communication-Protocol.html
[6.067s] -- Up-to-date: /home/ubuntu/ros2_ws/install/ydlidar_sdk/share/YDLIDAR_SDK/doc/YDLidar-SDK-Communication-Protocol.md
[6.068s] -- Up-to-date: /home/ubuntu/ros2_ws/install/ydlidar_sdk/share/YDLIDAR_SDK/doc/howto
[6.069s] -- Up-to-date: /home/ubuntu/ros2_ws/install/ydlidar_sdk/share/YDLIDAR_SDK/doc/howto/how_to_create_a_udev_rules.md
[6.069s] -- Up-to-date: /home/ubuntu/ros2_ws/install/ydlidar_sdk/share/YDLIDAR_SDK/doc/howto/how_to_build_and_install.md
[6.070s] -- Up-to-date: /home/ubuntu/ros2_ws/install/ydlidar_sdk/share/YDLIDAR_SDK/doc/howto/how_to_gerenrate_vs_project_by_cmake.md
[6.070s] -- Up-to-date: /home/ubuntu/ros2_ws/install/ydlidar_sdk/share/YDLIDAR_SDK/doc/howto/how_to_build_and_debug_using_vscode.md
[6.071s] -- Up-to-date: /home/ubuntu/ros2_ws/install/ydlidar_sdk/share/YDLIDAR_SDK/doc/howto/README.md
[6.072s] -- Up-to-date: /home/ubuntu/ros2_ws/install/ydlidar_sdk/share/YDLIDAR_SDK/doc/howto/how_to_create_a_csharp_project.md
[6.073s] -- Up-to-date: /home/ubuntu/ros2_ws/install/ydlidar_sdk/share/YDLIDAR_SDK/doc/howto/images
[6.073s] -- Up-to-date: /home/ubuntu/ros2_ws/install/ydlidar_sdk/share/YDLIDAR_SDK/doc/howto/images/csharp_running.png
[6.078s] -- Up-to-date: /home/ubuntu/ros2_ws/install/ydlidar_sdk/share/YDLIDAR_SDK/doc/howto/images/cpack.png
[6.082s] -- Up-to-date: /home/ubuntu/ros2_ws/install/ydlidar_sdk/share/YDLIDAR_SDK/doc/howto/images/csharp_exception.png
[6.083s] -- Up-to-date: /home/ubuntu/ros2_ws/install/ydlidar_sdk/share/YDLIDAR_SDK/doc/howto/images/ttyUSB1.png
[6.085s] -- Up-to-date: /home/ubuntu/ros2_ws/install/ydlidar_sdk/share/YDLIDAR_SDK/doc/howto/images/ydlidar_lidar_monitor.png
[6.085s] -- Up-to-date: /home/ubuntu/ros2_ws/install/ydlidar_sdk/share/YDLIDAR_SDK/doc/howto/images/ttyUSB0.png
[6.086s] -- Up-to-date: /home/ubuntu/ros2_ws/install/ydlidar_sdk/share/YDLIDAR_SDK/doc/howto/images/csharp_build.png
[6.086s] -- Up-to-date: /home/ubuntu/ros2_ws/install/ydlidar_sdk/share/YDLIDAR_SDK/doc/howto/images/csharp_project.png
[6.087s] -- Up-to-date: /home/ubuntu/ros2_ws/install/ydlidar_sdk/share/YDLIDAR_SDK/doc/howto/images/sequence.png
[6.088s] -- Up-to-date: /home/ubuntu/ros2_ws/install/ydlidar_sdk/share/YDLIDAR_SDK/doc/howto/images/csharp_library.png
[6.088s] -- Up-to-date: /home/ubuntu/ros2_ws/install/ydlidar_sdk/share/YDLIDAR_SDK/doc/howto/images/vscode
[6.088s] -- Up-to-date: /home/ubuntu/ros2_ws/install/ydlidar_sdk/share/YDLIDAR_SDK/doc/howto/images/vscode/run_tasks.jpg
[6.090s] -- Up-to-date: /home/ubuntu/ros2_ws/install/ydlidar_sdk/share/YDLIDAR_SDK/doc/howto/images/vscode/tasks.png
[6.090s] -- Up-to-date: /home/ubuntu/ros2_ws/install/ydlidar_sdk/share/YDLIDAR_SDK/doc/howto/images/sdk_init.png
[6.091s] -- Up-to-date: /home/ubuntu/ros2_ws/install/ydlidar_sdk/share/YDLIDAR_SDK/doc/howto/images/sdk_scanning.png
[6.091s] -- Up-to-date: /home/ubuntu/ros2_ws/install/ydlidar_sdk/share/YDLIDAR_SDK/doc/howto/how_to_solve_slow_pull_from_cn.md
[6.091s] -- Up-to-date: /home/ubuntu/ros2_ws/install/ydlidar_sdk/share/YDLIDAR_SDK/doc/howto/how_to_create_a_pull.md
[6.092s] -- Up-to-date: /home/ubuntu/ros2_ws/install/ydlidar_sdk/share/YDLIDAR_SDK/doc/YDLidar-SDK-Communication-Protocol.pdf
[6.092s] -- Up-to-date: /home/ubuntu/ros2_ws/install/ydlidar_sdk/share/YDLIDAR_SDK/doc/SDK.pdf
[6.092s] -- Up-to-date: /home/ubuntu/ros2_ws/install/ydlidar_sdk/share/YDLIDAR_SDK/doc/images
[6.093s] -- Up-to-date: /home/ubuntu/ros2_ws/install/ydlidar_sdk/share/YDLIDAR_SDK/doc/images/sdk_architecture.png
[6.093s] -- Up-to-date: /home/ubuntu/ros2_ws/install/ydlidar_sdk/share/YDLIDAR_SDK/doc/images/frame_intensity.png
[6.093s] -- Up-to-date: /home/ubuntu/ros2_ws/install/ydlidar_sdk/share/YDLIDAR_SDK/doc/images/FlowChart.png
[6.094s] -- Up-to-date: /home/ubuntu/ros2_ws/install/ydlidar_sdk/share/YDLIDAR_SDK/doc/images/frame.png
[6.094s] -- Up-to-date: /home/ubuntu/ros2_ws/install/ydlidar_sdk/share/YDLIDAR_SDK/doc/images/communication_mechanism.png
[6.094s] -- Up-to-date: /home/ubuntu/ros2_ws/install/ydlidar_sdk/share/YDLIDAR_SDK/doc/images/YDLidar.jpg
[6.095s] -- Up-to-date: /home/ubuntu/ros2_ws/install/ydlidar_sdk/share/YDLIDAR_SDK/doc/images/sequence.png
[6.095s] -- Up-to-date: /home/ubuntu/ros2_ws/install/ydlidar_sdk/share/YDLIDAR_SDK/doc/images/system_workflow.png
[6.096s] -- Up-to-date: /home/ubuntu/ros2_ws/install/ydlidar_sdk/share/YDLIDAR_SDK/doc/images/angle_q2.png
[6.096s] -- Up-to-date: /home/ubuntu/ros2_ws/install/ydlidar_sdk/share/YDLIDAR_SDK/doc/images/EAI.png
[6.096s] -- Up-to-date: /home/ubuntu/ros2_ws/install/ydlidar_sdk/share/YDLIDAR_SDK/doc/images/YDLidar.png
[6.097s] -- Up-to-date: /home/ubuntu/ros2_ws/install/ydlidar_sdk/share/YDLIDAR_SDK/doc/images/sdk_init.png
[6.097s] -- Up-to-date: /home/ubuntu/ros2_ws/install/ydlidar_sdk/share/YDLIDAR_SDK/doc/images/sdk_scanning.png
[6.099s] -- Up-to-date: /home/ubuntu/ros2_ws/install/ydlidar_sdk/share/YDLIDAR_SDK/doc/Tutorials.md
[6.101s] -- Up-to-date: /home/ubuntu/ros2_ws/install/ydlidar_sdk/share/YDLIDAR_SDK/doc/quickstart
[6.103s] -- Up-to-date: /home/ubuntu/ros2_ws/install/ydlidar_sdk/share/YDLIDAR_SDK/doc/quickstart/ydlidar_sdk_software_installation_guide.md
[6.106s] -- Up-to-date: /home/ubuntu/ros2_ws/install/ydlidar_sdk/share/YDLIDAR_SDK/doc/quickstart/README.md
[6.108s] -- Up-to-date: /home/ubuntu/ros2_ws/install/ydlidar_sdk/startup/initenv.sh
[6.110s] -- Up-to-date: /home/ubuntu/ros2_ws/install/ydlidar_sdk/bin/et_test
[6.112s] -- Up-to-date: /home/ubuntu/ros2_ws/install/ydlidar_sdk/bin/gs_ota
[6.114s] -- Up-to-date: /home/ubuntu/ros2_ws/install/ydlidar_sdk/bin/gs_test
[6.116s] -- Up-to-date: /home/ubuntu/ros2_ws/install/ydlidar_sdk/bin/scl_test
[6.117s] -- Up-to-date: /home/ubuntu/ros2_ws/install/ydlidar_sdk/bin/sdm_test
[6.120s] -- Up-to-date: /home/ubuntu/ros2_ws/install/ydlidar_sdk/bin/tea_test
[6.122s] -- Up-to-date: /home/ubuntu/ros2_ws/install/ydlidar_sdk/bin/tmini_test
[6.123s] -- Up-to-date: /home/ubuntu/ros2_ws/install/ydlidar_sdk/bin/tof_test
[6.125s] -- Up-to-date: /home/ubuntu/ros2_ws/install/ydlidar_sdk/bin/tri_and_gs_test
[6.125s] -- Up-to-date: /home/ubuntu/ros2_ws/install/ydlidar_sdk/bin/tri_restart
[6.128s] -- Up-to-date: /home/ubuntu/ros2_ws/install/ydlidar_sdk/bin/tri_test
[6.130s] -- Up-to-date: /home/ubuntu/ros2_ws/install/ydlidar_sdk/bin/lidar_c_api_test
[7.503s] Invoked command in '/home/ubuntu/ros2_ws/build/ydlidar_sdk' returned '0': /usr/bin/cmake --install /home/ubuntu/ros2_ws/build/ydlidar_sdk
