[0.996s] Invoking command in '/home/ubuntu/ros2_ws/build/ydlidar_ros2_driver': CMAKE_PREFIX_PATH=/opt/ros/foxy /usr/bin/cmake /home/ubuntu/ros2_ws/src/ydlidar_ros2_ws/src/ydlidar_ros2_driver -DAMENT_CMAKE_SYMLINK_INSTALL=1 -DCMAKE_INSTALL_PREFIX=/home/ubuntu/ros2_ws/install/ydlidar_ros2_driver
[1.080s] -- Found ament_cmake: 0.9.12 (/opt/ros/foxy/share/ament_cmake/cmake)
[1.195s] -- Using PYTHON_EXECUTABLE: /usr/bin/python3
[2.193s] -- Override CMake install command with custom implementation using symlinks instead of copying resources
[2.225s] -- Found rclcpp: 2.4.3 (/opt/ros/foxy/share/rclcpp/cmake)
[2.425s] -- Using all available rosidl_typesupport_c: rosidl_typesupport_fastrtps_c;rosidl_typesupport_introspection_c
[2.439s] -- Found rosidl_adapter: 1.3.1 (/opt/ros/foxy/share/rosidl_adapter/cmake)
[3.391s] -- Using all available rosidl_typesupport_cpp: rosidl_typesupport_fastrtps_cpp;rosidl_typesupport_introspection_cpp
[3.588s] -- Found rmw_implementation_cmake: 1.0.4 (/opt/ros/foxy/share/rmw_implementation_cmake/cmake)
[3.593s] -- Using RMW implementation 'rmw_fastrtps_cpp' as default
[4.179s] -- Found sensor_msgs: 2.0.5 (/opt/ros/foxy/share/sensor_msgs/cmake)
[4.612s] -- Found visualization_msgs: 2.0.5 (/opt/ros/foxy/share/visualization_msgs/cmake)
[4.882s] -- Found std_srvs: 2.0.5 (/opt/ros/foxy/share/std_srvs/cmake)
[5.071s] CMake Error at CMakeLists.txt:25 (find_package):
[5.071s]   By not providing "Findydlidar_sdk.cmake" in CMAKE_MODULE_PATH this project
[5.071s]   has asked CMake to find a package configuration file provided by
[5.072s]   "ydlidar_sdk", but CMake did not find one.
[5.072s] 
[5.072s]   Could not find a package configuration file provided by "ydlidar_sdk" with
[5.073s]   any of the following names:
[5.073s] 
[5.074s]     ydlidar_sdkConfig.cmake
[5.074s]     ydlidar_sdk-config.cmake
[5.074s] 
[5.075s]   Add the installation prefix of "ydlidar_sdk" to CMAKE_PREFIX_PATH or set
[5.075s]   "ydlidar_sdk_DIR" to a directory containing one of the above files.  If
[5.075s]   "ydlidar_sdk" provides a separate development package or SDK, be sure it
[5.076s]   has been installed.
[5.076s] 
[5.076s] 
[5.085s] -- Configuring incomplete, errors occurred!
[5.085s] See also "/home/ubuntu/ros2_ws/build/ydlidar_ros2_driver/CMakeFiles/CMakeOutput.log".
[5.086s] See also "/home/ubuntu/ros2_ws/build/ydlidar_ros2_driver/CMakeFiles/CMakeError.log".
[5.115s] Invoked command in '/home/ubuntu/ros2_ws/build/ydlidar_ros2_driver' returned '1': CMAKE_PREFIX_PATH=/opt/ros/foxy /usr/bin/cmake /home/ubuntu/ros2_ws/src/ydlidar_ros2_ws/src/ydlidar_ros2_driver -DAMENT_CMAKE_SYMLINK_INSTALL=1 -DCMAKE_INSTALL_PREFIX=/home/ubuntu/ros2_ws/install/ydlidar_ros2_driver
