[1.323s] Invoking command in '/home/ubuntu/ros2_ws/build/ydlidar_sdk': /usr/bin/cmake --build /home/ubuntu/ros2_ws/build/ydlidar_sdk -- -j4 -l4
[1.918s] [ 42%] Built target ydlidar_sdk
[2.109s] [ 47%] Built target et_test
[2.312s] [ 52%] Built target gs_ota
[2.599s] [ 57%] Built target tri_restart
[2.825s] [ 61%] Built target gs_test
[2.952s] [ 66%] Built target tof_test
[3.147s] [ 71%] Built target tri_and_gs_test
[3.269s] [ 76%] Built target tmini_test
[3.477s] [ 80%] Built target lidar_c_api_test
[3.674s] [ 85%] Built target scl_test
[3.821s] [ 90%] Built target tea_test
[3.939s] [ 95%] Built target tri_test
[4.051s] [100%] Built target sdm_test
[4.590s] Invoked command in '/home/ubuntu/ros2_ws/build/ydlidar_sdk' returned '0': /usr/bin/cmake --build /home/ubuntu/ros2_ws/build/ydlidar_sdk -- -j4 -l4
[6.253s] Invoking command in '/home/ubuntu/ros2_ws/build/ydlidar_sdk': /usr/bin/cmake --install /home/ubuntu/ros2_ws/build/ydlidar_sdk
[6.300s] -- Install configuration: ""
[6.302s] -- Up-to-date: /home/ubuntu/ros2_ws/install/ydlidar_sdk/include/core/base/datatype.h
[6.302s] -- Up-to-date: /home/ubuntu/ros2_ws/install/ydlidar_sdk/include/core/base/locker.h
[6.303s] -- Up-to-date: /home/ubuntu/ros2_ws/install/ydlidar_sdk/include/core/base/thread.h
[6.305s] -- Up-to-date: /home/ubuntu/ros2_ws/install/ydlidar_sdk/include/core/base/timer.h
[6.309s] -- Up-to-date: /home/ubuntu/ros2_ws/install/ydlidar_sdk/include/core/base/typedef.h
[6.313s] -- Up-to-date: /home/ubuntu/ros2_ws/install/ydlidar_sdk/include/core/base/utils.h
[6.314s] -- Up-to-date: /home/ubuntu/ros2_ws/install/ydlidar_sdk/include/core/base/v8stdint.h
[6.314s] -- Up-to-date: /home/ubuntu/ros2_ws/install/ydlidar_sdk/include/core/base/ydlidar.h
[6.315s] -- Up-to-date: /home/ubuntu/ros2_ws/install/ydlidar_sdk/include/core/common/ChannelDevice.h
[6.316s] -- Up-to-date: /home/ubuntu/ros2_ws/install/ydlidar_sdk/include/core/common/DriverInterface.h
[6.318s] -- Up-to-date: /home/ubuntu/ros2_ws/install/ydlidar_sdk/include/core/common/ydlidar_datatype.h
[6.320s] -- Up-to-date: /home/ubuntu/ros2_ws/install/ydlidar_sdk/include/core/common/ydlidar_def.h
[6.322s] -- Up-to-date: /home/ubuntu/ros2_ws/install/ydlidar_sdk/include/core/common/ydlidar_help.h
[6.325s] -- Up-to-date: /home/ubuntu/ros2_ws/install/ydlidar_sdk/include/core/common/ydlidar_protocol.h
[6.326s] -- Up-to-date: /home/ubuntu/ros2_ws/install/ydlidar_sdk/include/core/math/angles.h
[6.330s] -- Up-to-date: /home/ubuntu/ros2_ws/install/ydlidar_sdk/include/core/network/ActiveSocket.h
[6.331s] -- Up-to-date: /home/ubuntu/ros2_ws/install/ydlidar_sdk/include/core/network/PassiveSocket.h
[6.332s] -- Up-to-date: /home/ubuntu/ros2_ws/install/ydlidar_sdk/include/core/network/SimpleSocket.h
[6.335s] -- Up-to-date: /home/ubuntu/ros2_ws/install/ydlidar_sdk/include/core/network/StatTimer.h
[6.336s] -- Up-to-date: /home/ubuntu/ros2_ws/install/ydlidar_sdk/include/core/serial/common.h
[6.340s] -- Up-to-date: /home/ubuntu/ros2_ws/install/ydlidar_sdk/include/core/serial/serial.h
[6.342s] -- Up-to-date: /home/ubuntu/ros2_ws/install/ydlidar_sdk/include/core/serial/impl/unix/lock.h
[6.344s] -- Up-to-date: /home/ubuntu/ros2_ws/install/ydlidar_sdk/include/core/serial/impl/unix/unix.h
[6.347s] -- Up-to-date: /home/ubuntu/ros2_ws/install/ydlidar_sdk/include/core/serial/impl/unix/unix_serial.h
[6.351s] -- Up-to-date: /home/ubuntu/ros2_ws/install/ydlidar_sdk/include/src/CYdLidar.h
[6.356s] -- Up-to-date: /home/ubuntu/ros2_ws/install/ydlidar_sdk/include/src/ETLidarDriver.h
[6.358s] -- Up-to-date: /home/ubuntu/ros2_ws/install/ydlidar_sdk/include/src/GSLidarDriver.h
[6.363s] -- Up-to-date: /home/ubuntu/ros2_ws/install/ydlidar_sdk/include/src/SDMLidarDriver.h
[6.364s] -- Up-to-date: /home/ubuntu/ros2_ws/install/ydlidar_sdk/include/src/YDlidarDriver.h
[6.366s] -- Up-to-date: /home/ubuntu/ros2_ws/install/ydlidar_sdk/include/src/ydlidar_sdk.h
[6.368s] -- Up-to-date: /home/ubuntu/ros2_ws/install/ydlidar_sdk/include/src/filters/FilterInterface.h
[6.371s] -- Up-to-date: /home/ubuntu/ros2_ws/install/ydlidar_sdk/include/src/filters/NoiseFilter.h
[6.374s] -- Up-to-date: /home/ubuntu/ros2_ws/install/ydlidar_sdk/include/src/filters/StrongLightFilter.h
[6.376s] -- Up-to-date: /home/ubuntu/ros2_ws/install/ydlidar_sdk/include/ydlidar_config.h
[6.378s] -- Up-to-date: /home/ubuntu/ros2_ws/install/ydlidar_sdk/lib/libydlidar_sdk.a
[6.380s] -- Up-to-date: /home/ubuntu/ros2_ws/install/ydlidar_sdk/lib/pkgconfig/YDLIDAR_SDK.pc
[6.382s] -- Up-to-date: /home/ubuntu/ros2_ws/install/ydlidar_sdk/lib/cmake/ydlidar_sdk/ydlidar_sdkConfig.cmake
[6.383s] -- Up-to-date: /home/ubuntu/ros2_ws/install/ydlidar_sdk/lib/cmake/ydlidar_sdk/ydlidar_sdkTargets.cmake
[6.385s] -- Up-to-date: /home/ubuntu/ros2_ws/install/ydlidar_sdk/lib/cmake/ydlidar_sdk/ydlidar_sdkConfigVersion.cmake
[6.387s] -- Up-to-date: /home/ubuntu/ros2_ws/install/ydlidar_sdk/share/YDLIDAR_SDK/FindYDLIDAR_SDK.cmake
[6.389s] -- Up-to-date: /home/ubuntu/ros2_ws/install/ydlidar_sdk/share/YDLIDAR_SDK
[6.390s] -- Up-to-date: /home/ubuntu/ros2_ws/install/ydlidar_sdk/share/YDLIDAR_SDK/install_package.cmake
[6.392s] -- Up-to-date: /home/ubuntu/ros2_ws/install/ydlidar_sdk/share/YDLIDAR_SDK/cmake_uninstall.cmake.in
[6.394s] -- Up-to-date: /home/ubuntu/ros2_ws/install/ydlidar_sdk/share/YDLIDAR_SDK/FindPackage.cmake.in
[6.396s] -- Up-to-date: /home/ubuntu/ros2_ws/install/ydlidar_sdk/share/YDLIDAR_SDK/PkgConfig.pc.in
[6.397s] -- Up-to-date: /home/ubuntu/ros2_ws/install/ydlidar_sdk/share/YDLIDAR_SDK/PackageConfig.cmake.in
[6.399s] -- Up-to-date: /home/ubuntu/ros2_ws/install/ydlidar_sdk/share/YDLIDAR_SDK/PackageConfigVersion.cmake.in
[6.401s] -- Up-to-date: /home/ubuntu/ros2_ws/install/ydlidar_sdk/share/YDLIDAR_SDK/script_show_final_summary.cmake
[6.402s] -- Up-to-date: /home/ubuntu/ros2_ws/install/ydlidar_sdk/share/YDLIDAR_SDK/common
[6.403s] -- Up-to-date: /home/ubuntu/ros2_ws/install/ydlidar_sdk/share/YDLIDAR_SDK/common/ydlidar_base.cmake
[6.406s] -- Up-to-date: /home/ubuntu/ros2_ws/install/ydlidar_sdk/share/YDLIDAR_SDK/common/ydlidar_parse.cmake
[6.409s] -- Up-to-date: /home/ubuntu/ros2_ws/install/ydlidar_sdk/share/YDLIDAR_SDK/LICENSE.txt
[6.410s] -- Up-to-date: /home/ubuntu/ros2_ws/install/ydlidar_sdk/share/YDLIDAR_SDK/README.md
[6.412s] -- Up-to-date: /home/ubuntu/ros2_ws/install/ydlidar_sdk/share/YDLIDAR_SDK/doc
[6.414s] -- Up-to-date: /home/ubuntu/ros2_ws/install/ydlidar_sdk/share/YDLIDAR_SDK/doc/FAQs
[6.415s] -- Up-to-date: /home/ubuntu/ros2_ws/install/ydlidar_sdk/share/YDLIDAR_SDK/doc/FAQs/Software_FAQs.md
[6.416s] -- Up-to-date: /home/ubuntu/ros2_ws/install/ydlidar_sdk/share/YDLIDAR_SDK/doc/FAQs/General_FAQs.md
[6.418s] -- Up-to-date: /home/ubuntu/ros2_ws/install/ydlidar_sdk/share/YDLIDAR_SDK/doc/FAQs/Hardware_FAQs.md
[6.419s] -- Up-to-date: /home/ubuntu/ros2_ws/install/ydlidar_sdk/share/YDLIDAR_SDK/doc/FAQs/README.md
[6.421s] -- Up-to-date: /home/ubuntu/ros2_ws/install/ydlidar_sdk/share/YDLIDAR_SDK/doc/FAQs/Software_FAQs_cn.md
[6.423s] -- Up-to-date: /home/ubuntu/ros2_ws/install/ydlidar_sdk/share/YDLIDAR_SDK/doc/FAQs/General_FAQs_cn.md
[6.425s] -- Up-to-date: /home/ubuntu/ros2_ws/install/ydlidar_sdk/share/YDLIDAR_SDK/doc/FAQs/Hardware_FAQs_cn.md
[6.427s] -- Up-to-date: /home/ubuntu/ros2_ws/install/ydlidar_sdk/share/YDLIDAR_SDK/doc/YDLidar_SDK_Communication_Protocol.pdf
[6.429s] -- Up-to-date: /home/ubuntu/ros2_ws/install/ydlidar_sdk/share/YDLIDAR_SDK/doc/tutorials
[6.431s] -- Up-to-date: /home/ubuntu/ros2_ws/install/ydlidar_sdk/share/YDLIDAR_SDK/doc/tutorials/writing_lidar_tutorial_python.md
[6.432s] -- Up-to-date: /home/ubuntu/ros2_ws/install/ydlidar_sdk/share/YDLIDAR_SDK/doc/tutorials/examine_the_simple_lidar_tutorial.md
[6.432s] -- Up-to-date: /home/ubuntu/ros2_ws/install/ydlidar_sdk/share/YDLIDAR_SDK/doc/tutorials/writing_lidar_network_adapter_tutorial_c++.md
[6.432s] -- Up-to-date: /home/ubuntu/ros2_ws/install/ydlidar_sdk/share/YDLIDAR_SDK/doc/tutorials/writing_lidar_tutorial_c.md
[6.433s] -- Up-to-date: /home/ubuntu/ros2_ws/install/ydlidar_sdk/share/YDLIDAR_SDK/doc/tutorials/writing_lidar_tutorial_c++.md
[6.433s] -- Up-to-date: /home/ubuntu/ros2_ws/install/ydlidar_sdk/share/YDLIDAR_SDK/doc/Diagram.md
[6.434s] -- Up-to-date: /home/ubuntu/ros2_ws/install/ydlidar_sdk/share/YDLIDAR_SDK/doc/YDLIDAR_SDK_API_for_Developers.md
[6.435s] -- Up-to-date: /home/ubuntu/ros2_ws/install/ydlidar_sdk/share/YDLIDAR_SDK/doc/Dataset.md
[6.435s] -- Up-to-date: /home/ubuntu/ros2_ws/install/ydlidar_sdk/share/YDLIDAR_SDK/doc/README.md
[6.436s] -- Up-to-date: /home/ubuntu/ros2_ws/install/ydlidar_sdk/share/YDLIDAR_SDK/doc/YDLidar-SDK-Communication-Protocol.html
[6.436s] -- Up-to-date: /home/ubuntu/ros2_ws/install/ydlidar_sdk/share/YDLIDAR_SDK/doc/YDLidar-SDK-Communication-Protocol.md
[6.436s] -- Up-to-date: /home/ubuntu/ros2_ws/install/ydlidar_sdk/share/YDLIDAR_SDK/doc/howto
[6.437s] -- Up-to-date: /home/ubuntu/ros2_ws/install/ydlidar_sdk/share/YDLIDAR_SDK/doc/howto/how_to_create_a_udev_rules.md
[6.437s] -- Up-to-date: /home/ubuntu/ros2_ws/install/ydlidar_sdk/share/YDLIDAR_SDK/doc/howto/how_to_build_and_install.md
[6.437s] -- Up-to-date: /home/ubuntu/ros2_ws/install/ydlidar_sdk/share/YDLIDAR_SDK/doc/howto/how_to_gerenrate_vs_project_by_cmake.md
[6.438s] -- Up-to-date: /home/ubuntu/ros2_ws/install/ydlidar_sdk/share/YDLIDAR_SDK/doc/howto/how_to_build_and_debug_using_vscode.md
[6.438s] -- Up-to-date: /home/ubuntu/ros2_ws/install/ydlidar_sdk/share/YDLIDAR_SDK/doc/howto/README.md
[6.438s] -- Up-to-date: /home/ubuntu/ros2_ws/install/ydlidar_sdk/share/YDLIDAR_SDK/doc/howto/how_to_create_a_csharp_project.md
[6.439s] -- Up-to-date: /home/ubuntu/ros2_ws/install/ydlidar_sdk/share/YDLIDAR_SDK/doc/howto/images
[6.439s] -- Up-to-date: /home/ubuntu/ros2_ws/install/ydlidar_sdk/share/YDLIDAR_SDK/doc/howto/images/csharp_running.png
[6.439s] -- Up-to-date: /home/ubuntu/ros2_ws/install/ydlidar_sdk/share/YDLIDAR_SDK/doc/howto/images/cpack.png
[6.440s] -- Up-to-date: /home/ubuntu/ros2_ws/install/ydlidar_sdk/share/YDLIDAR_SDK/doc/howto/images/csharp_exception.png
[6.440s] -- Up-to-date: /home/ubuntu/ros2_ws/install/ydlidar_sdk/share/YDLIDAR_SDK/doc/howto/images/ttyUSB1.png
[6.441s] -- Up-to-date: /home/ubuntu/ros2_ws/install/ydlidar_sdk/share/YDLIDAR_SDK/doc/howto/images/ydlidar_lidar_monitor.png
[6.441s] -- Up-to-date: /home/ubuntu/ros2_ws/install/ydlidar_sdk/share/YDLIDAR_SDK/doc/howto/images/ttyUSB0.png
[6.442s] -- Up-to-date: /home/ubuntu/ros2_ws/install/ydlidar_sdk/share/YDLIDAR_SDK/doc/howto/images/csharp_build.png
[6.442s] -- Up-to-date: /home/ubuntu/ros2_ws/install/ydlidar_sdk/share/YDLIDAR_SDK/doc/howto/images/csharp_project.png
[6.443s] -- Up-to-date: /home/ubuntu/ros2_ws/install/ydlidar_sdk/share/YDLIDAR_SDK/doc/howto/images/sequence.png
[6.444s] -- Up-to-date: /home/ubuntu/ros2_ws/install/ydlidar_sdk/share/YDLIDAR_SDK/doc/howto/images/csharp_library.png
[6.445s] -- Up-to-date: /home/ubuntu/ros2_ws/install/ydlidar_sdk/share/YDLIDAR_SDK/doc/howto/images/vscode
[6.447s] -- Up-to-date: /home/ubuntu/ros2_ws/install/ydlidar_sdk/share/YDLIDAR_SDK/doc/howto/images/vscode/run_tasks.jpg
[6.448s] -- Up-to-date: /home/ubuntu/ros2_ws/install/ydlidar_sdk/share/YDLIDAR_SDK/doc/howto/images/vscode/tasks.png
[6.450s] -- Up-to-date: /home/ubuntu/ros2_ws/install/ydlidar_sdk/share/YDLIDAR_SDK/doc/howto/images/sdk_init.png
[6.453s] -- Up-to-date: /home/ubuntu/ros2_ws/install/ydlidar_sdk/share/YDLIDAR_SDK/doc/howto/images/sdk_scanning.png
[6.453s] -- Up-to-date: /home/ubuntu/ros2_ws/install/ydlidar_sdk/share/YDLIDAR_SDK/doc/howto/how_to_solve_slow_pull_from_cn.md
[6.455s] -- Up-to-date: /home/ubuntu/ros2_ws/install/ydlidar_sdk/share/YDLIDAR_SDK/doc/howto/how_to_create_a_pull.md
[6.465s] -- Up-to-date: /home/ubuntu/ros2_ws/install/ydlidar_sdk/share/YDLIDAR_SDK/doc/YDLidar-SDK-Communication-Protocol.pdf
[6.468s] -- Up-to-date: /home/ubuntu/ros2_ws/install/ydlidar_sdk/share/YDLIDAR_SDK/doc/SDK.pdf
[6.470s] -- Up-to-date: /home/ubuntu/ros2_ws/install/ydlidar_sdk/share/YDLIDAR_SDK/doc/images
[6.472s] -- Up-to-date: /home/ubuntu/ros2_ws/install/ydlidar_sdk/share/YDLIDAR_SDK/doc/images/sdk_architecture.png
[6.473s] -- Up-to-date: /home/ubuntu/ros2_ws/install/ydlidar_sdk/share/YDLIDAR_SDK/doc/images/frame_intensity.png
[6.474s] -- Up-to-date: /home/ubuntu/ros2_ws/install/ydlidar_sdk/share/YDLIDAR_SDK/doc/images/FlowChart.png
[6.475s] -- Up-to-date: /home/ubuntu/ros2_ws/install/ydlidar_sdk/share/YDLIDAR_SDK/doc/images/frame.png
[6.478s] -- Up-to-date: /home/ubuntu/ros2_ws/install/ydlidar_sdk/share/YDLIDAR_SDK/doc/images/communication_mechanism.png
[6.480s] -- Up-to-date: /home/ubuntu/ros2_ws/install/ydlidar_sdk/share/YDLIDAR_SDK/doc/images/YDLidar.jpg
[6.482s] -- Up-to-date: /home/ubuntu/ros2_ws/install/ydlidar_sdk/share/YDLIDAR_SDK/doc/images/sequence.png
[6.484s] -- Up-to-date: /home/ubuntu/ros2_ws/install/ydlidar_sdk/share/YDLIDAR_SDK/doc/images/system_workflow.png
[6.485s] -- Up-to-date: /home/ubuntu/ros2_ws/install/ydlidar_sdk/share/YDLIDAR_SDK/doc/images/angle_q2.png
[6.486s] -- Up-to-date: /home/ubuntu/ros2_ws/install/ydlidar_sdk/share/YDLIDAR_SDK/doc/images/EAI.png
[6.490s] -- Up-to-date: /home/ubuntu/ros2_ws/install/ydlidar_sdk/share/YDLIDAR_SDK/doc/images/YDLidar.png
[6.491s] -- Up-to-date: /home/ubuntu/ros2_ws/install/ydlidar_sdk/share/YDLIDAR_SDK/doc/images/sdk_init.png
[6.493s] -- Up-to-date: /home/ubuntu/ros2_ws/install/ydlidar_sdk/share/YDLIDAR_SDK/doc/images/sdk_scanning.png
[6.495s] -- Up-to-date: /home/ubuntu/ros2_ws/install/ydlidar_sdk/share/YDLIDAR_SDK/doc/Tutorials.md
[6.497s] -- Up-to-date: /home/ubuntu/ros2_ws/install/ydlidar_sdk/share/YDLIDAR_SDK/doc/quickstart
[6.499s] -- Up-to-date: /home/ubuntu/ros2_ws/install/ydlidar_sdk/share/YDLIDAR_SDK/doc/quickstart/ydlidar_sdk_software_installation_guide.md
[6.500s] -- Up-to-date: /home/ubuntu/ros2_ws/install/ydlidar_sdk/share/YDLIDAR_SDK/doc/quickstart/README.md
[6.501s] -- Up-to-date: /home/ubuntu/ros2_ws/install/ydlidar_sdk/startup/initenv.sh
[6.503s] -- Up-to-date: /home/ubuntu/ros2_ws/install/ydlidar_sdk/bin/et_test
[6.506s] -- Up-to-date: /home/ubuntu/ros2_ws/install/ydlidar_sdk/bin/gs_ota
[6.507s] -- Up-to-date: /home/ubuntu/ros2_ws/install/ydlidar_sdk/bin/gs_test
[6.509s] -- Up-to-date: /home/ubuntu/ros2_ws/install/ydlidar_sdk/bin/scl_test
[6.511s] -- Up-to-date: /home/ubuntu/ros2_ws/install/ydlidar_sdk/bin/sdm_test
[6.513s] -- Up-to-date: /home/ubuntu/ros2_ws/install/ydlidar_sdk/bin/tea_test
[6.516s] -- Up-to-date: /home/ubuntu/ros2_ws/install/ydlidar_sdk/bin/tmini_test
[6.518s] -- Up-to-date: /home/ubuntu/ros2_ws/install/ydlidar_sdk/bin/tof_test
[6.520s] -- Up-to-date: /home/ubuntu/ros2_ws/install/ydlidar_sdk/bin/tri_and_gs_test
[6.520s] -- Up-to-date: /home/ubuntu/ros2_ws/install/ydlidar_sdk/bin/tri_restart
[6.522s] -- Up-to-date: /home/ubuntu/ros2_ws/install/ydlidar_sdk/bin/tri_test
[6.523s] -- Up-to-date: /home/ubuntu/ros2_ws/install/ydlidar_sdk/bin/lidar_c_api_test
[7.536s] Invoked command in '/home/ubuntu/ros2_ws/build/ydlidar_sdk' returned '0': /usr/bin/cmake --install /home/ubuntu/ros2_ws/build/ydlidar_sdk
