[1.527s] Invoking command in '/home/ubuntu/ros2_ws/build/rplidar_ros': CMAKE_PREFIX_PATH=/opt/ros/foxy /usr/bin/cmake --build /home/ubuntu/ros2_ws/build/rplidar_ros -- -j4 -l4
[2.503s] [ 77%] Built target rplidar_composition_node
[2.709s] [100%] Built target rplidar_composition
[2.767s] Invoked command in '/home/ubuntu/ros2_ws/build/rplidar_ros' returned '0': CMAKE_PREFIX_PATH=/opt/ros/foxy /usr/bin/cmake --build /home/ubuntu/ros2_ws/build/rplidar_ros -- -j4 -l4
[3.000s] Invoking command in '/home/ubuntu/ros2_ws/build/rplidar_ros': CMAKE_PREFIX_PATH=/opt/ros/foxy /usr/bin/cmake --install /home/ubuntu/ros2_ws/build/rplidar_ros
[3.040s] -- Install configuration: ""
[3.051s] -- Execute custom install script
[3.066s] -- Up-to-date symlink: /home/ubuntu/ros2_ws/install/rplidar_ros/lib/rplidar_ros/rplidar_composition
[3.082s] -- Up-to-date symlink: /home/ubuntu/ros2_ws/install/rplidar_ros/share/rplidar_ros/launch/rplidar.launch.py
[3.086s] -- Up-to-date symlink: /home/ubuntu/ros2_ws/install/rplidar_ros/share/rplidar_ros/launch/rplidar_a3.launch.py
[3.089s] -- Up-to-date symlink: /home/ubuntu/ros2_ws/install/rplidar_ros/share/rplidar_ros/launch/rplidar_s1.launch.py
[3.094s] -- Up-to-date symlink: /home/ubuntu/ros2_ws/install/rplidar_ros/share/rplidar_ros/launch/rplidar_s1_tcp.launch.py
[3.098s] -- Up-to-date symlink: /home/ubuntu/ros2_ws/install/rplidar_ros/share/rplidar_ros/launch/test_rplidar_a3.launch.py
[3.102s] -- Up-to-date symlink: /home/ubuntu/ros2_ws/install/rplidar_ros/share/rplidar_ros/launch/view_rplidar.launch.py
[3.105s] -- Up-to-date symlink: /home/ubuntu/ros2_ws/install/rplidar_ros/share/rplidar_ros/launch/view_rplidar_a3.launch.py
[3.108s] -- Up-to-date symlink: /home/ubuntu/ros2_ws/install/rplidar_ros/share/rplidar_ros/launch/view_rplidar_s1.launch.py
[3.117s] -- Up-to-date symlink: /home/ubuntu/ros2_ws/install/rplidar_ros/share/rplidar_ros/launch/view_rplidar_s1_tcp.launch.py
[3.123s] -- Up-to-date symlink: /home/ubuntu/ros2_ws/install/rplidar_ros/share/rplidar_ros/rviz/rplidar.rviz
[3.132s] -- Up-to-date symlink: /home/ubuntu/ros2_ws/install/rplidar_ros/lib/librplidar_composition_node.so
[3.142s] -- Up-to-date symlink: /home/ubuntu/ros2_ws/install/rplidar_ros/include/rplidar_node.hpp
[3.143s] -- Up-to-date symlink: /home/ubuntu/ros2_ws/install/rplidar_ros/include/visibility.h
[3.150s] -- Up-to-date symlink: /home/ubuntu/ros2_ws/install/rplidar_ros/lib/rplidar_ros/rplidar_composition
[3.165s] -- Up-to-date symlink: /home/ubuntu/ros2_ws/install/rplidar_ros/share/ament_index/resource_index/package_run_dependencies/rplidar_ros
[3.171s] -- Up-to-date symlink: /home/ubuntu/ros2_ws/install/rplidar_ros/share/ament_index/resource_index/parent_prefix_path/rplidar_ros
[3.184s] -- Up-to-date symlink: /home/ubuntu/ros2_ws/install/rplidar_ros/share/rplidar_ros/environment/ament_prefix_path.sh
[3.187s] -- Up-to-date symlink: /home/ubuntu/ros2_ws/install/rplidar_ros/share/rplidar_ros/environment/ament_prefix_path.dsv
[3.190s] -- Up-to-date symlink: /home/ubuntu/ros2_ws/install/rplidar_ros/share/rplidar_ros/environment/path.sh
[3.196s] -- Up-to-date symlink: /home/ubuntu/ros2_ws/install/rplidar_ros/share/rplidar_ros/environment/path.dsv
[3.198s] -- Up-to-date symlink: /home/ubuntu/ros2_ws/install/rplidar_ros/share/rplidar_ros/local_setup.bash
[3.205s] -- Up-to-date symlink: /home/ubuntu/ros2_ws/install/rplidar_ros/share/rplidar_ros/local_setup.sh
[3.208s] -- Up-to-date symlink: /home/ubuntu/ros2_ws/install/rplidar_ros/share/rplidar_ros/local_setup.zsh
[3.211s] -- Up-to-date symlink: /home/ubuntu/ros2_ws/install/rplidar_ros/share/rplidar_ros/local_setup.dsv
[3.212s] -- Symlinking: /home/ubuntu/ros2_ws/install/rplidar_ros/share/rplidar_ros/package.dsv
[3.263s] -- Up-to-date symlink: /home/ubuntu/ros2_ws/install/rplidar_ros/share/ament_index/resource_index/packages/rplidar_ros
[3.268s] -- Up-to-date symlink: /home/ubuntu/ros2_ws/install/rplidar_ros/share/ament_index/resource_index/rclcpp_components/rplidar_ros
[3.275s] -- Up-to-date symlink: /home/ubuntu/ros2_ws/install/rplidar_ros/share/rplidar_ros/cmake/ament_cmake_export_dependencies-extras.cmake
[3.280s] -- Up-to-date symlink: /home/ubuntu/ros2_ws/install/rplidar_ros/share/rplidar_ros/cmake/ament_cmake_export_include_directories-extras.cmake
[3.285s] -- Up-to-date symlink: /home/ubuntu/ros2_ws/install/rplidar_ros/share/rplidar_ros/cmake/rplidar_rosConfig.cmake
[3.290s] -- Up-to-date symlink: /home/ubuntu/ros2_ws/install/rplidar_ros/share/rplidar_ros/cmake/rplidar_rosConfig-version.cmake
[3.292s] -- Up-to-date symlink: /home/ubuntu/ros2_ws/install/rplidar_ros/share/rplidar_ros/package.xml
[3.301s] Invoked command in '/home/ubuntu/ros2_ws/build/rplidar_ros' returned '0': CMAKE_PREFIX_PATH=/opt/ros/foxy /usr/bin/cmake --install /home/ubuntu/ros2_ws/build/rplidar_ros
