[14.097s] DEBUG:colcon:Command line arguments: ['/usr/bin/colcon', 'build', '--symlink-install']
[14.098s] DEBUG:colcon:Parsed command line arguments: Namespace(allow_overriding=[], ament_cmake_args=None, base_paths=['.'], build_base='build', catkin_cmake_args=None, catkin_skip_building_tests=False, cmake_args=None, cmake_clean_cache=False, cmake_clean_first=False, cmake_force_configure=False, cmake_target=None, cmake_target_skip_unavailable=False, continue_on_error=False, event_handlers=None, executor='parallel', ignore_user_meta=False, install_base='install', log_base=None, log_level=None, main=<bound method BuildVerb.main of <colcon_core.verb.build.BuildVerb object at 0xffff8e8cf340>>, merge_install=False, metas=['./colcon.meta'], packages_above=None, packages_above_and_dependencies=None, packages_above_depth=None, packages_end=None, packages_ignore=None, packages_ignore_regex=None, packages_select=None, packages_select_build_failed=False, packages_select_by_dep=None, packages_select_regex=None, packages_select_test_failures=False, packages_skip=None, packages_skip_build_finished=False, packages_skip_by_dep=None, packages_skip_regex=None, packages_skip_test_passed=False, packages_skip_up_to=None, packages_start=None, packages_up_to=None, packages_up_to_regex=None, parallel_workers=4, paths=None, symlink_install=True, test_result_base=None, verb_extension=<colcon_core.verb.build.BuildVerb object at 0xffff8e8cf340>, verb_name='build', verb_parser=<colcon_defaults.argument_parser.defaults.DefaultArgumentsDecorator object at 0xffff8e8cfe20>)
[14.678s] Level 1:colcon.colcon_core.package_discovery:discover_packages(colcon_meta) check parameters
[14.678s] Level 1:colcon.colcon_core.package_discovery:discover_packages(recursive) check parameters
[14.679s] Level 1:colcon.colcon_core.package_discovery:discover_packages(ignore) check parameters
[14.679s] Level 1:colcon.colcon_core.package_discovery:discover_packages(path) check parameters
[14.679s] Level 1:colcon.colcon_core.package_discovery:discover_packages(colcon_meta) discover
[14.679s] Level 1:colcon.colcon_core.package_discovery:discover_packages(recursive) discover
[14.680s] INFO:colcon.colcon_core.package_discovery:Crawling recursively for packages in '/home/ubuntu/ros2_ws'
[14.680s] Level 1:colcon.colcon_core.package_identification:_identify(.) by extensions ['ignore', 'ignore_ament_install']
[14.681s] Level 1:colcon.colcon_core.package_identification:_identify(.) by extension 'ignore'
[14.681s] Level 1:colcon.colcon_core.package_identification:_identify(.) by extension 'ignore_ament_install'
[14.682s] Level 1:colcon.colcon_core.package_identification:_identify(.) by extensions ['colcon_pkg']
[14.682s] Level 1:colcon.colcon_core.package_identification:_identify(.) by extension 'colcon_pkg'
[14.682s] Level 1:colcon.colcon_core.package_identification:_identify(.) by extensions ['colcon_meta']
[14.682s] Level 1:colcon.colcon_core.package_identification:_identify(.) by extension 'colcon_meta'
[14.682s] Level 1:colcon.colcon_core.package_identification:_identify(.) by extensions ['ros']
[14.682s] Level 1:colcon.colcon_core.package_identification:_identify(.) by extension 'ros'
[14.741s] Level 1:colcon.colcon_core.package_identification:_identify(.) by extensions ['cmake', 'python']
[14.741s] Level 1:colcon.colcon_core.package_identification:_identify(.) by extension 'cmake'
[14.742s] Level 1:colcon.colcon_core.package_identification:_identify(.) by extension 'python'
[14.742s] Level 1:colcon.colcon_core.package_identification:_identify(.) by extensions ['python_setup_py']
[14.742s] Level 1:colcon.colcon_core.package_identification:_identify(.) by extension 'python_setup_py'
[14.743s] Level 1:colcon.colcon_core.package_identification:_identify(build) by extensions ['ignore', 'ignore_ament_install']
[14.744s] Level 1:colcon.colcon_core.package_identification:_identify(build) by extension 'ignore'
[14.744s] Level 1:colcon.colcon_core.package_identification:_identify(build) ignored
[14.745s] Level 1:colcon.colcon_core.package_identification:_identify(install) by extensions ['ignore', 'ignore_ament_install']
[14.746s] Level 1:colcon.colcon_core.package_identification:_identify(install) by extension 'ignore'
[14.746s] Level 1:colcon.colcon_core.package_identification:_identify(install) ignored
[14.747s] Level 1:colcon.colcon_core.package_identification:_identify(log) by extensions ['ignore', 'ignore_ament_install']
[14.748s] Level 1:colcon.colcon_core.package_identification:_identify(log) by extension 'ignore'
[14.748s] Level 1:colcon.colcon_core.package_identification:_identify(log) ignored
[14.749s] Level 1:colcon.colcon_core.package_identification:_identify(src) by extensions ['ignore', 'ignore_ament_install']
[14.750s] Level 1:colcon.colcon_core.package_identification:_identify(src) by extension 'ignore'
[14.750s] Level 1:colcon.colcon_core.package_identification:_identify(src) by extension 'ignore_ament_install'
[14.750s] Level 1:colcon.colcon_core.package_identification:_identify(src) by extensions ['colcon_pkg']
[14.751s] Level 1:colcon.colcon_core.package_identification:_identify(src) by extension 'colcon_pkg'
[14.751s] Level 1:colcon.colcon_core.package_identification:_identify(src) by extensions ['colcon_meta']
[14.751s] Level 1:colcon.colcon_core.package_identification:_identify(src) by extension 'colcon_meta'
[14.752s] Level 1:colcon.colcon_core.package_identification:_identify(src) by extensions ['ros']
[14.752s] Level 1:colcon.colcon_core.package_identification:_identify(src) by extension 'ros'
[14.753s] Level 1:colcon.colcon_core.package_identification:_identify(src) by extensions ['cmake', 'python']
[14.753s] Level 1:colcon.colcon_core.package_identification:_identify(src) by extension 'cmake'
[14.753s] Level 1:colcon.colcon_core.package_identification:_identify(src) by extension 'python'
[14.754s] Level 1:colcon.colcon_core.package_identification:_identify(src) by extensions ['python_setup_py']
[14.754s] Level 1:colcon.colcon_core.package_identification:_identify(src) by extension 'python_setup_py'
[14.755s] Level 1:colcon.colcon_core.package_identification:_identify(src/YDLidar-SDK) by extensions ['ignore', 'ignore_ament_install']
[14.756s] Level 1:colcon.colcon_core.package_identification:_identify(src/YDLidar-SDK) by extension 'ignore'
[14.756s] Level 1:colcon.colcon_core.package_identification:_identify(src/YDLidar-SDK) by extension 'ignore_ament_install'
[14.756s] Level 1:colcon.colcon_core.package_identification:_identify(src/YDLidar-SDK) by extensions ['colcon_pkg']
[14.757s] Level 1:colcon.colcon_core.package_identification:_identify(src/YDLidar-SDK) by extension 'colcon_pkg'
[14.757s] Level 1:colcon.colcon_core.package_identification:_identify(src/YDLidar-SDK) by extensions ['colcon_meta']
[14.757s] Level 1:colcon.colcon_core.package_identification:_identify(src/YDLidar-SDK) by extension 'colcon_meta'
[14.758s] Level 1:colcon.colcon_core.package_identification:_identify(src/YDLidar-SDK) by extensions ['ros']
[14.758s] Level 1:colcon.colcon_core.package_identification:_identify(src/YDLidar-SDK) by extension 'ros'
[14.759s] Level 1:colcon.colcon_core.package_identification:_identify(src/YDLidar-SDK) by extensions ['cmake', 'python']
[14.759s] Level 1:colcon.colcon_core.package_identification:_identify(src/YDLidar-SDK) by extension 'cmake'
[14.859s] Level 1:colcon.colcon_core.package_identification:_identify(src/YDLidar-SDK) by extension 'python'
[14.860s] DEBUG:colcon.colcon_core.package_identification:Package 'src/YDLidar-SDK' with type 'cmake' and name 'ydlidar_sdk'
[14.861s] Level 1:colcon.colcon_core.package_identification:_identify(src/diffdrive_arduino) by extensions ['ignore', 'ignore_ament_install']
[14.861s] Level 1:colcon.colcon_core.package_identification:_identify(src/diffdrive_arduino) by extension 'ignore'
[14.862s] Level 1:colcon.colcon_core.package_identification:_identify(src/diffdrive_arduino) by extension 'ignore_ament_install'
[14.862s] Level 1:colcon.colcon_core.package_identification:_identify(src/diffdrive_arduino) by extensions ['colcon_pkg']
[14.862s] Level 1:colcon.colcon_core.package_identification:_identify(src/diffdrive_arduino) by extension 'colcon_pkg'
[14.862s] Level 1:colcon.colcon_core.package_identification:_identify(src/diffdrive_arduino) by extensions ['colcon_meta']
[14.863s] Level 1:colcon.colcon_core.package_identification:_identify(src/diffdrive_arduino) by extension 'colcon_meta'
[14.863s] Level 1:colcon.colcon_core.package_identification:_identify(src/diffdrive_arduino) by extensions ['ros']
[14.863s] Level 1:colcon.colcon_core.package_identification:_identify(src/diffdrive_arduino) by extension 'ros'
[14.874s] DEBUG:colcon.colcon_core.package_identification:Package 'src/diffdrive_arduino' with type 'ros.ament_cmake' and name 'diffdrive_arduino'
[14.875s] Level 1:colcon.colcon_core.package_identification:_identify(src/my_bot) by extensions ['ignore', 'ignore_ament_install']
[14.875s] Level 1:colcon.colcon_core.package_identification:_identify(src/my_bot) by extension 'ignore'
[14.876s] Level 1:colcon.colcon_core.package_identification:_identify(src/my_bot) by extension 'ignore_ament_install'
[14.876s] Level 1:colcon.colcon_core.package_identification:_identify(src/my_bot) by extensions ['colcon_pkg']
[14.876s] Level 1:colcon.colcon_core.package_identification:_identify(src/my_bot) by extension 'colcon_pkg'
[14.876s] Level 1:colcon.colcon_core.package_identification:_identify(src/my_bot) by extensions ['colcon_meta']
[14.877s] Level 1:colcon.colcon_core.package_identification:_identify(src/my_bot) by extension 'colcon_meta'
[14.877s] Level 1:colcon.colcon_core.package_identification:_identify(src/my_bot) by extensions ['ros']
[14.877s] Level 1:colcon.colcon_core.package_identification:_identify(src/my_bot) by extension 'ros'
[14.879s] DEBUG:colcon.colcon_core.package_identification:Package 'src/my_bot' with type 'ros.ament_cmake' and name 'my_bot'
[14.880s] Level 1:colcon.colcon_core.package_identification:_identify(src/serial) by extensions ['ignore', 'ignore_ament_install']
[14.881s] Level 1:colcon.colcon_core.package_identification:_identify(src/serial) by extension 'ignore'
[14.881s] Level 1:colcon.colcon_core.package_identification:_identify(src/serial) by extension 'ignore_ament_install'
[14.881s] Level 1:colcon.colcon_core.package_identification:_identify(src/serial) by extensions ['colcon_pkg']
[14.881s] Level 1:colcon.colcon_core.package_identification:_identify(src/serial) by extension 'colcon_pkg'
[14.882s] Level 1:colcon.colcon_core.package_identification:_identify(src/serial) by extensions ['colcon_meta']
[14.882s] Level 1:colcon.colcon_core.package_identification:_identify(src/serial) by extension 'colcon_meta'
[14.882s] Level 1:colcon.colcon_core.package_identification:_identify(src/serial) by extensions ['ros']
[14.882s] Level 1:colcon.colcon_core.package_identification:_identify(src/serial) by extension 'ros'
[14.885s] DEBUG:colcon.colcon_core.package_identification:Package 'src/serial' with type 'ros.ament_cmake' and name 'serial'
[14.886s] Level 1:colcon.colcon_core.package_identification:_identify(src/ydlidar_ros2_ws) by extensions ['ignore', 'ignore_ament_install']
[14.886s] Level 1:colcon.colcon_core.package_identification:_identify(src/ydlidar_ros2_ws) by extension 'ignore'
[14.886s] Level 1:colcon.colcon_core.package_identification:_identify(src/ydlidar_ros2_ws) by extension 'ignore_ament_install'
[14.887s] Level 1:colcon.colcon_core.package_identification:_identify(src/ydlidar_ros2_ws) by extensions ['colcon_pkg']
[14.887s] Level 1:colcon.colcon_core.package_identification:_identify(src/ydlidar_ros2_ws) by extension 'colcon_pkg'
[14.887s] Level 1:colcon.colcon_core.package_identification:_identify(src/ydlidar_ros2_ws) by extensions ['colcon_meta']
[14.888s] Level 1:colcon.colcon_core.package_identification:_identify(src/ydlidar_ros2_ws) by extension 'colcon_meta'
[14.888s] Level 1:colcon.colcon_core.package_identification:_identify(src/ydlidar_ros2_ws) by extensions ['ros']
[14.888s] Level 1:colcon.colcon_core.package_identification:_identify(src/ydlidar_ros2_ws) by extension 'ros'
[14.889s] Level 1:colcon.colcon_core.package_identification:_identify(src/ydlidar_ros2_ws) by extensions ['cmake', 'python']
[14.889s] Level 1:colcon.colcon_core.package_identification:_identify(src/ydlidar_ros2_ws) by extension 'cmake'
[14.889s] Level 1:colcon.colcon_core.package_identification:_identify(src/ydlidar_ros2_ws) by extension 'python'
[14.890s] Level 1:colcon.colcon_core.package_identification:_identify(src/ydlidar_ros2_ws) by extensions ['python_setup_py']
[14.890s] Level 1:colcon.colcon_core.package_identification:_identify(src/ydlidar_ros2_ws) by extension 'python_setup_py'
[14.891s] Level 1:colcon.colcon_core.package_identification:_identify(src/ydlidar_ros2_ws/src) by extensions ['ignore', 'ignore_ament_install']
[14.891s] Level 1:colcon.colcon_core.package_identification:_identify(src/ydlidar_ros2_ws/src) by extension 'ignore'
[14.892s] Level 1:colcon.colcon_core.package_identification:_identify(src/ydlidar_ros2_ws/src) by extension 'ignore_ament_install'
[14.892s] Level 1:colcon.colcon_core.package_identification:_identify(src/ydlidar_ros2_ws/src) by extensions ['colcon_pkg']
[14.893s] Level 1:colcon.colcon_core.package_identification:_identify(src/ydlidar_ros2_ws/src) by extension 'colcon_pkg'
[14.893s] Level 1:colcon.colcon_core.package_identification:_identify(src/ydlidar_ros2_ws/src) by extensions ['colcon_meta']
[14.893s] Level 1:colcon.colcon_core.package_identification:_identify(src/ydlidar_ros2_ws/src) by extension 'colcon_meta'
[14.893s] Level 1:colcon.colcon_core.package_identification:_identify(src/ydlidar_ros2_ws/src) by extensions ['ros']
[14.894s] Level 1:colcon.colcon_core.package_identification:_identify(src/ydlidar_ros2_ws/src) by extension 'ros'
[14.895s] Level 1:colcon.colcon_core.package_identification:_identify(src/ydlidar_ros2_ws/src) by extensions ['cmake', 'python']
[14.895s] Level 1:colcon.colcon_core.package_identification:_identify(src/ydlidar_ros2_ws/src) by extension 'cmake'
[14.896s] Level 1:colcon.colcon_core.package_identification:_identify(src/ydlidar_ros2_ws/src) by extension 'python'
[14.896s] Level 1:colcon.colcon_core.package_identification:_identify(src/ydlidar_ros2_ws/src) by extensions ['python_setup_py']
[14.897s] Level 1:colcon.colcon_core.package_identification:_identify(src/ydlidar_ros2_ws/src) by extension 'python_setup_py'
[14.898s] Level 1:colcon.colcon_core.package_identification:_identify(src/ydlidar_ros2_ws/src/ydlidar_ros2_driver) by extensions ['ignore', 'ignore_ament_install']
[14.898s] Level 1:colcon.colcon_core.package_identification:_identify(src/ydlidar_ros2_ws/src/ydlidar_ros2_driver) by extension 'ignore'
[14.899s] Level 1:colcon.colcon_core.package_identification:_identify(src/ydlidar_ros2_ws/src/ydlidar_ros2_driver) by extension 'ignore_ament_install'
[14.899s] Level 1:colcon.colcon_core.package_identification:_identify(src/ydlidar_ros2_ws/src/ydlidar_ros2_driver) by extensions ['colcon_pkg']
[14.899s] Level 1:colcon.colcon_core.package_identification:_identify(src/ydlidar_ros2_ws/src/ydlidar_ros2_driver) by extension 'colcon_pkg'
[14.900s] Level 1:colcon.colcon_core.package_identification:_identify(src/ydlidar_ros2_ws/src/ydlidar_ros2_driver) by extensions ['colcon_meta']
[14.900s] Level 1:colcon.colcon_core.package_identification:_identify(src/ydlidar_ros2_ws/src/ydlidar_ros2_driver) by extension 'colcon_meta'
[14.900s] Level 1:colcon.colcon_core.package_identification:_identify(src/ydlidar_ros2_ws/src/ydlidar_ros2_driver) by extensions ['ros']
[14.901s] Level 1:colcon.colcon_core.package_identification:_identify(src/ydlidar_ros2_ws/src/ydlidar_ros2_driver) by extension 'ros'
[14.903s] DEBUG:colcon.colcon_core.package_identification:Package 'src/ydlidar_ros2_ws/src/ydlidar_ros2_driver' with type 'ros.ament_cmake' and name 'ydlidar_ros2_driver'
[14.904s] Level 1:colcon.colcon_core.package_discovery:discover_packages(recursive) using defaults
[14.905s] Level 1:colcon.colcon_core.package_discovery:discover_packages(ignore) discover
[14.906s] Level 1:colcon.colcon_core.package_discovery:discover_packages(ignore) using defaults
[14.906s] Level 1:colcon.colcon_core.package_discovery:discover_packages(path) discover
[14.907s] Level 1:colcon.colcon_core.package_discovery:discover_packages(path) using defaults
[16.119s] Level 1:colcon.colcon_core.package_discovery:discover_packages(prefix_path) check parameters
[16.119s] Level 1:colcon.colcon_core.package_discovery:discover_packages(prefix_path) discover
[16.593s] DEBUG:colcon.colcon_installed_package_information.package_discovery:Found 288 installed packages in /opt/ros/foxy
[16.600s] Level 1:colcon.colcon_core.package_discovery:discover_packages(prefix_path) using defaults
[17.616s] Level 5:colcon.colcon_core.verb:set package 'my_bot' build argument 'cmake_args' from command line to 'None'
[17.616s] Level 5:colcon.colcon_core.verb:set package 'my_bot' build argument 'cmake_target' from command line to 'None'
[17.617s] Level 5:colcon.colcon_core.verb:set package 'my_bot' build argument 'cmake_target_skip_unavailable' from command line to 'False'
[17.617s] Level 5:colcon.colcon_core.verb:set package 'my_bot' build argument 'cmake_clean_cache' from command line to 'False'
[17.617s] Level 5:colcon.colcon_core.verb:set package 'my_bot' build argument 'cmake_clean_first' from command line to 'False'
[17.617s] Level 5:colcon.colcon_core.verb:set package 'my_bot' build argument 'cmake_force_configure' from command line to 'False'
[17.617s] Level 5:colcon.colcon_core.verb:set package 'my_bot' build argument 'ament_cmake_args' from command line to 'None'
[17.617s] Level 5:colcon.colcon_core.verb:set package 'my_bot' build argument 'catkin_cmake_args' from command line to 'None'
[17.617s] Level 5:colcon.colcon_core.verb:set package 'my_bot' build argument 'catkin_skip_building_tests' from command line to 'False'
[17.617s] DEBUG:colcon.colcon_core.verb:Building package 'my_bot' with the following arguments: {'ament_cmake_args': None, 'build_base': '/home/ubuntu/ros2_ws/build/my_bot', 'catkin_cmake_args': None, 'catkin_skip_building_tests': False, 'cmake_args': None, 'cmake_clean_cache': False, 'cmake_clean_first': False, 'cmake_force_configure': False, 'cmake_target': None, 'cmake_target_skip_unavailable': False, 'install_base': '/home/ubuntu/ros2_ws/install/my_bot', 'merge_install': False, 'path': '/home/ubuntu/ros2_ws/src/my_bot', 'symlink_install': True, 'test_result_base': None}
[17.853s] Level 5:colcon.colcon_core.verb:set package 'serial' build argument 'cmake_args' from command line to 'None'
[17.854s] Level 5:colcon.colcon_core.verb:set package 'serial' build argument 'cmake_target' from command line to 'None'
[17.854s] Level 5:colcon.colcon_core.verb:set package 'serial' build argument 'cmake_target_skip_unavailable' from command line to 'False'
[17.854s] Level 5:colcon.colcon_core.verb:set package 'serial' build argument 'cmake_clean_cache' from command line to 'False'
[17.854s] Level 5:colcon.colcon_core.verb:set package 'serial' build argument 'cmake_clean_first' from command line to 'False'
[17.854s] Level 5:colcon.colcon_core.verb:set package 'serial' build argument 'cmake_force_configure' from command line to 'False'
[17.854s] Level 5:colcon.colcon_core.verb:set package 'serial' build argument 'ament_cmake_args' from command line to 'None'
[17.855s] Level 5:colcon.colcon_core.verb:set package 'serial' build argument 'catkin_cmake_args' from command line to 'None'
[17.855s] Level 5:colcon.colcon_core.verb:set package 'serial' build argument 'catkin_skip_building_tests' from command line to 'False'
[17.855s] DEBUG:colcon.colcon_core.verb:Building package 'serial' with the following arguments: {'ament_cmake_args': None, 'build_base': '/home/ubuntu/ros2_ws/build/serial', 'catkin_cmake_args': None, 'catkin_skip_building_tests': False, 'cmake_args': None, 'cmake_clean_cache': False, 'cmake_clean_first': False, 'cmake_force_configure': False, 'cmake_target': None, 'cmake_target_skip_unavailable': False, 'install_base': '/home/ubuntu/ros2_ws/install/serial', 'merge_install': False, 'path': '/home/ubuntu/ros2_ws/src/serial', 'symlink_install': True, 'test_result_base': None}
[18.072s] Level 5:colcon.colcon_core.verb:set package 'ydlidar_ros2_driver' build argument 'cmake_args' from command line to 'None'
[18.072s] Level 5:colcon.colcon_core.verb:set package 'ydlidar_ros2_driver' build argument 'cmake_target' from command line to 'None'
[18.073s] Level 5:colcon.colcon_core.verb:set package 'ydlidar_ros2_driver' build argument 'cmake_target_skip_unavailable' from command line to 'False'
[18.073s] Level 5:colcon.colcon_core.verb:set package 'ydlidar_ros2_driver' build argument 'cmake_clean_cache' from command line to 'False'
[18.074s] Level 5:colcon.colcon_core.verb:set package 'ydlidar_ros2_driver' build argument 'cmake_clean_first' from command line to 'False'
[18.075s] Level 5:colcon.colcon_core.verb:set package 'ydlidar_ros2_driver' build argument 'cmake_force_configure' from command line to 'False'
[18.076s] Level 5:colcon.colcon_core.verb:set package 'ydlidar_ros2_driver' build argument 'ament_cmake_args' from command line to 'None'
[18.077s] Level 5:colcon.colcon_core.verb:set package 'ydlidar_ros2_driver' build argument 'catkin_cmake_args' from command line to 'None'
[18.077s] Level 5:colcon.colcon_core.verb:set package 'ydlidar_ros2_driver' build argument 'catkin_skip_building_tests' from command line to 'False'
[18.078s] DEBUG:colcon.colcon_core.verb:Building package 'ydlidar_ros2_driver' with the following arguments: {'ament_cmake_args': None, 'build_base': '/home/ubuntu/ros2_ws/build/ydlidar_ros2_driver', 'catkin_cmake_args': None, 'catkin_skip_building_tests': False, 'cmake_args': None, 'cmake_clean_cache': False, 'cmake_clean_first': False, 'cmake_force_configure': False, 'cmake_target': None, 'cmake_target_skip_unavailable': False, 'install_base': '/home/ubuntu/ros2_ws/install/ydlidar_ros2_driver', 'merge_install': False, 'path': '/home/ubuntu/ros2_ws/src/ydlidar_ros2_ws/src/ydlidar_ros2_driver', 'symlink_install': True, 'test_result_base': None}
[18.322s] Level 5:colcon.colcon_core.verb:set package 'ydlidar_sdk' build argument 'cmake_args' from command line to 'None'
[18.323s] Level 5:colcon.colcon_core.verb:set package 'ydlidar_sdk' build argument 'cmake_target' from command line to 'None'
[18.323s] Level 5:colcon.colcon_core.verb:set package 'ydlidar_sdk' build argument 'cmake_target_skip_unavailable' from command line to 'False'
[18.323s] Level 5:colcon.colcon_core.verb:set package 'ydlidar_sdk' build argument 'cmake_clean_cache' from command line to 'False'
[18.323s] Level 5:colcon.colcon_core.verb:set package 'ydlidar_sdk' build argument 'cmake_clean_first' from command line to 'False'
[18.324s] Level 5:colcon.colcon_core.verb:set package 'ydlidar_sdk' build argument 'cmake_force_configure' from command line to 'False'
[18.324s] Level 5:colcon.colcon_core.verb:set package 'ydlidar_sdk' build argument 'ament_cmake_args' from command line to 'None'
[18.324s] Level 5:colcon.colcon_core.verb:set package 'ydlidar_sdk' build argument 'catkin_cmake_args' from command line to 'None'
[18.324s] Level 5:colcon.colcon_core.verb:set package 'ydlidar_sdk' build argument 'catkin_skip_building_tests' from command line to 'False'
[18.325s] DEBUG:colcon.colcon_core.verb:Building package 'ydlidar_sdk' with the following arguments: {'ament_cmake_args': None, 'build_base': '/home/ubuntu/ros2_ws/build/ydlidar_sdk', 'catkin_cmake_args': None, 'catkin_skip_building_tests': False, 'cmake_args': None, 'cmake_clean_cache': False, 'cmake_clean_first': False, 'cmake_force_configure': False, 'cmake_target': None, 'cmake_target_skip_unavailable': False, 'install_base': '/home/ubuntu/ros2_ws/install/ydlidar_sdk', 'merge_install': False, 'path': '/home/ubuntu/ros2_ws/src/YDLidar-SDK', 'symlink_install': True, 'test_result_base': None}
[18.609s] Level 5:colcon.colcon_core.verb:set package 'diffdrive_arduino' build argument 'cmake_args' from command line to 'None'
[18.610s] Level 5:colcon.colcon_core.verb:set package 'diffdrive_arduino' build argument 'cmake_target' from command line to 'None'
[18.610s] Level 5:colcon.colcon_core.verb:set package 'diffdrive_arduino' build argument 'cmake_target_skip_unavailable' from command line to 'False'
[18.610s] Level 5:colcon.colcon_core.verb:set package 'diffdrive_arduino' build argument 'cmake_clean_cache' from command line to 'False'
[18.610s] Level 5:colcon.colcon_core.verb:set package 'diffdrive_arduino' build argument 'cmake_clean_first' from command line to 'False'
[18.611s] Level 5:colcon.colcon_core.verb:set package 'diffdrive_arduino' build argument 'cmake_force_configure' from command line to 'False'
[18.611s] Level 5:colcon.colcon_core.verb:set package 'diffdrive_arduino' build argument 'ament_cmake_args' from command line to 'None'
[18.611s] Level 5:colcon.colcon_core.verb:set package 'diffdrive_arduino' build argument 'catkin_cmake_args' from command line to 'None'
[18.611s] Level 5:colcon.colcon_core.verb:set package 'diffdrive_arduino' build argument 'catkin_skip_building_tests' from command line to 'False'
[18.612s] DEBUG:colcon.colcon_core.verb:Building package 'diffdrive_arduino' with the following arguments: {'ament_cmake_args': None, 'build_base': '/home/ubuntu/ros2_ws/build/diffdrive_arduino', 'catkin_cmake_args': None, 'catkin_skip_building_tests': False, 'cmake_args': None, 'cmake_clean_cache': False, 'cmake_clean_first': False, 'cmake_force_configure': False, 'cmake_target': None, 'cmake_target_skip_unavailable': False, 'install_base': '/home/ubuntu/ros2_ws/install/diffdrive_arduino', 'merge_install': False, 'path': '/home/ubuntu/ros2_ws/src/diffdrive_arduino', 'symlink_install': True, 'test_result_base': None}
[19.019s] INFO:colcon.colcon_core.executor:Executing jobs using 'parallel' executor
[19.321s] DEBUG:colcon.colcon_parallel_executor.executor.parallel:run_until_complete
[19.323s] INFO:colcon.colcon_ros.task.ament_cmake.build:Building ROS package in '/home/ubuntu/ros2_ws/src/serial' with build type 'ament_cmake'
[19.324s] INFO:colcon.colcon_cmake.task.cmake.build:Building CMake package in '/home/ubuntu/ros2_ws/src/serial'
[19.738s] INFO:colcon.colcon_core.plugin_system:Skipping extension 'colcon_core.shell.bat': Not used on non-Windows systems
[19.740s] INFO:colcon.colcon_core.shell:Skip shell extension 'powershell' for command environment: Not usable outside of PowerShell
[19.740s] DEBUG:colcon.colcon_core.shell:Skip shell extension 'dsv' for command environment
[20.416s] INFO:colcon.colcon_ros.task.ament_cmake.build:Building ROS package in '/home/ubuntu/ros2_ws/src/my_bot' with build type 'ament_cmake'
[20.417s] INFO:colcon.colcon_cmake.task.cmake.build:Building CMake package in '/home/ubuntu/ros2_ws/src/my_bot'
[20.660s] INFO:colcon.colcon_core.shell:Skip shell extension 'powershell' for command environment: Not usable outside of PowerShell
[20.660s] DEBUG:colcon.colcon_core.shell:Skip shell extension 'dsv' for command environment
[21.347s] INFO:colcon.colcon_ros.task.ament_cmake.build:Building ROS package in '/home/ubuntu/ros2_ws/src/ydlidar_ros2_ws/src/ydlidar_ros2_driver' with build type 'ament_cmake'
[21.349s] INFO:colcon.colcon_cmake.task.cmake.build:Building CMake package in '/home/ubuntu/ros2_ws/src/ydlidar_ros2_ws/src/ydlidar_ros2_driver'
[21.627s] INFO:colcon.colcon_core.shell:Skip shell extension 'powershell' for command environment: Not usable outside of PowerShell
[21.627s] DEBUG:colcon.colcon_core.shell:Skip shell extension 'dsv' for command environment
[22.123s] INFO:colcon.colcon_cmake.task.cmake.build:Building CMake package in '/home/ubuntu/ros2_ws/src/YDLidar-SDK'
[22.382s] INFO:colcon.colcon_core.shell:Skip shell extension 'powershell' for command environment: Not usable outside of PowerShell
[22.383s] DEBUG:colcon.colcon_core.shell:Skip shell extension 'dsv' for command environment
[22.918s] DEBUG:colcon.colcon_core.event_handler.log_command:Invoking command in '/home/ubuntu/ros2_ws/build/serial': CMAKE_PREFIX_PATH=/opt/ros/foxy /usr/bin/cmake --build /home/ubuntu/ros2_ws/build/serial -- -j4 -l4
[22.961s] DEBUG:colcon.colcon_core.event_handler.log_command:Invoking command in '/home/ubuntu/ros2_ws/build/my_bot': CMAKE_PREFIX_PATH=/opt/ros/foxy /usr/bin/cmake --build /home/ubuntu/ros2_ws/build/my_bot -- -j4 -l4
[22.994s] DEBUG:colcon.colcon_core.event_handler.log_command:Invoking command in '/home/ubuntu/ros2_ws/build/ydlidar_ros2_driver': CMAKE_PREFIX_PATH=/opt/ros/foxy /usr/bin/cmake --build /home/ubuntu/ros2_ws/build/ydlidar_ros2_driver -- -j4 -l4
[23.132s] DEBUG:colcon.colcon_core.event_handler.log_command:Invoking command in '/home/ubuntu/ros2_ws/build/ydlidar_sdk': /usr/bin/cmake --build /home/ubuntu/ros2_ws/build/ydlidar_sdk -- -j4 -l4
[23.601s] DEBUG:colcon.colcon_core.event_handler.log_command:Invoked command in '/home/ubuntu/ros2_ws/build/my_bot' returned '0': CMAKE_PREFIX_PATH=/opt/ros/foxy /usr/bin/cmake --build /home/ubuntu/ros2_ws/build/my_bot -- -j4 -l4
[24.255s] DEBUG:colcon.colcon_core.event_handler.log_command:Invoking command in '/home/ubuntu/ros2_ws/build/my_bot': CMAKE_PREFIX_PATH=/opt/ros/foxy /usr/bin/cmake --install /home/ubuntu/ros2_ws/build/my_bot
[24.310s] DEBUG:colcon.colcon_core.event_handler.log_command:Invoked command in '/home/ubuntu/ros2_ws/build/ydlidar_ros2_driver' returned '0': CMAKE_PREFIX_PATH=/opt/ros/foxy /usr/bin/cmake --build /home/ubuntu/ros2_ws/build/ydlidar_ros2_driver -- -j4 -l4
[24.368s] DEBUG:colcon.colcon_core.event_handler.log_command:Invoked command in '/home/ubuntu/ros2_ws/build/serial' returned '0': CMAKE_PREFIX_PATH=/opt/ros/foxy /usr/bin/cmake --build /home/ubuntu/ros2_ws/build/serial -- -j4 -l4
[24.808s] Level 1:colcon.colcon_core.environment:create_environment_scripts_only(my_bot)
[24.813s] DEBUG:colcon.colcon_core.event_handler.log_command:Invoked command in '/home/ubuntu/ros2_ws/build/my_bot' returned '0': CMAKE_PREFIX_PATH=/opt/ros/foxy /usr/bin/cmake --install /home/ubuntu/ros2_ws/build/my_bot
[25.142s] Level 1:colcon.colcon_core.environment:checking '/home/ubuntu/ros2_ws/install/my_bot' for CMake module files
[25.145s] Level 1:colcon.colcon_core.environment:checking '/home/ubuntu/ros2_ws/install/my_bot' for CMake config files
[25.148s] Level 1:colcon.colcon_core.shell:create_environment_hook('my_bot', 'cmake_prefix_path')
[25.442s] INFO:colcon.colcon_core.shell:Creating environment hook '/home/ubuntu/ros2_ws/install/my_bot/share/my_bot/hook/cmake_prefix_path.ps1'
[25.449s] INFO:colcon.colcon_core.shell:Creating environment descriptor '/home/ubuntu/ros2_ws/install/my_bot/share/my_bot/hook/cmake_prefix_path.dsv'
[25.453s] INFO:colcon.colcon_core.shell:Creating environment hook '/home/ubuntu/ros2_ws/install/my_bot/share/my_bot/hook/cmake_prefix_path.sh'
[25.462s] Level 1:colcon.colcon_core.environment:checking '/home/ubuntu/ros2_ws/install/my_bot/bin'
[25.463s] Level 1:colcon.colcon_core.environment:checking '/home/ubuntu/ros2_ws/install/my_bot/lib/pkgconfig/my_bot.pc'
[25.465s] Level 1:colcon.colcon_core.environment:checking '/home/ubuntu/ros2_ws/install/my_bot/lib/python3.8/site-packages'
[25.466s] Level 1:colcon.colcon_core.environment:checking '/home/ubuntu/ros2_ws/install/my_bot/bin'
[25.725s] INFO:colcon.colcon_core.shell:Creating package script '/home/ubuntu/ros2_ws/install/my_bot/share/my_bot/package.ps1'
[25.729s] INFO:colcon.colcon_core.shell:Creating package descriptor '/home/ubuntu/ros2_ws/install/my_bot/share/my_bot/package.dsv'
[25.731s] INFO:colcon.colcon_core.shell:Creating package script '/home/ubuntu/ros2_ws/install/my_bot/share/my_bot/package.sh'
[25.734s] INFO:colcon.colcon_core.shell:Creating package script '/home/ubuntu/ros2_ws/install/my_bot/share/my_bot/package.bash'
[25.737s] INFO:colcon.colcon_core.shell:Creating package script '/home/ubuntu/ros2_ws/install/my_bot/share/my_bot/package.zsh'
[25.740s] Level 1:colcon.colcon_core.environment:create_file_with_runtime_dependencies(/home/ubuntu/ros2_ws/install/my_bot/share/colcon-core/packages/my_bot)
[25.765s] DEBUG:colcon.colcon_core.event_handler.log_command:Invoking command in '/home/ubuntu/ros2_ws/build/serial': CMAKE_PREFIX_PATH=/opt/ros/foxy /usr/bin/cmake --install /home/ubuntu/ros2_ws/build/serial
[25.815s] DEBUG:colcon.colcon_core.event_handler.log_command:Invoking command in '/home/ubuntu/ros2_ws/build/ydlidar_ros2_driver': CMAKE_PREFIX_PATH=/opt/ros/foxy /usr/bin/cmake --install /home/ubuntu/ros2_ws/build/ydlidar_ros2_driver
[25.858s] DEBUG:colcon.colcon_core.event_handler.log_command:Invoked command in '/home/ubuntu/ros2_ws/build/ydlidar_sdk' returned '0': /usr/bin/cmake --build /home/ubuntu/ros2_ws/build/ydlidar_sdk -- -j4 -l4
[26.045s] Level 1:colcon.colcon_core.environment:create_environment_scripts_only(serial)
[26.053s] DEBUG:colcon.colcon_core.event_handler.log_command:Invoked command in '/home/ubuntu/ros2_ws/build/serial' returned '0': CMAKE_PREFIX_PATH=/opt/ros/foxy /usr/bin/cmake --install /home/ubuntu/ros2_ws/build/serial
[26.313s] Level 1:colcon.colcon_core.environment:checking '/home/ubuntu/ros2_ws/install/serial' for CMake module files
[26.316s] Level 1:colcon.colcon_core.environment:checking '/home/ubuntu/ros2_ws/install/serial' for CMake config files
[26.319s] Level 1:colcon.colcon_core.shell:create_environment_hook('serial', 'cmake_prefix_path')
[26.568s] INFO:colcon.colcon_core.shell:Creating environment hook '/home/ubuntu/ros2_ws/install/serial/share/serial/hook/cmake_prefix_path.ps1'
[26.570s] INFO:colcon.colcon_core.shell:Creating environment descriptor '/home/ubuntu/ros2_ws/install/serial/share/serial/hook/cmake_prefix_path.dsv'
[26.573s] INFO:colcon.colcon_core.shell:Creating environment hook '/home/ubuntu/ros2_ws/install/serial/share/serial/hook/cmake_prefix_path.sh'
[26.576s] Level 1:colcon.colcon_core.environment:checking '/home/ubuntu/ros2_ws/install/serial/lib'
[26.577s] Level 1:colcon.colcon_core.environment:checking '/home/ubuntu/ros2_ws/install/serial/bin'
[26.578s] Level 1:colcon.colcon_core.environment:checking '/home/ubuntu/ros2_ws/install/serial/lib/pkgconfig/serial.pc'
[26.579s] Level 1:colcon.colcon_core.environment:checking '/home/ubuntu/ros2_ws/install/serial/lib/python3.8/site-packages'
[26.581s] Level 1:colcon.colcon_core.environment:checking '/home/ubuntu/ros2_ws/install/serial/bin'
[26.807s] INFO:colcon.colcon_core.shell:Creating package script '/home/ubuntu/ros2_ws/install/serial/share/serial/package.ps1'
[26.809s] INFO:colcon.colcon_core.shell:Creating package descriptor '/home/ubuntu/ros2_ws/install/serial/share/serial/package.dsv'
[26.811s] INFO:colcon.colcon_core.shell:Creating package script '/home/ubuntu/ros2_ws/install/serial/share/serial/package.sh'
[26.813s] INFO:colcon.colcon_core.shell:Creating package script '/home/ubuntu/ros2_ws/install/serial/share/serial/package.bash'
[26.815s] INFO:colcon.colcon_core.shell:Creating package script '/home/ubuntu/ros2_ws/install/serial/share/serial/package.zsh'
[26.817s] Level 1:colcon.colcon_core.environment:create_file_with_runtime_dependencies(/home/ubuntu/ros2_ws/install/serial/share/colcon-core/packages/serial)
[26.833s] Level 1:colcon.colcon_core.environment:create_environment_scripts_only(ydlidar_ros2_driver)
[26.836s] DEBUG:colcon.colcon_core.event_handler.log_command:Invoked command in '/home/ubuntu/ros2_ws/build/ydlidar_ros2_driver' returned '0': CMAKE_PREFIX_PATH=/opt/ros/foxy /usr/bin/cmake --install /home/ubuntu/ros2_ws/build/ydlidar_ros2_driver
[27.067s] Level 1:colcon.colcon_core.environment:checking '/home/ubuntu/ros2_ws/install/ydlidar_ros2_driver' for CMake module files
[27.070s] Level 1:colcon.colcon_core.environment:checking '/home/ubuntu/ros2_ws/install/ydlidar_ros2_driver' for CMake config files
[27.073s] Level 1:colcon.colcon_core.shell:create_environment_hook('ydlidar_ros2_driver', 'cmake_prefix_path')
[27.251s] INFO:colcon.colcon_core.shell:Creating environment hook '/home/ubuntu/ros2_ws/install/ydlidar_ros2_driver/share/ydlidar_ros2_driver/hook/cmake_prefix_path.ps1'
[27.253s] INFO:colcon.colcon_core.shell:Creating environment descriptor '/home/ubuntu/ros2_ws/install/ydlidar_ros2_driver/share/ydlidar_ros2_driver/hook/cmake_prefix_path.dsv'
[27.255s] INFO:colcon.colcon_core.shell:Creating environment hook '/home/ubuntu/ros2_ws/install/ydlidar_ros2_driver/share/ydlidar_ros2_driver/hook/cmake_prefix_path.sh'
[27.258s] Level 1:colcon.colcon_core.environment:checking '/home/ubuntu/ros2_ws/install/ydlidar_ros2_driver/lib'
[27.259s] Level 1:colcon.colcon_core.environment:checking '/home/ubuntu/ros2_ws/install/ydlidar_ros2_driver/bin'
[27.259s] Level 1:colcon.colcon_core.environment:checking '/home/ubuntu/ros2_ws/install/ydlidar_ros2_driver/lib/pkgconfig/ydlidar_ros2_driver.pc'
[27.260s] Level 1:colcon.colcon_core.environment:checking '/home/ubuntu/ros2_ws/install/ydlidar_ros2_driver/lib/python3.8/site-packages'
[27.261s] Level 1:colcon.colcon_core.environment:checking '/home/ubuntu/ros2_ws/install/ydlidar_ros2_driver/bin'
[27.448s] INFO:colcon.colcon_core.shell:Creating package script '/home/ubuntu/ros2_ws/install/ydlidar_ros2_driver/share/ydlidar_ros2_driver/package.ps1'
[27.450s] INFO:colcon.colcon_core.shell:Creating package descriptor '/home/ubuntu/ros2_ws/install/ydlidar_ros2_driver/share/ydlidar_ros2_driver/package.dsv'
[27.452s] INFO:colcon.colcon_core.shell:Creating package script '/home/ubuntu/ros2_ws/install/ydlidar_ros2_driver/share/ydlidar_ros2_driver/package.sh'
[27.454s] INFO:colcon.colcon_core.shell:Creating package script '/home/ubuntu/ros2_ws/install/ydlidar_ros2_driver/share/ydlidar_ros2_driver/package.bash'
[27.456s] INFO:colcon.colcon_core.shell:Creating package script '/home/ubuntu/ros2_ws/install/ydlidar_ros2_driver/share/ydlidar_ros2_driver/package.zsh'
[27.458s] Level 1:colcon.colcon_core.environment:create_file_with_runtime_dependencies(/home/ubuntu/ros2_ws/install/ydlidar_ros2_driver/share/colcon-core/packages/ydlidar_ros2_driver)
[27.737s] Level 1:colcon.colcon_core.environment:create_environment_scripts_only(my_bot)
[27.917s] Level 1:colcon.colcon_core.environment:checking '/home/ubuntu/ros2_ws/install/my_bot' for CMake module files
[27.919s] Level 1:colcon.colcon_core.environment:checking '/home/ubuntu/ros2_ws/install/my_bot' for CMake config files
[27.922s] Level 1:colcon.colcon_core.shell:create_environment_hook('my_bot', 'cmake_prefix_path')
[28.106s] INFO:colcon.colcon_core.shell:Creating environment hook '/home/ubuntu/ros2_ws/install/my_bot/share/my_bot/hook/cmake_prefix_path.ps1'
[28.108s] INFO:colcon.colcon_core.shell:Creating environment descriptor '/home/ubuntu/ros2_ws/install/my_bot/share/my_bot/hook/cmake_prefix_path.dsv'
[28.110s] INFO:colcon.colcon_core.shell:Creating environment hook '/home/ubuntu/ros2_ws/install/my_bot/share/my_bot/hook/cmake_prefix_path.sh'
[28.112s] Level 1:colcon.colcon_core.environment:checking '/home/ubuntu/ros2_ws/install/my_bot/bin'
[28.113s] Level 1:colcon.colcon_core.environment:checking '/home/ubuntu/ros2_ws/install/my_bot/lib/pkgconfig/my_bot.pc'
[28.114s] Level 1:colcon.colcon_core.environment:checking '/home/ubuntu/ros2_ws/install/my_bot/lib/python3.8/site-packages'
[28.115s] Level 1:colcon.colcon_core.environment:checking '/home/ubuntu/ros2_ws/install/my_bot/bin'
[28.298s] INFO:colcon.colcon_core.shell:Creating package script '/home/ubuntu/ros2_ws/install/my_bot/share/my_bot/package.ps1'
[28.300s] INFO:colcon.colcon_core.shell:Creating package descriptor '/home/ubuntu/ros2_ws/install/my_bot/share/my_bot/package.dsv'
[28.302s] INFO:colcon.colcon_core.shell:Creating package script '/home/ubuntu/ros2_ws/install/my_bot/share/my_bot/package.sh'
[28.304s] INFO:colcon.colcon_core.shell:Creating package script '/home/ubuntu/ros2_ws/install/my_bot/share/my_bot/package.bash'
[28.307s] INFO:colcon.colcon_core.shell:Creating package script '/home/ubuntu/ros2_ws/install/my_bot/share/my_bot/package.zsh'
[28.308s] Level 1:colcon.colcon_core.environment:create_file_with_runtime_dependencies(/home/ubuntu/ros2_ws/install/my_bot/share/colcon-core/packages/my_bot)
[28.322s] DEBUG:colcon.colcon_core.event_handler.log_command:Invoking command in '/home/ubuntu/ros2_ws/build/ydlidar_sdk': /usr/bin/cmake --install /home/ubuntu/ros2_ws/build/ydlidar_sdk
[28.658s] Level 1:colcon.colcon_core.environment:create_environment_scripts_only(serial)
[28.864s] Level 1:colcon.colcon_core.environment:checking '/home/ubuntu/ros2_ws/install/serial' for CMake module files
[28.867s] Level 1:colcon.colcon_core.environment:checking '/home/ubuntu/ros2_ws/install/serial' for CMake config files
[28.870s] Level 1:colcon.colcon_core.shell:create_environment_hook('serial', 'cmake_prefix_path')
[29.074s] INFO:colcon.colcon_core.shell:Creating environment hook '/home/ubuntu/ros2_ws/install/serial/share/serial/hook/cmake_prefix_path.ps1'
[29.077s] INFO:colcon.colcon_core.shell:Creating environment descriptor '/home/ubuntu/ros2_ws/install/serial/share/serial/hook/cmake_prefix_path.dsv'
[29.080s] INFO:colcon.colcon_core.shell:Creating environment hook '/home/ubuntu/ros2_ws/install/serial/share/serial/hook/cmake_prefix_path.sh'
[29.083s] Level 1:colcon.colcon_core.environment:checking '/home/ubuntu/ros2_ws/install/serial/lib'
[29.083s] Level 1:colcon.colcon_core.environment:checking '/home/ubuntu/ros2_ws/install/serial/bin'
[29.084s] Level 1:colcon.colcon_core.environment:checking '/home/ubuntu/ros2_ws/install/serial/lib/pkgconfig/serial.pc'
[29.085s] Level 1:colcon.colcon_core.environment:checking '/home/ubuntu/ros2_ws/install/serial/lib/python3.8/site-packages'
[29.086s] Level 1:colcon.colcon_core.environment:checking '/home/ubuntu/ros2_ws/install/serial/bin'
[29.287s] INFO:colcon.colcon_core.shell:Creating package script '/home/ubuntu/ros2_ws/install/serial/share/serial/package.ps1'
[29.358s] INFO:colcon.colcon_core.shell:Creating package descriptor '/home/ubuntu/ros2_ws/install/serial/share/serial/package.dsv'
[29.360s] INFO:colcon.colcon_core.shell:Creating package script '/home/ubuntu/ros2_ws/install/serial/share/serial/package.sh'
[29.363s] INFO:colcon.colcon_core.shell:Creating package script '/home/ubuntu/ros2_ws/install/serial/share/serial/package.bash'
[29.365s] INFO:colcon.colcon_core.shell:Creating package script '/home/ubuntu/ros2_ws/install/serial/share/serial/package.zsh'
[29.367s] Level 1:colcon.colcon_core.environment:create_file_with_runtime_dependencies(/home/ubuntu/ros2_ws/install/serial/share/colcon-core/packages/serial)
[29.566s] Level 1:colcon.colcon_core.environment:create_environment_scripts_only(ydlidar_ros2_driver)
[29.745s] Level 1:colcon.colcon_core.environment:checking '/home/ubuntu/ros2_ws/install/ydlidar_ros2_driver' for CMake module files
[29.748s] Level 1:colcon.colcon_core.environment:checking '/home/ubuntu/ros2_ws/install/ydlidar_ros2_driver' for CMake config files
[29.751s] Level 1:colcon.colcon_core.shell:create_environment_hook('ydlidar_ros2_driver', 'cmake_prefix_path')
[29.932s] INFO:colcon.colcon_core.shell:Creating environment hook '/home/ubuntu/ros2_ws/install/ydlidar_ros2_driver/share/ydlidar_ros2_driver/hook/cmake_prefix_path.ps1'
[29.934s] INFO:colcon.colcon_core.shell:Creating environment descriptor '/home/ubuntu/ros2_ws/install/ydlidar_ros2_driver/share/ydlidar_ros2_driver/hook/cmake_prefix_path.dsv'
[29.936s] INFO:colcon.colcon_core.shell:Creating environment hook '/home/ubuntu/ros2_ws/install/ydlidar_ros2_driver/share/ydlidar_ros2_driver/hook/cmake_prefix_path.sh'
[29.939s] Level 1:colcon.colcon_core.environment:checking '/home/ubuntu/ros2_ws/install/ydlidar_ros2_driver/lib'
[29.939s] Level 1:colcon.colcon_core.environment:checking '/home/ubuntu/ros2_ws/install/ydlidar_ros2_driver/bin'
[29.940s] Level 1:colcon.colcon_core.environment:checking '/home/ubuntu/ros2_ws/install/ydlidar_ros2_driver/lib/pkgconfig/ydlidar_ros2_driver.pc'
[29.941s] Level 1:colcon.colcon_core.environment:checking '/home/ubuntu/ros2_ws/install/ydlidar_ros2_driver/lib/python3.8/site-packages'
[29.942s] Level 1:colcon.colcon_core.environment:checking '/home/ubuntu/ros2_ws/install/ydlidar_ros2_driver/bin'
[30.139s] INFO:colcon.colcon_core.shell:Creating package script '/home/ubuntu/ros2_ws/install/ydlidar_ros2_driver/share/ydlidar_ros2_driver/package.ps1'
[30.142s] INFO:colcon.colcon_core.shell:Creating package descriptor '/home/ubuntu/ros2_ws/install/ydlidar_ros2_driver/share/ydlidar_ros2_driver/package.dsv'
[30.144s] INFO:colcon.colcon_core.shell:Creating package script '/home/ubuntu/ros2_ws/install/ydlidar_ros2_driver/share/ydlidar_ros2_driver/package.sh'
[30.146s] INFO:colcon.colcon_core.shell:Creating package script '/home/ubuntu/ros2_ws/install/ydlidar_ros2_driver/share/ydlidar_ros2_driver/package.bash'
[30.148s] INFO:colcon.colcon_core.shell:Creating package script '/home/ubuntu/ros2_ws/install/ydlidar_ros2_driver/share/ydlidar_ros2_driver/package.zsh'
[30.150s] Level 1:colcon.colcon_core.environment:create_file_with_runtime_dependencies(/home/ubuntu/ros2_ws/install/ydlidar_ros2_driver/share/colcon-core/packages/ydlidar_ros2_driver)
[30.152s] INFO:colcon.colcon_ros.task.ament_cmake.build:Building ROS package in '/home/ubuntu/ros2_ws/src/diffdrive_arduino' with build type 'ament_cmake'
[30.153s] INFO:colcon.colcon_cmake.task.cmake.build:Building CMake package in '/home/ubuntu/ros2_ws/src/diffdrive_arduino'
[30.356s] INFO:colcon.colcon_core.shell:Skip shell extension 'powershell' for command environment: Not usable outside of PowerShell
[30.358s] DEBUG:colcon.colcon_core.shell:Skip shell extension 'dsv' for command environment
[30.744s] Level 1:colcon.colcon_core.environment:create_environment_scripts_only(ydlidar_sdk)
[30.746s] DEBUG:colcon.colcon_core.event_handler.log_command:Invoked command in '/home/ubuntu/ros2_ws/build/ydlidar_sdk' returned '0': /usr/bin/cmake --install /home/ubuntu/ros2_ws/build/ydlidar_sdk
[30.927s] Level 1:colcon.colcon_core.environment:checking '/home/ubuntu/ros2_ws/install/ydlidar_sdk' for CMake module files
[30.930s] Level 1:colcon.colcon_core.environment:checking '/home/ubuntu/ros2_ws/install/ydlidar_sdk' for CMake config files
[30.932s] Level 1:colcon.colcon_core.shell:create_environment_hook('ydlidar_sdk', 'cmake_prefix_path')
[31.122s] INFO:colcon.colcon_core.shell:Creating environment hook '/home/ubuntu/ros2_ws/install/ydlidar_sdk/share/ydlidar_sdk/hook/cmake_prefix_path.ps1'
[31.124s] INFO:colcon.colcon_core.shell:Creating environment descriptor '/home/ubuntu/ros2_ws/install/ydlidar_sdk/share/ydlidar_sdk/hook/cmake_prefix_path.dsv'
[31.125s] INFO:colcon.colcon_core.shell:Creating environment hook '/home/ubuntu/ros2_ws/install/ydlidar_sdk/share/ydlidar_sdk/hook/cmake_prefix_path.sh'
[31.128s] Level 1:colcon.colcon_core.environment:checking '/home/ubuntu/ros2_ws/install/ydlidar_sdk/lib'
[31.129s] Level 1:colcon.colcon_core.environment:checking '/home/ubuntu/ros2_ws/install/ydlidar_sdk/bin'
[31.129s] Level 1:colcon.colcon_core.shell:create_environment_hook('ydlidar_sdk', 'path')
[31.317s] INFO:colcon.colcon_core.shell:Creating environment hook '/home/ubuntu/ros2_ws/install/ydlidar_sdk/share/ydlidar_sdk/hook/path.ps1'
[31.319s] INFO:colcon.colcon_core.shell:Creating environment descriptor '/home/ubuntu/ros2_ws/install/ydlidar_sdk/share/ydlidar_sdk/hook/path.dsv'
[31.320s] INFO:colcon.colcon_core.shell:Creating environment hook '/home/ubuntu/ros2_ws/install/ydlidar_sdk/share/ydlidar_sdk/hook/path.sh'
[31.322s] Level 1:colcon.colcon_core.environment:checking '/home/ubuntu/ros2_ws/install/ydlidar_sdk/lib/pkgconfig/ydlidar_sdk.pc'
[31.323s] Level 1:colcon.colcon_core.environment:checking '/home/ubuntu/ros2_ws/install/ydlidar_sdk/lib/python3.8/site-packages'
[31.324s] Level 1:colcon.colcon_core.environment:checking '/home/ubuntu/ros2_ws/install/ydlidar_sdk/bin'
[31.325s] Level 1:colcon.colcon_core.shell:create_environment_hook('ydlidar_sdk', 'pythonscriptspath')
[31.514s] INFO:colcon.colcon_core.shell:Creating environment hook '/home/ubuntu/ros2_ws/install/ydlidar_sdk/share/ydlidar_sdk/hook/pythonscriptspath.ps1'
[31.516s] INFO:colcon.colcon_core.shell:Creating environment descriptor '/home/ubuntu/ros2_ws/install/ydlidar_sdk/share/ydlidar_sdk/hook/pythonscriptspath.dsv'
[31.518s] INFO:colcon.colcon_core.shell:Creating environment hook '/home/ubuntu/ros2_ws/install/ydlidar_sdk/share/ydlidar_sdk/hook/pythonscriptspath.sh'
[31.704s] INFO:colcon.colcon_core.shell:Creating package script '/home/ubuntu/ros2_ws/install/ydlidar_sdk/share/ydlidar_sdk/package.ps1'
[31.707s] INFO:colcon.colcon_core.shell:Creating package descriptor '/home/ubuntu/ros2_ws/install/ydlidar_sdk/share/ydlidar_sdk/package.dsv'
[31.710s] INFO:colcon.colcon_core.shell:Creating package script '/home/ubuntu/ros2_ws/install/ydlidar_sdk/share/ydlidar_sdk/package.sh'
[31.712s] INFO:colcon.colcon_core.shell:Creating package script '/home/ubuntu/ros2_ws/install/ydlidar_sdk/share/ydlidar_sdk/package.bash'
[31.714s] INFO:colcon.colcon_core.shell:Creating package script '/home/ubuntu/ros2_ws/install/ydlidar_sdk/share/ydlidar_sdk/package.zsh'
[31.716s] Level 1:colcon.colcon_core.environment:create_file_with_runtime_dependencies(/home/ubuntu/ros2_ws/install/ydlidar_sdk/share/colcon-core/packages/ydlidar_sdk)
[31.740s] DEBUG:colcon.colcon_core.event_handler.log_command:Invoking command in '/home/ubuntu/ros2_ws/build/diffdrive_arduino': AMENT_PREFIX_PATH=/home/ubuntu/ros2_ws/install/serial:${AMENT_PREFIX_PATH} CMAKE_PREFIX_PATH=/home/ubuntu/ros2_ws/install/serial:/opt/ros/foxy LD_LIBRARY_PATH=/home/ubuntu/ros2_ws/install/serial/lib:${LD_LIBRARY_PATH} /usr/bin/cmake --build /home/ubuntu/ros2_ws/build/diffdrive_arduino -- -j4 -l4
[32.099s] DEBUG:colcon.colcon_core.event_handler.log_command:Invoked command in '/home/ubuntu/ros2_ws/build/diffdrive_arduino' returned '0': AMENT_PREFIX_PATH=/home/ubuntu/ros2_ws/install/serial:${AMENT_PREFIX_PATH} CMAKE_PREFIX_PATH=/home/ubuntu/ros2_ws/install/serial:/opt/ros/foxy LD_LIBRARY_PATH=/home/ubuntu/ros2_ws/install/serial/lib:${LD_LIBRARY_PATH} /usr/bin/cmake --build /home/ubuntu/ros2_ws/build/diffdrive_arduino -- -j4 -l4
[32.256s] DEBUG:colcon.colcon_core.event_handler.log_command:Invoking command in '/home/ubuntu/ros2_ws/build/diffdrive_arduino': AMENT_PREFIX_PATH=/home/ubuntu/ros2_ws/install/serial:${AMENT_PREFIX_PATH} CMAKE_PREFIX_PATH=/home/ubuntu/ros2_ws/install/serial:/opt/ros/foxy LD_LIBRARY_PATH=/home/ubuntu/ros2_ws/install/serial/lib:${LD_LIBRARY_PATH} /usr/bin/cmake --install /home/ubuntu/ros2_ws/build/diffdrive_arduino
[32.388s] Level 1:colcon.colcon_core.environment:create_environment_scripts_only(diffdrive_arduino)
[32.390s] DEBUG:colcon.colcon_core.event_handler.log_command:Invoked command in '/home/ubuntu/ros2_ws/build/diffdrive_arduino' returned '0': AMENT_PREFIX_PATH=/home/ubuntu/ros2_ws/install/serial:${AMENT_PREFIX_PATH} CMAKE_PREFIX_PATH=/home/ubuntu/ros2_ws/install/serial:/opt/ros/foxy LD_LIBRARY_PATH=/home/ubuntu/ros2_ws/install/serial/lib:${LD_LIBRARY_PATH} /usr/bin/cmake --install /home/ubuntu/ros2_ws/build/diffdrive_arduino
[32.676s] Level 1:colcon.colcon_core.environment:checking '/home/ubuntu/ros2_ws/install/diffdrive_arduino' for CMake module files
[32.680s] Level 1:colcon.colcon_core.environment:checking '/home/ubuntu/ros2_ws/install/diffdrive_arduino' for CMake config files
[32.682s] Level 1:colcon.colcon_core.shell:create_environment_hook('diffdrive_arduino', 'cmake_prefix_path')
[32.882s] INFO:colcon.colcon_core.shell:Creating environment hook '/home/ubuntu/ros2_ws/install/diffdrive_arduino/share/diffdrive_arduino/hook/cmake_prefix_path.ps1'
[32.885s] INFO:colcon.colcon_core.shell:Creating environment descriptor '/home/ubuntu/ros2_ws/install/diffdrive_arduino/share/diffdrive_arduino/hook/cmake_prefix_path.dsv'
[32.886s] INFO:colcon.colcon_core.shell:Creating environment hook '/home/ubuntu/ros2_ws/install/diffdrive_arduino/share/diffdrive_arduino/hook/cmake_prefix_path.sh'
[32.889s] Level 1:colcon.colcon_core.environment:checking '/home/ubuntu/ros2_ws/install/diffdrive_arduino/lib'
[32.889s] Level 1:colcon.colcon_core.shell:create_environment_hook('diffdrive_arduino', 'ld_library_path_lib')
[33.058s] INFO:colcon.colcon_core.shell:Creating environment hook '/home/ubuntu/ros2_ws/install/diffdrive_arduino/share/diffdrive_arduino/hook/ld_library_path_lib.ps1'
[33.060s] INFO:colcon.colcon_core.shell:Creating environment descriptor '/home/ubuntu/ros2_ws/install/diffdrive_arduino/share/diffdrive_arduino/hook/ld_library_path_lib.dsv'
[33.062s] INFO:colcon.colcon_core.shell:Creating environment hook '/home/ubuntu/ros2_ws/install/diffdrive_arduino/share/diffdrive_arduino/hook/ld_library_path_lib.sh'
[33.064s] Level 1:colcon.colcon_core.environment:checking '/home/ubuntu/ros2_ws/install/diffdrive_arduino/bin'
[33.064s] Level 1:colcon.colcon_core.environment:checking '/home/ubuntu/ros2_ws/install/diffdrive_arduino/lib/pkgconfig/diffdrive_arduino.pc'
[33.065s] Level 1:colcon.colcon_core.environment:checking '/home/ubuntu/ros2_ws/install/diffdrive_arduino/lib/python3.8/site-packages'
[33.066s] Level 1:colcon.colcon_core.environment:checking '/home/ubuntu/ros2_ws/install/diffdrive_arduino/bin'
[33.264s] INFO:colcon.colcon_core.shell:Creating package script '/home/ubuntu/ros2_ws/install/diffdrive_arduino/share/diffdrive_arduino/package.ps1'
[33.267s] INFO:colcon.colcon_core.shell:Creating package descriptor '/home/ubuntu/ros2_ws/install/diffdrive_arduino/share/diffdrive_arduino/package.dsv'
[33.270s] INFO:colcon.colcon_core.shell:Creating package script '/home/ubuntu/ros2_ws/install/diffdrive_arduino/share/diffdrive_arduino/package.sh'
[33.272s] INFO:colcon.colcon_core.shell:Creating package script '/home/ubuntu/ros2_ws/install/diffdrive_arduino/share/diffdrive_arduino/package.bash'
[33.274s] INFO:colcon.colcon_core.shell:Creating package script '/home/ubuntu/ros2_ws/install/diffdrive_arduino/share/diffdrive_arduino/package.zsh'
[33.276s] Level 1:colcon.colcon_core.environment:create_file_with_runtime_dependencies(/home/ubuntu/ros2_ws/install/diffdrive_arduino/share/colcon-core/packages/diffdrive_arduino)
[33.631s] Level 1:colcon.colcon_core.environment:create_environment_scripts_only(diffdrive_arduino)
[33.775s] Level 1:colcon.colcon_core.environment:checking '/home/ubuntu/ros2_ws/install/diffdrive_arduino' for CMake module files
[33.778s] Level 1:colcon.colcon_core.environment:checking '/home/ubuntu/ros2_ws/install/diffdrive_arduino' for CMake config files
[33.780s] Level 1:colcon.colcon_core.shell:create_environment_hook('diffdrive_arduino', 'cmake_prefix_path')
[33.928s] INFO:colcon.colcon_core.shell:Creating environment hook '/home/ubuntu/ros2_ws/install/diffdrive_arduino/share/diffdrive_arduino/hook/cmake_prefix_path.ps1'
[33.930s] INFO:colcon.colcon_core.shell:Creating environment descriptor '/home/ubuntu/ros2_ws/install/diffdrive_arduino/share/diffdrive_arduino/hook/cmake_prefix_path.dsv'
[33.932s] INFO:colcon.colcon_core.shell:Creating environment hook '/home/ubuntu/ros2_ws/install/diffdrive_arduino/share/diffdrive_arduino/hook/cmake_prefix_path.sh'
[33.935s] Level 1:colcon.colcon_core.environment:checking '/home/ubuntu/ros2_ws/install/diffdrive_arduino/lib'
[33.935s] Level 1:colcon.colcon_core.shell:create_environment_hook('diffdrive_arduino', 'ld_library_path_lib')
[34.086s] INFO:colcon.colcon_core.shell:Creating environment hook '/home/ubuntu/ros2_ws/install/diffdrive_arduino/share/diffdrive_arduino/hook/ld_library_path_lib.ps1'
[34.087s] INFO:colcon.colcon_core.shell:Creating environment descriptor '/home/ubuntu/ros2_ws/install/diffdrive_arduino/share/diffdrive_arduino/hook/ld_library_path_lib.dsv'
[34.089s] INFO:colcon.colcon_core.shell:Creating environment hook '/home/ubuntu/ros2_ws/install/diffdrive_arduino/share/diffdrive_arduino/hook/ld_library_path_lib.sh'
[34.091s] Level 1:colcon.colcon_core.environment:checking '/home/ubuntu/ros2_ws/install/diffdrive_arduino/bin'
[34.091s] Level 1:colcon.colcon_core.environment:checking '/home/ubuntu/ros2_ws/install/diffdrive_arduino/lib/pkgconfig/diffdrive_arduino.pc'
[34.092s] Level 1:colcon.colcon_core.environment:checking '/home/ubuntu/ros2_ws/install/diffdrive_arduino/lib/python3.8/site-packages'
[34.093s] Level 1:colcon.colcon_core.environment:checking '/home/ubuntu/ros2_ws/install/diffdrive_arduino/bin'
[34.241s] INFO:colcon.colcon_core.shell:Creating package script '/home/ubuntu/ros2_ws/install/diffdrive_arduino/share/diffdrive_arduino/package.ps1'
[34.243s] INFO:colcon.colcon_core.shell:Creating package descriptor '/home/ubuntu/ros2_ws/install/diffdrive_arduino/share/diffdrive_arduino/package.dsv'
[34.245s] INFO:colcon.colcon_core.shell:Creating package script '/home/ubuntu/ros2_ws/install/diffdrive_arduino/share/diffdrive_arduino/package.sh'
[34.247s] INFO:colcon.colcon_core.shell:Creating package script '/home/ubuntu/ros2_ws/install/diffdrive_arduino/share/diffdrive_arduino/package.bash'
[34.250s] INFO:colcon.colcon_core.shell:Creating package script '/home/ubuntu/ros2_ws/install/diffdrive_arduino/share/diffdrive_arduino/package.zsh'
[34.251s] Level 1:colcon.colcon_core.environment:create_file_with_runtime_dependencies(/home/ubuntu/ros2_ws/install/diffdrive_arduino/share/colcon-core/packages/diffdrive_arduino)
[34.253s] DEBUG:colcon.colcon_parallel_executor.executor.parallel:closing loop
[34.254s] DEBUG:colcon.colcon_parallel_executor.executor.parallel:loop closed
[34.254s] DEBUG:colcon.colcon_parallel_executor.executor.parallel:run_until_complete finished with '0'
[34.255s] DEBUG:colcon.colcon_core.event_reactor:joining thread
[34.431s] INFO:colcon.colcon_core.plugin_system:Skipping extension 'colcon_notification.desktop_notification.terminal_notifier': Not used on non-Darwin systems
[34.431s] INFO:colcon.colcon_core.plugin_system:Skipping extension 'colcon_notification.desktop_notification.win32': Not used on non-Windows systems
[34.431s] INFO:colcon.colcon_notification.desktop_notification:Sending desktop notification using 'notify2'
[34.476s] DEBUG:colcon.colcon_core.event_reactor:joined thread
[34.625s] INFO:colcon.colcon_core.shell:Creating prefix script '/home/ubuntu/ros2_ws/install/local_setup.ps1'
[34.628s] INFO:colcon.colcon_core.shell:Creating prefix util module '/home/ubuntu/ros2_ws/install/_local_setup_util_ps1.py'
[34.633s] INFO:colcon.colcon_core.shell:Creating prefix chain script '/home/ubuntu/ros2_ws/install/setup.ps1'
[34.778s] INFO:colcon.colcon_core.shell:Creating prefix script '/home/ubuntu/ros2_ws/install/local_setup.sh'
[34.780s] INFO:colcon.colcon_core.shell:Creating prefix util module '/home/ubuntu/ros2_ws/install/_local_setup_util_sh.py'
[34.782s] INFO:colcon.colcon_core.shell:Creating prefix chain script '/home/ubuntu/ros2_ws/install/setup.sh'
[34.927s] INFO:colcon.colcon_core.shell:Creating prefix script '/home/ubuntu/ros2_ws/install/local_setup.bash'
[34.929s] INFO:colcon.colcon_core.shell:Creating prefix chain script '/home/ubuntu/ros2_ws/install/setup.bash'
[35.073s] INFO:colcon.colcon_core.shell:Creating prefix script '/home/ubuntu/ros2_ws/install/local_setup.zsh'
[35.075s] INFO:colcon.colcon_core.shell:Creating prefix chain script '/home/ubuntu/ros2_ws/install/setup.zsh'
