[1.164s] Invoking command in '/home/ubuntu/ros2_ws/build/ydlidar_sdk': /usr/bin/cmake --build /home/ubuntu/ros2_ws/build/ydlidar_sdk -- -j4 -l4
[2.282s] [ 42%] Built target ydlidar_sdk
[2.854s] [ 47%] Built target sdm_test
[2.945s] [ 57%] Built target tri_test
[3.008s] [ 61%] Built target et_test
[3.561s] [ 71%] Built target gs_test
[3.926s] [ 76%] Built target tof_test
[4.396s] [ 80%] Built target tri_and_gs_test
[4.778s] [  4%] Built target tmini_test
[5.251s] [ 57%] Built target lidar_c_api_test
[5.810s] [ 66%] Built target scl_test
[6.094s] [ 71%] Built target tea_test
[6.548s] [ 80%] Built target tri_restart
[6.922s] Built target gs_ota
[9.075s] Invoked command in '/home/ubuntu/ros2_ws/build/ydlidar_sdk' returned '0': /usr/bin/cmake --build /home/ubuntu/ros2_ws/build/ydlidar_sdk -- -j4 -l4
[12.147s] Invoking command in '/home/ubuntu/ros2_ws/build/ydlidar_sdk': /usr/bin/cmake --install /home/ubuntu/ros2_ws/build/ydlidar_sdk
[12.211s] -- Install configuration: ""
[12.216s] -- Up-to-date: /home/ubuntu/ros2_ws/install/ydlidar_sdk/include/core/base/datatype.h
[12.216s] -- Up-to-date: /home/ubuntu/ros2_ws/install/ydlidar_sdk/include/core/base/locker.h
[12.217s] -- Up-to-date: /home/ubuntu/ros2_ws/install/ydlidar_sdk/include/core/base/thread.h
[12.218s] -- Up-to-date: /home/ubuntu/ros2_ws/install/ydlidar_sdk/include/core/base/timer.h
[12.254s] -- Up-to-date: /home/ubuntu/ros2_ws/install/ydlidar_sdk/include/core/base/typedef.h
[12.255s] -- Up-to-date: /home/ubuntu/ros2_ws/install/ydlidar_sdk/include/core/base/utils.h
[12.256s] -- Up-to-date: /home/ubuntu/ros2_ws/install/ydlidar_sdk/include/core/base/v8stdint.h
[12.256s] -- Up-to-date: /home/ubuntu/ros2_ws/install/ydlidar_sdk/include/core/base/ydlidar.h
[12.257s] -- Up-to-date: /home/ubuntu/ros2_ws/install/ydlidar_sdk/include/core/common/ChannelDevice.h
[12.258s] -- Up-to-date: /home/ubuntu/ros2_ws/install/ydlidar_sdk/include/core/common/DriverInterface.h
[12.259s] -- Up-to-date: /home/ubuntu/ros2_ws/install/ydlidar_sdk/include/core/common/ydlidar_datatype.h
[12.261s] -- Up-to-date: /home/ubuntu/ros2_ws/install/ydlidar_sdk/include/core/common/ydlidar_def.h
[12.262s] -- Up-to-date: /home/ubuntu/ros2_ws/install/ydlidar_sdk/include/core/common/ydlidar_help.h
[12.263s] -- Up-to-date: /home/ubuntu/ros2_ws/install/ydlidar_sdk/include/core/common/ydlidar_protocol.h
[12.264s] -- Up-to-date: /home/ubuntu/ros2_ws/install/ydlidar_sdk/include/core/math/angles.h
[12.272s] -- Up-to-date: /home/ubuntu/ros2_ws/install/ydlidar_sdk/include/core/network/ActiveSocket.h
[12.273s] -- Up-to-date: /home/ubuntu/ros2_ws/install/ydlidar_sdk/include/core/network/PassiveSocket.h
[12.275s] -- Up-to-date: /home/ubuntu/ros2_ws/install/ydlidar_sdk/include/core/network/SimpleSocket.h
[12.278s] -- Up-to-date: /home/ubuntu/ros2_ws/install/ydlidar_sdk/include/core/network/StatTimer.h
[12.279s] -- Up-to-date: /home/ubuntu/ros2_ws/install/ydlidar_sdk/include/core/serial/common.h
[12.280s] -- Up-to-date: /home/ubuntu/ros2_ws/install/ydlidar_sdk/include/core/serial/serial.h
[12.281s] -- Up-to-date: /home/ubuntu/ros2_ws/install/ydlidar_sdk/include/core/serial/impl/unix/lock.h
[12.282s] -- Up-to-date: /home/ubuntu/ros2_ws/install/ydlidar_sdk/include/core/serial/impl/unix/unix.h
[12.283s] -- Up-to-date: /home/ubuntu/ros2_ws/install/ydlidar_sdk/include/core/serial/impl/unix/unix_serial.h
[12.284s] -- Up-to-date: /home/ubuntu/ros2_ws/install/ydlidar_sdk/include/src/CYdLidar.h
[12.286s] -- Up-to-date: /home/ubuntu/ros2_ws/install/ydlidar_sdk/include/src/ETLidarDriver.h
[12.287s] -- Up-to-date: /home/ubuntu/ros2_ws/install/ydlidar_sdk/include/src/GSLidarDriver.h
[12.288s] -- Up-to-date: /home/ubuntu/ros2_ws/install/ydlidar_sdk/include/src/SDMLidarDriver.h
[12.289s] -- Up-to-date: /home/ubuntu/ros2_ws/install/ydlidar_sdk/include/src/YDlidarDriver.h
[12.291s] -- Up-to-date: /home/ubuntu/ros2_ws/install/ydlidar_sdk/include/src/ydlidar_sdk.h
[12.293s] -- Up-to-date: /home/ubuntu/ros2_ws/install/ydlidar_sdk/include/src/filters/FilterInterface.h
[12.295s] -- Up-to-date: /home/ubuntu/ros2_ws/install/ydlidar_sdk/include/src/filters/NoiseFilter.h
[12.297s] -- Up-to-date: /home/ubuntu/ros2_ws/install/ydlidar_sdk/include/src/filters/StrongLightFilter.h
[12.298s] -- Up-to-date: /home/ubuntu/ros2_ws/install/ydlidar_sdk/include/ydlidar_config.h
[12.298s] -- Up-to-date: /home/ubuntu/ros2_ws/install/ydlidar_sdk/lib/libydlidar_sdk.a
[12.299s] -- Up-to-date: /home/ubuntu/ros2_ws/install/ydlidar_sdk/lib/pkgconfig/YDLIDAR_SDK.pc
[12.299s] -- Up-to-date: /home/ubuntu/ros2_ws/install/ydlidar_sdk/lib/cmake/ydlidar_sdk/ydlidar_sdkConfig.cmake
[12.300s] -- Up-to-date: /home/ubuntu/ros2_ws/install/ydlidar_sdk/lib/cmake/ydlidar_sdk/ydlidar_sdkTargets.cmake
[12.300s] -- Up-to-date: /home/ubuntu/ros2_ws/install/ydlidar_sdk/lib/cmake/ydlidar_sdk/ydlidar_sdkConfigVersion.cmake
[12.301s] -- Up-to-date: /home/ubuntu/ros2_ws/install/ydlidar_sdk/share/YDLIDAR_SDK/FindYDLIDAR_SDK.cmake
[12.301s] -- Up-to-date: /home/ubuntu/ros2_ws/install/ydlidar_sdk/share/YDLIDAR_SDK
[12.302s] -- Up-to-date: /home/ubuntu/ros2_ws/install/ydlidar_sdk/share/YDLIDAR_SDK/install_package.cmake
[12.303s] -- Up-to-date: /home/ubuntu/ros2_ws/install/ydlidar_sdk/share/YDLIDAR_SDK/cmake_uninstall.cmake.in
[12.303s] -- Up-to-date: /home/ubuntu/ros2_ws/install/ydlidar_sdk/share/YDLIDAR_SDK/FindPackage.cmake.in
[12.304s] -- Up-to-date: /home/ubuntu/ros2_ws/install/ydlidar_sdk/share/YDLIDAR_SDK/PkgConfig.pc.in
[12.313s] -- Up-to-date: /home/ubuntu/ros2_ws/install/ydlidar_sdk/share/YDLIDAR_SDK/PackageConfig.cmake.in
[12.314s] -- Up-to-date: /home/ubuntu/ros2_ws/install/ydlidar_sdk/share/YDLIDAR_SDK/PackageConfigVersion.cmake.in
[12.314s] -- Up-to-date: /home/ubuntu/ros2_ws/install/ydlidar_sdk/share/YDLIDAR_SDK/script_show_final_summary.cmake
[12.329s] -- Up-to-date: /home/ubuntu/ros2_ws/install/ydlidar_sdk/share/YDLIDAR_SDK/common
[12.330s] -- Up-to-date: /home/ubuntu/ros2_ws/install/ydlidar_sdk/share/YDLIDAR_SDK/common/ydlidar_base.cmake
[12.331s] -- Up-to-date: /home/ubuntu/ros2_ws/install/ydlidar_sdk/share/YDLIDAR_SDK/common/ydlidar_parse.cmake
[12.332s] -- Up-to-date: /home/ubuntu/ros2_ws/install/ydlidar_sdk/share/YDLIDAR_SDK/LICENSE.txt
[12.335s] -- Up-to-date: /home/ubuntu/ros2_ws/install/ydlidar_sdk/share/YDLIDAR_SDK/README.md
[12.337s] -- Up-to-date: /home/ubuntu/ros2_ws/install/ydlidar_sdk/share/YDLIDAR_SDK/doc
[12.338s] -- Up-to-date: /home/ubuntu/ros2_ws/install/ydlidar_sdk/share/YDLIDAR_SDK/doc/FAQs
[12.338s] -- Up-to-date: /home/ubuntu/ros2_ws/install/ydlidar_sdk/share/YDLIDAR_SDK/doc/FAQs/Software_FAQs.md
[12.339s] -- Up-to-date: /home/ubuntu/ros2_ws/install/ydlidar_sdk/share/YDLIDAR_SDK/doc/FAQs/General_FAQs.md
[12.340s] -- Up-to-date: /home/ubuntu/ros2_ws/install/ydlidar_sdk/share/YDLIDAR_SDK/doc/FAQs/Hardware_FAQs.md
[12.340s] -- Up-to-date: /home/ubuntu/ros2_ws/install/ydlidar_sdk/share/YDLIDAR_SDK/doc/FAQs/README.md
[12.341s] -- Up-to-date: /home/ubuntu/ros2_ws/install/ydlidar_sdk/share/YDLIDAR_SDK/doc/FAQs/Software_FAQs_cn.md
[12.341s] -- Up-to-date: /home/ubuntu/ros2_ws/install/ydlidar_sdk/share/YDLIDAR_SDK/doc/FAQs/General_FAQs_cn.md
[12.342s] -- Up-to-date: /home/ubuntu/ros2_ws/install/ydlidar_sdk/share/YDLIDAR_SDK/doc/FAQs/Hardware_FAQs_cn.md
[12.342s] -- Up-to-date: /home/ubuntu/ros2_ws/install/ydlidar_sdk/share/YDLIDAR_SDK/doc/YDLidar_SDK_Communication_Protocol.pdf
[12.343s] -- Up-to-date: /home/ubuntu/ros2_ws/install/ydlidar_sdk/share/YDLIDAR_SDK/doc/tutorials
[12.344s] -- Up-to-date: /home/ubuntu/ros2_ws/install/ydlidar_sdk/share/YDLIDAR_SDK/doc/tutorials/writing_lidar_tutorial_python.md
[12.345s] -- Up-to-date: /home/ubuntu/ros2_ws/install/ydlidar_sdk/share/YDLIDAR_SDK/doc/tutorials/examine_the_simple_lidar_tutorial.md
[12.345s] -- Up-to-date: /home/ubuntu/ros2_ws/install/ydlidar_sdk/share/YDLIDAR_SDK/doc/tutorials/writing_lidar_network_adapter_tutorial_c++.md
[12.346s] -- Up-to-date: /home/ubuntu/ros2_ws/install/ydlidar_sdk/share/YDLIDAR_SDK/doc/tutorials/writing_lidar_tutorial_c.md
[12.347s] -- Up-to-date: /home/ubuntu/ros2_ws/install/ydlidar_sdk/share/YDLIDAR_SDK/doc/tutorials/writing_lidar_tutorial_c++.md
[12.348s] -- Up-to-date: /home/ubuntu/ros2_ws/install/ydlidar_sdk/share/YDLIDAR_SDK/doc/Diagram.md
[12.349s] -- Up-to-date: /home/ubuntu/ros2_ws/install/ydlidar_sdk/share/YDLIDAR_SDK/doc/YDLIDAR_SDK_API_for_Developers.md
[12.350s] -- Up-to-date: /home/ubuntu/ros2_ws/install/ydlidar_sdk/share/YDLIDAR_SDK/doc/Dataset.md
[12.350s] -- Up-to-date: /home/ubuntu/ros2_ws/install/ydlidar_sdk/share/YDLIDAR_SDK/doc/README.md
[12.351s] -- Up-to-date: /home/ubuntu/ros2_ws/install/ydlidar_sdk/share/YDLIDAR_SDK/doc/YDLidar-SDK-Communication-Protocol.html
[12.352s] -- Up-to-date: /home/ubuntu/ros2_ws/install/ydlidar_sdk/share/YDLIDAR_SDK/doc/YDLidar-SDK-Communication-Protocol.md
[12.352s] -- Up-to-date: /home/ubuntu/ros2_ws/install/ydlidar_sdk/share/YDLIDAR_SDK/doc/howto
[12.353s] -- Up-to-date: /home/ubuntu/ros2_ws/install/ydlidar_sdk/share/YDLIDAR_SDK/doc/howto/how_to_create_a_udev_rules.md
[12.354s] -- Up-to-date: /home/ubuntu/ros2_ws/install/ydlidar_sdk/share/YDLIDAR_SDK/doc/howto/how_to_build_and_install.md
[12.355s] -- Up-to-date: /home/ubuntu/ros2_ws/install/ydlidar_sdk/share/YDLIDAR_SDK/doc/howto/how_to_gerenrate_vs_project_by_cmake.md
[12.355s] -- Up-to-date: /home/ubuntu/ros2_ws/install/ydlidar_sdk/share/YDLIDAR_SDK/doc/howto/how_to_build_and_debug_using_vscode.md
[12.356s] -- Up-to-date: /home/ubuntu/ros2_ws/install/ydlidar_sdk/share/YDLIDAR_SDK/doc/howto/README.md
[12.372s] -- Up-to-date: /home/ubuntu/ros2_ws/install/ydlidar_sdk/share/YDLIDAR_SDK/doc/howto/how_to_create_a_csharp_project.md
[12.373s] -- Up-to-date: /home/ubuntu/ros2_ws/install/ydlidar_sdk/share/YDLIDAR_SDK/doc/howto/images
[12.375s] -- Up-to-date: /home/ubuntu/ros2_ws/install/ydlidar_sdk/share/YDLIDAR_SDK/doc/howto/images/csharp_running.png
[12.378s] -- Up-to-date: /home/ubuntu/ros2_ws/install/ydlidar_sdk/share/YDLIDAR_SDK/doc/howto/images/cpack.png
[12.379s] -- Up-to-date: /home/ubuntu/ros2_ws/install/ydlidar_sdk/share/YDLIDAR_SDK/doc/howto/images/csharp_exception.png
[12.385s] -- Up-to-date: /home/ubuntu/ros2_ws/install/ydlidar_sdk/share/YDLIDAR_SDK/doc/howto/images/ttyUSB1.png
[12.386s] -- Up-to-date: /home/ubuntu/ros2_ws/install/ydlidar_sdk/share/YDLIDAR_SDK/doc/howto/images/ydlidar_lidar_monitor.png
[12.386s] -- Up-to-date: /home/ubuntu/ros2_ws/install/ydlidar_sdk/share/YDLIDAR_SDK/doc/howto/images/ttyUSB0.png
[12.387s] -- Up-to-date: /home/ubuntu/ros2_ws/install/ydlidar_sdk/share/YDLIDAR_SDK/doc/howto/images/csharp_build.png
[12.387s] -- Up-to-date: /home/ubuntu/ros2_ws/install/ydlidar_sdk/share/YDLIDAR_SDK/doc/howto/images/csharp_project.png
[12.388s] -- Up-to-date: /home/ubuntu/ros2_ws/install/ydlidar_sdk/share/YDLIDAR_SDK/doc/howto/images/sequence.png
[12.388s] -- Up-to-date: /home/ubuntu/ros2_ws/install/ydlidar_sdk/share/YDLIDAR_SDK/doc/howto/images/csharp_library.png
[12.389s] -- Up-to-date: /home/ubuntu/ros2_ws/install/ydlidar_sdk/share/YDLIDAR_SDK/doc/howto/images/vscode
[12.390s] -- Up-to-date: /home/ubuntu/ros2_ws/install/ydlidar_sdk/share/YDLIDAR_SDK/doc/howto/images/vscode/run_tasks.jpg
[12.390s] -- Up-to-date: /home/ubuntu/ros2_ws/install/ydlidar_sdk/share/YDLIDAR_SDK/doc/howto/images/vscode/tasks.png
[12.391s] -- Up-to-date: /home/ubuntu/ros2_ws/install/ydlidar_sdk/share/YDLIDAR_SDK/doc/howto/images/sdk_init.png
[12.391s] -- Up-to-date: /home/ubuntu/ros2_ws/install/ydlidar_sdk/share/YDLIDAR_SDK/doc/howto/images/sdk_scanning.png
[12.392s] -- Up-to-date: /home/ubuntu/ros2_ws/install/ydlidar_sdk/share/YDLIDAR_SDK/doc/howto/how_to_solve_slow_pull_from_cn.md
[12.393s] -- Up-to-date: /home/ubuntu/ros2_ws/install/ydlidar_sdk/share/YDLIDAR_SDK/doc/howto/how_to_create_a_pull.md
[12.395s] -- Up-to-date: /home/ubuntu/ros2_ws/install/ydlidar_sdk/share/YDLIDAR_SDK/doc/YDLidar-SDK-Communication-Protocol.pdf
[12.396s] -- Up-to-date: /home/ubuntu/ros2_ws/install/ydlidar_sdk/share/YDLIDAR_SDK/doc/SDK.pdf
[12.397s] -- Up-to-date: /home/ubuntu/ros2_ws/install/ydlidar_sdk/share/YDLIDAR_SDK/doc/images
[12.397s] -- Up-to-date: /home/ubuntu/ros2_ws/install/ydlidar_sdk/share/YDLIDAR_SDK/doc/images/sdk_architecture.png
[12.398s] -- Up-to-date: /home/ubuntu/ros2_ws/install/ydlidar_sdk/share/YDLIDAR_SDK/doc/images/frame_intensity.png
[12.399s] -- Up-to-date: /home/ubuntu/ros2_ws/install/ydlidar_sdk/share/YDLIDAR_SDK/doc/images/FlowChart.png
[12.399s] -- Up-to-date: /home/ubuntu/ros2_ws/install/ydlidar_sdk/share/YDLIDAR_SDK/doc/images/frame.png
[12.400s] -- Up-to-date: /home/ubuntu/ros2_ws/install/ydlidar_sdk/share/YDLIDAR_SDK/doc/images/communication_mechanism.png
[12.400s] -- Up-to-date: /home/ubuntu/ros2_ws/install/ydlidar_sdk/share/YDLIDAR_SDK/doc/images/YDLidar.jpg
[12.401s] -- Up-to-date: /home/ubuntu/ros2_ws/install/ydlidar_sdk/share/YDLIDAR_SDK/doc/images/sequence.png
[12.402s] -- Up-to-date: /home/ubuntu/ros2_ws/install/ydlidar_sdk/share/YDLIDAR_SDK/doc/images/system_workflow.png
[12.402s] -- Up-to-date: /home/ubuntu/ros2_ws/install/ydlidar_sdk/share/YDLIDAR_SDK/doc/images/angle_q2.png
[12.403s] -- Up-to-date: /home/ubuntu/ros2_ws/install/ydlidar_sdk/share/YDLIDAR_SDK/doc/images/EAI.png
[12.403s] -- Up-to-date: /home/ubuntu/ros2_ws/install/ydlidar_sdk/share/YDLIDAR_SDK/doc/images/YDLidar.png
[12.404s] -- Up-to-date: /home/ubuntu/ros2_ws/install/ydlidar_sdk/share/YDLIDAR_SDK/doc/images/sdk_init.png
[12.405s] -- Up-to-date: /home/ubuntu/ros2_ws/install/ydlidar_sdk/share/YDLIDAR_SDK/doc/images/sdk_scanning.png
[12.405s] -- Up-to-date: /home/ubuntu/ros2_ws/install/ydlidar_sdk/share/YDLIDAR_SDK/doc/Tutorials.md
[12.406s] -- Up-to-date: /home/ubuntu/ros2_ws/install/ydlidar_sdk/share/YDLIDAR_SDK/doc/quickstart
[12.406s] -- Up-to-date: /home/ubuntu/ros2_ws/install/ydlidar_sdk/share/YDLIDAR_SDK/doc/quickstart/ydlidar_sdk_software_installation_guide.md
[12.407s] -- Up-to-date: /home/ubuntu/ros2_ws/install/ydlidar_sdk/share/YDLIDAR_SDK/doc/quickstart/README.md
[12.408s] -- Up-to-date: /home/ubuntu/ros2_ws/install/ydlidar_sdk/startup/initenv.sh
[12.428s] -- Up-to-date: /home/ubuntu/ros2_ws/install/ydlidar_sdk/bin/et_test
[12.428s] -- Up-to-date: /home/ubuntu/ros2_ws/install/ydlidar_sdk/bin/gs_ota
[12.429s] -- Up-to-date: /home/ubuntu/ros2_ws/install/ydlidar_sdk/bin/gs_test
[12.429s] -- Up-to-date: /home/ubuntu/ros2_ws/install/ydlidar_sdk/bin/scl_test
[12.430s] -- Up-to-date: /home/ubuntu/ros2_ws/install/ydlidar_sdk/bin/sdm_test
[12.430s] -- Up-to-date: /home/ubuntu/ros2_ws/install/ydlidar_sdk/bin/tea_test
[12.431s] -- Up-to-date: /home/ubuntu/ros2_ws/install/ydlidar_sdk/bin/tmini_test
[12.431s] -- Up-to-date: /home/ubuntu/ros2_ws/install/ydlidar_sdk/bin/tof_test
[12.432s] -- Up-to-date: /home/ubuntu/ros2_ws/install/ydlidar_sdk/bin/tri_and_gs_test
[12.432s] -- Up-to-date: /home/ubuntu/ros2_ws/install/ydlidar_sdk/bin/tri_restart
[12.433s] -- Up-to-date: /home/ubuntu/ros2_ws/install/ydlidar_sdk/bin/tri_test
[12.434s] -- Up-to-date: /home/ubuntu/ros2_ws/install/ydlidar_sdk/bin/lidar_c_api_test
[12.435s] Invoked command in '/home/ubuntu/ros2_ws/build/ydlidar_sdk' returned '0': /usr/bin/cmake --install /home/ubuntu/ros2_ws/build/ydlidar_sdk
