[3.419s] Invoking command in '/home/ubuntu/ros2_ws/build/diffdrive_arduino': AMENT_PREFIX_PATH=/home/ubuntu/ros2_ws/install/serial:${AMENT_PREFIX_PATH} CMAKE_PREFIX_PATH=/home/ubuntu/ros2_ws/install/serial:/opt/ros/foxy LD_LIBRARY_PATH=/home/ubuntu/ros2_ws/install/serial/lib:${LD_LIBRARY_PATH} /usr/bin/cmake --build /home/ubuntu/ros2_ws/build/diffdrive_arduino -- -j4 -l4
[4.440s] [ 42%] Built target fake_robot
[4.779s] [100%] Built target diffdrive_arduino
[5.495s] Invoked command in '/home/ubuntu/ros2_ws/build/diffdrive_arduino' returned '0': AMENT_PREFIX_PATH=/home/ubuntu/ros2_ws/install/serial:${AMENT_PREFIX_PATH} CMAKE_PREFIX_PATH=/home/ubuntu/ros2_ws/install/serial:/opt/ros/foxy LD_LIBRARY_PATH=/home/ubuntu/ros2_ws/install/serial/lib:${LD_LIBRARY_PATH} /usr/bin/cmake --build /home/ubuntu/ros2_ws/build/diffdrive_arduino -- -j4 -l4
[5.768s] Invoking command in '/home/ubuntu/ros2_ws/build/diffdrive_arduino': AMENT_PREFIX_PATH=/home/ubuntu/ros2_ws/install/serial:${AMENT_PREFIX_PATH} CMAKE_PREFIX_PATH=/home/ubuntu/ros2_ws/install/serial:/opt/ros/foxy LD_LIBRARY_PATH=/home/ubuntu/ros2_ws/install/serial/lib:${LD_LIBRARY_PATH} /usr/bin/cmake --install /home/ubuntu/ros2_ws/build/diffdrive_arduino
[5.830s] -- Install configuration: ""
[5.834s] -- Execute custom install script
[5.838s] -- Up-to-date symlink: /home/ubuntu/ros2_ws/install/diffdrive_arduino/share/diffdrive_arduino//robot_hardware.xml
[5.841s] -- Up-to-date symlink: /home/ubuntu/ros2_ws/install/diffdrive_arduino/share/diffdrive_arduino//fake_robot_hardware.xml
[5.845s] -- Up-to-date symlink: /home/ubuntu/ros2_ws/install/diffdrive_arduino/lib/libdiffdrive_arduino.so
[5.848s] -- Up-to-date symlink: /home/ubuntu/ros2_ws/install/diffdrive_arduino/lib/libfake_robot.so
[5.853s] -- Up-to-date symlink: /home/ubuntu/ros2_ws/install/diffdrive_arduino/share/diffdrive_arduino/controllers/robot_controller_example.yaml
[5.865s] -- Up-to-date symlink: /home/ubuntu/ros2_ws/install/diffdrive_arduino/share/diffdrive_arduino/fake_robot.launch.py
[5.865s] -- Up-to-date symlink: /home/ubuntu/ros2_ws/install/diffdrive_arduino/share/diffdrive_arduino/test_robot.launch.py
[5.866s] -- Up-to-date symlink: /home/ubuntu/ros2_ws/install/diffdrive_arduino/share/diffdrive_arduino/environment/library_path.sh
[5.867s] -- Up-to-date symlink: /home/ubuntu/ros2_ws/install/diffdrive_arduino/share/diffdrive_arduino/environment/library_path.dsv
[5.874s] -- Up-to-date symlink: /home/ubuntu/ros2_ws/install/diffdrive_arduino/share/ament_index/resource_index/package_run_dependencies/diffdrive_arduino
[5.877s] -- Up-to-date symlink: /home/ubuntu/ros2_ws/install/diffdrive_arduino/share/ament_index/resource_index/parent_prefix_path/diffdrive_arduino
[5.883s] -- Up-to-date symlink: /home/ubuntu/ros2_ws/install/diffdrive_arduino/share/diffdrive_arduino/environment/ament_prefix_path.sh
[5.888s] -- Up-to-date symlink: /home/ubuntu/ros2_ws/install/diffdrive_arduino/share/diffdrive_arduino/environment/ament_prefix_path.dsv
[5.891s] -- Up-to-date symlink: /home/ubuntu/ros2_ws/install/diffdrive_arduino/share/diffdrive_arduino/environment/path.sh
[5.894s] -- Up-to-date symlink: /home/ubuntu/ros2_ws/install/diffdrive_arduino/share/diffdrive_arduino/environment/path.dsv
[5.898s] -- Up-to-date symlink: /home/ubuntu/ros2_ws/install/diffdrive_arduino/share/diffdrive_arduino/local_setup.bash
[5.905s] -- Up-to-date symlink: /home/ubuntu/ros2_ws/install/diffdrive_arduino/share/diffdrive_arduino/local_setup.sh
[5.909s] -- Up-to-date symlink: /home/ubuntu/ros2_ws/install/diffdrive_arduino/share/diffdrive_arduino/local_setup.zsh
[5.917s] -- Up-to-date symlink: /home/ubuntu/ros2_ws/install/diffdrive_arduino/share/diffdrive_arduino/local_setup.dsv
[5.921s] -- Up-to-date symlink: /home/ubuntu/ros2_ws/install/diffdrive_arduino/share/diffdrive_arduino/package.dsv
[5.924s] -- Up-to-date symlink: /home/ubuntu/ros2_ws/install/diffdrive_arduino/share/ament_index/resource_index/packages/diffdrive_arduino
[5.928s] -- Up-to-date symlink: /home/ubuntu/ros2_ws/install/diffdrive_arduino/share/ament_index/resource_index/hardware_interface__pluginlib__plugin/diffdrive_arduino
[5.931s] -- Up-to-date symlink: /home/ubuntu/ros2_ws/install/diffdrive_arduino/share/diffdrive_arduino/cmake/ament_cmake_export_libraries-extras.cmake
[5.936s] -- Up-to-date symlink: /home/ubuntu/ros2_ws/install/diffdrive_arduino/share/diffdrive_arduino/cmake/ament_cmake_export_dependencies-extras.cmake
[5.946s] -- Up-to-date symlink: /home/ubuntu/ros2_ws/install/diffdrive_arduino/share/diffdrive_arduino/cmake/diffdrive_arduinoConfig.cmake
[5.950s] -- Up-to-date symlink: /home/ubuntu/ros2_ws/install/diffdrive_arduino/share/diffdrive_arduino/cmake/diffdrive_arduinoConfig-version.cmake
[5.956s] -- Up-to-date symlink: /home/ubuntu/ros2_ws/install/diffdrive_arduino/share/diffdrive_arduino/package.xml
[5.973s] Invoked command in '/home/ubuntu/ros2_ws/build/diffdrive_arduino' returned '0': AMENT_PREFIX_PATH=/home/ubuntu/ros2_ws/install/serial:${AMENT_PREFIX_PATH} CMAKE_PREFIX_PATH=/home/ubuntu/ros2_ws/install/serial:/opt/ros/foxy LD_LIBRARY_PATH=/home/ubuntu/ros2_ws/install/serial/lib:${LD_LIBRARY_PATH} /usr/bin/cmake --install /home/ubuntu/ros2_ws/build/diffdrive_arduino
